[2016.02.02-13.18.47:105][  0]Log file open, 02/02/16 14:18:47
[2016.02.02-13.18.47:105][  0]LogInit:Display: Running engine for game: FPS
[2016.02.02-13.18.47:105][  0]LogPlatformFile: Not using cached read wrapper
[2016.02.02-13.18.47:105][  0]LogInit:Display: RandInit(-1043102190) SRandInit(-1043102187).
[2016.02.02-13.18.47:105][  0]LogTaskGraph: Started task graph with 4 named threads and 5 total threads.
[2016.02.02-13.18.47:105][  0]LogStats: Stats thread started at 0.076750
[2016.02.02-13.18.47:105][  0]LogInit: Version: 4.10.2-2818068+++depot+UE4-Releases+4.10
[2016.02.02-13.18.47:105][  0]LogInit: API Version: 2758231
[2016.02.02-13.18.47:105][  0]LogInit: Compiled (64-bit): Jan  6 2016 17:36:42
[2016.02.02-13.18.47:105][  0]LogInit: Compiled with Visual C++: 19.00.23026.00
[2016.02.02-13.18.47:105][  0]LogInit: Build Configuration: Development
[2016.02.02-13.18.47:105][  0]LogInit: Branch Name: ++depot+UE4-Releases+4.10
[2016.02.02-13.18.47:105][  0]LogInit: Command line:  
[2016.02.02-13.18.47:105][  0]LogInit: Base directory: C:/Program Files (x86)/Epic Games/4.10/Engine/Binaries/Win64/
[2016.02.02-13.18.47:105][  0]LogInit: Rocket: 1
[2016.02.02-13.18.47:121][  0]LogInit: Using libcurl 7.41.0
[2016.02.02-13.18.47:121][  0]LogInit:  - built for x86_64-pc-win32
[2016.02.02-13.18.47:121][  0]LogInit:  - supports SSL with WinSSL
[2016.02.02-13.18.47:121][  0]LogInit:  - other features:
[2016.02.02-13.18.47:121][  0]LogInit:      CURL_VERSION_SSL
[2016.02.02-13.18.47:121][  0]LogInit:      CURL_VERSION_IPV6
[2016.02.02-13.18.47:121][  0]LogInit:      CURL_VERSION_ASYNCHDNS
[2016.02.02-13.18.47:121][  0]LogInit:      CURL_VERSION_LARGEFILE
[2016.02.02-13.18.47:121][  0]LogInit:      CURL_VERSION_IDN
[2016.02.02-13.18.47:121][  0]LogInit:  CurlRequestOptions (configurable via config and command line):
[2016.02.02-13.18.47:121][  0]LogInit:  - bVerifyPeer = true  - Libcurl will verify peer certificate
[2016.02.02-13.18.47:121][  0]LogInit:  - bUseHttpProxy = false  - Libcurl will NOT use HTTP proxy
[2016.02.02-13.18.47:121][  0]LogInit:  - bDontReuseConnections = false  - Libcurl will reuse connections
[2016.02.02-13.18.47:121][  0]LogInit:  - CertBundlePath = nullptr  - Libcurl will use whatever was configured at build time.
[2016.02.02-13.18.47:136][  0]LogInit: Presizing for 0 objects not considered by GC, pre-allocating 0 bytes.
[2016.02.02-13.18.47:148][  0]LogInit: Object subsystem initialized
[2016.02.02-13.18.47:150][  0]LogInit: Selected Device Profile: [Windows]
[2016.02.02-13.18.47:150][  0]LogInit: Applying CVar settings loaded from the selected device profile: [Windows]
[2016.02.02-13.18.47:163][  0]LogInit: Computer: DESKTOP-JHQJSTD
[2016.02.02-13.18.47:163][  0]LogInit: User: Myran
[2016.02.02-13.18.47:163][  0]LogInit: CPU Page size=4096, Cores=2
[2016.02.02-13.18.47:163][  0]LogInit: High frequency timer resolution =2.241000 MHz
[2016.02.02-13.18.47:163][  0]LogMemory: Memory total: Physical=3.9GB (4GB approx)
[2016.02.02-13.18.47:163][  0]LogMemory: Platform Memory Stats for Windows
[2016.02.02-13.18.47:163][  0]LogMemory: Process Physical Memory: 56.36 MB used, 56.36 MB peak
[2016.02.02-13.18.47:163][  0]LogMemory: Process Virtual Memory: 57.73 MB used, 57.73 MB peak
[2016.02.02-13.18.47:163][  0]LogMemory: Physical Memory: 2491.33 MB used, 4001.87 MB total
[2016.02.02-13.18.47:163][  0]LogMemory: Virtual Memory: 383.30 MB used, 134217728.00 MB total
[2016.02.02-13.18.47:215][  0]LogTextLocalizationManager: No translations for ('de-DE') exist, falling back to 'en' for localization and internationalization data.
[2016.02.02-13.18.48:037][  0]LogD3D11RHI: Found D3D11 adapter 0: NVIDIA GeForce GT 630M (Feature Level 11_0)
[2016.02.02-13.18.48:038][  0]LogD3D11RHI: Adapter has 973MB of dedicated video memory, 0MB of dedicated system memory, and 2000MB of shared system memory, 2 output[s]
[2016.02.02-13.18.48:073][  0]LogD3D11RHI: Found D3D11 adapter 1: NVIDIA GeForce GT 630M (Feature Level 11_0)
[2016.02.02-13.18.48:073][  0]LogD3D11RHI: Adapter has 973MB of dedicated video memory, 0MB of dedicated system memory, and 2000MB of shared system memory, 0 output[s]
[2016.02.02-13.18.48:078][  0]LogD3D11RHI: Found D3D11 adapter 2: Microsoft Basic Render Driver (Feature Level 11_0)
[2016.02.02-13.18.48:078][  0]LogD3D11RHI: Adapter has 973MB of dedicated video memory, 0MB of dedicated system memory, and 2000MB of shared system memory, 0 output[s]
[2016.02.02-13.18.48:078][  0]LogD3D11RHI: Chosen D3D11 Adapter Id = 0
[2016.02.02-13.18.48:087][  0]LogD3D11RHI: !Direct3DDevice
[2016.02.02-13.18.48:088][  0]LogRHI: Texture pool is 1361 MB (70% of 1945 MB)
[2016.02.02-13.18.48:111][  0]LogD3D11RHI: Async texture creation enabled
[2016.02.02-13.18.48:135][  0]LogShaderCompilers: Guid format shader working directory is 10 characters bigger than the processId version (D:/Uni/3. Semester/ME/Pacmansion/FPS/Intermediate/Shaders/WorkingDirectory/5492/).
[2016.02.02-13.18.48:135][  0]LogShaderCompilers: Cleaned the shader compiler working directory 'C:/Users/Myran/AppData/Local/Temp/UnrealShaderWorkingDir/1CD4A6594608669347B87B907CD0A27C/'.
[2016.02.02-13.18.48:135][  0]LogShaderCompilers:Display: Using Local Shader Compiler.
[2016.02.02-13.18.50:429][  0]LogTemp:Display: Loaded TP AllDesktopTargetPlatform
[2016.02.02-13.18.50:469][  0]LogTemp:Display: Loaded TP WindowsClientTargetPlatform
[2016.02.02-13.18.50:481][  0]LogTemp:Display: Loaded TP WindowsNoEditorTargetPlatform
[2016.02.02-13.18.50:498][  0]LogTemp:Display: Loaded TP WindowsServerTargetPlatform
[2016.02.02-13.18.50:522][  0]LogTemp:Display: Loaded TP WindowsTargetPlatform
[2016.02.02-13.18.50:564][  0]LogTemp:Display: Loaded TP AndroidTargetPlatform
[2016.02.02-13.18.50:595][  0]LogTemp:Display: Loaded TP Android_ASTCTargetPlatform
[2016.02.02-13.18.50:612][  0]LogTemp:Display: Loaded TP Android_ATCTargetPlatform
[2016.02.02-13.18.50:631][  0]LogTemp:Display: Loaded TP Android_DXTTargetPlatform
[2016.02.02-13.18.50:653][  0]LogTemp:Display: Loaded TP Android_ETC1TargetPlatform
[2016.02.02-13.18.50:685][  0]LogTemp:Display: Loaded TP Android_ETC2TargetPlatform
[2016.02.02-13.18.50:725][  0]LogTemp:Display: Loaded TP Android_MultiTargetPlatform
[2016.02.02-13.18.50:725][  0]LogTemp:Display: Loaded TP Android_PVRTCTargetPlatform
[2016.02.02-13.18.50:744][  0]LogTemp:Display: Loaded TP HTML5TargetPlatform
[2016.02.02-13.18.50:799][  0]LogTemp:Display: Loaded TP IOSTargetPlatform
[2016.02.02-13.18.50:813][  0]LogTemp:Display: Loaded TP LinuxNoEditorTargetPlatform
[2016.02.02-13.18.50:829][  0]LogTemp:Display: Loaded TP LinuxServerTargetPlatform
[2016.02.02-13.18.50:860][  0]LogTemp:Display: Loaded TP LinuxTargetPlatform
[2016.02.02-13.18.50:860][  0]LogTargetPlatformManager:Display: Building Assets For Windows
[2016.02.02-13.18.51:628][  0]LogDerivedDataCache:Display: Max Cache Size: 512 MB
[2016.02.02-13.18.52:383][  0]LogDerivedDataCache: Loaded boot cache 0.75s 41MB C:/Users/Myran/AppData/Local/UnrealEngine/4.10/DerivedDataCache/Boot.ddc.
[2016.02.02-13.18.52:383][  0]LogDerivedDataCache:Display: Loaded Boot cache: C:/Users/Myran/AppData/Local/UnrealEngine/4.10/DerivedDataCache/Boot.ddc
[2016.02.02-13.18.52:383][  0]LogDerivedDataCache: FDerivedDataBackendGraph:  Pak pak cache file D:/Uni/3. Semester/ME/Pacmansion/FPS/DerivedDataCache/DDC.ddp not found, will not use a pak cache.
[2016.02.02-13.18.52:383][  0]LogDerivedDataCache: Unable to find inner node Pak for hierarchical cache Hierarchy.
[2016.02.02-13.18.52:383][  0]LogDerivedDataCache: FDerivedDataBackendGraph:  CompressedPak pak cache file D:/Uni/3. Semester/ME/Pacmansion/FPS/DerivedDataCache/Compressed.ddp not found, will not use a pak cache.
[2016.02.02-13.18.52:383][  0]LogDerivedDataCache: Unable to find inner node CompressedPak for hierarchical cache Hierarchy.
[2016.02.02-13.18.52:543][  0]LogDerivedDataCache:Display: Pak cache opened for reading ../../../Engine/DerivedDataCache/Compressed.ddp.
[2016.02.02-13.18.52:557][  0]LogDerivedDataCache: Using Local data cache path C:/Users/Myran/AppData/Local/UnrealEngine/Common/DerivedDataCache: Writable
[2016.02.02-13.19.01:933][  0]LogInit: Selected Device Profile: [Windows]
[2016.02.02-13.19.01:941][  0]LogContentStreaming: Texture pool size is 0.000000MB
[2016.02.02-13.19.02:483][  0]LogMeshUtilities: No automatic mesh reduction module available
[2016.02.02-13.19.02:483][  0]LogMeshUtilities: No automatic mesh merging module available
[2016.02.02-13.19.04:355][  0]LogInit: WinSock: version 1.1 (2.2), MaxSocks=32767, MaxUdp=65467
[2016.02.02-13.19.28:515][  0]UdpMessaging: Initializing bridge on interface 0.0.0.0:0 to multicast group 230.0.0.1:6666.
[2016.02.02-13.19.28:518][  0]FUdpSocketBuilder: Failed to create the socket UdpMessageMulticastSocket as configured
[2016.02.02-13.19.28:519][  0]UdpMessageTransport.StartTransport: Failed to create multicast socket on 0.0.0.0:0, joined to 230.0.0.1:6666 with TTL 1
[2016.02.02-13.19.29:673][  0]LogAssetRegistry: FAssetRegistry took 0.0153 seconds to start up
[2016.02.02-13.19.34:026][  0]SourceControl: Info Source control is disabled
[2016.02.02-13.19.34:150][  0]SourceControl: Info Source control is disabled
[2016.02.02-13.19.34:373][  0]SourceControl: Info Source control is disabled
[2016.02.02-13.19.34:498][  0]SourceControl: Info Source control is disabled
[2016.02.02-13.19.36:607][  0]LogObj: 28633 objects as part of root set at end of initial load.
[2016.02.02-13.19.36:607][  0]LogUObjectAllocator: 6099744 out of 0 bytes used by permanent object pool.
[2016.02.02-13.19.37:261][  0]LogEngine: Initializing Engine...
[2016.02.02-13.19.37:287][  0]LogHMD: Can't find Oculus library dev build: is proper Runtime installed? Version: 0.8.0.0
[2016.02.02-13.19.37:320][  0]LogHMD: SteamVR failed to initialize.  Err: 110
[2016.02.02-13.19.37:952][  0]LogAIModule: Creating AISystem for world NewWorld
[2016.02.02-13.19.38:035][  0]LogInit: XAudio2 using 'Speakers (Realtek High Definition Audio)' : 2 channels at 48 kHz using 32 bits per sample (channel mask 0x3)
[2016.02.02-13.19.38:068][  0]LogInit: FAudioDevice initialized.
[2016.02.02-13.19.38:131][  0]LogDerivedDataCache: Saved boot cache 0.06s 41MB C:/Users/Myran/AppData/Local/UnrealEngine/4.10/DerivedDataCache/Boot.ddc.
[2016.02.02-13.19.38:150][  0]LogInit: Texture streaming: Enabled
[2016.02.02-13.19.38:412][  0]LogAnalytics: Creating configured Analytics provider AnalyticsET
[2016.02.02-13.19.38:414][  0]LogAnalytics: [UEEditor.Rocket.Release] APIServer = http://et2.epicgames.com/ET2/. AppVersion = 4.10.2-2818068+++depot+UE4-Releases+4.10
[2016.02.02-13.19.38:414][  0]LogAnalytics: [UEEditor.Rocket.Release] SetUserId 12189b20408bbc0b2d4557975c2d7ef4|20c8adfa9f9640e5a57c17fd2f2868d5|ceb4ef6f-e501-4244-a277-49f194b9a0bc
[2016.02.02-13.19.38:414][  0]LogAnalytics: [UEEditor.Rocket.Release] AnalyticsET::StartSession
[2016.02.02-13.19.38:568][  0]LogInit: Transaction tracking system initialized
[2016.02.02-13.19.38:909][  0]BlueprintLog: New page: Editor Load
[2016.02.02-13.19.41:596][  0]LocalizationService: Info Localization service is disabled
[2016.02.02-13.19.42:740][  0]LogLinker:Warning: Can't find file '/Game/ThirdPersonBP/ThirdPersonOverview'
[2016.02.02-13.19.42:740][  0]LogLinker:Warning: Can't find file '/Game/ThirdPersonBP/ThirdPersonOverview'
[2016.02.02-13.19.42:740][  0]LogUObjectGlobals:Warning: Failed to find object 'Class /Game/ThirdPersonBP/ThirdPersonOverview.ThirdPersonOverview_C'
[2016.02.02-13.19.43:286][  0]LogConsoleResponse:Display: 
[2016.02.02-13.19.45:775][  0]LogFileCache: Scanning file cache for directory 'D:/Uni/3. Semester/ME/Pacmansion/FPS/Content/' took 0.01s
[2016.02.02-13.19.45:775][  0]LogCook:Display: Done creating registry. It took  0.00s.
[2016.02.02-13.19.47:183][  0]SourceControl: Info Source control is disabled
[2016.02.02-13.19.47:195][  0]Cmd: MAP LOAD FILE="D:/Uni/3. Semester/ME/Pacmansion/FPS/Content/FirstPersonBP/Maps/FirstPersonExampleMap.umap" TEMPLATE=0 SHOWPROGRESS=1 FEATURELEVEL=3
[2016.02.02-13.19.47:262][  0]LightingResults: New page: Lighting Build
[2016.02.02-13.19.47:388][  0]MapCheck: New page: Map Check
[2016.02.02-13.19.47:389][  0]LightingResults: New page: Lighting Build
[2016.02.02-13.19.47:804][  0]LogParticles: Destroying 0 GPU particle simulations for FXSystem 0x0000027DD1FE6160
[2016.02.02-13.19.56:599][  0]LogAIModule: Creating AISystem for world FirstPersonExampleMap
[2016.02.02-13.19.57:044][  0]LogEditorServer: Finished looking for orphan Actors (0.000 secs)
[2016.02.02-13.19.57:096][  0]Cmd: MAP CHECKDEP NOCLEARLOG
[2016.02.02-13.19.57:309][  0]MapCheck: Info Map check complete: 0 Error(s), 0 Warning(s), took 212.848ms to complete.
[2016.02.02-13.19.57:309][  0]LogFileHelpers: Loading map 'FirstPersonExampleMap' took 10.126
[2016.02.02-13.19.59:265][  0]LogCollectionManager: Loaded 0 collections in 0.003824 seconds
[2016.02.02-13.19.59:500][  0]LogFileCache: Scanning file cache for directory 'D:/Uni/3. Semester/ME/Pacmansion/FPS/Saved/Collections/' took 0.01s
[2016.02.02-13.19.59:500][  0]LogFileCache: Scanning file cache for directory 'D:/Uni/3. Semester/ME/Pacmansion/FPS/Content/Developers/Myran/Collections/' took 0.01s
[2016.02.02-13.19.59:500][  0]LogFileCache: Scanning file cache for directory 'D:/Uni/3. Semester/ME/Pacmansion/FPS/Content/Collections/' took 0.01s
[2016.02.02-13.19.59:500][  0]LogCollectionManager: Rebuilt the GUID cache for 0 collections in 0.000004 seconds
[2016.02.02-13.19.59:550][  0]LogContentBrowser: Native class hierarchy populated in 0.0478 seconds. Added 1893 classes and 338 folders.
[2016.02.02-13.19.59:715][  0]LogContentBrowser: Native class hierarchy updated for 'WidgetCarousel' in 0.0006 seconds. Added 0 classes and 0 folders.
[2016.02.02-13.20.00:860][  0]LogContentBrowser: Native class hierarchy updated for 'AddContentDialog' in 0.0007 seconds. Added 0 classes and 0 folders.
[2016.02.02-13.20.00:939][  0]LogContentBrowser: Native class hierarchy updated for 'SceneOutliner' in 0.0005 seconds. Added 1 classes and 2 folders.
[2016.02.02-13.20.01:297][  0]LogCrashTracker: Crashtracker disabled due to settings.
[2016.02.02-13.20.01:520][  0]LogUObjectGlobals:Warning: Failed to find object 'Class None.'
[2016.02.02-13.20.01:635][  0]LogLoad: Full Startup: 75.72 seconds (BP compile: 0.58 seconds)
[2016.02.02-13.20.01:660][  0]LogOcInput: Can't find Oculus library dev build: is proper Runtime installed? Version: 0.8.0.0
[2016.02.02-13.20.02:083][  0]LogContentStreaming: Texture pool size now 200 MB
[2016.02.02-13.20.02:663][  0]LogRenderer: Reallocating scene render targets to support 964x436 (Frame:2).
[2016.02.02-13.20.04:564][  8]LogAssetRegistry: Asset discovery search completed in 34.9027 seconds
[2016.02.02-13.20.04:595][  8]LogCollectionManager: Rebuilt the object cache for 0 collections in 0.000001 seconds (found 0 objects)
[2016.02.02-13.20.04:595][  8]LogCollectionManager: Fixed up redirectors for 0 collections in 0.000068 seconds (updated 0 objects)
[2016.02.02-13.20.11:427][257]LogRenderer: Reallocating scene render targets to support 964x720 (Frame:45).
[2016.02.02-13.20.22:342][591]LogAIModule: Creating AISystem for world Level1
[2016.02.02-13.20.22:803][591]Cmd: MAP LOAD FILE="D:/Uni/3. Semester/ME/Pacmansion/FPS/Content/Level1.umap" TEMPLATE=0 SHOWPROGRESS=1 FEATURELEVEL=3
[2016.02.02-13.20.22:805][591]LightingResults: New page: Lighting Build
[2016.02.02-13.20.22:840][591]LoadErrors: New page: Loading map: Level1.umap
[2016.02.02-13.20.22:895][591]MapCheck: New page: Map Check
[2016.02.02-13.20.22:895][591]LightingResults: New page: Lighting Build
[2016.02.02-13.20.23:001][591]LogParticles: Destroying 0 GPU particle simulations for FXSystem 0x0000027DC4117380
[2016.02.02-13.20.23:126][591]LogEditorServer: Finished looking for orphan Actors (0.000 secs)
[2016.02.02-13.20.23:155][591]Cmd: MAP CHECKDEP NOCLEARLOG
[2016.02.02-13.20.23:266][591]MapCheck: Info Map check complete: 0 Error(s), 0 Warning(s), took 110.446ms to complete.
[2016.02.02-13.20.23:269][591]LogFileHelpers: Loading map 'Level1' took 0.540
[2016.02.02-13.21.39:960][796]LogLinker:Warning: Asset '../../../Engine/Content/ArtTools/RenderToTexture/Macros/RenderToTextureMacros.uasset' has been saved with empty engine version. The asset will be loaded but may be incompatible.
[2016.02.02-13.21.41:868][796]LogContentBrowser: Native class hierarchy updated for 'BlueprintGraph' in 0.0011 seconds. Added 107 classes and 0 folders.
[2016.02.02-13.22.39:088][896]LogRenderer: Reallocating scene render targets to support 1012x720 (Frame:3041).
[2016.02.02-13.24.58:468][742]LogPlayLevel: PlayLevel: No blueprints needed recompiling
[2016.02.02-13.24.58:545][742]PIE: New page: PIE session: Level1 (Feb 2, 2016, 3:24:58 PM)
[2016.02.02-13.24.58:567][742]LogPlayLevel: Creating play world package: /Game/UEDPIE_0_Level1
[2016.02.02-13.24.58:693][742]LogPlayLevel: PIE: StaticDuplicateObject took: (0.125715s)
[2016.02.02-13.24.58:694][742]LogAIModule: Creating AISystem for world Level1
[2016.02.02-13.24.58:695][742]LogPlayLevel: PIE: World Init took: (0.001495s)
[2016.02.02-13.24.58:710][742]LogPlayLevel: PIE: Created PIE world by copying editor world from /Game/Level1.Level1 to /Game/UEDPIE_0_Level1.Level1 (0.149880s)
[2016.02.02-13.24.58:731][742]LogActorComponent: UnregisterComponent: (/Engine/Transient.CharMoveComp) Not registered. Aborting.
[2016.02.02-13.24.59:025][742]LogInit: XAudio2 using 'Speakers (Realtek High Definition Audio)' : 2 channels at 48 kHz using 32 bits per sample (channel mask 0x3)
[2016.02.02-13.24.59:100][742]LogInit: FAudioDevice initialized.
[2016.02.02-13.24.59:583][742]LogWorld: Game class is 'FPSGM_C'
[2016.02.02-13.24.59:846][742]LogWorld: Bringing World /Game/UEDPIE_0_Level1.Level1 up for play (max tick rate 60) at 2016.02.02-14.24.59
[2016.02.02-13.24.59:846][742]LogActor:Warning: GameSession /Game/UEDPIE_0_Level1.Level1:PersistentLevel.GameSession_0 has natively added scene component(s), but none of them were set as the actor's RootComponent - picking one arbitrarily
[2016.02.02-13.24.59:855][742]LogActor:Warning: GameNetworkManager /Game/UEDPIE_0_Level1.Level1:PersistentLevel.GameNetworkManager_0 has natively added scene component(s), but none of them were set as the actor's RootComponent - picking one arbitrarily
[2016.02.02-13.24.59:927][742]LogWorld: Bringing up level for play took: 0.122906
[2016.02.02-13.25.00:567][742]PIE: Info Play in editor start time for /Game/UEDPIE_0_Level1 2.423
[2016.02.02-13.25.47:489][614]LogParticles: Destroying 0 GPU particle simulations for FXSystem 0x0000027D84C87CE0
[2016.02.02-13.26.01:045][812]LogAIModule: Creating AISystem for world FirstPersonExampleMap
[2016.02.02-13.26.01:101][812]LogActorComponent: UnregisterComponent: (/Engine/Transient.CharMoveComp) Not registered. Aborting.
[2016.02.02-13.26.01:365][812]Cmd: MAP LOAD FILE="D:/Uni/3. Semester/ME/Pacmansion/FPS/Content/FirstPersonBP/Maps/FirstPersonExampleMap.umap" TEMPLATE=0 SHOWPROGRESS=1 FEATURELEVEL=3
[2016.02.02-13.26.01:368][812]LightingResults: New page: Lighting Build
[2016.02.02-13.26.01:494][812]LoadErrors: New page: Loading map: FirstPersonExampleMap.umap
[2016.02.02-13.26.01:502][812]MapCheck: New page: Map Check
[2016.02.02-13.26.01:502][812]LightingResults: New page: Lighting Build
[2016.02.02-13.26.01:733][812]LogParticles: Destroying 0 GPU particle simulations for FXSystem 0x0000027DDCE18860
[2016.02.02-13.26.01:816][812]LogEditorServer: Finished looking for orphan Actors (0.000 secs)
[2016.02.02-13.26.01:954][812]Cmd: MAP CHECKDEP NOCLEARLOG
[2016.02.02-13.26.02:221][812]MapCheck: Info Map check complete: 0 Error(s), 0 Warning(s), took 266.886ms to complete.
[2016.02.02-13.26.02:226][812]LogFileHelpers: Loading map 'FirstPersonExampleMap' took 0.867
[2016.02.02-13.26.04:716][861]LogBlueprintUserMessages: Early PlayInEditor Detection: Level '/Game/FirstPersonBP/Maps/FirstPersonExampleMap.FirstPersonExampleMap:PersistentLevel' has LevelScriptBlueprint '/Game/FirstPersonBP/Maps/FirstPersonExampleMap.FirstPersonExampleMap:PersistentLevel.FirstPersonExampleMap' with GeneratedClass '/Game/FirstPersonBP/Maps/FirstPersonExampleMap.FirstPersonExampleMap_C' with ClassGeneratedBy '/Game/FirstPersonBP/Maps/FirstPersonExampleMap.FirstPersonExampleMap:PersistentLevel.FirstPersonExampleMap'
[2016.02.02-13.26.04:716][861]LogPlayLevel: PlayLevel: No blueprints needed recompiling
[2016.02.02-13.26.04:716][861]PIE: New page: PIE session: FirstPersonExampleMap (Feb 2, 2016, 3:26:04 PM)
[2016.02.02-13.26.04:716][861]LogPlayLevel: Creating play world package: /Game/FirstPersonBP/Maps/UEDPIE_0_FirstPersonExampleMap
[2016.02.02-13.26.04:779][861]LogPlayLevel: PIE: StaticDuplicateObject took: (0.062030s)
[2016.02.02-13.26.04:781][861]LogAIModule: Creating AISystem for world FirstPersonExampleMap
[2016.02.02-13.26.04:781][861]LogPlayLevel: PIE: World Init took: (0.002566s)
[2016.02.02-13.26.04:782][861]LogPlayLevel: PIE: Created PIE world by copying editor world from /Game/FirstPersonBP/Maps/FirstPersonExampleMap.FirstPersonExampleMap to /Game/FirstPersonBP/Maps/UEDPIE_0_FirstPersonExampleMap.FirstPersonExampleMap (0.065305s)
[2016.02.02-13.26.04:886][861]LogInit: XAudio2 using 'Speakers (Realtek High Definition Audio)' : 2 channels at 48 kHz using 32 bits per sample (channel mask 0x3)
[2016.02.02-13.26.04:907][861]LogInit: FAudioDevice initialized.
[2016.02.02-13.26.04:958][861]LogWorld: Game class is 'FPSGM_C'
[2016.02.02-13.26.04:967][861]LogWorld: Bringing World /Game/FirstPersonBP/Maps/UEDPIE_0_FirstPersonExampleMap.FirstPersonExampleMap up for play (max tick rate 60) at 2016.02.02-14.26.04
[2016.02.02-13.26.04:968][861]LogActor:Warning: GameSession /Game/FirstPersonBP/Maps/UEDPIE_0_FirstPersonExampleMap.FirstPersonExampleMap:PersistentLevel.GameSession_1 has natively added scene component(s), but none of them were set as the actor's RootComponent - picking one arbitrarily
[2016.02.02-13.26.04:968][861]LogActor:Warning: GameNetworkManager /Game/FirstPersonBP/Maps/UEDPIE_0_FirstPersonExampleMap.FirstPersonExampleMap:PersistentLevel.GameNetworkManager_1 has natively added scene component(s), but none of them were set as the actor's RootComponent - picking one arbitrarily
[2016.02.02-13.26.05:031][861]LogWorld: Bringing up level for play took: 0.071523
[2016.02.02-13.26.05:049][861]PIE: Info Play in editor start time for /Game/FirstPersonBP/Maps/UEDPIE_0_FirstPersonExampleMap 0.905
[2016.02.02-13.26.05:049][861]LogBlueprintUserMessages: Late PlayInEditor Detection: Level '/Game/FirstPersonBP/Maps/FirstPersonExampleMap.FirstPersonExampleMap:PersistentLevel' has LevelScriptBlueprint '/Game/FirstPersonBP/Maps/FirstPersonExampleMap.FirstPersonExampleMap:PersistentLevel.FirstPersonExampleMap' with GeneratedClass '/Game/FirstPersonBP/Maps/FirstPersonExampleMap.FirstPersonExampleMap_C' with ClassGeneratedBy '/Game/FirstPersonBP/Maps/FirstPersonExampleMap.FirstPersonExampleMap:PersistentLevel.FirstPersonExampleMap'
[2016.02.02-13.26.22:580][158]LogBlueprintUserMessages: Early EndPlayMap Detection: Level '/Game/FirstPersonBP/Maps/FirstPersonExampleMap.FirstPersonExampleMap:PersistentLevel' has LevelScriptBlueprint '/Game/FirstPersonBP/Maps/FirstPersonExampleMap.FirstPersonExampleMap:PersistentLevel.FirstPersonExampleMap' with GeneratedClass '/Game/FirstPersonBP/Maps/FirstPersonExampleMap.FirstPersonExampleMap_C' with ClassGeneratedBy '/Game/FirstPersonBP/Maps/FirstPersonExampleMap.FirstPersonExampleMap:PersistentLevel.FirstPersonExampleMap'
[2016.02.02-13.26.22:659][158]LogBlueprintUserMessages: Late EndPlayMap Detection: Level '/Game/FirstPersonBP/Maps/FirstPersonExampleMap.FirstPersonExampleMap:PersistentLevel' has LevelScriptBlueprint '/Game/FirstPersonBP/Maps/FirstPersonExampleMap.FirstPersonExampleMap:PersistentLevel.FirstPersonExampleMap' with GeneratedClass '/Game/FirstPersonBP/Maps/FirstPersonExampleMap.FirstPersonExampleMap_C' with ClassGeneratedBy '/Game/FirstPersonBP/Maps/FirstPersonExampleMap.FirstPersonExampleMap:PersistentLevel.FirstPersonExampleMap'
[2016.02.02-13.26.22:732][158]LogParticles: Destroying 0 GPU particle simulations for FXSystem 0x0000027DFCF27240
[2016.02.02-13.26.36:926][391]BlueprintLog: New page: Compile FirstPersonCharacter
[2016.02.02-13.26.37:706][391]BlueprintEditorCompileResults: Info [0471.77] Compile of FirstPersonCharacter successful! [in 761 ms]
[2016.02.02-13.26.38:855][403]LogBlueprintUserMessages: Early PlayInEditor Detection: Level '/Game/FirstPersonBP/Maps/FirstPersonExampleMap.FirstPersonExampleMap:PersistentLevel' has LevelScriptBlueprint '/Game/FirstPersonBP/Maps/FirstPersonExampleMap.FirstPersonExampleMap:PersistentLevel.FirstPersonExampleMap' with GeneratedClass '/Game/FirstPersonBP/Maps/FirstPersonExampleMap.FirstPersonExampleMap_C' with ClassGeneratedBy '/Game/FirstPersonBP/Maps/FirstPersonExampleMap.FirstPersonExampleMap:PersistentLevel.FirstPersonExampleMap'
[2016.02.02-13.26.38:855][403]LogPlayLevel: PlayLevel: No blueprints needed recompiling
[2016.02.02-13.26.38:856][403]PIE: New page: PIE session: FirstPersonExampleMap (Feb 2, 2016, 3:26:38 PM)
[2016.02.02-13.26.38:856][403]LogPlayLevel: Creating play world package: /Game/FirstPersonBP/Maps/UEDPIE_0_FirstPersonExampleMap
[2016.02.02-13.26.38:962][403]LogPlayLevel: PIE: StaticDuplicateObject took: (0.106588s)
[2016.02.02-13.26.38:966][403]LogAIModule: Creating AISystem for world FirstPersonExampleMap
[2016.02.02-13.26.38:967][403]LogPlayLevel: PIE: World Init took: (0.004513s)
[2016.02.02-13.26.38:968][403]LogPlayLevel: PIE: Created PIE world by copying editor world from /Game/FirstPersonBP/Maps/FirstPersonExampleMap.FirstPersonExampleMap to /Game/FirstPersonBP/Maps/UEDPIE_0_FirstPersonExampleMap.FirstPersonExampleMap (0.112162s)
[2016.02.02-13.26.39:256][403]LogInit: XAudio2 using 'Speakers (Realtek High Definition Audio)' : 2 channels at 48 kHz using 32 bits per sample (channel mask 0x3)
[2016.02.02-13.26.39:327][403]LogInit: FAudioDevice initialized.
[2016.02.02-13.26.39:443][403]LogWorld: Game class is 'FPSGM_C'
[2016.02.02-13.26.39:474][403]LogWorld: Bringing World /Game/FirstPersonBP/Maps/UEDPIE_0_FirstPersonExampleMap.FirstPersonExampleMap up for play (max tick rate 60) at 2016.02.02-14.26.39
[2016.02.02-13.26.39:475][403]LogActor:Warning: GameSession /Game/FirstPersonBP/Maps/UEDPIE_0_FirstPersonExampleMap.FirstPersonExampleMap:PersistentLevel.GameSession_2 has natively added scene component(s), but none of them were set as the actor's RootComponent - picking one arbitrarily
[2016.02.02-13.26.39:476][403]LogActor:Warning: GameNetworkManager /Game/FirstPersonBP/Maps/UEDPIE_0_FirstPersonExampleMap.FirstPersonExampleMap:PersistentLevel.GameNetworkManager_2 has natively added scene component(s), but none of them were set as the actor's RootComponent - picking one arbitrarily
[2016.02.02-13.26.39:480][403]LogWorld: Bringing up level for play took: 0.033630
[2016.02.02-13.26.39:489][403]PIE: Info Play in editor start time for /Game/FirstPersonBP/Maps/UEDPIE_0_FirstPersonExampleMap 1.345
[2016.02.02-13.26.39:489][403]LogBlueprintUserMessages: Late PlayInEditor Detection: Level '/Game/FirstPersonBP/Maps/FirstPersonExampleMap.FirstPersonExampleMap:PersistentLevel' has LevelScriptBlueprint '/Game/FirstPersonBP/Maps/FirstPersonExampleMap.FirstPersonExampleMap:PersistentLevel.FirstPersonExampleMap' with GeneratedClass '/Game/FirstPersonBP/Maps/FirstPersonExampleMap.FirstPersonExampleMap_C' with ClassGeneratedBy '/Game/FirstPersonBP/Maps/FirstPersonExampleMap.FirstPersonExampleMap:PersistentLevel.FirstPersonExampleMap'
[2016.02.02-13.27.02:676][833]LogBlueprintUserMessages: Early EndPlayMap Detection: Level '/Game/FirstPersonBP/Maps/FirstPersonExampleMap.FirstPersonExampleMap:PersistentLevel' has LevelScriptBlueprint '/Game/FirstPersonBP/Maps/FirstPersonExampleMap.FirstPersonExampleMap:PersistentLevel.FirstPersonExampleMap' with GeneratedClass '/Game/FirstPersonBP/Maps/FirstPersonExampleMap.FirstPersonExampleMap_C' with ClassGeneratedBy '/Game/FirstPersonBP/Maps/FirstPersonExampleMap.FirstPersonExampleMap:PersistentLevel.FirstPersonExampleMap'
[2016.02.02-13.27.02:747][833]LogBlueprintUserMessages: Late EndPlayMap Detection: Level '/Game/FirstPersonBP/Maps/FirstPersonExampleMap.FirstPersonExampleMap:PersistentLevel' has LevelScriptBlueprint '/Game/FirstPersonBP/Maps/FirstPersonExampleMap.FirstPersonExampleMap:PersistentLevel.FirstPersonExampleMap' with GeneratedClass '/Game/FirstPersonBP/Maps/FirstPersonExampleMap.FirstPersonExampleMap_C' with ClassGeneratedBy '/Game/FirstPersonBP/Maps/FirstPersonExampleMap.FirstPersonExampleMap:PersistentLevel.FirstPersonExampleMap'
[2016.02.02-13.27.02:830][833]LogParticles: Destroying 0 GPU particle simulations for FXSystem 0x0000027D999FADE0
[2016.02.02-13.27.04:997][873]LogBlueprintUserMessages: Early PlayInEditor Detection: Level '/Game/FirstPersonBP/Maps/FirstPersonExampleMap.FirstPersonExampleMap:PersistentLevel' has LevelScriptBlueprint '/Game/FirstPersonBP/Maps/FirstPersonExampleMap.FirstPersonExampleMap:PersistentLevel.FirstPersonExampleMap' with GeneratedClass '/Game/FirstPersonBP/Maps/FirstPersonExampleMap.FirstPersonExampleMap_C' with ClassGeneratedBy '/Game/FirstPersonBP/Maps/FirstPersonExampleMap.FirstPersonExampleMap:PersistentLevel.FirstPersonExampleMap'
[2016.02.02-13.27.04:997][873]LogPlayLevel: PlayLevel: No blueprints needed recompiling
[2016.02.02-13.27.04:998][873]PIE: New page: PIE session: FirstPersonExampleMap (Feb 2, 2016, 3:27:04 PM)
[2016.02.02-13.27.04:998][873]LogPlayLevel: Creating play world package: /Game/FirstPersonBP/Maps/UEDPIE_0_FirstPersonExampleMap
[2016.02.02-13.27.05:105][873]LogPlayLevel: PIE: StaticDuplicateObject took: (0.106540s)
[2016.02.02-13.27.05:108][873]LogAIModule: Creating AISystem for world FirstPersonExampleMap
[2016.02.02-13.27.05:109][873]LogPlayLevel: PIE: World Init took: (0.004000s)
[2016.02.02-13.27.05:110][873]LogPlayLevel: PIE: Created PIE world by copying editor world from /Game/FirstPersonBP/Maps/FirstPersonExampleMap.FirstPersonExampleMap to /Game/FirstPersonBP/Maps/UEDPIE_0_FirstPersonExampleMap.FirstPersonExampleMap (0.111648s)
[2016.02.02-13.27.05:394][873]LogInit: XAudio2 using 'Speakers (Realtek High Definition Audio)' : 2 channels at 48 kHz using 32 bits per sample (channel mask 0x3)
[2016.02.02-13.27.05:469][873]LogInit: FAudioDevice initialized.
[2016.02.02-13.27.05:584][873]LogWorld: Game class is 'FPSGM_C'
[2016.02.02-13.27.05:620][873]LogWorld: Bringing World /Game/FirstPersonBP/Maps/UEDPIE_0_FirstPersonExampleMap.FirstPersonExampleMap up for play (max tick rate 60) at 2016.02.02-14.27.05
[2016.02.02-13.27.05:620][873]LogActor:Warning: GameSession /Game/FirstPersonBP/Maps/UEDPIE_0_FirstPersonExampleMap.FirstPersonExampleMap:PersistentLevel.GameSession_3 has natively added scene component(s), but none of them were set as the actor's RootComponent - picking one arbitrarily
[2016.02.02-13.27.05:621][873]LogActor:Warning: GameNetworkManager /Game/FirstPersonBP/Maps/UEDPIE_0_FirstPersonExampleMap.FirstPersonExampleMap:PersistentLevel.GameNetworkManager_3 has natively added scene component(s), but none of them were set as the actor's RootComponent - picking one arbitrarily
[2016.02.02-13.27.05:624][873]LogWorld: Bringing up level for play took: 0.037229
[2016.02.02-13.27.05:631][873]PIE: Info Play in editor start time for /Game/FirstPersonBP/Maps/UEDPIE_0_FirstPersonExampleMap 1.487
[2016.02.02-13.27.05:633][873]LogBlueprintUserMessages: Late PlayInEditor Detection: Level '/Game/FirstPersonBP/Maps/FirstPersonExampleMap.FirstPersonExampleMap:PersistentLevel' has LevelScriptBlueprint '/Game/FirstPersonBP/Maps/FirstPersonExampleMap.FirstPersonExampleMap:PersistentLevel.FirstPersonExampleMap' with GeneratedClass '/Game/FirstPersonBP/Maps/FirstPersonExampleMap.FirstPersonExampleMap_C' with ClassGeneratedBy '/Game/FirstPersonBP/Maps/FirstPersonExampleMap.FirstPersonExampleMap:PersistentLevel.FirstPersonExampleMap'
[2016.02.02-13.27.10:842][965]LogConnectionDrawingPolicy:Warning: Looks like a wire-trace was not injected before the jump from 'Cast To Ghost' to 'DestroyActor
Target is Actor'.
[2016.02.02-13.27.11:080][966]LogConnectionDrawingPolicy:Warning: Looks like a wire-trace was not injected before the jump from 'Cast To Ghost' to 'DestroyActor
Target is Actor'.
[2016.02.02-13.27.11:173][967]LogConnectionDrawingPolicy:Warning: Looks like a wire-trace was not injected before the jump from 'Cast To Ghost' to 'DestroyActor
Target is Actor'.
[2016.02.02-13.27.11:265][968]LogConnectionDrawingPolicy:Warning: Looks like a wire-trace was not injected before the jump from 'Cast To Ghost' to 'DestroyActor
Target is Actor'.
[2016.02.02-13.27.11:369][969]LogConnectionDrawingPolicy:Warning: Looks like a wire-trace was not injected before the jump from 'Cast To Ghost' to 'DestroyActor
Target is Actor'.
[2016.02.02-13.27.11:472][970]LogConnectionDrawingPolicy:Warning: Looks like a wire-trace was not injected before the jump from 'Cast To Ghost' to 'DestroyActor
Target is Actor'.
[2016.02.02-13.27.11:569][971]LogConnectionDrawingPolicy:Warning: Looks like a wire-trace was not injected before the jump from 'Cast To Ghost' to 'DestroyActor
Target is Actor'.
[2016.02.02-13.27.11:672][972]LogConnectionDrawingPolicy:Warning: Looks like a wire-trace was not injected before the jump from 'Cast To Ghost' to 'DestroyActor
Target is Actor'.
[2016.02.02-13.27.11:672][972]LogConnectionDrawingPolicy:Warning: Looks like a wire-trace was not injected before the jump from 'Cast To Ghost' to 'DestroyActor
Target is Actor'.
[2016.02.02-13.27.11:767][973]LogConnectionDrawingPolicy:Warning: Looks like a wire-trace was not injected before the jump from 'Cast To Ghost' to 'DestroyActor
Target is Actor'.
[2016.02.02-13.27.11:767][973]LogConnectionDrawingPolicy:Warning: Looks like a wire-trace was not injected before the jump from 'Cast To Ghost' to 'DestroyActor
Target is Actor'.
[2016.02.02-13.27.11:858][974]LogConnectionDrawingPolicy:Warning: Looks like a wire-trace was not injected before the jump from 'Cast To Ghost' to 'DestroyActor
Target is Actor'.
[2016.02.02-13.27.11:859][974]LogConnectionDrawingPolicy:Warning: Looks like a wire-trace was not injected before the jump from 'Cast To Ghost' to 'DestroyActor
Target is Actor'.
[2016.02.02-13.27.11:952][975]LogConnectionDrawingPolicy:Warning: Looks like a wire-trace was not injected before the jump from 'Cast To Ghost' to 'DestroyActor
Target is Actor'.
[2016.02.02-13.27.11:952][975]LogConnectionDrawingPolicy:Warning: Looks like a wire-trace was not injected before the jump from 'Cast To Ghost' to 'DestroyActor
Target is Actor'.
[2016.02.02-13.27.12:047][976]LogConnectionDrawingPolicy:Warning: Looks like a wire-trace was not injected before the jump from 'Cast To Ghost' to 'DestroyActor
Target is Actor'.
[2016.02.02-13.27.12:048][976]LogConnectionDrawingPolicy:Warning: Looks like a wire-trace was not injected before the jump from 'Cast To Ghost' to 'DestroyActor
Target is Actor'.
[2016.02.02-13.27.12:145][977]LogConnectionDrawingPolicy:Warning: Looks like a wire-trace was not injected before the jump from 'Cast To Ghost' to 'DestroyActor
Target is Actor'.
[2016.02.02-13.27.12:146][977]LogConnectionDrawingPolicy:Warning: Looks like a wire-trace was not injected before the jump from 'Cast To Ghost' to 'DestroyActor
Target is Actor'.
[2016.02.02-13.27.12:245][978]LogConnectionDrawingPolicy:Warning: Looks like a wire-trace was not injected before the jump from 'Cast To Ghost' to 'DestroyActor
Target is Actor'.
[2016.02.02-13.27.12:246][978]LogConnectionDrawingPolicy:Warning: Looks like a wire-trace was not injected before the jump from 'Cast To Ghost' to 'DestroyActor
Target is Actor'.
[2016.02.02-13.27.12:347][979]LogConnectionDrawingPolicy:Warning: Looks like a wire-trace was not injected before the jump from 'Cast To Ghost' to 'DestroyActor
Target is Actor'.
[2016.02.02-13.27.12:347][979]LogConnectionDrawingPolicy:Warning: Looks like a wire-trace was not injected before the jump from 'Cast To Ghost' to 'DestroyActor
Target is Actor'.
[2016.02.02-13.27.12:445][980]LogConnectionDrawingPolicy:Warning: Looks like a wire-trace was not injected before the jump from 'Cast To Ghost' to 'DestroyActor
Target is Actor'.
[2016.02.02-13.27.12:446][980]LogConnectionDrawingPolicy:Warning: Looks like a wire-trace was not injected before the jump from 'Cast To Ghost' to 'DestroyActor
Target is Actor'.
[2016.02.02-13.27.12:545][981]LogConnectionDrawingPolicy:Warning: Looks like a wire-trace was not injected before the jump from 'Cast To Ghost' to 'DestroyActor
Target is Actor'.
[2016.02.02-13.27.12:546][981]LogConnectionDrawingPolicy:Warning: Looks like a wire-trace was not injected before the jump from 'Cast To Ghost' to 'DestroyActor
Target is Actor'.
[2016.02.02-13.27.12:649][982]LogConnectionDrawingPolicy:Warning: Looks like a wire-trace was not injected before the jump from 'Cast To Ghost' to 'DestroyActor
Target is Actor'.
[2016.02.02-13.27.12:650][982]LogConnectionDrawingPolicy:Warning: Looks like a wire-trace was not injected before the jump from 'Cast To Ghost' to 'DestroyActor
Target is Actor'.
[2016.02.02-13.27.12:751][983]LogConnectionDrawingPolicy:Warning: Looks like a wire-trace was not injected before the jump from 'Cast To Ghost' to 'DestroyActor
Target is Actor'.
[2016.02.02-13.27.12:751][983]LogConnectionDrawingPolicy:Warning: Looks like a wire-trace was not injected before the jump from 'Cast To Ghost' to 'DestroyActor
Target is Actor'.
[2016.02.02-13.27.12:848][984]LogConnectionDrawingPolicy:Warning: Looks like a wire-trace was not injected before the jump from 'Cast To Ghost' to 'DestroyActor
Target is Actor'.
[2016.02.02-13.27.12:850][984]LogConnectionDrawingPolicy:Warning: Looks like a wire-trace was not injected before the jump from 'Cast To Ghost' to 'DestroyActor
Target is Actor'.
[2016.02.02-13.27.12:950][985]LogConnectionDrawingPolicy:Warning: Looks like a wire-trace was not injected before the jump from 'Cast To Ghost' to 'DestroyActor
Target is Actor'.
[2016.02.02-13.27.12:950][985]LogConnectionDrawingPolicy:Warning: Looks like a wire-trace was not injected before the jump from 'Cast To Ghost' to 'DestroyActor
Target is Actor'.
[2016.02.02-13.27.13:055][986]LogConnectionDrawingPolicy:Warning: Looks like a wire-trace was not injected before the jump from 'Cast To Ghost' to 'DestroyActor
Target is Actor'.
[2016.02.02-13.27.13:056][986]LogConnectionDrawingPolicy:Warning: Looks like a wire-trace was not injected before the jump from 'Cast To Ghost' to 'DestroyActor
Target is Actor'.
[2016.02.02-13.27.13:152][987]LogConnectionDrawingPolicy:Warning: Looks like a wire-trace was not injected before the jump from 'Cast To Ghost' to 'DestroyActor
Target is Actor'.
[2016.02.02-13.27.13:153][987]LogConnectionDrawingPolicy:Warning: Looks like a wire-trace was not injected before the jump from 'Cast To Ghost' to 'DestroyActor
Target is Actor'.
[2016.02.02-13.27.13:245][988]LogConnectionDrawingPolicy:Warning: Looks like a wire-trace was not injected before the jump from 'Cast To Ghost' to 'DestroyActor
Target is Actor'.
[2016.02.02-13.27.13:245][988]LogConnectionDrawingPolicy:Warning: Looks like a wire-trace was not injected before the jump from 'Cast To Ghost' to 'DestroyActor
Target is Actor'.
[2016.02.02-13.27.13:345][989]LogConnectionDrawingPolicy:Warning: Looks like a wire-trace was not injected before the jump from 'Cast To Ghost' to 'DestroyActor
Target is Actor'.
[2016.02.02-13.27.13:346][989]LogConnectionDrawingPolicy:Warning: Looks like a wire-trace was not injected before the jump from 'Cast To Ghost' to 'DestroyActor
Target is Actor'.
[2016.02.02-13.27.13:400][990]LogConnectionDrawingPolicy:Warning: Looks like a wire-trace was not injected before the jump from 'Cast To Ghost' to 'DestroyActor
Target is Actor'.
[2016.02.02-13.27.13:400][990]LogConnectionDrawingPolicy:Warning: Looks like a wire-trace was not injected before the jump from 'Cast To Ghost' to 'DestroyActor
Target is Actor'.
[2016.02.02-13.27.13:437][991]LogConnectionDrawingPolicy:Warning: Looks like a wire-trace was not injected before the jump from 'Cast To Ghost' to 'DestroyActor
Target is Actor'.
[2016.02.02-13.27.13:437][991]LogConnectionDrawingPolicy:Warning: Looks like a wire-trace was not injected before the jump from 'Cast To Ghost' to 'DestroyActor
Target is Actor'.
[2016.02.02-13.27.13:478][992]LogConnectionDrawingPolicy:Warning: Looks like a wire-trace was not injected before the jump from 'Cast To Ghost' to 'DestroyActor
Target is Actor'.
[2016.02.02-13.27.13:478][992]LogConnectionDrawingPolicy:Warning: Looks like a wire-trace was not injected before the jump from 'Cast To Ghost' to 'DestroyActor
Target is Actor'.
[2016.02.02-13.27.13:519][993]LogConnectionDrawingPolicy:Warning: Looks like a wire-trace was not injected before the jump from 'Cast To Ghost' to 'DestroyActor
Target is Actor'.
[2016.02.02-13.27.13:519][993]LogConnectionDrawingPolicy:Warning: Looks like a wire-trace was not injected before the jump from 'Cast To Ghost' to 'DestroyActor
Target is Actor'.
[2016.02.02-13.27.13:560][994]LogConnectionDrawingPolicy:Warning: Looks like a wire-trace was not injected before the jump from 'Cast To Ghost' to 'DestroyActor
Target is Actor'.
[2016.02.02-13.27.13:561][994]LogConnectionDrawingPolicy:Warning: Looks like a wire-trace was not injected before the jump from 'Cast To Ghost' to 'DestroyActor
Target is Actor'.
[2016.02.02-13.27.13:600][995]LogConnectionDrawingPolicy:Warning: Looks like a wire-trace was not injected before the jump from 'Cast To Ghost' to 'DestroyActor
Target is Actor'.
[2016.02.02-13.27.13:600][995]LogConnectionDrawingPolicy:Warning: Looks like a wire-trace was not injected before the jump from 'Cast To Ghost' to 'DestroyActor
Target is Actor'.
[2016.02.02-13.27.13:637][996]LogConnectionDrawingPolicy:Warning: Looks like a wire-trace was not injected before the jump from 'Cast To Ghost' to 'DestroyActor
Target is Actor'.
[2016.02.02-13.27.13:637][996]LogConnectionDrawingPolicy:Warning: Looks like a wire-trace was not injected before the jump from 'Cast To Ghost' to 'DestroyActor
Target is Actor'.
[2016.02.02-13.27.13:673][997]LogConnectionDrawingPolicy:Warning: Looks like a wire-trace was not injected before the jump from 'Cast To Ghost' to 'DestroyActor
Target is Actor'.
[2016.02.02-13.27.13:673][997]LogConnectionDrawingPolicy:Warning: Looks like a wire-trace was not injected before the jump from 'Cast To Ghost' to 'DestroyActor
Target is Actor'.
[2016.02.02-13.27.13:704][998]LogConnectionDrawingPolicy:Warning: Looks like a wire-trace was not injected before the jump from 'Cast To Ghost' to 'DestroyActor
Target is Actor'.
[2016.02.02-13.27.13:705][998]LogConnectionDrawingPolicy:Warning: Looks like a wire-trace was not injected before the jump from 'Cast To Ghost' to 'DestroyActor
Target is Actor'.
[2016.02.02-13.27.13:745][999]LogConnectionDrawingPolicy:Warning: Looks like a wire-trace was not injected before the jump from 'Cast To Ghost' to 'DestroyActor
Target is Actor'.
[2016.02.02-13.27.13:745][999]LogConnectionDrawingPolicy:Warning: Looks like a wire-trace was not injected before the jump from 'Cast To Ghost' to 'DestroyActor
Target is Actor'.
[2016.02.02-13.27.13:779][  0]LogConnectionDrawingPolicy:Warning: Looks like a wire-trace was not injected before the jump from 'Cast To Ghost' to 'DestroyActor
Target is Actor'.
[2016.02.02-13.27.13:779][  0]LogConnectionDrawingPolicy:Warning: Looks like a wire-trace was not injected before the jump from 'Cast To Ghost' to 'DestroyActor
Target is Actor'.
[2016.02.02-13.27.13:821][  1]LogConnectionDrawingPolicy:Warning: Looks like a wire-trace was not injected before the jump from 'Cast To Ghost' to 'DestroyActor
Target is Actor'.
[2016.02.02-13.27.13:855][  2]LogConnectionDrawingPolicy:Warning: Looks like a wire-trace was not injected before the jump from 'Cast To Ghost' to 'DestroyActor
Target is Actor'.
[2016.02.02-13.27.13:896][  3]LogConnectionDrawingPolicy:Warning: Looks like a wire-trace was not injected before the jump from 'Cast To Ghost' to 'DestroyActor
Target is Actor'.
[2016.02.02-13.27.13:938][  4]LogConnectionDrawingPolicy:Warning: Looks like a wire-trace was not injected before the jump from 'Cast To Ghost' to 'DestroyActor
Target is Actor'.
[2016.02.02-13.27.13:971][  5]LogConnectionDrawingPolicy:Warning: Looks like a wire-trace was not injected before the jump from 'Cast To Ghost' to 'DestroyActor
Target is Actor'.
[2016.02.02-13.27.14:012][  6]LogConnectionDrawingPolicy:Warning: Looks like a wire-trace was not injected before the jump from 'Cast To Ghost' to 'DestroyActor
Target is Actor'.
[2016.02.02-13.27.14:043][  7]LogConnectionDrawingPolicy:Warning: Looks like a wire-trace was not injected before the jump from 'Cast To Ghost' to 'DestroyActor
Target is Actor'.
[2016.02.02-13.27.14:079][  8]LogConnectionDrawingPolicy:Warning: Looks like a wire-trace was not injected before the jump from 'Cast To Ghost' to 'DestroyActor
Target is Actor'.
[2016.02.02-13.27.17:349][ 89]LogBlueprintUserMessages: Early EndPlayMap Detection: Level '/Game/FirstPersonBP/Maps/FirstPersonExampleMap.FirstPersonExampleMap:PersistentLevel' has LevelScriptBlueprint '/Game/FirstPersonBP/Maps/FirstPersonExampleMap.FirstPersonExampleMap:PersistentLevel.FirstPersonExampleMap' with GeneratedClass '/Game/FirstPersonBP/Maps/FirstPersonExampleMap.FirstPersonExampleMap_C' with ClassGeneratedBy '/Game/FirstPersonBP/Maps/FirstPersonExampleMap.FirstPersonExampleMap:PersistentLevel.FirstPersonExampleMap'
[2016.02.02-13.27.17:477][ 89]LogBlueprintUserMessages: Late EndPlayMap Detection: Level '/Game/FirstPersonBP/Maps/FirstPersonExampleMap.FirstPersonExampleMap:PersistentLevel' has LevelScriptBlueprint '/Game/FirstPersonBP/Maps/FirstPersonExampleMap.FirstPersonExampleMap:PersistentLevel.FirstPersonExampleMap' with GeneratedClass '/Game/FirstPersonBP/Maps/FirstPersonExampleMap.FirstPersonExampleMap_C' with ClassGeneratedBy '/Game/FirstPersonBP/Maps/FirstPersonExampleMap.FirstPersonExampleMap:PersistentLevel.FirstPersonExampleMap'
[2016.02.02-13.27.18:782][ 90]LogParticles: Destroying 0 GPU particle simulations for FXSystem 0x0000027DCB462700
[2016.02.02-13.28.58:851][605]LogActorComponent: UnregisterComponent: (/Engine/Transient.EditorFloorComp) Not registered. Aborting.
[2016.02.02-13.29.00:664][642]LogParticles: Destroying 0 GPU particle simulations for FXSystem 0x0000027DC574B560
[2016.02.02-13.29.00:792][642]LogParticles: Destroying 0 GPU particle simulations for FXSystem 0x0000027D849CD760
[2016.02.02-13.29.03:913][642]LogWindowsTextInputMethodSystem:Display: IME system now deactivated.
[2016.02.02-13.29.04:853][643]Cmd: QUIT_EDITOR
[2016.02.02-13.29.07:195][643]LogExit: Preparing to exit.
[2016.02.02-13.29.08:699][643]LogExit: Editor shut down
[2016.02.02-13.29.08:700][643]LogExit: Transaction tracking system shut down
[2016.02.02-13.29.08:703][643]LogParticles: Destroying 0 GPU particle simulations for FXSystem 0x0000027DDCD98E00
[2016.02.02-13.29.08:703][643]LogParticles: Destroying 0 GPU particle simulations for FXSystem 0x0000027DDCF46CA0
[2016.02.02-13.29.08:703][643]LogParticles: Destroying 0 GPU particle simulations for FXSystem 0x0000027DDCD9B9C0
[2016.02.02-13.29.08:855][643]LogParticles: Destroying 0 GPU particle simulations for FXSystem 0x0000027DDCE1A520
[2016.02.02-13.29.11:048][643]LogExit: Object subsystem successfully closed.
[2016.02.02-13.29.11:761][643]LogD3D11RHI: Shutdown
[2016.02.02-13.29.11:761][643]LogD3D11RHI: CleanupD3DDevice
[2016.02.02-13.29.12:112][643]LogD3D11RHI: ~FD3D11DynamicRHI
[2016.02.02-13.29.13:603][643]LogModuleManager: Shutting down and abandoning module BlueprintGraph (199)
[2016.02.02-13.29.13:604][643]LogModuleManager: Shutting down and abandoning module CrashTracker (198)
[2016.02.02-13.29.13:604][643]LogModuleManager: Shutting down and abandoning module SceneOutliner (197)
[2016.02.02-13.29.13:604][643]LogModuleManager: Shutting down and abandoning module SuperSearch (196)
[2016.02.02-13.29.13:604][643]LogModuleManager: Shutting down and abandoning module WidgetCarousel (195)
[2016.02.02-13.29.13:669][643]LogModuleManager: Shutting down and abandoning module AddContentDialog (194)
[2016.02.02-13.29.13:725][643]LogModuleManager: Shutting down and abandoning module EditorWidgets (193)
[2016.02.02-13.29.13:725][643]LogModuleManager: Shutting down and abandoning module CollectionManager (192)
[2016.02.02-13.29.13:829][643]LogModuleManager: Shutting down and abandoning module StatsViewer (191)
[2016.02.02-13.29.13:932][643]LogModuleManager: Shutting down and abandoning module FoliageEdit (190)
[2016.02.02-13.29.13:940][643]LogModuleManager: Shutting down and abandoning module LandscapeEditor (189)
[2016.02.02-13.29.14:001][643]LogModuleManager: Shutting down and abandoning module ActorPickerMode (188)
[2016.02.02-13.29.14:002][643]LogModuleManager: Shutting down and abandoning module GeometryMode (187)
[2016.02.02-13.29.14:002][643]LogModuleManager: Shutting down and abandoning module TextureAlignMode (186)
[2016.02.02-13.29.14:002][643]LogModuleManager: Shutting down and abandoning module BspMode (185)
[2016.02.02-13.29.14:002][643]LogModuleManager: Shutting down and abandoning module PlacementMode (184)
[2016.02.02-13.29.14:002][643]LogModuleManager: Shutting down and abandoning module AutomationWorker (183)
[2016.02.02-13.29.14:002][643]LogModuleManager: Shutting down and abandoning module CharacterAI (182)
[2016.02.02-13.29.14:002][643]LogModuleManager: Shutting down and abandoning module SmartSnapping (181)
[2016.02.02-13.29.14:002][643]LogModuleManager: Shutting down and abandoning module ViewportSnapping (180)
[2016.02.02-13.29.14:002][643]LogModuleManager: Shutting down and abandoning module LogVisualizer (179)
[2016.02.02-13.29.14:047][643]LogModuleManager: Shutting down and abandoning module GameProjectGeneration (178)
[2016.02.02-13.29.14:066][643]LogModuleManager: Shutting down and abandoning module IntroTutorials (177)
[2016.02.02-13.29.14:182][643]LogModuleManager: Shutting down and abandoning module EditorLiveStreaming (176)
[2016.02.02-13.29.14:182][643]LogModuleManager: Shutting down and abandoning module IOSPlatformEditor (175)
[2016.02.02-13.29.14:203][643]LogModuleManager: Shutting down and abandoning module HTML5PlatformEditor (174)
[2016.02.02-13.29.14:203][643]LogModuleManager: Shutting down and abandoning module AndroidDeviceDetection (173)
[2016.02.02-13.29.14:559][643]LogModuleManager: Shutting down and abandoning module AndroidPlatformEditor (172)
[2016.02.02-13.29.14:559][643]LogModuleManager: Shutting down and abandoning module IOSRuntimeSettings (171)
[2016.02.02-13.29.14:559][643]LogModuleManager: Shutting down and abandoning module AndroidRuntimeSettings (170)
[2016.02.02-13.29.14:559][643]LogModuleManager: Shutting down and abandoning module MergeActors (169)
[2016.02.02-13.29.14:581][643]LogModuleManager: Shutting down and abandoning module SizeMap (168)
[2016.02.02-13.29.14:581][643]LogModuleManager: Shutting down and abandoning module TreeMap (167)
[2016.02.02-13.29.14:600][643]LogModuleManager: Shutting down and abandoning module ReferenceViewer (166)
[2016.02.02-13.29.14:615][643]LogModuleManager: Shutting down and abandoning module LocalizationService (165)
[2016.02.02-13.29.14:624][643]LogModuleManager: Shutting down and abandoning module LocalizationDashboard (164)
[2016.02.02-13.29.14:667][643]LogModuleManager: Shutting down and abandoning module HardwareTargeting (163)
[2016.02.02-13.29.14:702][643]LogModuleManager: Shutting down and abandoning module DeviceProfileEditor (162)
[2016.02.02-13.29.14:754][643]LogModuleManager: Shutting down and abandoning module UndoHistory (161)
[2016.02.02-13.29.14:814][643]LogModuleManager: Shutting down and abandoning module GameplayTagsEditor (160)
[2016.02.02-13.29.14:824][643]LogModuleManager: Shutting down and abandoning module UserFeedback (159)
[2016.02.02-13.29.14:824][643]LogModuleManager: Shutting down and abandoning module XmlParser (158)
[2016.02.02-13.29.14:832][643]LogModuleManager: Shutting down and abandoning module Blutility (157)
[2016.02.02-13.29.14:832][643]LogModuleManager: Shutting down and abandoning module ProjectTargetPlatformEditor (156)
[2016.02.02-13.29.14:843][643]LogModuleManager: Shutting down and abandoning module ProjectSettingsViewer (155)
[2016.02.02-13.29.14:844][643]LogModuleManager: Shutting down and abandoning module InputBindingEditor (154)
[2016.02.02-13.29.14:878][643]LogModuleManager: Shutting down and abandoning module EditorSettingsViewer (153)
[2016.02.02-13.29.14:878][643]LogModuleManager: Shutting down and abandoning module SettingsEditor (152)
[2016.02.02-13.29.14:896][643]LogModuleManager: Shutting down and abandoning module ProjectLauncher (151)
[2016.02.02-13.29.14:935][643]LogModuleManager: Shutting down and abandoning module SessionFrontend (150)
[2016.02.02-13.29.14:951][643]LogModuleManager: Shutting down and abandoning module ProfilerClient (149)
[2016.02.02-13.29.14:970][643]LogModuleManager: Shutting down and abandoning module TargetDeviceServices (148)
[2016.02.02-13.29.14:985][643]LogModuleManager: Shutting down and abandoning module DeviceManager (147)
[2016.02.02-13.29.15:028][643]LogModuleManager: Shutting down and abandoning module AutomationController (146)
[2016.02.02-13.29.15:090][643]LogModuleManager: Shutting down and abandoning module AutomationWindow (145)
[2016.02.02-13.29.15:116][643]LogModuleManager: Shutting down and abandoning module Layers (144)
[2016.02.02-13.29.15:176][643]LogModuleManager: Shutting down and abandoning module ComponentVisualizers (143)
[2016.02.02-13.29.15:176][643]LogModuleManager: Shutting down and abandoning module DetailCustomizations (142)
[2016.02.02-13.29.15:221][643]LogModuleManager: Shutting down and abandoning module PackagesDialog (141)
[2016.02.02-13.29.15:221][643]LogModuleManager: Shutting down and abandoning module Persona (140)
[2016.02.02-13.29.15:319][643]LogModuleManager: Shutting down and abandoning module Kismet (139)
[2016.02.02-13.29.15:319][643]LogModuleManager: Shutting down and abandoning module GraphEditor (138)
[2016.02.02-13.29.15:320][643]LogModuleManager: Shutting down and abandoning module ClassViewer (137)
[2016.02.02-13.29.15:338][643]LogModuleManager: Shutting down and abandoning module Toolbox (136)
[2016.02.02-13.29.15:338][643]LogModuleManager: Shutting down and abandoning module ModuleUI (135)
[2016.02.02-13.29.15:372][643]LogModuleManager: Shutting down and abandoning module MovieSceneTools (134)
[2016.02.02-13.29.15:399][643]LogModuleManager: Shutting down and abandoning module OutputLog (133)
[2016.02.02-13.29.15:399][643]LogModuleManager: Shutting down and abandoning module GammaUI (132)
[2016.02.02-13.29.15:479][643]LogModuleManager: Shutting down and abandoning module Documentation (131)
[2016.02.02-13.29.15:479][643]LogModuleManager: Shutting down and abandoning module GameLiveStreaming (130)
[2016.02.02-13.29.15:485][643]LogModuleManager: Shutting down and abandoning module StreamingPauseRendering (129)
[2016.02.02-13.29.15:485][643]LogModuleManager: Shutting down and abandoning module AnalyticsET (128)
[2016.02.02-13.29.15:485][643]LogModuleManager: Shutting down and abandoning module Analytics (127)
[2016.02.02-13.29.15:485][643]LogModuleManager: Shutting down and abandoning module AITestSuite (126)
[2016.02.02-13.29.15:539][643]LogModuleManager: Shutting down and abandoning module GameplayDebugger (125)
[2016.02.02-13.29.15:576][643]LogModuleManager: Shutting down and abandoning module AIModule (124)
[2016.02.02-13.29.15:576][643]LogModuleManager: Shutting down and abandoning module ProfilerService (123)
[2016.02.02-13.29.15:754][643]LogModuleManager: Shutting down and abandoning module TaskGraph (122)
[2016.02.02-13.29.15:774][643]LogModuleManager: Shutting down and abandoning module SlateRemote (121)
[2016.02.02-13.29.15:774][643]LogModuleManager: Shutting down and abandoning module SteamVRController (120)
[2016.02.02-13.29.15:775][643]LogModuleManager: Shutting down and abandoning module SteamVR (119)
[2016.02.02-13.29.15:775][643]LogModuleManager: Shutting down and abandoning module ProceduralMeshComponent (118)
[2016.02.02-13.29.15:775][643]LogModuleManager: Shutting down and abandoning module OculusLibrary (117)
[2016.02.02-13.29.15:775][643]LogModuleManager: Shutting down and abandoning module OculusInput (116)
[2016.02.02-13.29.15:775][643]LogModuleManager: Shutting down and abandoning module LeapMotionController (115)
[2016.02.02-13.29.15:854][643]LogModuleManager: Shutting down and abandoning module CustomMeshComponent (114)
[2016.02.02-13.29.15:854][643]LogModuleManager: Shutting down and abandoning module CableComponent (113)
[2016.02.02-13.29.15:866][643]LogModuleManager: Shutting down and abandoning module ArchVisCharacter (112)
[2016.02.02-13.29.15:866][643]LogModuleManager: Shutting down and abandoning module MessagingDebugger (111)
[2016.02.02-13.29.15:900][643]LogModuleManager: Shutting down and abandoning module MediaPlayerEditor (110)
[2016.02.02-13.29.15:933][643]LogModuleManager: Shutting down and abandoning module HTML5Networking (109)
[2016.02.02-13.29.15:933][643]LogModuleManager: Shutting down and abandoning module SpeedTreeImporter (108)
[2016.02.02-13.29.15:933][643]LogModuleManager: Shutting down and abandoning module PluginBrowser (107)
[2016.02.02-13.29.15:953][643]LogModuleManager: Shutting down and abandoning module EpicSurvey (106)
[2016.02.02-13.29.15:965][643]LogModuleManager: Shutting down and abandoning module DesktopPlatform (105)
[2016.02.02-13.29.15:985][643]LogModuleManager: Shutting down and abandoning module VisualStudioSourceCodeAccess (104)
[2016.02.02-13.29.15:986][643]LogModuleManager: Shutting down and abandoning module UObjectPlugin (103)
[2016.02.02-13.29.15:986][643]LogModuleManager: Shutting down and abandoning module SubversionSourceControl (102)
[2016.02.02-13.29.16:010][643]LogModuleManager: Shutting down and abandoning module PerforceSourceControl (101)
[2016.02.02-13.29.16:028][643]LogModuleManager: Shutting down and abandoning module SourceControl (100)
[2016.02.02-13.29.16:055][643]LogModuleManager: Shutting down and abandoning module GitSourceControl (99)
[2016.02.02-13.29.16:076][643]LogModuleManager: Shutting down and abandoning module LightPropagationVolumeEditor (98)
[2016.02.02-13.29.16:076][643]LogModuleManager: Shutting down and abandoning module PaperTiledImporter (97)
[2016.02.02-13.29.16:086][643]LogModuleManager: Shutting down and abandoning module PaperSpriteSheetImporter (96)
[2016.02.02-13.29.16:086][643]LogModuleManager: Shutting down and abandoning module MeshPaint (95)
[2016.02.02-13.29.16:086][643]LogModuleManager: Shutting down and abandoning module SlateReflector (94)
[2016.02.02-13.29.16:106][643]LogModuleManager: Shutting down and abandoning module HotReload (93)
[2016.02.02-13.29.16:115][643]LogModuleManager: Shutting down and abandoning module MainFrame (92)
[2016.02.02-13.29.16:115][643]LogModuleManager: Shutting down and abandoning module LevelEditor (91)
[2016.02.02-13.29.16:126][643]LogModuleManager: Shutting down and abandoning module DirectoryWatcher (90)
[2016.02.02-13.29.16:129][643]LogModuleManager: Shutting down and abandoning module AssetRegistry (89)
[2016.02.02-13.29.16:376][643]LogModuleManager: Shutting down and abandoning module ContentBrowser (88)
[2016.02.02-13.29.16:377][643]LogModuleManager: Shutting down and abandoning module Paper2DEditor (87)
[2016.02.02-13.29.16:447][643]LogModuleManager: Shutting down and abandoning module UdpMessaging (86)
[2016.02.02-13.29.16:562][643]LogModuleManager: Shutting down and abandoning module LightPropagationVolumeRuntime (85)
[2016.02.02-13.29.16:563][643]LogModuleManager: Shutting down and abandoning module Paper2D (84)
[2016.02.02-13.29.16:574][643]LogModuleManager: Shutting down and abandoning module WindowsMoviePlayer (83)
[2016.02.02-13.29.16:582][643]LogModuleManager: Shutting down and abandoning module Media (82)
[2016.02.02-13.29.16:582][643]LogModuleManager: Shutting down and abandoning module WmfMedia (81)
[2016.02.02-13.29.16:593][643]LogModuleManager: Shutting down and abandoning module OnlineBlueprintSupport (80)
[2016.02.02-13.29.16:593][643]LogModuleManager: Shutting down and abandoning module GameplayTasksEditor (79)
[2016.02.02-13.29.16:593][643]LogModuleManager: Shutting down and abandoning module PropertyEditor (78)
[2016.02.02-13.29.16:593][643]LogModuleManager: Shutting down and abandoning module BehaviorTreeEditor (77)
[2016.02.02-13.29.16:729][643]LogModuleManager: Shutting down and abandoning module FunctionalTesting (76)
[2016.02.02-13.29.16:730][643]LogModuleManager: Shutting down and abandoning module CollisionAnalyzer (75)
[2016.02.02-13.29.16:755][643]LogModuleManager: Shutting down and abandoning module WorkspaceMenuStructure (74)
[2016.02.02-13.29.16:755][643]LogModuleManager: Shutting down and abandoning module MessageLog (73)
[2016.02.02-13.29.16:755][643]LogModuleManager: Shutting down and abandoning module Sequencer (72)
[2016.02.02-13.29.16:787][643]LogModuleManager: Shutting down and abandoning module AssetTools (71)
[2016.02.02-13.29.16:821][643]LogModuleManager: Shutting down and abandoning module UMGEditor (70)
[2016.02.02-13.29.16:851][643]LogModuleManager: Shutting down and abandoning module UMG (69)
[2016.02.02-13.29.16:874][643]LogModuleManager: Shutting down and abandoning module Slate (68)
[2016.02.02-13.29.16:874][643]LogModuleManager: Shutting down and abandoning module EditorStyle (67)
[2016.02.02-13.29.16:882][643]LogModuleManager: Shutting down and abandoning module SessionServices (66)
[2016.02.02-13.29.16:882][643]LogModuleManager: Shutting down and abandoning module SourceCodeAccess (65)
[2016.02.02-13.29.16:882][643]LogModuleManager: Shutting down and abandoning module HeadMountedDisplay (64)
[2016.02.02-13.29.16:882][643]LogModuleManager: Shutting down and abandoning module XAudio2 (63)
[2016.02.02-13.29.16:882][643]LogModuleManager: Shutting down and abandoning module Networking (61)
[2016.02.02-13.29.16:882][643]LogModuleManager: Shutting down and abandoning module Core (60)
[2016.02.02-13.29.16:882][643]LogModuleManager: Shutting down and abandoning module KismetCompiler (59)
[2016.02.02-13.29.16:882][643]LogModuleManager: Shutting down and abandoning module PhysXFormats (58)
[2016.02.02-13.29.16:883][643]LogModuleManager: Shutting down and abandoning module MeshUtilities (57)
[2016.02.02-13.29.16:905][643]LogModuleManager: Shutting down and abandoning module DerivedDataCache (56)
[2016.02.02-13.29.16:991][643]LogDerivedDataCache: Shutdown
[2016.02.02-13.29.16:991][643]LogModuleManager: Shutting down and abandoning module ShaderFormatOpenGL (55)
[2016.02.02-13.29.17:090][643]LogModuleManager: Shutting down and abandoning module ShaderFormatD3D (54)
[2016.02.02-13.29.17:090][643]LogModuleManager: Shutting down and abandoning module MetalShaderFormat (53)
[2016.02.02-13.29.17:106][643]LogModuleManager: Shutting down and abandoning module TextureFormatUncompressed (52)
[2016.02.02-13.29.17:106][643]LogModuleManager: Shutting down and abandoning module TextureFormatPVR (51)
[2016.02.02-13.29.17:106][643]LogModuleManager: Shutting down and abandoning module TextureFormatIntelISPCTexComp (50)
[2016.02.02-13.29.17:106][643]LogModuleManager: Shutting down and abandoning module TextureFormatDXT (49)
[2016.02.02-13.29.17:106][643]LogModuleManager: Shutting down and abandoning module ImageWrapper (48)
[2016.02.02-13.29.17:106][643]LogModuleManager: Shutting down and abandoning module TextureFormatASTC (47)
[2016.02.02-13.29.17:106][643]LogModuleManager: Shutting down and abandoning module TextureFormatAndroid (46)
[2016.02.02-13.29.17:106][643]LogModuleManager: Shutting down and abandoning module AudioFormatOpus (45)
[2016.02.02-13.29.17:111][643]LogModuleManager: Shutting down and abandoning module AudioFormatOgg (44)
[2016.02.02-13.29.17:111][643]LogModuleManager: Shutting down and abandoning module AudioFormatADPCM (43)
[2016.02.02-13.29.17:111][643]LogModuleManager: Shutting down and abandoning module LinuxTargetPlatform (42)
[2016.02.02-13.29.17:111][643]LogModuleManager: Shutting down and abandoning module LinuxServerTargetPlatform (41)
[2016.02.02-13.29.17:111][643]LogModuleManager: Shutting down and abandoning module LinuxNoEditorTargetPlatform (40)
[2016.02.02-13.29.17:111][643]LogModuleManager: Shutting down and abandoning module Messaging (39)
[2016.02.02-13.29.17:111][643]LogModuleManager: Shutting down and abandoning module IOSTargetPlatform (38)
[2016.02.02-13.29.17:111][643]LogModuleManager: Shutting down and abandoning module HTML5TargetPlatform (37)
[2016.02.02-13.29.17:111][643]LogModuleManager: Shutting down and abandoning module Android_PVRTCTargetPlatform (36)
[2016.02.02-13.29.17:111][643]LogModuleManager: Shutting down and abandoning module Android_MultiTargetPlatform (35)
[2016.02.02-13.29.17:111][643]LogModuleManager: Shutting down and abandoning module Android_ETC2TargetPlatform (34)
[2016.02.02-13.29.17:111][643]LogModuleManager: Shutting down and abandoning module Android_ETC1TargetPlatform (33)
[2016.02.02-13.29.17:111][643]LogModuleManager: Shutting down and abandoning module Android_DXTTargetPlatform (32)
[2016.02.02-13.29.17:111][643]LogModuleManager: Shutting down and abandoning module Android_ATCTargetPlatform (31)
[2016.02.02-13.29.17:111][643]LogModuleManager: Shutting down and abandoning module Android_ASTCTargetPlatform (30)
[2016.02.02-13.29.17:111][643]LogModuleManager: Shutting down and abandoning module AndroidTargetPlatform (29)
[2016.02.02-13.29.17:111][643]LogModuleManager: Shutting down and abandoning module WindowsTargetPlatform (28)
[2016.02.02-13.29.17:111][643]LogModuleManager: Shutting down and abandoning module WindowsServerTargetPlatform (27)
[2016.02.02-13.29.17:112][643]LogModuleManager: Shutting down and abandoning module WindowsNoEditorTargetPlatform (26)
[2016.02.02-13.29.17:112][643]LogModuleManager: Shutting down and abandoning module WindowsClientTargetPlatform (25)
[2016.02.02-13.29.17:112][643]LogModuleManager: Shutting down and abandoning module AllDesktopTargetPlatform (24)
[2016.02.02-13.29.17:112][643]LogModuleManager: Shutting down and abandoning module TargetPlatform (23)
[2016.02.02-13.29.17:112][643]LogModuleManager: Shutting down and abandoning module InputCore (22)
[2016.02.02-13.29.17:112][643]LogModuleManager: Shutting down and abandoning module Settings (21)
[2016.02.02-13.29.17:112][643]LogModuleManager: Shutting down and abandoning module OnlineSubsystem (19)
[2016.02.02-13.29.17:112][643]LogModuleManager: Shutting down and abandoning module HTTP (18)
[2016.02.02-13.29.18:114][643]LogModuleManager: Shutting down and abandoning module XMPP (17)
[2016.02.02-13.29.18:162][643]LogModuleManager: Shutting down and abandoning module OculusRift (16)
[2016.02.02-13.29.18:175][643]LogModuleManager: Shutting down and abandoning module ExampleDeviceProfileSelector (15)
[2016.02.02-13.29.18:176][643]LogModuleManager: Shutting down and abandoning module TextureCompressor (14)
[2016.02.02-13.29.18:188][643]LogModuleManager: Shutting down and abandoning module ShaderCore (13)
[2016.02.02-13.29.18:188][643]LogModuleManager: Shutting down and abandoning module Landscape (12)
[2016.02.02-13.29.18:188][643]LogModuleManager: Shutting down and abandoning module SlateRHIRenderer (11)
[2016.02.02-13.29.18:214][643]LogModuleManager: Shutting down and abandoning module OpenGLDrv (10)
[2016.02.02-13.29.18:229][643]LogModuleManager: Shutting down and abandoning module D3D11RHI (9)
[2016.02.02-13.29.18:233][643]LogModuleManager: Shutting down and abandoning module AnimGraphRuntime (8)
[2016.02.02-13.29.18:233][643]LogModuleManager: Shutting down and abandoning module Renderer (7)
[2016.02.02-13.29.18:233][643]LogModuleManager: Shutting down and abandoning module Engine (6)
[2016.02.02-13.29.18:233][643]LogModuleManager: Shutting down and abandoning module CoreUObject (5)
[2016.02.02-13.29.18:233][643]LogModuleManager: Shutting down and abandoning module NetworkFile (4)
[2016.02.02-13.29.18:252][643]LogModuleManager: Shutting down and abandoning module StreamingFile (3)
[2016.02.02-13.29.18:252][643]LogModuleManager: Shutting down and abandoning module SandboxFile (2)
[2016.02.02-13.29.18:268][643]LogModuleManager: Shutting down and abandoning module PakFile (1)
[2016.02.02-13.29.18:293][643]LogExit: Exiting.
[2016.02.02-13.29.18:450][643]Log file closed, 02/02/16 14:29:18
