[2016.01.31-20.21.35:577][  0]Log file open, 01/31/16 21:21:35
[2016.01.31-20.21.35:577][  0]LogInit:Display: Running engine for game: FPS
[2016.01.31-20.21.35:577][  0]LogPlatformFile: Not using cached read wrapper
[2016.01.31-20.21.35:577][  0]LogInit:Display: RandInit(-772486270) SRandInit(-772486268).
[2016.01.31-20.21.35:577][  0]LogTaskGraph: Started task graph with 4 named threads and 5 total threads.
[2016.01.31-20.21.35:577][  0]LogStats: Stats thread started at 0.071199
[2016.01.31-20.21.35:577][  0]LogInit: Version: 4.10.2-2818068+++depot+UE4-Releases+4.10
[2016.01.31-20.21.35:577][  0]LogInit: API Version: 2758231
[2016.01.31-20.21.35:577][  0]LogInit: Compiled (64-bit): Jan  6 2016 17:36:42
[2016.01.31-20.21.35:577][  0]LogInit: Compiled with Visual C++: 19.00.23026.00
[2016.01.31-20.21.35:577][  0]LogInit: Build Configuration: Development
[2016.01.31-20.21.35:577][  0]LogInit: Branch Name: ++depot+UE4-Releases+4.10
[2016.01.31-20.21.35:578][  0]LogInit: Command line:  
[2016.01.31-20.21.35:578][  0]LogInit: Base directory: C:/Program Files (x86)/Epic Games/4.10/Engine/Binaries/Win64/
[2016.01.31-20.21.35:578][  0]LogInit: Rocket: 1
[2016.01.31-20.21.35:588][  0]LogInit: Using libcurl 7.41.0
[2016.01.31-20.21.35:588][  0]LogInit:  - built for x86_64-pc-win32
[2016.01.31-20.21.35:588][  0]LogInit:  - supports SSL with WinSSL
[2016.01.31-20.21.35:588][  0]LogInit:  - other features:
[2016.01.31-20.21.35:588][  0]LogInit:      CURL_VERSION_SSL
[2016.01.31-20.21.35:588][  0]LogInit:      CURL_VERSION_IPV6
[2016.01.31-20.21.35:588][  0]LogInit:      CURL_VERSION_ASYNCHDNS
[2016.01.31-20.21.35:588][  0]LogInit:      CURL_VERSION_LARGEFILE
[2016.01.31-20.21.35:588][  0]LogInit:      CURL_VERSION_IDN
[2016.01.31-20.21.35:588][  0]LogInit:  CurlRequestOptions (configurable via config and command line):
[2016.01.31-20.21.35:588][  0]LogInit:  - bVerifyPeer = true  - Libcurl will verify peer certificate
[2016.01.31-20.21.35:588][  0]LogInit:  - bUseHttpProxy = false  - Libcurl will NOT use HTTP proxy
[2016.01.31-20.21.35:588][  0]LogInit:  - bDontReuseConnections = false  - Libcurl will reuse connections
[2016.01.31-20.21.35:588][  0]LogInit:  - CertBundlePath = nullptr  - Libcurl will use whatever was configured at build time.
[2016.01.31-20.21.35:599][  0]LogInit: Presizing for 0 objects not considered by GC, pre-allocating 0 bytes.
[2016.01.31-20.21.35:609][  0]LogInit: Object subsystem initialized
[2016.01.31-20.21.35:611][  0]LogInit: Selected Device Profile: [Windows]
[2016.01.31-20.21.35:611][  0]LogInit: Applying CVar settings loaded from the selected device profile: [Windows]
[2016.01.31-20.21.35:623][  0]LogInit: Computer: DESKTOP-JHQJSTD
[2016.01.31-20.21.35:623][  0]LogInit: User: Myran
[2016.01.31-20.21.35:623][  0]LogInit: CPU Page size=4096, Cores=2
[2016.01.31-20.21.35:623][  0]LogInit: High frequency timer resolution =2.241000 MHz
[2016.01.31-20.21.35:623][  0]LogMemory: Memory total: Physical=3.9GB (4GB approx)
[2016.01.31-20.21.35:623][  0]LogMemory: Platform Memory Stats for Windows
[2016.01.31-20.21.35:623][  0]LogMemory: Process Physical Memory: 56.41 MB used, 56.41 MB peak
[2016.01.31-20.21.35:623][  0]LogMemory: Process Virtual Memory: 57.88 MB used, 57.88 MB peak
[2016.01.31-20.21.35:623][  0]LogMemory: Physical Memory: 2417.68 MB used, 4001.87 MB total
[2016.01.31-20.21.35:623][  0]LogMemory: Virtual Memory: 383.30 MB used, 134217728.00 MB total
[2016.01.31-20.21.35:664][  0]LogTextLocalizationManager: No translations for ('de-DE') exist, falling back to 'en' for localization and internationalization data.
[2016.01.31-20.21.36:350][  0]LogD3D11RHI: Found D3D11 adapter 0: NVIDIA GeForce GT 630M (Feature Level 11_0)
[2016.01.31-20.21.36:351][  0]LogD3D11RHI: Adapter has 973MB of dedicated video memory, 0MB of dedicated system memory, and 2000MB of shared system memory, 2 output[s]
[2016.01.31-20.21.36:377][  0]LogD3D11RHI: Found D3D11 adapter 1: NVIDIA GeForce GT 630M (Feature Level 11_0)
[2016.01.31-20.21.36:377][  0]LogD3D11RHI: Adapter has 973MB of dedicated video memory, 0MB of dedicated system memory, and 2000MB of shared system memory, 0 output[s]
[2016.01.31-20.21.36:384][  0]LogD3D11RHI: Found D3D11 adapter 2: Microsoft Basic Render Driver (Feature Level 11_0)
[2016.01.31-20.21.36:384][  0]LogD3D11RHI: Adapter has 973MB of dedicated video memory, 0MB of dedicated system memory, and 2000MB of shared system memory, 0 output[s]
[2016.01.31-20.21.36:384][  0]LogD3D11RHI: Chosen D3D11 Adapter Id = 0
[2016.01.31-20.21.36:394][  0]LogD3D11RHI: !Direct3DDevice
[2016.01.31-20.21.36:394][  0]LogRHI: Texture pool is 1361 MB (70% of 1945 MB)
[2016.01.31-20.21.36:417][  0]LogD3D11RHI: Async texture creation enabled
[2016.01.31-20.21.36:436][  0]LogShaderCompilers: Guid format shader working directory is -13 characters bigger than the processId version (../../../../../../Users/Myran/Documents/Unreal Projects/FPS/Intermediate/Shaders/WorkingDirectory/7200/).
[2016.01.31-20.21.36:436][  0]LogShaderCompilers: Cleaned the shader compiler working directory 'C:/Users/Myran/AppData/Local/Temp/UnrealShaderWorkingDir/98B177234CB38FD8FE5944915203FB22/'.
[2016.01.31-20.21.36:436][  0]LogShaderCompilers:Display: Using Local Shader Compiler.
[2016.01.31-20.21.38:252][  0]LogTemp:Display: Loaded TP AllDesktopTargetPlatform
[2016.01.31-20.21.38:259][  0]LogTemp:Display: Loaded TP WindowsClientTargetPlatform
[2016.01.31-20.21.38:267][  0]LogTemp:Display: Loaded TP WindowsNoEditorTargetPlatform
[2016.01.31-20.21.38:274][  0]LogTemp:Display: Loaded TP WindowsServerTargetPlatform
[2016.01.31-20.21.38:282][  0]LogTemp:Display: Loaded TP WindowsTargetPlatform
[2016.01.31-20.21.38:289][  0]LogTemp:Display: Loaded TP AndroidTargetPlatform
[2016.01.31-20.21.38:294][  0]LogTemp:Display: Loaded TP Android_ASTCTargetPlatform
[2016.01.31-20.21.38:299][  0]LogTemp:Display: Loaded TP Android_ATCTargetPlatform
[2016.01.31-20.21.38:304][  0]LogTemp:Display: Loaded TP Android_DXTTargetPlatform
[2016.01.31-20.21.38:309][  0]LogTemp:Display: Loaded TP Android_ETC1TargetPlatform
[2016.01.31-20.21.38:314][  0]LogTemp:Display: Loaded TP Android_ETC2TargetPlatform
[2016.01.31-20.21.38:323][  0]LogTemp:Display: Loaded TP Android_MultiTargetPlatform
[2016.01.31-20.21.38:323][  0]LogTemp:Display: Loaded TP Android_PVRTCTargetPlatform
[2016.01.31-20.21.38:325][  0]LogTemp:Display: Loaded TP HTML5TargetPlatform
[2016.01.31-20.21.38:346][  0]LogTemp:Display: Loaded TP IOSTargetPlatform
[2016.01.31-20.21.38:350][  0]LogTemp:Display: Loaded TP LinuxNoEditorTargetPlatform
[2016.01.31-20.21.38:355][  0]LogTemp:Display: Loaded TP LinuxServerTargetPlatform
[2016.01.31-20.21.38:370][  0]LogTemp:Display: Loaded TP LinuxTargetPlatform
[2016.01.31-20.21.38:370][  0]LogTargetPlatformManager:Display: Building Assets For Windows
[2016.01.31-20.21.38:572][  0]LogDerivedDataCache:Display: Max Cache Size: 512 MB
[2016.01.31-20.21.39:344][  0]LogDerivedDataCache: Loaded boot cache 0.77s 41MB C:/Users/Myran/AppData/Local/UnrealEngine/4.10/DerivedDataCache/Boot.ddc.
[2016.01.31-20.21.39:344][  0]LogDerivedDataCache:Display: Loaded Boot cache: C:/Users/Myran/AppData/Local/UnrealEngine/4.10/DerivedDataCache/Boot.ddc
[2016.01.31-20.21.39:344][  0]LogDerivedDataCache: FDerivedDataBackendGraph:  Pak pak cache file ../../../../../../Users/Myran/Documents/Unreal Projects/FPS/DerivedDataCache/DDC.ddp not found, will not use a pak cache.
[2016.01.31-20.21.39:344][  0]LogDerivedDataCache: Unable to find inner node Pak for hierarchical cache Hierarchy.
[2016.01.31-20.21.39:344][  0]LogDerivedDataCache: FDerivedDataBackendGraph:  CompressedPak pak cache file ../../../../../../Users/Myran/Documents/Unreal Projects/FPS/DerivedDataCache/Compressed.ddp not found, will not use a pak cache.
[2016.01.31-20.21.39:344][  0]LogDerivedDataCache: Unable to find inner node CompressedPak for hierarchical cache Hierarchy.
[2016.01.31-20.21.39:472][  0]LogDerivedDataCache:Display: Pak cache opened for reading ../../../Engine/DerivedDataCache/Compressed.ddp.
[2016.01.31-20.21.39:485][  0]LogDerivedDataCache: Using Local data cache path C:/Users/Myran/AppData/Local/UnrealEngine/Common/DerivedDataCache: Writable
[2016.01.31-20.21.41:556][  0]LogInit: Selected Device Profile: [Windows]
[2016.01.31-20.21.41:560][  0]LogContentStreaming: Texture pool size is 0.000000MB
[2016.01.31-20.21.41:798][  0]LogMeshUtilities: No automatic mesh reduction module available
[2016.01.31-20.21.41:798][  0]LogMeshUtilities: No automatic mesh merging module available
[2016.01.31-20.21.42:389][  0]LogInit: WinSock: version 1.1 (2.2), MaxSocks=32767, MaxUdp=65467
[2016.01.31-20.21.58:080][  0]UdpMessaging: Initializing bridge on interface 0.0.0.0:0 to multicast group 230.0.0.1:6666.
[2016.01.31-20.21.58:081][  0]FUdpSocketBuilder: Failed to create the socket UdpMessageMulticastSocket as configured
[2016.01.31-20.21.58:081][  0]UdpMessageTransport.StartTransport: Failed to create multicast socket on 0.0.0.0:0, joined to 230.0.0.1:6666 with TTL 1
[2016.01.31-20.21.58:506][  0]LogAssetRegistry: FAssetRegistry took 0.0116 seconds to start up
[2016.01.31-20.21.58:863][  0]SourceControl: Info Source control is disabled
[2016.01.31-20.21.58:958][  0]SourceControl: Info Source control is disabled
[2016.01.31-20.21.58:986][  0]SourceControl: Info Source control is disabled
[2016.01.31-20.21.59:007][  0]SourceControl: Info Source control is disabled
[2016.01.31-20.21.59:613][  0]LogObj: 28633 objects as part of root set at end of initial load.
[2016.01.31-20.21.59:613][  0]LogUObjectAllocator: 6099744 out of 0 bytes used by permanent object pool.
[2016.01.31-20.21.59:751][  0]LogEngine: Initializing Engine...
[2016.01.31-20.21.59:757][  0]LogHMD: Can't find Oculus library dev build: is proper Runtime installed? Version: 0.8.0.0
[2016.01.31-20.21.59:789][  0]LogHMD: SteamVR failed to initialize.  Err: 110
[2016.01.31-20.22.00:006][  0]LogAIModule: Creating AISystem for world NewWorld
[2016.01.31-20.22.00:018][  0]LogInit: XAudio2 using 'Speakers (Realtek High Definition Audio)' : 2 channels at 48 kHz using 32 bits per sample (channel mask 0x3)
[2016.01.31-20.22.00:042][  0]LogInit: FAudioDevice initialized.
[2016.01.31-20.22.00:082][  0]LogDerivedDataCache: Saved boot cache 0.04s 41MB C:/Users/Myran/AppData/Local/UnrealEngine/4.10/DerivedDataCache/Boot.ddc.
[2016.01.31-20.22.00:093][  0]LogInit: Texture streaming: Enabled
[2016.01.31-20.22.00:102][  0]LogAnalytics: Creating configured Analytics provider AnalyticsET
[2016.01.31-20.22.00:102][  0]LogAnalytics: [UEEditor.Rocket.Release] APIServer = http://et2.epicgames.com/ET2/. AppVersion = 4.10.2-2818068+++depot+UE4-Releases+4.10
[2016.01.31-20.22.00:103][  0]LogAnalytics: [UEEditor.Rocket.Release] SetUserId 12189b20408bbc0b2d4557975c2d7ef4|20c8adfa9f9640e5a57c17fd2f2868d5|ceb4ef6f-e501-4244-a277-49f194b9a0bc
[2016.01.31-20.22.00:103][  0]LogAnalytics: [UEEditor.Rocket.Release] AnalyticsET::StartSession
[2016.01.31-20.22.00:117][  0]LogInit: Transaction tracking system initialized
[2016.01.31-20.22.00:176][  0]BlueprintLog: New page: Editor Load
[2016.01.31-20.22.00:406][  0]LocalizationService: Info Localization service is disabled
[2016.01.31-20.22.00:542][  0]LogLinker:Warning: Can't find file '/Game/ThirdPersonBP/ThirdPersonOverview'
[2016.01.31-20.22.00:543][  0]LogLinker:Warning: Can't find file '/Game/ThirdPersonBP/ThirdPersonOverview'
[2016.01.31-20.22.00:543][  0]LogUObjectGlobals:Warning: Failed to find object 'Class /Game/ThirdPersonBP/ThirdPersonOverview.ThirdPersonOverview_C'
[2016.01.31-20.22.00:828][  0]LogConsoleResponse:Display: 
[2016.01.31-20.22.01:923][  0]LogCook:Display: Done creating registry. It took  0.00s.
[2016.01.31-20.22.02:237][  0]LogFileCache: Scanning file cache for directory 'C:/Users/Myran/Documents/Unreal Projects/FPS/Content/' took 0.02s
[2016.01.31-20.22.02:237][  0]SourceControl: Info Source control is disabled
[2016.01.31-20.22.02:237][  0]Cmd: MAP LOAD FILE="../../../../../../Users/Myran/Documents/Unreal Projects/FPS/Content/FirstPersonBP/Maps/FirstPersonExampleMap.umap" TEMPLATE=0 SHOWPROGRESS=1 FEATURELEVEL=3
[2016.01.31-20.22.02:258][  0]LightingResults: New page: Lighting Build
[2016.01.31-20.22.02:263][  0]MapCheck: New page: Map Check
[2016.01.31-20.22.02:263][  0]LightingResults: New page: Lighting Build
[2016.01.31-20.22.02:293][  0]LogParticles: Destroying 0 GPU particle simulations for FXSystem 0x00000270F775BB00
[2016.01.31-20.22.03:162][  0]LogAIModule: Creating AISystem for world FirstPersonExampleMap
[2016.01.31-20.22.03:195][  0]LogEditorServer: Finished looking for orphan Actors (0.000 secs)
[2016.01.31-20.22.03:196][  0]Cmd: MAP CHECKDEP NOCLEARLOG
[2016.01.31-20.22.03:321][  0]MapCheck: Info Map check complete: 0 Error(s), 0 Warning(s), took 124.66ms to complete.
[2016.01.31-20.22.03:321][  0]LogFileHelpers: Loading map 'FirstPersonExampleMap' took 1.083
[2016.01.31-20.22.03:468][  0]LogCollectionManager: Loaded 0 collections in 0.003589 seconds
[2016.01.31-20.22.03:516][  0]LogFileCache: Scanning file cache for directory 'C:/Users/Myran/Documents/Unreal Projects/FPS/Saved/Collections/' took 0.01s
[2016.01.31-20.22.03:516][  0]LogFileCache: Scanning file cache for directory 'C:/Users/Myran/Documents/Unreal Projects/FPS/Content/Developers/Myran/Collections/' took 0.01s
[2016.01.31-20.22.03:516][  0]LogFileCache: Scanning file cache for directory 'C:/Users/Myran/Documents/Unreal Projects/FPS/Content/Collections/' took 0.01s
[2016.01.31-20.22.03:516][  0]LogCollectionManager: Rebuilt the GUID cache for 0 collections in 0.000003 seconds
[2016.01.31-20.22.03:533][  0]LogContentBrowser: Native class hierarchy populated in 0.0166 seconds. Added 1893 classes and 338 folders.
[2016.01.31-20.22.03:562][  0]LogContentBrowser: Native class hierarchy updated for 'WidgetCarousel' in 0.0008 seconds. Added 0 classes and 0 folders.
[2016.01.31-20.22.03:647][  0]LogContentBrowser: Native class hierarchy updated for 'AddContentDialog' in 0.0005 seconds. Added 0 classes and 0 folders.
[2016.01.31-20.22.03:654][  0]LogContentBrowser: Native class hierarchy updated for 'SceneOutliner' in 0.0008 seconds. Added 1 classes and 2 folders.
[2016.01.31-20.22.03:679][  0]LogCrashTracker: Crashtracker disabled due to settings.
[2016.01.31-20.22.03:686][  0]LogUObjectGlobals:Warning: Failed to find object 'Class None.'
[2016.01.31-20.22.03:709][  0]LogLoad: Full Startup: 28.77 seconds (BP compile: 0.34 seconds)
[2016.01.31-20.22.03:733][  0]LogOcInput: Can't find Oculus library dev build: is proper Runtime installed? Version: 0.8.0.0
[2016.01.31-20.22.03:832][  0]LogContentStreaming: Texture pool size now 200 MB
[2016.01.31-20.22.04:058][  0]LogRenderer: Reallocating scene render targets to support 964x436 (Frame:2).
[2016.01.31-20.22.05:810][  6]LogAssetRegistry: Asset discovery search completed in 7.3151 seconds
[2016.01.31-20.22.05:810][  6]LogCollectionManager: Rebuilt the object cache for 0 collections in 0.000001 seconds (found 0 objects)
[2016.01.31-20.22.05:810][  6]LogCollectionManager: Fixed up redirectors for 0 collections in 0.000027 seconds (updated 0 objects)
[2016.01.31-20.22.07:234][ 22]LogAIModule: Creating AISystem for world Level1
[2016.01.31-20.22.07:320][ 22]Cmd: MAP LOAD FILE="../../../../../../Users/Myran/Documents/Unreal Projects/FPS/Content/FirstPersonBP/Maps/Level1.umap" TEMPLATE=0 SHOWPROGRESS=1 FEATURELEVEL=3
[2016.01.31-20.22.07:320][ 22]LightingResults: New page: Lighting Build
[2016.01.31-20.22.07:356][ 22]LoadErrors: New page: Loading map: Level1.umap
[2016.01.31-20.22.07:419][ 22]MapCheck: New page: Map Check
[2016.01.31-20.22.07:419][ 22]LightingResults: New page: Lighting Build
[2016.01.31-20.22.07:455][ 22]LogParticles: Destroying 0 GPU particle simulations for FXSystem 0x00000270E9A7DDA0
[2016.01.31-20.22.07:467][ 22]LogEditorServer: Finished looking for orphan Actors (0.000 secs)
[2016.01.31-20.22.07:497][ 22]Cmd: MAP CHECKDEP NOCLEARLOG
[2016.01.31-20.22.07:607][ 22]MapCheck: Info Map check complete: 0 Error(s), 0 Warning(s), took 109.335ms to complete.
[2016.01.31-20.22.07:607][ 22]LogFileHelpers: Loading map 'Level1' took 0.288
[2016.01.31-20.22.38:430][379]LogAIModule: Creating AISystem for world Level1_2
[2016.01.31-20.22.38:478][379]Cmd: MAP LOAD FILE="../../../../../../Users/Myran/Documents/Unreal Projects/FPS/Content/Level1_2.umap" TEMPLATE=0 SHOWPROGRESS=1 FEATURELEVEL=3
[2016.01.31-20.22.38:478][379]LightingResults: New page: Lighting Build
[2016.01.31-20.22.38:505][379]LoadErrors: New page: Loading map: Level1_2.umap
[2016.01.31-20.22.38:507][379]MapCheck: New page: Map Check
[2016.01.31-20.22.38:507][379]LightingResults: New page: Lighting Build
[2016.01.31-20.22.38:544][379]LogParticles: Destroying 0 GPU particle simulations for FXSystem 0x00000270EA54EE80
[2016.01.31-20.22.38:554][379]LogEditorServer: Finished looking for orphan Actors (0.000 secs)
[2016.01.31-20.22.38:663][379]Cmd: MAP CHECKDEP NOCLEARLOG
[2016.01.31-20.22.38:777][379]MapCheck: Info Map check complete: 0 Error(s), 0 Warning(s), took 113.688ms to complete.
[2016.01.31-20.22.38:777][379]LogFileHelpers: Loading map 'Level1_2' took 0.301
[2016.01.31-20.22.41:909][527]LogMaterial: Missing cached shader map for material Edges, compiling. 
[2016.01.31-20.22.42:127][527]LogAIModule: Creating AISystem for world Level1
[2016.01.31-20.22.42:199][527]Cmd: MAP LOAD FILE="../../../../../../Users/Myran/Documents/Unreal Projects/FPS/Content/Level1.umap" TEMPLATE=0 SHOWPROGRESS=1 FEATURELEVEL=3
[2016.01.31-20.22.42:199][527]LightingResults: New page: Lighting Build
[2016.01.31-20.22.42:231][527]LoadErrors: New page: Loading map: Level1.umap
[2016.01.31-20.22.42:232][527]MapCheck: New page: Map Check
[2016.01.31-20.22.42:232][527]LightingResults: New page: Lighting Build
[2016.01.31-20.22.42:285][527]LogParticles: Destroying 0 GPU particle simulations for FXSystem 0x0000027082964540
[2016.01.31-20.22.42:285][527]LogEditorServer: Finished looking for orphan Actors (0.000 secs)
[2016.01.31-20.22.42:317][527]Cmd: MAP CHECKDEP NOCLEARLOG
[2016.01.31-20.22.42:440][527]MapCheck: Info Map check complete: 0 Error(s), 0 Warning(s), took 123.288ms to complete.
[2016.01.31-20.22.42:442][527]LogFileHelpers: Loading map 'Level1' took 0.245
[2016.01.31-20.22.42:451][527]LoadErrors:Error: Error /Game/Level1 : Failed import for BoxComponent /Game/FirstPersonBP/Blueprints/Ghost.Ghost_C:BoxCollisionBox_GEN_VARIABLE
[2016.01.31-20.22.42:485][527]LoadErrors:Error: Error /Game/Level1 : Failed import for CapsuleComponent /Game/FirstPersonBP/Blueprints/Cherry.Cherry_C:CapsuleCollisionBox_GEN_VARIABLE
[2016.01.31-20.22.42:485][527]LoadErrors:Error: Error /Game/Level1 : Failed import for SphereComponent /Game/FirstPersonBP/Blueprints/Coin.Coin_C:SphereCollisionBox_GEN_VARIABLE
[2016.01.31-20.22.42:485][527]LoadErrors:Error: Error /Game/Level1 : Failed import for StaticMeshComponent /Game/FirstPersonBP/Blueprints/Cherry.Cherry_C:Apply Cherry Mesh here_GEN_VARIABLE
[2016.01.31-20.22.42:485][527]LoadErrors:Error: Error /Game/Level1 : Failed import for StaticMeshComponent /Game/FirstPersonBP/Blueprints/Coin.Coin_C:Apply Coin Mesh here_GEN_VARIABLE
[2016.01.31-20.22.42:485][527]LoadErrors:Error: Error /Game/Level1 : Failed import for StaticMeshComponent /Game/FirstPersonBP/Blueprints/Ghost.Ghost_C:Apply Ghost Mesh here_GEN_VARIABLE
[2016.01.31-20.22.47:081][761]LogPlayLevel: PlayLevel: No blueprints needed recompiling
[2016.01.31-20.22.47:082][761]PIE: New page: PIE session: Level1 (Jan 31, 2016, 10:22:47 PM)
[2016.01.31-20.22.47:082][761]LogPlayLevel: Creating play world package: /Game/UEDPIE_0_Level1
[2016.01.31-20.22.47:117][761]LogPlayLevel: PIE: StaticDuplicateObject took: (0.034864s)
[2016.01.31-20.22.47:118][761]LogAIModule: Creating AISystem for world Level1
[2016.01.31-20.22.47:119][761]LogPlayLevel: PIE: World Init took: (0.001497s)
[2016.01.31-20.22.47:119][761]LogPlayLevel: PIE: Created PIE world by copying editor world from /Game/Level1.Level1 to /Game/UEDPIE_0_Level1.Level1 (0.036767s)
[2016.01.31-20.22.47:184][761]LogInit: XAudio2 using 'Speakers (Realtek High Definition Audio)' : 2 channels at 48 kHz using 32 bits per sample (channel mask 0x3)
[2016.01.31-20.22.47:208][761]LogInit: FAudioDevice initialized.
[2016.01.31-20.22.47:303][761]LogWorld: Game class is 'FPSGM_C'
[2016.01.31-20.22.47:315][761]LogWorld: Bringing World /Game/UEDPIE_0_Level1.Level1 up for play (max tick rate 60) at 2016.01.31-21.22.47
[2016.01.31-20.22.47:315][761]LogActor:Warning: GameSession /Game/UEDPIE_0_Level1.Level1:PersistentLevel.GameSession_0 has natively added scene component(s), but none of them were set as the actor's RootComponent - picking one arbitrarily
[2016.01.31-20.22.47:316][761]LogActor:Warning: GameNetworkManager /Game/UEDPIE_0_Level1.Level1:PersistentLevel.GameNetworkManager_0 has natively added scene component(s), but none of them were set as the actor's RootComponent - picking one arbitrarily
[2016.01.31-20.22.47:375][761]LogWorld: Bringing up level for play took: 0.070165
[2016.01.31-20.22.47:383][761]PIE: Info Play in editor start time for /Game/UEDPIE_0_Level1 -0.639
[2016.01.31-20.23.00:413][507]LogParticles: Destroying 0 GPU particle simulations for FXSystem 0x00000270EA54F7E0
[2016.01.31-20.23.02:004][589]LogPlayLevel: PlayLevel: No blueprints needed recompiling
[2016.01.31-20.23.02:004][589]PIE: New page: PIE session: Level1 (Jan 31, 2016, 10:23:02 PM)
[2016.01.31-20.23.02:004][589]LogPlayLevel: Creating play world package: /Game/UEDPIE_0_Level1
[2016.01.31-20.23.02:032][589]LogPlayLevel: PIE: StaticDuplicateObject took: (0.027662s)
[2016.01.31-20.23.02:033][589]LogAIModule: Creating AISystem for world Level1
[2016.01.31-20.23.02:033][589]LogPlayLevel: PIE: World Init took: (0.001144s)
[2016.01.31-20.23.02:033][589]LogPlayLevel: PIE: Created PIE world by copying editor world from /Game/Level1.Level1 to /Game/UEDPIE_0_Level1.Level1 (0.029100s)
[2016.01.31-20.23.02:072][589]LogInit: XAudio2 using 'Speakers (Realtek High Definition Audio)' : 2 channels at 48 kHz using 32 bits per sample (channel mask 0x3)
[2016.01.31-20.23.02:086][589]LogInit: FAudioDevice initialized.
[2016.01.31-20.23.02:130][589]LogWorld: Game class is 'FPSGM_C'
[2016.01.31-20.23.02:137][589]LogWorld: Bringing World /Game/UEDPIE_0_Level1.Level1 up for play (max tick rate 60) at 2016.01.31-21.23.02
[2016.01.31-20.23.02:137][589]LogActor:Warning: GameSession /Game/UEDPIE_0_Level1.Level1:PersistentLevel.GameSession_1 has natively added scene component(s), but none of them were set as the actor's RootComponent - picking one arbitrarily
[2016.01.31-20.23.02:137][589]LogActor:Warning: GameNetworkManager /Game/UEDPIE_0_Level1.Level1:PersistentLevel.GameNetworkManager_1 has natively added scene component(s), but none of them were set as the actor's RootComponent - picking one arbitrarily
[2016.01.31-20.23.02:138][589]LogWorld: Bringing up level for play took: 0.007932
[2016.01.31-20.23.02:142][589]PIE: Info Play in editor start time for /Game/UEDPIE_0_Level1 0.121
[2016.01.31-20.23.18:902][589]LogParticles: Destroying 0 GPU particle simulations for FXSystem 0x00000270E7D2DD00
[2016.01.31-20.24.30:338][498]LogContentBrowser: Native class hierarchy updated for 'TextureEditor' in 0.0006 seconds. Added 1 classes and 2 folders.
[2016.01.31-20.24.38:518][789]LogStaticMesh: Building static mesh Whatever...
[2016.01.31-20.24.38:868][789]LogStaticMesh: Built static mesh [0.350777.2s] /Game/Whatever.Whatever
[2016.01.31-20.24.39:393][789]LogRenderer: Reallocating scene render targets to support 1184x792 (Frame:5175).
[2016.01.31-20.28.46:604][469]LogParticles: Destroying 0 GPU particle simulations for FXSystem 0x00000270EE21C900
[2016.01.31-20.28.46:608][469]Cmd: MAP LOAD FILE="../../../../../../Users/Myran/Documents/Unreal Projects/FPS/Content/Level1.umap" TEMPLATE=0 SHOWPROGRESS=1 FEATURELEVEL=3
[2016.01.31-20.28.46:609][469]LightingResults: New page: Lighting Build
[2016.01.31-20.28.46:638][469]LoadErrors: New page: Loading map: Level1.umap
[2016.01.31-20.28.46:640][469]MapCheck: New page: Map Check
[2016.01.31-20.28.46:640][469]LightingResults: New page: Lighting Build
[2016.01.31-20.28.46:712][469]LogParticles: Destroying 0 GPU particle simulations for FXSystem 0x0000027080A384A0
[2016.01.31-20.28.46:722][469]LogAIModule: Creating AISystem for world Level1
[2016.01.31-20.28.46:735][469]LogEditorServer: Finished looking for orphan Actors (0.000 secs)
[2016.01.31-20.28.46:765][469]Cmd: MAP CHECKDEP NOCLEARLOG
[2016.01.31-20.28.46:882][469]MapCheck: Info Map check complete: 0 Error(s), 0 Warning(s), took 116.461ms to complete.
[2016.01.31-20.28.46:883][469]LogFileHelpers: Loading map 'Level1' took 0.277
[2016.01.31-20.28.46:892][469]LoadErrors:Error: Error /Game/Level1 : Failed import for BoxComponent /Game/FirstPersonBP/Blueprints/Ghost.Ghost_C:BoxCollisionBox_GEN_VARIABLE
[2016.01.31-20.28.46:893][469]LoadErrors:Error: Error /Game/Level1 : Failed import for CapsuleComponent /Game/FirstPersonBP/Blueprints/Cherry.Cherry_C:CapsuleCollisionBox_GEN_VARIABLE
[2016.01.31-20.28.46:893][469]LoadErrors:Error: Error /Game/Level1 : Failed import for SphereComponent /Game/FirstPersonBP/Blueprints/Coin.Coin_C:SphereCollisionBox_GEN_VARIABLE
[2016.01.31-20.28.46:893][469]LoadErrors:Error: Error /Game/Level1 : Failed import for StaticMeshComponent /Game/FirstPersonBP/Blueprints/Cherry.Cherry_C:Apply Cherry Mesh here_GEN_VARIABLE
[2016.01.31-20.28.46:893][469]LoadErrors:Error: Error /Game/Level1 : Failed import for StaticMeshComponent /Game/FirstPersonBP/Blueprints/Coin.Coin_C:Apply Coin Mesh here_GEN_VARIABLE
[2016.01.31-20.28.46:893][469]LoadErrors:Error: Error /Game/Level1 : Failed import for StaticMeshComponent /Game/FirstPersonBP/Blueprints/Ghost.Ghost_C:Apply Ghost Mesh here_GEN_VARIABLE
[2016.01.31-20.28.49:380][564]LogAIModule: Creating AISystem for world Level1_2
[2016.01.31-20.28.49:429][564]Cmd: MAP LOAD FILE="../../../../../../Users/Myran/Documents/Unreal Projects/FPS/Content/Level1_2.umap" TEMPLATE=0 SHOWPROGRESS=1 FEATURELEVEL=3
[2016.01.31-20.28.49:429][564]LightingResults: New page: Lighting Build
[2016.01.31-20.28.49:462][564]LoadErrors: New page: Loading map: Level1_2.umap
[2016.01.31-20.28.49:464][564]MapCheck: New page: Map Check
[2016.01.31-20.28.49:464][564]LightingResults: New page: Lighting Build
[2016.01.31-20.28.49:504][564]LogParticles: Destroying 0 GPU particle simulations for FXSystem 0x00000270A0077C40
[2016.01.31-20.28.49:504][564]LogEditorServer: Finished looking for orphan Actors (0.000 secs)
[2016.01.31-20.28.49:532][564]Cmd: MAP CHECKDEP NOCLEARLOG
[2016.01.31-20.28.49:637][564]MapCheck: Info Map check complete: 0 Error(s), 0 Warning(s), took 104.153ms to complete.
[2016.01.31-20.28.49:638][564]LogFileHelpers: Loading map 'Level1_2' took 0.211
[2016.01.31-20.28.51:134][614]LogAIModule: Creating AISystem for world Level1
[2016.01.31-20.28.51:185][614]Cmd: MAP LOAD FILE="../../../../../../Users/Myran/Documents/Unreal Projects/FPS/Content/Level1.umap" TEMPLATE=0 SHOWPROGRESS=1 FEATURELEVEL=3
[2016.01.31-20.28.51:185][614]LightingResults: New page: Lighting Build
[2016.01.31-20.28.51:214][614]LoadErrors: New page: Loading map: Level1.umap
[2016.01.31-20.28.51:215][614]MapCheck: New page: Map Check
[2016.01.31-20.28.51:215][614]LightingResults: New page: Lighting Build
[2016.01.31-20.28.51:261][614]LogParticles: Destroying 0 GPU particle simulations for FXSystem 0x00000270E759A020
[2016.01.31-20.28.51:261][614]LogEditorServer: Finished looking for orphan Actors (0.000 secs)
[2016.01.31-20.28.51:293][614]Cmd: MAP CHECKDEP NOCLEARLOG
[2016.01.31-20.28.51:399][614]MapCheck: Info Map check complete: 0 Error(s), 0 Warning(s), took 104.744ms to complete.
[2016.01.31-20.28.51:401][614]LogFileHelpers: Loading map 'Level1' took 0.218
[2016.01.31-20.28.51:416][614]LoadErrors:Error: Error /Game/Level1 : Failed import for BoxComponent /Game/FirstPersonBP/Blueprints/Ghost.Ghost_C:BoxCollisionBox_GEN_VARIABLE
[2016.01.31-20.28.51:416][614]LoadErrors:Error: Error /Game/Level1 : Failed import for CapsuleComponent /Game/FirstPersonBP/Blueprints/Cherry.Cherry_C:CapsuleCollisionBox_GEN_VARIABLE
[2016.01.31-20.28.51:416][614]LoadErrors:Error: Error /Game/Level1 : Failed import for SphereComponent /Game/FirstPersonBP/Blueprints/Coin.Coin_C:SphereCollisionBox_GEN_VARIABLE
[2016.01.31-20.28.51:416][614]LoadErrors:Error: Error /Game/Level1 : Failed import for StaticMeshComponent /Game/FirstPersonBP/Blueprints/Cherry.Cherry_C:Apply Cherry Mesh here_GEN_VARIABLE
[2016.01.31-20.28.51:416][614]LoadErrors:Error: Error /Game/Level1 : Failed import for StaticMeshComponent /Game/FirstPersonBP/Blueprints/Coin.Coin_C:Apply Coin Mesh here_GEN_VARIABLE
[2016.01.31-20.28.51:416][614]LoadErrors:Error: Error /Game/Level1 : Failed import for StaticMeshComponent /Game/FirstPersonBP/Blueprints/Ghost.Ghost_C:Apply Ghost Mesh here_GEN_VARIABLE
[2016.01.31-20.28.59:362][ 24]Cmd: OBJ SAVEPACKAGE PACKAGE="/Game/Level1" FILE="../../../../../../Users/Myran/Documents/Unreal Projects/FPS/Content/Level1.umap" SILENT=true AUTOSAVING=false KEEPDIRTY=false
[2016.01.31-20.28.59:562][ 24]LogSavePackage: Save=127.870590ms
[2016.01.31-20.28.59:562][ 24]LogSavePackage: Moving '../../../../../../Users/Myran/Documents/Unreal Projects/FPS/Saved/Level1AE5EF7374750927A63F2849952A62CB4.tmp' to '../../../../../../Users/Myran/Documents/Unreal Projects/FPS/Content/Level1.umap'
[2016.01.31-20.28.59:581][ 24]LogSavePackage: Total save time: 183.815263ms
[2016.01.31-20.28.59:581][ 24]LogSavePackage:Display: Finished SavePackage ../../../../../../Users/Myran/Documents/Unreal Projects/FPS/Content/Level1.umap
[2016.01.31-20.29.17:246][260]Cmd: QUIT_EDITOR
[2016.01.31-20.29.17:621][260]LogWindowsTextInputMethodSystem:Display: IME system now deactivated.
[2016.01.31-20.29.17:752][260]LogExit: Preparing to exit.
[2016.01.31-20.29.18:334][260]LogExit: Editor shut down
[2016.01.31-20.29.18:334][260]LogExit: Transaction tracking system shut down
[2016.01.31-20.29.18:336][260]LogParticles: Destroying 0 GPU particle simulations for FXSystem 0x00000270A0075620
[2016.01.31-20.29.18:336][260]LogParticles: Destroying 0 GPU particle simulations for FXSystem 0x00000270EA83EE80
[2016.01.31-20.29.18:336][260]LogParticles: Destroying 0 GPU particle simulations for FXSystem 0x0000027080A3B880
[2016.01.31-20.29.18:337][260]LogParticles: Destroying 0 GPU particle simulations for FXSystem 0x0000027082964720
[2016.01.31-20.29.18:338][260]LogParticles: Destroying 0 GPU particle simulations for FXSystem 0x0000027080A3A200
[2016.01.31-20.29.18:543][260]LogExit: Object subsystem successfully closed.
[2016.01.31-20.29.18:559][260]LogD3D11RHI: Shutdown
[2016.01.31-20.29.18:560][260]LogD3D11RHI: CleanupD3DDevice
[2016.01.31-20.29.18:640][260]LogD3D11RHI: ~FD3D11DynamicRHI
[2016.01.31-20.29.18:684][260]LogModuleManager: Shutting down and abandoning module CookingStats (201)
[2016.01.31-20.29.18:684][260]LogModuleManager: Shutting down and abandoning module StaticMeshEditor (200)
[2016.01.31-20.29.18:684][260]LogModuleManager: Shutting down and abandoning module TextureEditor (199)
[2016.01.31-20.29.18:684][260]LogModuleManager: Shutting down and abandoning module CrashTracker (198)
[2016.01.31-20.29.18:684][260]LogModuleManager: Shutting down and abandoning module SceneOutliner (197)
[2016.01.31-20.29.18:684][260]LogModuleManager: Shutting down and abandoning module SuperSearch (196)
[2016.01.31-20.29.18:684][260]LogModuleManager: Shutting down and abandoning module WidgetCarousel (195)
[2016.01.31-20.29.18:684][260]LogModuleManager: Shutting down and abandoning module AddContentDialog (194)
[2016.01.31-20.29.18:686][260]LogModuleManager: Shutting down and abandoning module EditorWidgets (193)
[2016.01.31-20.29.18:686][260]LogModuleManager: Shutting down and abandoning module CollectionManager (192)
[2016.01.31-20.29.18:686][260]LogModuleManager: Shutting down and abandoning module StatsViewer (191)
[2016.01.31-20.29.18:686][260]LogModuleManager: Shutting down and abandoning module FoliageEdit (190)
[2016.01.31-20.29.18:686][260]LogModuleManager: Shutting down and abandoning module LandscapeEditor (189)
[2016.01.31-20.29.18:687][260]LogModuleManager: Shutting down and abandoning module ActorPickerMode (188)
[2016.01.31-20.29.18:687][260]LogModuleManager: Shutting down and abandoning module GeometryMode (187)
[2016.01.31-20.29.18:687][260]LogModuleManager: Shutting down and abandoning module TextureAlignMode (186)
[2016.01.31-20.29.18:687][260]LogModuleManager: Shutting down and abandoning module BspMode (185)
[2016.01.31-20.29.18:687][260]LogModuleManager: Shutting down and abandoning module PlacementMode (184)
[2016.01.31-20.29.18:687][260]LogModuleManager: Shutting down and abandoning module AutomationWorker (183)
[2016.01.31-20.29.18:687][260]LogModuleManager: Shutting down and abandoning module CharacterAI (182)
[2016.01.31-20.29.18:687][260]LogModuleManager: Shutting down and abandoning module SmartSnapping (181)
[2016.01.31-20.29.18:687][260]LogModuleManager: Shutting down and abandoning module ViewportSnapping (180)
[2016.01.31-20.29.18:687][260]LogModuleManager: Shutting down and abandoning module LogVisualizer (179)
[2016.01.31-20.29.18:687][260]LogModuleManager: Shutting down and abandoning module GameProjectGeneration (178)
[2016.01.31-20.29.18:687][260]LogModuleManager: Shutting down and abandoning module IntroTutorials (177)
[2016.01.31-20.29.18:688][260]LogModuleManager: Shutting down and abandoning module EditorLiveStreaming (176)
[2016.01.31-20.29.18:688][260]LogModuleManager: Shutting down and abandoning module IOSPlatformEditor (175)
[2016.01.31-20.29.18:688][260]LogModuleManager: Shutting down and abandoning module HTML5PlatformEditor (174)
[2016.01.31-20.29.18:688][260]LogModuleManager: Shutting down and abandoning module AndroidDeviceDetection (173)
[2016.01.31-20.29.19:620][260]LogModuleManager: Shutting down and abandoning module AndroidPlatformEditor (172)
[2016.01.31-20.29.19:620][260]LogModuleManager: Shutting down and abandoning module IOSRuntimeSettings (171)
[2016.01.31-20.29.19:620][260]LogModuleManager: Shutting down and abandoning module AndroidRuntimeSettings (170)
[2016.01.31-20.29.19:620][260]LogModuleManager: Shutting down and abandoning module MergeActors (169)
[2016.01.31-20.29.19:620][260]LogModuleManager: Shutting down and abandoning module SizeMap (168)
[2016.01.31-20.29.19:620][260]LogModuleManager: Shutting down and abandoning module TreeMap (167)
[2016.01.31-20.29.19:621][260]LogModuleManager: Shutting down and abandoning module ReferenceViewer (166)
[2016.01.31-20.29.19:621][260]LogModuleManager: Shutting down and abandoning module LocalizationService (165)
[2016.01.31-20.29.19:621][260]LogModuleManager: Shutting down and abandoning module LocalizationDashboard (164)
[2016.01.31-20.29.19:621][260]LogModuleManager: Shutting down and abandoning module HardwareTargeting (163)
[2016.01.31-20.29.19:621][260]LogModuleManager: Shutting down and abandoning module DeviceProfileEditor (162)
[2016.01.31-20.29.19:621][260]LogModuleManager: Shutting down and abandoning module UndoHistory (161)
[2016.01.31-20.29.19:621][260]LogModuleManager: Shutting down and abandoning module GameplayTagsEditor (160)
[2016.01.31-20.29.19:621][260]LogModuleManager: Shutting down and abandoning module UserFeedback (159)
[2016.01.31-20.29.19:621][260]LogModuleManager: Shutting down and abandoning module XmlParser (158)
[2016.01.31-20.29.19:621][260]LogModuleManager: Shutting down and abandoning module Blutility (157)
[2016.01.31-20.29.19:621][260]LogModuleManager: Shutting down and abandoning module ProjectTargetPlatformEditor (156)
[2016.01.31-20.29.19:621][260]LogModuleManager: Shutting down and abandoning module ProjectSettingsViewer (155)
[2016.01.31-20.29.19:622][260]LogModuleManager: Shutting down and abandoning module InputBindingEditor (154)
[2016.01.31-20.29.19:622][260]LogModuleManager: Shutting down and abandoning module EditorSettingsViewer (153)
[2016.01.31-20.29.19:622][260]LogModuleManager: Shutting down and abandoning module SettingsEditor (152)
[2016.01.31-20.29.19:622][260]LogModuleManager: Shutting down and abandoning module ProjectLauncher (151)
[2016.01.31-20.29.19:622][260]LogModuleManager: Shutting down and abandoning module SessionFrontend (150)
[2016.01.31-20.29.19:622][260]LogModuleManager: Shutting down and abandoning module ProfilerClient (149)
[2016.01.31-20.29.19:622][260]LogModuleManager: Shutting down and abandoning module TargetDeviceServices (148)
[2016.01.31-20.29.19:622][260]LogModuleManager: Shutting down and abandoning module DeviceManager (147)
[2016.01.31-20.29.19:623][260]LogModuleManager: Shutting down and abandoning module AutomationController (146)
[2016.01.31-20.29.19:623][260]LogModuleManager: Shutting down and abandoning module AutomationWindow (145)
[2016.01.31-20.29.19:623][260]LogModuleManager: Shutting down and abandoning module Layers (144)
[2016.01.31-20.29.19:623][260]LogModuleManager: Shutting down and abandoning module ComponentVisualizers (143)
[2016.01.31-20.29.19:623][260]LogModuleManager: Shutting down and abandoning module DetailCustomizations (142)
[2016.01.31-20.29.19:623][260]LogModuleManager: Shutting down and abandoning module PackagesDialog (141)
[2016.01.31-20.29.19:623][260]LogModuleManager: Shutting down and abandoning module Persona (140)
[2016.01.31-20.29.19:624][260]LogModuleManager: Shutting down and abandoning module Kismet (139)
[2016.01.31-20.29.19:624][260]LogModuleManager: Shutting down and abandoning module GraphEditor (138)
[2016.01.31-20.29.19:624][260]LogModuleManager: Shutting down and abandoning module ClassViewer (137)
[2016.01.31-20.29.19:624][260]LogModuleManager: Shutting down and abandoning module Toolbox (136)
[2016.01.31-20.29.19:624][260]LogModuleManager: Shutting down and abandoning module ModuleUI (135)
[2016.01.31-20.29.19:624][260]LogModuleManager: Shutting down and abandoning module MovieSceneTools (134)
[2016.01.31-20.29.19:624][260]LogModuleManager: Shutting down and abandoning module OutputLog (133)
[2016.01.31-20.29.19:624][260]LogModuleManager: Shutting down and abandoning module GammaUI (132)
[2016.01.31-20.29.19:624][260]LogModuleManager: Shutting down and abandoning module Documentation (131)
[2016.01.31-20.29.19:625][260]LogModuleManager: Shutting down and abandoning module GameLiveStreaming (130)
[2016.01.31-20.29.19:625][260]LogModuleManager: Shutting down and abandoning module StreamingPauseRendering (129)
[2016.01.31-20.29.19:625][260]LogModuleManager: Shutting down and abandoning module AnalyticsET (128)
[2016.01.31-20.29.19:625][260]LogModuleManager: Shutting down and abandoning module Analytics (127)
[2016.01.31-20.29.19:625][260]LogModuleManager: Shutting down and abandoning module AITestSuite (126)
[2016.01.31-20.29.19:625][260]LogModuleManager: Shutting down and abandoning module GameplayDebugger (125)
[2016.01.31-20.29.19:625][260]LogModuleManager: Shutting down and abandoning module AIModule (124)
[2016.01.31-20.29.19:625][260]LogModuleManager: Shutting down and abandoning module ProfilerService (123)
[2016.01.31-20.29.19:631][260]LogModuleManager: Shutting down and abandoning module TaskGraph (122)
[2016.01.31-20.29.19:631][260]LogModuleManager: Shutting down and abandoning module SlateRemote (121)
[2016.01.31-20.29.19:631][260]LogModuleManager: Shutting down and abandoning module SteamVRController (120)
[2016.01.31-20.29.19:631][260]LogModuleManager: Shutting down and abandoning module SteamVR (119)
[2016.01.31-20.29.19:631][260]LogModuleManager: Shutting down and abandoning module ProceduralMeshComponent (118)
[2016.01.31-20.29.19:631][260]LogModuleManager: Shutting down and abandoning module OculusLibrary (117)
[2016.01.31-20.29.19:631][260]LogModuleManager: Shutting down and abandoning module OculusInput (116)
[2016.01.31-20.29.19:631][260]LogModuleManager: Shutting down and abandoning module LeapMotionController (115)
[2016.01.31-20.29.19:689][260]LogModuleManager: Shutting down and abandoning module CustomMeshComponent (114)
[2016.01.31-20.29.19:689][260]LogModuleManager: Shutting down and abandoning module CableComponent (113)
[2016.01.31-20.29.19:689][260]LogModuleManager: Shutting down and abandoning module ArchVisCharacter (112)
[2016.01.31-20.29.19:689][260]LogModuleManager: Shutting down and abandoning module MessagingDebugger (111)
[2016.01.31-20.29.19:689][260]LogModuleManager: Shutting down and abandoning module MediaPlayerEditor (110)
[2016.01.31-20.29.19:689][260]LogModuleManager: Shutting down and abandoning module HTML5Networking (109)
[2016.01.31-20.29.19:689][260]LogModuleManager: Shutting down and abandoning module SpeedTreeImporter (108)
[2016.01.31-20.29.19:689][260]LogModuleManager: Shutting down and abandoning module PluginBrowser (107)
[2016.01.31-20.29.19:689][260]LogModuleManager: Shutting down and abandoning module EpicSurvey (106)
[2016.01.31-20.29.19:690][260]LogModuleManager: Shutting down and abandoning module DesktopPlatform (105)
[2016.01.31-20.29.19:690][260]LogModuleManager: Shutting down and abandoning module VisualStudioSourceCodeAccess (104)
[2016.01.31-20.29.19:690][260]LogModuleManager: Shutting down and abandoning module UObjectPlugin (103)
[2016.01.31-20.29.19:690][260]LogModuleManager: Shutting down and abandoning module SubversionSourceControl (102)
[2016.01.31-20.29.19:690][260]LogModuleManager: Shutting down and abandoning module PerforceSourceControl (101)
[2016.01.31-20.29.19:690][260]LogModuleManager: Shutting down and abandoning module SourceControl (100)
[2016.01.31-20.29.19:690][260]LogModuleManager: Shutting down and abandoning module GitSourceControl (99)
[2016.01.31-20.29.19:690][260]LogModuleManager: Shutting down and abandoning module LightPropagationVolumeEditor (98)
[2016.01.31-20.29.19:690][260]LogModuleManager: Shutting down and abandoning module PaperTiledImporter (97)
[2016.01.31-20.29.19:690][260]LogModuleManager: Shutting down and abandoning module PaperSpriteSheetImporter (96)
[2016.01.31-20.29.19:690][260]LogModuleManager: Shutting down and abandoning module MeshPaint (95)
[2016.01.31-20.29.19:690][260]LogModuleManager: Shutting down and abandoning module SlateReflector (94)
[2016.01.31-20.29.19:690][260]LogModuleManager: Shutting down and abandoning module HotReload (93)
[2016.01.31-20.29.19:690][260]LogModuleManager: Shutting down and abandoning module MainFrame (92)
[2016.01.31-20.29.19:690][260]LogModuleManager: Shutting down and abandoning module LevelEditor (91)
[2016.01.31-20.29.19:692][260]LogModuleManager: Shutting down and abandoning module DirectoryWatcher (90)
[2016.01.31-20.29.19:694][260]LogModuleManager: Shutting down and abandoning module AssetRegistry (89)
[2016.01.31-20.29.19:823][260]LogModuleManager: Shutting down and abandoning module ContentBrowser (88)
[2016.01.31-20.29.19:824][260]LogModuleManager: Shutting down and abandoning module Paper2DEditor (87)
[2016.01.31-20.29.19:824][260]LogModuleManager: Shutting down and abandoning module UdpMessaging (86)
[2016.01.31-20.29.19:924][260]LogModuleManager: Shutting down and abandoning module LightPropagationVolumeRuntime (85)
[2016.01.31-20.29.19:924][260]LogModuleManager: Shutting down and abandoning module Paper2D (84)
[2016.01.31-20.29.19:924][260]LogModuleManager: Shutting down and abandoning module WindowsMoviePlayer (83)
[2016.01.31-20.29.19:928][260]LogModuleManager: Shutting down and abandoning module Media (82)
[2016.01.31-20.29.19:928][260]LogModuleManager: Shutting down and abandoning module WmfMedia (81)
[2016.01.31-20.29.19:928][260]LogModuleManager: Shutting down and abandoning module OnlineBlueprintSupport (80)
[2016.01.31-20.29.19:928][260]LogModuleManager: Shutting down and abandoning module GameplayTasksEditor (79)
[2016.01.31-20.29.19:928][260]LogModuleManager: Shutting down and abandoning module PropertyEditor (78)
[2016.01.31-20.29.19:928][260]LogModuleManager: Shutting down and abandoning module BehaviorTreeEditor (77)
[2016.01.31-20.29.19:928][260]LogModuleManager: Shutting down and abandoning module FunctionalTesting (76)
[2016.01.31-20.29.19:928][260]LogModuleManager: Shutting down and abandoning module CollisionAnalyzer (75)
[2016.01.31-20.29.19:928][260]LogModuleManager: Shutting down and abandoning module WorkspaceMenuStructure (74)
[2016.01.31-20.29.19:929][260]LogModuleManager: Shutting down and abandoning module MessageLog (73)
[2016.01.31-20.29.19:929][260]LogModuleManager: Shutting down and abandoning module Sequencer (72)
[2016.01.31-20.29.19:929][260]LogModuleManager: Shutting down and abandoning module AssetTools (71)
[2016.01.31-20.29.19:929][260]LogModuleManager: Shutting down and abandoning module UMGEditor (70)
[2016.01.31-20.29.19:929][260]LogModuleManager: Shutting down and abandoning module UMG (69)
[2016.01.31-20.29.19:929][260]LogModuleManager: Shutting down and abandoning module Slate (68)
[2016.01.31-20.29.19:929][260]LogModuleManager: Shutting down and abandoning module EditorStyle (67)
[2016.01.31-20.29.19:934][260]LogModuleManager: Shutting down and abandoning module SessionServices (66)
[2016.01.31-20.29.19:934][260]LogModuleManager: Shutting down and abandoning module SourceCodeAccess (65)
[2016.01.31-20.29.19:934][260]LogModuleManager: Shutting down and abandoning module HeadMountedDisplay (64)
[2016.01.31-20.29.19:934][260]LogModuleManager: Shutting down and abandoning module XAudio2 (63)
[2016.01.31-20.29.19:934][260]LogModuleManager: Shutting down and abandoning module Networking (61)
[2016.01.31-20.29.19:934][260]LogModuleManager: Shutting down and abandoning module Core (60)
[2016.01.31-20.29.19:934][260]LogModuleManager: Shutting down and abandoning module KismetCompiler (59)
[2016.01.31-20.29.19:934][260]LogModuleManager: Shutting down and abandoning module PhysXFormats (58)
[2016.01.31-20.29.19:934][260]LogModuleManager: Shutting down and abandoning module MeshUtilities (57)
[2016.01.31-20.29.19:934][260]LogModuleManager: Shutting down and abandoning module DerivedDataCache (56)
[2016.01.31-20.29.19:976][260]LogDerivedDataCache: Shutdown
[2016.01.31-20.29.19:976][260]LogModuleManager: Shutting down and abandoning module ShaderFormatOpenGL (55)
[2016.01.31-20.29.19:976][260]LogModuleManager: Shutting down and abandoning module ShaderFormatD3D (54)
[2016.01.31-20.29.19:976][260]LogModuleManager: Shutting down and abandoning module MetalShaderFormat (53)
[2016.01.31-20.29.19:977][260]LogModuleManager: Shutting down and abandoning module TextureFormatUncompressed (52)
[2016.01.31-20.29.19:977][260]LogModuleManager: Shutting down and abandoning module TextureFormatPVR (51)
[2016.01.31-20.29.19:977][260]LogModuleManager: Shutting down and abandoning module TextureFormatIntelISPCTexComp (50)
[2016.01.31-20.29.19:977][260]LogModuleManager: Shutting down and abandoning module TextureFormatDXT (49)
[2016.01.31-20.29.19:977][260]LogModuleManager: Shutting down and abandoning module ImageWrapper (48)
[2016.01.31-20.29.19:977][260]LogModuleManager: Shutting down and abandoning module TextureFormatASTC (47)
[2016.01.31-20.29.19:977][260]LogModuleManager: Shutting down and abandoning module TextureFormatAndroid (46)
[2016.01.31-20.29.19:977][260]LogModuleManager: Shutting down and abandoning module AudioFormatOpus (45)
[2016.01.31-20.29.19:977][260]LogModuleManager: Shutting down and abandoning module AudioFormatOgg (44)
[2016.01.31-20.29.19:977][260]LogModuleManager: Shutting down and abandoning module AudioFormatADPCM (43)
[2016.01.31-20.29.19:977][260]LogModuleManager: Shutting down and abandoning module LinuxTargetPlatform (42)
[2016.01.31-20.29.19:977][260]LogModuleManager: Shutting down and abandoning module LinuxServerTargetPlatform (41)
[2016.01.31-20.29.19:977][260]LogModuleManager: Shutting down and abandoning module LinuxNoEditorTargetPlatform (40)
[2016.01.31-20.29.19:977][260]LogModuleManager: Shutting down and abandoning module Messaging (39)
[2016.01.31-20.29.19:977][260]LogModuleManager: Shutting down and abandoning module IOSTargetPlatform (38)
[2016.01.31-20.29.19:977][260]LogModuleManager: Shutting down and abandoning module HTML5TargetPlatform (37)
[2016.01.31-20.29.19:977][260]LogModuleManager: Shutting down and abandoning module Android_PVRTCTargetPlatform (36)
[2016.01.31-20.29.19:977][260]LogModuleManager: Shutting down and abandoning module Android_MultiTargetPlatform (35)
[2016.01.31-20.29.19:977][260]LogModuleManager: Shutting down and abandoning module Android_ETC2TargetPlatform (34)
[2016.01.31-20.29.19:977][260]LogModuleManager: Shutting down and abandoning module Android_ETC1TargetPlatform (33)
[2016.01.31-20.29.19:977][260]LogModuleManager: Shutting down and abandoning module Android_DXTTargetPlatform (32)
[2016.01.31-20.29.19:977][260]LogModuleManager: Shutting down and abandoning module Android_ATCTargetPlatform (31)
[2016.01.31-20.29.19:977][260]LogModuleManager: Shutting down and abandoning module Android_ASTCTargetPlatform (30)
[2016.01.31-20.29.19:977][260]LogModuleManager: Shutting down and abandoning module AndroidTargetPlatform (29)
[2016.01.31-20.29.19:977][260]LogModuleManager: Shutting down and abandoning module WindowsTargetPlatform (28)
[2016.01.31-20.29.19:977][260]LogModuleManager: Shutting down and abandoning module WindowsServerTargetPlatform (27)
[2016.01.31-20.29.19:977][260]LogModuleManager: Shutting down and abandoning module WindowsNoEditorTargetPlatform (26)
[2016.01.31-20.29.19:977][260]LogModuleManager: Shutting down and abandoning module WindowsClientTargetPlatform (25)
[2016.01.31-20.29.19:977][260]LogModuleManager: Shutting down and abandoning module AllDesktopTargetPlatform (24)
[2016.01.31-20.29.19:977][260]LogModuleManager: Shutting down and abandoning module TargetPlatform (23)
[2016.01.31-20.29.19:977][260]LogModuleManager: Shutting down and abandoning module InputCore (22)
[2016.01.31-20.29.19:977][260]LogModuleManager: Shutting down and abandoning module Settings (21)
[2016.01.31-20.29.19:977][260]LogModuleManager: Shutting down and abandoning module OnlineSubsystem (19)
[2016.01.31-20.29.19:977][260]LogModuleManager: Shutting down and abandoning module HTTP (18)
[2016.01.31-20.29.21:981][260]LogModuleManager: Shutting down and abandoning module XMPP (17)
[2016.01.31-20.29.21:981][260]LogModuleManager: Shutting down and abandoning module OculusRift (16)
[2016.01.31-20.29.21:981][260]LogModuleManager: Shutting down and abandoning module ExampleDeviceProfileSelector (15)
[2016.01.31-20.29.21:981][260]LogModuleManager: Shutting down and abandoning module TextureCompressor (14)
[2016.01.31-20.29.21:981][260]LogModuleManager: Shutting down and abandoning module ShaderCore (13)
[2016.01.31-20.29.21:981][260]LogModuleManager: Shutting down and abandoning module Landscape (12)
[2016.01.31-20.29.21:981][260]LogModuleManager: Shutting down and abandoning module SlateRHIRenderer (11)
[2016.01.31-20.29.21:983][260]LogModuleManager: Shutting down and abandoning module OpenGLDrv (10)
[2016.01.31-20.29.21:984][260]LogModuleManager: Shutting down and abandoning module D3D11RHI (9)
[2016.01.31-20.29.21:984][260]LogModuleManager: Shutting down and abandoning module AnimGraphRuntime (8)
[2016.01.31-20.29.21:984][260]LogModuleManager: Shutting down and abandoning module Renderer (7)
[2016.01.31-20.29.21:984][260]LogModuleManager: Shutting down and abandoning module Engine (6)
[2016.01.31-20.29.21:984][260]LogModuleManager: Shutting down and abandoning module CoreUObject (5)
[2016.01.31-20.29.21:984][260]LogModuleManager: Shutting down and abandoning module NetworkFile (4)
[2016.01.31-20.29.21:984][260]LogModuleManager: Shutting down and abandoning module StreamingFile (3)
[2016.01.31-20.29.21:984][260]LogModuleManager: Shutting down and abandoning module SandboxFile (2)
[2016.01.31-20.29.21:984][260]LogModuleManager: Shutting down and abandoning module PakFile (1)
[2016.01.31-20.29.21:986][260]LogExit: Exiting.
[2016.01.31-20.29.22:010][260]Log file closed, 01/31/16 21:29:22
