[2016.01.31-10.09.30:321][  0]Log file open, 01/31/16 11:09:30
[2016.01.31-10.09.30:321][  0]LogInit:Display: Running engine for game: FPS
[2016.01.31-10.09.30:321][  0]LogPlatformFile: Not using cached read wrapper
[2016.01.31-10.09.30:321][  0]LogInit:Display: RandInit(-1471616499) SRandInit(-1471616496).
[2016.01.31-10.09.30:321][  0]LogTaskGraph: Started task graph with 4 named threads and 5 total threads.
[2016.01.31-10.09.30:321][  0]LogStats: Stats thread started at 0.096974
[2016.01.31-10.09.30:321][  0]LogInit: Version: 4.10.2-2818068+++depot+UE4-Releases+4.10
[2016.01.31-10.09.30:321][  0]LogInit: API Version: 2758231
[2016.01.31-10.09.30:321][  0]LogInit: Compiled (64-bit): Jan  6 2016 17:36:42
[2016.01.31-10.09.30:321][  0]LogInit: Compiled with Visual C++: 19.00.23026.00
[2016.01.31-10.09.30:321][  0]LogInit: Build Configuration: Development
[2016.01.31-10.09.30:321][  0]LogInit: Branch Name: ++depot+UE4-Releases+4.10
[2016.01.31-10.09.30:321][  0]LogInit: Command line:  
[2016.01.31-10.09.30:321][  0]LogInit: Base directory: C:/Program Files (x86)/Epic Games/4.10/Engine/Binaries/Win64/
[2016.01.31-10.09.30:321][  0]LogInit: Rocket: 1
[2016.01.31-10.09.30:335][  0]LogInit: Using libcurl 7.41.0
[2016.01.31-10.09.30:335][  0]LogInit:  - built for x86_64-pc-win32
[2016.01.31-10.09.30:335][  0]LogInit:  - supports SSL with WinSSL
[2016.01.31-10.09.30:335][  0]LogInit:  - other features:
[2016.01.31-10.09.30:335][  0]LogInit:      CURL_VERSION_SSL
[2016.01.31-10.09.30:335][  0]LogInit:      CURL_VERSION_IPV6
[2016.01.31-10.09.30:335][  0]LogInit:      CURL_VERSION_ASYNCHDNS
[2016.01.31-10.09.30:335][  0]LogInit:      CURL_VERSION_LARGEFILE
[2016.01.31-10.09.30:335][  0]LogInit:      CURL_VERSION_IDN
[2016.01.31-10.09.30:335][  0]LogInit:  CurlRequestOptions (configurable via config and command line):
[2016.01.31-10.09.30:335][  0]LogInit:  - bVerifyPeer = true  - Libcurl will verify peer certificate
[2016.01.31-10.09.30:335][  0]LogInit:  - bUseHttpProxy = false  - Libcurl will NOT use HTTP proxy
[2016.01.31-10.09.30:335][  0]LogInit:  - bDontReuseConnections = false  - Libcurl will reuse connections
[2016.01.31-10.09.30:335][  0]LogInit:  - CertBundlePath = nullptr  - Libcurl will use whatever was configured at build time.
[2016.01.31-10.09.30:349][  0]LogInit: Presizing for 0 objects not considered by GC, pre-allocating 0 bytes.
[2016.01.31-10.09.30:364][  0]LogInit: Object subsystem initialized
[2016.01.31-10.09.30:380][  0]LogInit: Selected Device Profile: [Windows]
[2016.01.31-10.09.30:380][  0]LogInit: Applying CVar settings loaded from the selected device profile: [Windows]
[2016.01.31-10.09.30:438][  0]LogInit: Computer: DESKTOP-JHQJSTD
[2016.01.31-10.09.30:438][  0]LogInit: User: Myran
[2016.01.31-10.09.30:438][  0]LogInit: CPU Page size=4096, Cores=2
[2016.01.31-10.09.30:438][  0]LogInit: High frequency timer resolution =2.241000 MHz
[2016.01.31-10.09.30:438][  0]LogMemory: Memory total: Physical=3.9GB (4GB approx)
[2016.01.31-10.09.30:438][  0]LogMemory: Platform Memory Stats for Windows
[2016.01.31-10.09.30:438][  0]LogMemory: Process Physical Memory: 56.19 MB used, 56.19 MB peak
[2016.01.31-10.09.30:438][  0]LogMemory: Process Virtual Memory: 57.84 MB used, 57.84 MB peak
[2016.01.31-10.09.30:438][  0]LogMemory: Physical Memory: 1933.41 MB used, 4001.87 MB total
[2016.01.31-10.09.30:438][  0]LogMemory: Virtual Memory: 383.29 MB used, 134217728.00 MB total
[2016.01.31-10.09.30:592][  0]LogTextLocalizationManager: No translations for ('de-DE') exist, falling back to 'en' for localization and internationalization data.
[2016.01.31-10.09.31:458][  0]LogD3D11RHI: Found D3D11 adapter 0: NVIDIA GeForce GT 630M (Feature Level 11_0)
[2016.01.31-10.09.31:458][  0]LogD3D11RHI: Adapter has 973MB of dedicated video memory, 0MB of dedicated system memory, and 2000MB of shared system memory, 2 output[s]
[2016.01.31-10.09.31:492][  0]LogD3D11RHI: Found D3D11 adapter 1: NVIDIA GeForce GT 630M (Feature Level 11_0)
[2016.01.31-10.09.31:492][  0]LogD3D11RHI: Adapter has 973MB of dedicated video memory, 0MB of dedicated system memory, and 2000MB of shared system memory, 0 output[s]
[2016.01.31-10.09.31:499][  0]LogD3D11RHI: Found D3D11 adapter 2: Microsoft Basic Render Driver (Feature Level 11_0)
[2016.01.31-10.09.31:499][  0]LogD3D11RHI: Adapter has 973MB of dedicated video memory, 0MB of dedicated system memory, and 2000MB of shared system memory, 0 output[s]
[2016.01.31-10.09.31:499][  0]LogD3D11RHI: Chosen D3D11 Adapter Id = 0
[2016.01.31-10.09.31:514][  0]LogD3D11RHI: !Direct3DDevice
[2016.01.31-10.09.31:514][  0]LogRHI: Texture pool is 1361 MB (70% of 1945 MB)
[2016.01.31-10.09.31:544][  0]LogD3D11RHI: Async texture creation enabled
[2016.01.31-10.09.31:572][  0]LogShaderCompilers: Guid format shader working directory is -13 characters bigger than the processId version (../../../../../../Users/Myran/Documents/Unreal Projects/FPS/Intermediate/Shaders/WorkingDirectory/5400/).
[2016.01.31-10.09.31:572][  0]LogShaderCompilers: Cleaned the shader compiler working directory 'C:/Users/Myran/AppData/Local/Temp/UnrealShaderWorkingDir/48189C2E455DEB808C5C968233F69516/'.
[2016.01.31-10.09.31:572][  0]LogShaderCompilers:Display: Using Local Shader Compiler.
[2016.01.31-10.09.36:235][  0]LogTemp:Display: Loaded TP AllDesktopTargetPlatform
[2016.01.31-10.09.36:244][  0]LogTemp:Display: Loaded TP WindowsClientTargetPlatform
[2016.01.31-10.09.36:256][  0]LogTemp:Display: Loaded TP WindowsNoEditorTargetPlatform
[2016.01.31-10.09.36:266][  0]LogTemp:Display: Loaded TP WindowsServerTargetPlatform
[2016.01.31-10.09.36:274][  0]LogTemp:Display: Loaded TP WindowsTargetPlatform
[2016.01.31-10.09.36:282][  0]LogTemp:Display: Loaded TP AndroidTargetPlatform
[2016.01.31-10.09.36:288][  0]LogTemp:Display: Loaded TP Android_ASTCTargetPlatform
[2016.01.31-10.09.36:295][  0]LogTemp:Display: Loaded TP Android_ATCTargetPlatform
[2016.01.31-10.09.36:303][  0]LogTemp:Display: Loaded TP Android_DXTTargetPlatform
[2016.01.31-10.09.36:309][  0]LogTemp:Display: Loaded TP Android_ETC1TargetPlatform
[2016.01.31-10.09.36:317][  0]LogTemp:Display: Loaded TP Android_ETC2TargetPlatform
[2016.01.31-10.09.36:332][  0]LogTemp:Display: Loaded TP Android_MultiTargetPlatform
[2016.01.31-10.09.36:332][  0]LogTemp:Display: Loaded TP Android_PVRTCTargetPlatform
[2016.01.31-10.09.36:333][  0]LogTemp:Display: Loaded TP HTML5TargetPlatform
[2016.01.31-10.09.36:359][  0]LogTemp:Display: Loaded TP IOSTargetPlatform
[2016.01.31-10.09.36:366][  0]LogTemp:Display: Loaded TP LinuxNoEditorTargetPlatform
[2016.01.31-10.09.36:370][  0]LogTemp:Display: Loaded TP LinuxServerTargetPlatform
[2016.01.31-10.09.36:377][  0]LogTemp:Display: Loaded TP LinuxTargetPlatform
[2016.01.31-10.09.36:377][  0]LogTargetPlatformManager:Display: Building Assets For Windows
[2016.01.31-10.09.36:571][  0]LogDerivedDataCache:Display: Max Cache Size: 512 MB
[2016.01.31-10.09.46:025][  0]LogDerivedDataCache: Loaded boot cache 9.44s 41MB C:/Users/Myran/AppData/Local/UnrealEngine/4.10/DerivedDataCache/Boot.ddc.
[2016.01.31-10.09.46:025][  0]LogDerivedDataCache:Display: Loaded Boot cache: C:/Users/Myran/AppData/Local/UnrealEngine/4.10/DerivedDataCache/Boot.ddc
[2016.01.31-10.09.46:039][  0]LogDerivedDataCache: FDerivedDataBackendGraph:  Pak pak cache file ../../../../../../Users/Myran/Documents/Unreal Projects/FPS/DerivedDataCache/DDC.ddp not found, will not use a pak cache.
[2016.01.31-10.09.46:039][  0]LogDerivedDataCache: Unable to find inner node Pak for hierarchical cache Hierarchy.
[2016.01.31-10.09.46:040][  0]LogDerivedDataCache: FDerivedDataBackendGraph:  CompressedPak pak cache file ../../../../../../Users/Myran/Documents/Unreal Projects/FPS/DerivedDataCache/Compressed.ddp not found, will not use a pak cache.
[2016.01.31-10.09.46:040][  0]LogDerivedDataCache: Unable to find inner node CompressedPak for hierarchical cache Hierarchy.
[2016.01.31-10.09.46:532][  0]LogDerivedDataCache:Display: Pak cache opened for reading ../../../Engine/DerivedDataCache/Compressed.ddp.
[2016.01.31-10.09.46:564][  0]LogDerivedDataCache: Using Local data cache path C:/Users/Myran/AppData/Local/UnrealEngine/Common/DerivedDataCache: Writable
[2016.01.31-10.10.15:860][  0]LogInit: Selected Device Profile: [Windows]
[2016.01.31-10.10.16:609][  0]LogContentStreaming: Texture pool size is 0.000000MB
[2016.01.31-10.10.22:180][  0]LogMeshUtilities: No automatic mesh reduction module available
[2016.01.31-10.10.22:180][  0]LogMeshUtilities: No automatic mesh merging module available
[2016.01.31-10.10.32:910][  0]LogInit: WinSock: version 1.1 (2.2), MaxSocks=32767, MaxUdp=65467
[2016.01.31-10.11.10:252][  0]UdpMessaging: Initializing bridge on interface 0.0.0.0:0 to multicast group 230.0.0.1:6666.
[2016.01.31-10.11.10:267][  0]FUdpSocketBuilder: Failed to create the socket UdpMessageMulticastSocket as configured
[2016.01.31-10.11.10:267][  0]UdpMessageTransport.StartTransport: Failed to create multicast socket on 0.0.0.0:0, joined to 230.0.0.1:6666 with TTL 1
[2016.01.31-10.11.11:172][  0]LogAssetRegistry: FAssetRegistry took 0.0383 seconds to start up
[2016.01.31-10.11.15:274][  0]SourceControl: Info Source control is disabled
[2016.01.31-10.11.15:872][  0]SourceControl: Info Source control is disabled
[2016.01.31-10.11.16:058][  0]SourceControl: Info Source control is disabled
[2016.01.31-10.11.16:146][  0]SourceControl: Info Source control is disabled
[2016.01.31-10.11.21:093][  0]LogObj: 28633 objects as part of root set at end of initial load.
[2016.01.31-10.11.21:093][  0]LogUObjectAllocator: 6099744 out of 0 bytes used by permanent object pool.
[2016.01.31-10.11.22:178][  0]LogEngine: Initializing Engine...
[2016.01.31-10.11.22:222][  0]LogHMD: Can't find Oculus library dev build: is proper Runtime installed? Version: 0.8.0.0
[2016.01.31-10.11.22:271][  0]LogHMD: SteamVR failed to initialize.  Err: 110
[2016.01.31-10.11.23:802][  0]LogAIModule: Creating AISystem for world NewWorld
[2016.01.31-10.11.24:129][  0]LogInit: XAudio2 using 'Speakers (Realtek High Definition Audio)' : 2 channels at 48 kHz using 32 bits per sample (channel mask 0x3)
[2016.01.31-10.11.24:164][  0]LogInit: FAudioDevice initialized.
[2016.01.31-10.11.24:225][  0]LogDerivedDataCache: Saved boot cache 0.06s 41MB C:/Users/Myran/AppData/Local/UnrealEngine/4.10/DerivedDataCache/Boot.ddc.
[2016.01.31-10.11.24:246][  0]LogInit: Texture streaming: Enabled
[2016.01.31-10.11.25:001][  0]LogAnalytics: Creating configured Analytics provider AnalyticsET
[2016.01.31-10.11.25:003][  0]LogAnalytics: [UEEditor.Rocket.Release] APIServer = http://et2.epicgames.com/ET2/. AppVersion = 4.10.2-2818068+++depot+UE4-Releases+4.10
[2016.01.31-10.11.25:003][  0]LogAnalytics: [UEEditor.Rocket.Release] SetUserId 12189b20408bbc0b2d4557975c2d7ef4|20c8adfa9f9640e5a57c17fd2f2868d5|ceb4ef6f-e501-4244-a277-49f194b9a0bc
[2016.01.31-10.11.25:025][  0]LogAnalytics: [UEEditor.Rocket.Release] AnalyticsET::StartSession
[2016.01.31-10.11.25:231][  0]LogInit: Transaction tracking system initialized
[2016.01.31-10.11.26:256][  0]BlueprintLog: New page: Editor Load
[2016.01.31-10.11.29:917][  0]LocalizationService: Info Localization service is disabled
[2016.01.31-10.11.30:771][  0]LogLinker:Warning: Can't find file '/Game/ThirdPersonBP/ThirdPersonOverview'
[2016.01.31-10.11.30:773][  0]LogLinker:Warning: Can't find file '/Game/ThirdPersonBP/ThirdPersonOverview'
[2016.01.31-10.11.30:773][  0]LogUObjectGlobals:Warning: Failed to find object 'Class /Game/ThirdPersonBP/ThirdPersonOverview.ThirdPersonOverview_C'
[2016.01.31-10.11.31:750][  0]LogConsoleResponse:Display: 
[2016.01.31-10.11.34:294][  0]LogFileCache: Scanning file cache for directory 'C:/Users/Myran/Documents/Unreal Projects/FPS/Content/' took 0.05s
[2016.01.31-10.11.34:295][  0]LogCook:Display: Done creating registry. It took  0.00s.
[2016.01.31-10.11.35:732][  0]SourceControl: Info Source control is disabled
[2016.01.31-10.12.26:838][  0]LogWindowsTextInputMethodSystem:Display: IME system now deactivated.
[2016.01.31-10.12.26:950][  0]LogWindowsTextInputMethodSystem:Display: IME system now deactivated.
[2016.01.31-10.12.31:062][  0]LogWindowsTextInputMethodSystem:Display: IME system now deactivated.
[2016.01.31-10.12.32:461][  0]LogWindowsTextInputMethodSystem:Display: IME system now deactivated.
[2016.01.31-10.12.32:538][  0]Cmd: MAP LOAD FILE="../../../../../../Users/Myran/Documents/Unreal Projects/FPS/Content/FirstPersonBP/Maps/FirstPersonExampleMap.umap" TEMPLATE=0 SHOWPROGRESS=1 FEATURELEVEL=3
[2016.01.31-10.12.32:562][  0]LightingResults: New page: Lighting Build
[2016.01.31-10.12.32:697][  0]MapCheck: New page: Map Check
[2016.01.31-10.12.32:697][  0]LightingResults: New page: Lighting Build
[2016.01.31-10.12.33:112][  0]LogParticles: Destroying 0 GPU particle simulations for FXSystem 0x0000026B5FE4BB00
[2016.01.31-10.12.34:624][  0]LogLinker:Warning: Asset '../../../../../../Users/Myran/Documents/Unreal Projects/FPS/Content/FirstPerson/Meshes/FirstPersonProjectileMesh.uasset' has been saved with empty engine version. The asset will be loaded but may be incompatible.
[2016.01.31-10.12.39:832][  0]LogAIModule: Creating AISystem for world FirstPersonExampleMap
[2016.01.31-10.12.40:671][  0]LogEditorServer: Finished looking for orphan Actors (0.000 secs)
[2016.01.31-10.12.40:749][  0]Cmd: MAP CHECKDEP NOCLEARLOG
[2016.01.31-10.12.40:900][  0]MapCheck: Info Map check complete: 0 Error(s), 0 Warning(s), took 149.724ms to complete.
[2016.01.31-10.12.40:901][  0]LogFileHelpers: Loading map 'FirstPersonExampleMap' took 8.402
[2016.01.31-10.12.41:836][  0]LogWindowsTextInputMethodSystem:Display: IME system now deactivated.
[2016.01.31-10.12.42:895][  0]LogCollectionManager: Loaded 0 collections in 0.032356 seconds
[2016.01.31-10.12.43:126][  0]LogFileCache: Scanning file cache for directory 'C:/Users/Myran/Documents/Unreal Projects/FPS/Saved/Collections/' took 0.01s
[2016.01.31-10.12.43:126][  0]LogFileCache: Scanning file cache for directory 'C:/Users/Myran/Documents/Unreal Projects/FPS/Content/Developers/Myran/Collections/' took 0.01s
[2016.01.31-10.12.43:126][  0]LogFileCache: Scanning file cache for directory 'C:/Users/Myran/Documents/Unreal Projects/FPS/Content/Collections/' took 0.01s
[2016.01.31-10.12.43:126][  0]LogCollectionManager: Rebuilt the GUID cache for 0 collections in 0.000005 seconds
[2016.01.31-10.12.43:186][  0]LogContentBrowser: Native class hierarchy populated in 0.0503 seconds. Added 1893 classes and 338 folders.
[2016.01.31-10.12.43:331][  0]LogContentBrowser: Native class hierarchy updated for 'WidgetCarousel' in 0.0007 seconds. Added 0 classes and 0 folders.
[2016.01.31-10.12.44:498][  0]LogContentBrowser: Native class hierarchy updated for 'AddContentDialog' in 0.0008 seconds. Added 0 classes and 0 folders.
[2016.01.31-10.12.44:622][  0]LogContentBrowser: Native class hierarchy updated for 'SceneOutliner' in 0.0008 seconds. Added 1 classes and 2 folders.
[2016.01.31-10.12.45:386][  0]LogCrashTracker: Crashtracker disabled due to settings.
[2016.01.31-10.12.45:609][  0]LogUObjectGlobals:Warning: Failed to find object 'Class None.'
[2016.01.31-10.12.45:681][  0]LogStats:Warning: MetaData mismatch. Did you assign a stat to two groups? New //STATGROUP_Threads//SplashScreenThread///Thread_914_0///####STATCAT_Advanced#### old //STATGROUP_Threads//SplashScreenThread///Thread_1860_0///####STATCAT_Advanced####
[2016.01.31-10.12.45:681][  0]LogLoad: Full Startup: 197.01 seconds (BP compile: 2.69 seconds)
[2016.01.31-10.12.45:748][  0]LogOcInput: Can't find Oculus library dev build: is proper Runtime installed? Version: 0.8.0.0
[2016.01.31-10.12.46:760][  0]LogContentStreaming: Texture pool size now 200 MB
[2016.01.31-10.12.47:665][  0]LogRenderer: Reallocating scene render targets to support 964x436 (Frame:2).
[2016.01.31-10.12.51:519][  8]LogAssetRegistry: Asset discovery search completed in 100.3611 seconds
[2016.01.31-10.12.51:519][  8]LogCollectionManager: Rebuilt the object cache for 0 collections in 0.000002 seconds (found 0 objects)
[2016.01.31-10.12.51:519][  8]LogCollectionManager: Fixed up redirectors for 0 collections in 0.000068 seconds (updated 0 objects)
[2016.01.31-10.13.04:272][204]LogLinker:Warning: Asset '../../../Engine/Content/ArtTools/RenderToTexture/Macros/RenderToTextureMacros.uasset' has been saved with empty engine version. The asset will be loaded but may be incompatible.
[2016.01.31-10.13.05:694][204]LogContentBrowser: Native class hierarchy updated for 'BlueprintGraph' in 0.0011 seconds. Added 107 classes and 0 folders.
[2016.01.31-10.16.21:882][608]LogActorComponent: UnregisterComponent: (/Engine/Transient.ProjectileMovementComponent_40__A6522401) Not registered. Aborting.
[2016.01.31-10.16.21:882][608]LogActorComponent: UnregisterComponent: (/Engine/Transient.CharMoveComp) Not registered. Aborting.
[2016.01.31-10.17.04:496][881]LogActorComponent: UnregisterComponent: (/Engine/Transient.CharacterMovementComponent_0) Not registered. Aborting.
[2016.01.31-10.17.21:967][441]LogActorComponent: UnregisterComponent: (/Engine/Transient.CharacterMovementComponent_1) Not registered. Aborting.
[2016.01.31-10.17.41:054][ 96]LogActorComponent: UnregisterComponent: (/Engine/Transient.CharacterMovementComponent_2) Not registered. Aborting.
[2016.01.31-10.22.45:948][ 78]LogActorComponent: UnregisterComponent: (/Engine/Transient.CharacterMovementComponent_3) Not registered. Aborting.
[2016.01.31-10.22.53:882][ 78]LogSavePackage: Save=7713.956543ms
[2016.01.31-10.22.53:882][ 78]LogSavePackage: Moving '../../../../../../Users/Myran/Documents/Unreal Projects/FPS/Saved/FirstPersonExampleMap_Auto1F10D3A144BAA0719ABC9FB8FB11A6A2D.tmp' to '../../../../../../Users/Myran/Documents/Unreal Projects/FPS/Saved/Autosaves/Game/FirstPersonBP/Maps/FirstPersonExampleMap_Auto1.umap'
[2016.01.31-10.22.53:938][ 78]LogSavePackage: Total save time: 7831.801873ms
[2016.01.31-10.22.53:938][ 78]LogSavePackage:Display: Finished SavePackage ../../../../../../Users/Myran/Documents/Unreal Projects/FPS/Saved/Autosaves/Game/FirstPersonBP/Maps/FirstPersonExampleMap_Auto1.umap
[2016.01.31-10.22.53:975][ 78]LogFileHelpers: Editor autosave (incl. sublevels) for '/Game/FirstPersonBP/Maps/FirstPersonExampleMap' took 8.027
[2016.01.31-10.22.53:975][ 78]LogFileHelpers: Editor autosave (incl. sublevels) for all levels took 8.027
[2016.01.31-10.22.53:992][ 78]OBJ SavePackage: Generating thumbnails for [1] asset(s) in package [/Game/FirstPersonBP/Blueprints/FirstPersonCharacter] ([1] browsable assets)...
[2016.01.31-10.22.54:034][ 78]OBJ SavePackage:     Rendered thumbnail for [Blueprint /Game/FirstPersonBP/Blueprints/FirstPersonCharacter.FirstPersonCharacter]
[2016.01.31-10.22.54:035][ 78]OBJ SavePackage: Finished generating thumbnails for package [/Game/FirstPersonBP/Blueprints/FirstPersonCharacter]
[2016.01.31-10.22.54:272][ 78]LogSavePackage: Save=230.087906ms
[2016.01.31-10.22.54:272][ 78]LogSavePackage: Moving '../../../../../../Users/Myran/Documents/Unreal Projects/FPS/Saved/FirstPersonCharacter_Auto108FE76C04DF1F8E35D23BC95F1BA11F4.tmp' to '../../../../../../Users/Myran/Documents/Unreal Projects/FPS/Saved/Autosaves/Game/FirstPersonBP/Blueprints/FirstPersonCharacter_Auto1.uasset'
[2016.01.31-10.22.54:276][ 78]LogSavePackage: Total save time: 239.577867ms
[2016.01.31-10.22.54:276][ 78]LogSavePackage:Display: Finished SavePackage ../../../../../../Users/Myran/Documents/Unreal Projects/FPS/Saved/Autosaves/Game/FirstPersonBP/Blueprints/FirstPersonCharacter_Auto1.uasset
[2016.01.31-10.22.54:276][ 78]LogFileHelpers: Auto-saving content packages took 0.295
[2016.01.31-12.00.47:582][586]BlueprintLog: New page: Compile FirstPersonCharacter
[2016.01.31-12.00.47:974][586]LogActorComponent: UnregisterComponent: (/Engine/Transient.CharMoveComp) Not registered. Aborting.
[2016.01.31-12.00.48:084][586]BlueprintEditorCompileResults: Info [6679.41] Compile of FirstPersonCharacter successful! [in 500 ms]
[2016.01.31-12.01.51:697][598]LogActorComponent: UnregisterComponent: (/Engine/Transient.CharMoveComp) Not registered. Aborting.
[2016.01.31-12.01.51:698][598]LogActorComponent: UnregisterComponent: (/Engine/Transient.ProjectileMovementComponent_40__A6522401) Not registered. Aborting.
[2016.01.31-12.04.42:078][722]BlueprintLog: New page: Compile Coin
[2016.01.31-12.04.42:257][722]BlueprintEditorCompileResults: Info [6913.58] Compile of Coin successful! [in 178 ms]
[2016.01.31-12.05.34:367][624]BlueprintLog: New page: Compile Coin
[2016.01.31-12.05.34:529][624]BlueprintEditorCompileResults: Info [6965.86] Compile of Coin successful! [in 162 ms]
[2016.01.31-12.05.38:069][767]LogBlueprintUserMessages: Early PlayInEditor Detection: Level '/Game/FirstPersonBP/Maps/FirstPersonExampleMap.FirstPersonExampleMap:PersistentLevel' has LevelScriptBlueprint '/Game/FirstPersonBP/Maps/FirstPersonExampleMap.FirstPersonExampleMap:PersistentLevel.FirstPersonExampleMap' with GeneratedClass '/Game/FirstPersonBP/Maps/FirstPersonExampleMap.FirstPersonExampleMap_C' with ClassGeneratedBy '/Game/FirstPersonBP/Maps/FirstPersonExampleMap.FirstPersonExampleMap:PersistentLevel.FirstPersonExampleMap'
[2016.01.31-12.05.38:069][767]LogPlayLevel: PlayLevel: No blueprints needed recompiling
[2016.01.31-12.05.38:070][767]PIE: New page: PIE session: FirstPersonExampleMap (Jan 31, 2016, 2:05:38 PM)
[2016.01.31-12.05.38:070][767]LogPlayLevel: Creating play world package: /Game/FirstPersonBP/Maps/UEDPIE_0_FirstPersonExampleMap
[2016.01.31-12.05.38:131][767]LogPlayLevel: PIE: StaticDuplicateObject took: (0.061241s)
[2016.01.31-12.05.38:134][767]LogAIModule: Creating AISystem for world FirstPersonExampleMap
[2016.01.31-12.05.38:134][767]LogPlayLevel: PIE: World Init took: (0.002654s)
[2016.01.31-12.05.38:135][767]LogPlayLevel: PIE: Created PIE world by copying editor world from /Game/FirstPersonBP/Maps/FirstPersonExampleMap.FirstPersonExampleMap to /Game/FirstPersonBP/Maps/UEDPIE_0_FirstPersonExampleMap.FirstPersonExampleMap (0.064493s)
[2016.01.31-12.05.38:219][767]LogInit: XAudio2 using 'Speakers (Realtek High Definition Audio)' : 2 channels at 48 kHz using 32 bits per sample (channel mask 0x3)
[2016.01.31-12.05.38:241][767]LogInit: FAudioDevice initialized.
[2016.01.31-12.05.38:384][767]LogLinker:Warning: Asset '../../../../../../Users/Myran/Documents/Unreal Projects/FPS/Content/FirstPersonBP/Blueprints/FirstPersonHUD.uasset' has been saved with empty engine version. The asset will be loaded but may be incompatible.
[2016.01.31-12.05.38:437][767]LogWorld: Game class is 'FirstPersonGameMode_C'
[2016.01.31-12.05.38:444][767]LogWorld: Bringing World /Game/FirstPersonBP/Maps/UEDPIE_0_FirstPersonExampleMap.FirstPersonExampleMap up for play (max tick rate 60) at 2016.01.31-13.05.38
[2016.01.31-12.05.38:445][767]LogActor:Warning: GameSession /Game/FirstPersonBP/Maps/UEDPIE_0_FirstPersonExampleMap.FirstPersonExampleMap:PersistentLevel.GameSession_0 has natively added scene component(s), but none of them were set as the actor's RootComponent - picking one arbitrarily
[2016.01.31-12.05.38:445][767]LogActor:Warning: GameNetworkManager /Game/FirstPersonBP/Maps/UEDPIE_0_FirstPersonExampleMap.FirstPersonExampleMap:PersistentLevel.GameNetworkManager_0 has natively added scene component(s), but none of them were set as the actor's RootComponent - picking one arbitrarily
[2016.01.31-12.05.38:445][767]LogWorld: Bringing up level for play took: 0.007591
[2016.01.31-12.05.38:448][767]PIE: Info Play in editor start time for /Game/FirstPersonBP/Maps/UEDPIE_0_FirstPersonExampleMap 0.426
[2016.01.31-12.05.38:448][767]LogBlueprintUserMessages: Late PlayInEditor Detection: Level '/Game/FirstPersonBP/Maps/FirstPersonExampleMap.FirstPersonExampleMap:PersistentLevel' has LevelScriptBlueprint '/Game/FirstPersonBP/Maps/FirstPersonExampleMap.FirstPersonExampleMap:PersistentLevel.FirstPersonExampleMap' with GeneratedClass '/Game/FirstPersonBP/Maps/FirstPersonExampleMap.FirstPersonExampleMap_C' with ClassGeneratedBy '/Game/FirstPersonBP/Maps/FirstPersonExampleMap.FirstPersonExampleMap:PersistentLevel.FirstPersonExampleMap'
[2016.01.31-12.05.45:939][206]LogBlueprintUserMessages: Early EndPlayMap Detection: Level '/Game/FirstPersonBP/Maps/FirstPersonExampleMap.FirstPersonExampleMap:PersistentLevel' has LevelScriptBlueprint '/Game/FirstPersonBP/Maps/FirstPersonExampleMap.FirstPersonExampleMap:PersistentLevel.FirstPersonExampleMap' with GeneratedClass '/Game/FirstPersonBP/Maps/FirstPersonExampleMap.FirstPersonExampleMap_C' with ClassGeneratedBy '/Game/FirstPersonBP/Maps/FirstPersonExampleMap.FirstPersonExampleMap:PersistentLevel.FirstPersonExampleMap'
[2016.01.31-12.05.46:050][206]LogBlueprintUserMessages: Late EndPlayMap Detection: Level '/Game/FirstPersonBP/Maps/FirstPersonExampleMap.FirstPersonExampleMap:PersistentLevel' has LevelScriptBlueprint '/Game/FirstPersonBP/Maps/FirstPersonExampleMap.FirstPersonExampleMap:PersistentLevel.FirstPersonExampleMap' with GeneratedClass '/Game/FirstPersonBP/Maps/FirstPersonExampleMap.FirstPersonExampleMap_C' with ClassGeneratedBy '/Game/FirstPersonBP/Maps/FirstPersonExampleMap.FirstPersonExampleMap:PersistentLevel.FirstPersonExampleMap'
[2016.01.31-12.05.46:150][207]LogParticles: Destroying 0 GPU particle simulations for FXSystem 0x0000026BCC58A0C0
[2016.01.31-12.06.10:373][850]LogBlueprintUserMessages: Early PlayInEditor Detection: Level '/Game/FirstPersonBP/Maps/FirstPersonExampleMap.FirstPersonExampleMap:PersistentLevel' has LevelScriptBlueprint '/Game/FirstPersonBP/Maps/FirstPersonExampleMap.FirstPersonExampleMap:PersistentLevel.FirstPersonExampleMap' with GeneratedClass '/Game/FirstPersonBP/Maps/FirstPersonExampleMap.FirstPersonExampleMap_C' with ClassGeneratedBy '/Game/FirstPersonBP/Maps/FirstPersonExampleMap.FirstPersonExampleMap:PersistentLevel.FirstPersonExampleMap'
[2016.01.31-12.06.10:373][850]LogPlayLevel: PlayLevel: No blueprints needed recompiling
[2016.01.31-12.06.10:373][850]PIE: New page: PIE session: FirstPersonExampleMap (Jan 31, 2016, 2:06:10 PM)
[2016.01.31-12.06.10:373][850]LogPlayLevel: Creating play world package: /Game/FirstPersonBP/Maps/UEDPIE_0_FirstPersonExampleMap
[2016.01.31-12.06.10:421][850]LogPlayLevel: PIE: StaticDuplicateObject took: (0.048012s)
[2016.01.31-12.06.10:423][850]LogAIModule: Creating AISystem for world FirstPersonExampleMap
[2016.01.31-12.06.10:423][850]LogPlayLevel: PIE: World Init took: (0.002062s)
[2016.01.31-12.06.10:424][850]LogPlayLevel: PIE: Created PIE world by copying editor world from /Game/FirstPersonBP/Maps/FirstPersonExampleMap.FirstPersonExampleMap to /Game/FirstPersonBP/Maps/UEDPIE_0_FirstPersonExampleMap.FirstPersonExampleMap (0.050552s)
[2016.01.31-12.06.10:424][850]LogActorComponent: UnregisterComponent: (/Engine/Transient.ProjectileMovementComponent_40__A6522401) Not registered. Aborting.
[2016.01.31-12.06.10:424][850]LogActorComponent: UnregisterComponent: (/Engine/Transient.CharMoveComp) Not registered. Aborting.
[2016.01.31-12.06.10:501][850]LogInit: XAudio2 using 'Speakers (Realtek High Definition Audio)' : 2 channels at 48 kHz using 32 bits per sample (channel mask 0x3)
[2016.01.31-12.06.10:517][850]LogInit: FAudioDevice initialized.
[2016.01.31-12.06.10:556][850]LogWorld: Game class is 'FirstPersonGameMode_C'
[2016.01.31-12.06.10:563][850]LogWorld: Bringing World /Game/FirstPersonBP/Maps/UEDPIE_0_FirstPersonExampleMap.FirstPersonExampleMap up for play (max tick rate 60) at 2016.01.31-13.06.10
[2016.01.31-12.06.10:563][850]LogActor:Warning: GameSession /Game/FirstPersonBP/Maps/UEDPIE_0_FirstPersonExampleMap.FirstPersonExampleMap:PersistentLevel.GameSession_1 has natively added scene component(s), but none of them were set as the actor's RootComponent - picking one arbitrarily
[2016.01.31-12.06.10:564][850]LogActor:Warning: GameNetworkManager /Game/FirstPersonBP/Maps/UEDPIE_0_FirstPersonExampleMap.FirstPersonExampleMap:PersistentLevel.GameNetworkManager_1 has natively added scene component(s), but none of them were set as the actor's RootComponent - picking one arbitrarily
[2016.01.31-12.06.10:564][850]LogWorld: Bringing up level for play took: 0.007270
[2016.01.31-12.06.10:566][850]PIE: Info Play in editor start time for /Game/FirstPersonBP/Maps/UEDPIE_0_FirstPersonExampleMap 0.544
[2016.01.31-12.06.10:566][850]LogBlueprintUserMessages: Late PlayInEditor Detection: Level '/Game/FirstPersonBP/Maps/FirstPersonExampleMap.FirstPersonExampleMap:PersistentLevel' has LevelScriptBlueprint '/Game/FirstPersonBP/Maps/FirstPersonExampleMap.FirstPersonExampleMap:PersistentLevel.FirstPersonExampleMap' with GeneratedClass '/Game/FirstPersonBP/Maps/FirstPersonExampleMap.FirstPersonExampleMap_C' with ClassGeneratedBy '/Game/FirstPersonBP/Maps/FirstPersonExampleMap.FirstPersonExampleMap:PersistentLevel.FirstPersonExampleMap'
[2016.01.31-12.06.17:585][ 96]LogBlueprintUserMessages: Early EndPlayMap Detection: Level '/Game/FirstPersonBP/Maps/FirstPersonExampleMap.FirstPersonExampleMap:PersistentLevel' has LevelScriptBlueprint '/Game/FirstPersonBP/Maps/FirstPersonExampleMap.FirstPersonExampleMap:PersistentLevel.FirstPersonExampleMap' with GeneratedClass '/Game/FirstPersonBP/Maps/FirstPersonExampleMap.FirstPersonExampleMap_C' with ClassGeneratedBy '/Game/FirstPersonBP/Maps/FirstPersonExampleMap.FirstPersonExampleMap:PersistentLevel.FirstPersonExampleMap'
[2016.01.31-12.06.17:645][ 96]LogBlueprintUserMessages: Late EndPlayMap Detection: Level '/Game/FirstPersonBP/Maps/FirstPersonExampleMap.FirstPersonExampleMap:PersistentLevel' has LevelScriptBlueprint '/Game/FirstPersonBP/Maps/FirstPersonExampleMap.FirstPersonExampleMap:PersistentLevel.FirstPersonExampleMap' with GeneratedClass '/Game/FirstPersonBP/Maps/FirstPersonExampleMap.FirstPersonExampleMap_C' with ClassGeneratedBy '/Game/FirstPersonBP/Maps/FirstPersonExampleMap.FirstPersonExampleMap:PersistentLevel.FirstPersonExampleMap'
[2016.01.31-12.06.17:708][ 96]LogParticles: Destroying 0 GPU particle simulations for FXSystem 0x0000026BCBDB7BA0
[2016.01.31-12.06.43:261][842]LogBlueprintUserMessages: Early PlayInEditor Detection: Level '/Game/FirstPersonBP/Maps/FirstPersonExampleMap.FirstPersonExampleMap:PersistentLevel' has LevelScriptBlueprint '/Game/FirstPersonBP/Maps/FirstPersonExampleMap.FirstPersonExampleMap:PersistentLevel.FirstPersonExampleMap' with GeneratedClass '/Game/FirstPersonBP/Maps/FirstPersonExampleMap.FirstPersonExampleMap_C' with ClassGeneratedBy '/Game/FirstPersonBP/Maps/FirstPersonExampleMap.FirstPersonExampleMap:PersistentLevel.FirstPersonExampleMap'
[2016.01.31-12.06.43:261][842]LogPlayLevel: PlayLevel: No blueprints needed recompiling
[2016.01.31-12.06.43:261][842]PIE: New page: PIE session: FirstPersonExampleMap (Jan 31, 2016, 2:06:43 PM)
[2016.01.31-12.06.43:261][842]LogPlayLevel: Creating play world package: /Game/FirstPersonBP/Maps/UEDPIE_0_FirstPersonExampleMap
[2016.01.31-12.06.43:309][842]LogPlayLevel: PIE: StaticDuplicateObject took: (0.047979s)
[2016.01.31-12.06.43:311][842]LogAIModule: Creating AISystem for world FirstPersonExampleMap
[2016.01.31-12.06.43:311][842]LogPlayLevel: PIE: World Init took: (0.002411s)
[2016.01.31-12.06.43:312][842]LogPlayLevel: PIE: Created PIE world by copying editor world from /Game/FirstPersonBP/Maps/FirstPersonExampleMap.FirstPersonExampleMap to /Game/FirstPersonBP/Maps/UEDPIE_0_FirstPersonExampleMap.FirstPersonExampleMap (0.050915s)
[2016.01.31-12.06.43:388][842]LogInit: XAudio2 using 'Speakers (Realtek High Definition Audio)' : 2 channels at 48 kHz using 32 bits per sample (channel mask 0x3)
[2016.01.31-12.06.43:404][842]LogInit: FAudioDevice initialized.
[2016.01.31-12.06.43:448][842]LogWorld: Game class is 'FirstPersonGameMode_C'
[2016.01.31-12.06.43:456][842]LogWorld: Bringing World /Game/FirstPersonBP/Maps/UEDPIE_0_FirstPersonExampleMap.FirstPersonExampleMap up for play (max tick rate 60) at 2016.01.31-13.06.43
[2016.01.31-12.06.43:456][842]LogActor:Warning: GameSession /Game/FirstPersonBP/Maps/UEDPIE_0_FirstPersonExampleMap.FirstPersonExampleMap:PersistentLevel.GameSession_2 has natively added scene component(s), but none of them were set as the actor's RootComponent - picking one arbitrarily
[2016.01.31-12.06.43:456][842]LogActor:Warning: GameNetworkManager /Game/FirstPersonBP/Maps/UEDPIE_0_FirstPersonExampleMap.FirstPersonExampleMap:PersistentLevel.GameNetworkManager_2 has natively added scene component(s), but none of them were set as the actor's RootComponent - picking one arbitrarily
[2016.01.31-12.06.43:457][842]LogWorld: Bringing up level for play took: 0.007179
[2016.01.31-12.06.43:458][842]PIE: Info Play in editor start time for /Game/FirstPersonBP/Maps/UEDPIE_0_FirstPersonExampleMap -0.564
[2016.01.31-12.06.43:458][842]LogBlueprintUserMessages: Late PlayInEditor Detection: Level '/Game/FirstPersonBP/Maps/FirstPersonExampleMap.FirstPersonExampleMap:PersistentLevel' has LevelScriptBlueprint '/Game/FirstPersonBP/Maps/FirstPersonExampleMap.FirstPersonExampleMap:PersistentLevel.FirstPersonExampleMap' with GeneratedClass '/Game/FirstPersonBP/Maps/FirstPersonExampleMap.FirstPersonExampleMap_C' with ClassGeneratedBy '/Game/FirstPersonBP/Maps/FirstPersonExampleMap.FirstPersonExampleMap:PersistentLevel.FirstPersonExampleMap'
[2016.01.31-12.06.49:967][ 41]LogBlueprintUserMessages: Early EndPlayMap Detection: Level '/Game/FirstPersonBP/Maps/FirstPersonExampleMap.FirstPersonExampleMap:PersistentLevel' has LevelScriptBlueprint '/Game/FirstPersonBP/Maps/FirstPersonExampleMap.FirstPersonExampleMap:PersistentLevel.FirstPersonExampleMap' with GeneratedClass '/Game/FirstPersonBP/Maps/FirstPersonExampleMap.FirstPersonExampleMap_C' with ClassGeneratedBy '/Game/FirstPersonBP/Maps/FirstPersonExampleMap.FirstPersonExampleMap:PersistentLevel.FirstPersonExampleMap'
[2016.01.31-12.06.50:039][ 41]LogBlueprintUserMessages: Late EndPlayMap Detection: Level '/Game/FirstPersonBP/Maps/FirstPersonExampleMap.FirstPersonExampleMap:PersistentLevel' has LevelScriptBlueprint '/Game/FirstPersonBP/Maps/FirstPersonExampleMap.FirstPersonExampleMap:PersistentLevel.FirstPersonExampleMap' with GeneratedClass '/Game/FirstPersonBP/Maps/FirstPersonExampleMap.FirstPersonExampleMap_C' with ClassGeneratedBy '/Game/FirstPersonBP/Maps/FirstPersonExampleMap.FirstPersonExampleMap:PersistentLevel.FirstPersonExampleMap'
[2016.01.31-12.06.50:164][ 42]LogParticles: Destroying 0 GPU particle simulations for FXSystem 0x0000026BBD50EDE0
[2016.01.31-12.07.08:704][510]LogBlueprintUserMessages: Early PlayInEditor Detection: Level '/Game/FirstPersonBP/Maps/FirstPersonExampleMap.FirstPersonExampleMap:PersistentLevel' has LevelScriptBlueprint '/Game/FirstPersonBP/Maps/FirstPersonExampleMap.FirstPersonExampleMap:PersistentLevel.FirstPersonExampleMap' with GeneratedClass '/Game/FirstPersonBP/Maps/FirstPersonExampleMap.FirstPersonExampleMap_C' with ClassGeneratedBy '/Game/FirstPersonBP/Maps/FirstPersonExampleMap.FirstPersonExampleMap:PersistentLevel.FirstPersonExampleMap'
[2016.01.31-12.07.08:704][510]LogPlayLevel: PlayLevel: No blueprints needed recompiling
[2016.01.31-12.07.08:704][510]PIE: New page: PIE session: FirstPersonExampleMap (Jan 31, 2016, 2:07:08 PM)
[2016.01.31-12.07.08:705][510]LogPlayLevel: Creating play world package: /Game/FirstPersonBP/Maps/UEDPIE_0_FirstPersonExampleMap
[2016.01.31-12.07.08:756][510]LogPlayLevel: PIE: StaticDuplicateObject took: (0.051049s)
[2016.01.31-12.07.08:757][510]LogAIModule: Creating AISystem for world FirstPersonExampleMap
[2016.01.31-12.07.08:758][510]LogPlayLevel: PIE: World Init took: (0.001948s)
[2016.01.31-12.07.08:758][510]LogPlayLevel: PIE: Created PIE world by copying editor world from /Game/FirstPersonBP/Maps/FirstPersonExampleMap.FirstPersonExampleMap to /Game/FirstPersonBP/Maps/UEDPIE_0_FirstPersonExampleMap.FirstPersonExampleMap (0.053520s)
[2016.01.31-12.07.08:758][510]LogActorComponent: UnregisterComponent: (/Engine/Transient.ProjectileMovementComponent_40__A6522401) Not registered. Aborting.
[2016.01.31-12.07.08:758][510]LogActorComponent: UnregisterComponent: (/Engine/Transient.CharMoveComp) Not registered. Aborting.
[2016.01.31-12.07.08:832][510]LogInit: XAudio2 using 'Speakers (Realtek High Definition Audio)' : 2 channels at 48 kHz using 32 bits per sample (channel mask 0x3)
[2016.01.31-12.07.08:849][510]LogInit: FAudioDevice initialized.
[2016.01.31-12.07.08:894][510]LogWorld: Game class is 'FirstPersonGameMode_C'
[2016.01.31-12.07.08:902][510]LogWorld: Bringing World /Game/FirstPersonBP/Maps/UEDPIE_0_FirstPersonExampleMap.FirstPersonExampleMap up for play (max tick rate 60) at 2016.01.31-13.07.08
[2016.01.31-12.07.08:902][510]LogActor:Warning: GameSession /Game/FirstPersonBP/Maps/UEDPIE_0_FirstPersonExampleMap.FirstPersonExampleMap:PersistentLevel.GameSession_3 has natively added scene component(s), but none of them were set as the actor's RootComponent - picking one arbitrarily
[2016.01.31-12.07.08:902][510]LogActor:Warning: GameNetworkManager /Game/FirstPersonBP/Maps/UEDPIE_0_FirstPersonExampleMap.FirstPersonExampleMap:PersistentLevel.GameNetworkManager_3 has natively added scene component(s), but none of them were set as the actor's RootComponent - picking one arbitrarily
[2016.01.31-12.07.08:903][510]LogWorld: Bringing up level for play took: 0.007835
[2016.01.31-12.07.08:905][510]PIE: Info Play in editor start time for /Game/FirstPersonBP/Maps/UEDPIE_0_FirstPersonExampleMap 0.883
[2016.01.31-12.07.08:905][510]LogBlueprintUserMessages: Late PlayInEditor Detection: Level '/Game/FirstPersonBP/Maps/FirstPersonExampleMap.FirstPersonExampleMap:PersistentLevel' has LevelScriptBlueprint '/Game/FirstPersonBP/Maps/FirstPersonExampleMap.FirstPersonExampleMap:PersistentLevel.FirstPersonExampleMap' with GeneratedClass '/Game/FirstPersonBP/Maps/FirstPersonExampleMap.FirstPersonExampleMap_C' with ClassGeneratedBy '/Game/FirstPersonBP/Maps/FirstPersonExampleMap.FirstPersonExampleMap:PersistentLevel.FirstPersonExampleMap'
[2016.01.31-12.07.16:580][740]LogBlueprintUserMessages: Early EndPlayMap Detection: Level '/Game/FirstPersonBP/Maps/FirstPersonExampleMap.FirstPersonExampleMap:PersistentLevel' has LevelScriptBlueprint '/Game/FirstPersonBP/Maps/FirstPersonExampleMap.FirstPersonExampleMap:PersistentLevel.FirstPersonExampleMap' with GeneratedClass '/Game/FirstPersonBP/Maps/FirstPersonExampleMap.FirstPersonExampleMap_C' with ClassGeneratedBy '/Game/FirstPersonBP/Maps/FirstPersonExampleMap.FirstPersonExampleMap:PersistentLevel.FirstPersonExampleMap'
[2016.01.31-12.07.16:643][740]LogBlueprintUserMessages: Late EndPlayMap Detection: Level '/Game/FirstPersonBP/Maps/FirstPersonExampleMap.FirstPersonExampleMap:PersistentLevel' has LevelScriptBlueprint '/Game/FirstPersonBP/Maps/FirstPersonExampleMap.FirstPersonExampleMap:PersistentLevel.FirstPersonExampleMap' with GeneratedClass '/Game/FirstPersonBP/Maps/FirstPersonExampleMap.FirstPersonExampleMap_C' with ClassGeneratedBy '/Game/FirstPersonBP/Maps/FirstPersonExampleMap.FirstPersonExampleMap:PersistentLevel.FirstPersonExampleMap'
[2016.01.31-12.07.16:706][740]LogParticles: Destroying 0 GPU particle simulations for FXSystem 0x0000026BCBFCDEE0
[2016.01.31-12.07.19:712][792]Cmd: OBJ SAVEPACKAGE PACKAGE="/Game/FirstPersonBP/Blueprints/Coin" FILE="../../../../../../Users/Myran/Documents/Unreal Projects/FPS/Content/FirstPersonBP/Blueprints/Coin.uasset" SILENT=true
[2016.01.31-12.07.19:787][792]LogSavePackage: Save=65.392235ms
[2016.01.31-12.07.19:787][792]LogSavePackage: Moving '../../../../../../Users/Myran/Documents/Unreal Projects/FPS/Saved/CoinFDB1E82249F97FADBF9020A7B92D751F.tmp' to '../../../../../../Users/Myran/Documents/Unreal Projects/FPS/Content/FirstPersonBP/Blueprints/Coin.uasset'
[2016.01.31-12.07.19:789][792]LogFileManager:Warning: DeleteFile was unable to delete '../../../../../../Users/Myran/Documents/Unreal Projects/FPS/Content/FirstPersonBP/Blueprints/Coin.uasset', retrying in .5s...
[2016.01.31-12.07.20:289][792]LogFileManager:Error: Error deleting file '../../../../../../Users/Myran/Documents/Unreal Projects/FPS/Content/FirstPersonBP/Blueprints/Coin.uasset'.
[2016.01.31-12.07.20:290][792]LogSavePackage:Error: Error saving '../../../../../../Users/Myran/Documents/Unreal Projects/FPS/Content/FirstPersonBP/Blueprints/Coin.uasset'
[2016.01.31-12.07.20:295][792]LogSavePackage: Total save time: 580.148149ms
[2016.01.31-12.07.20:295][792]LogSavePackage:Display: Finished SavePackage ../../../../../../Users/Myran/Documents/Unreal Projects/FPS/Content/FirstPersonBP/Blueprints/Coin.uasset
[2016.01.31-12.07.29:598][792]Cmd: OBJ SAVEPACKAGE PACKAGE="/Game/FirstPersonBP/Blueprints/Coin" FILE="../../../../../../Users/Myran/Documents/Unreal Projects/FPS/Content/FirstPersonBP/Blueprints/Coin.uasset" SILENT=true
[2016.01.31-12.07.29:656][792]LogSavePackage: Save=51.233379ms
[2016.01.31-12.07.29:656][792]LogSavePackage: Moving '../../../../../../Users/Myran/Documents/Unreal Projects/FPS/Saved/Coin2ACDAAAD4074C43CFA588CB0F6EFD247.tmp' to '../../../../../../Users/Myran/Documents/Unreal Projects/FPS/Content/FirstPersonBP/Blueprints/Coin.uasset'
[2016.01.31-12.07.29:657][792]LogFileManager:Warning: DeleteFile was unable to delete '../../../../../../Users/Myran/Documents/Unreal Projects/FPS/Content/FirstPersonBP/Blueprints/Coin.uasset', retrying in .5s...
[2016.01.31-12.07.30:157][792]LogFileManager:Error: Error deleting file '../../../../../../Users/Myran/Documents/Unreal Projects/FPS/Content/FirstPersonBP/Blueprints/Coin.uasset'.
[2016.01.31-12.07.30:157][792]LogSavePackage:Error: Error saving '../../../../../../Users/Myran/Documents/Unreal Projects/FPS/Content/FirstPersonBP/Blueprints/Coin.uasset'
[2016.01.31-12.07.30:159][792]LogSavePackage: Total save time: 558.466755ms
[2016.01.31-12.07.30:159][792]LogSavePackage:Display: Finished SavePackage ../../../../../../Users/Myran/Documents/Unreal Projects/FPS/Content/FirstPersonBP/Blueprints/Coin.uasset
[2016.01.31-12.07.31:450][792]EditorErrors: New page: Save Output
[2016.01.31-12.07.31:450][792]EditorErrors:Warning: Warning Error saving '../../../../../../Users/Myran/Documents/Unreal Projects/FPS/Content/FirstPersonBP/Blueprints/Coin.uasset'
[2016.01.31-12.07.31:450][792]EditorErrors:Warning: Warning Error saving '../../../../../../Users/Myran/Documents/Unreal Projects/FPS/Content/FirstPersonBP/Blueprints/Coin.uasset'
[2016.01.31-12.08.02:639][260]LogActorComponent: UnregisterComponent: (/Engine/Transient.EditorFloorComp) Not registered. Aborting.
[2016.01.31-12.08.09:733][283]LogParticles: Destroying 0 GPU particle simulations for FXSystem 0x0000026B688BC680
[2016.01.31-12.08.12:913][283]Cmd: OBJ SAVEPACKAGE PACKAGE="/Game/FirstPersonBP/Blueprints/Coin" FILE="../../../../../../Users/Myran/Documents/Unreal Projects/FPS/Content/FirstPersonBP/Blueprints/Coin.uasset" SILENT=true
[2016.01.31-12.08.12:973][283]LogSavePackage: Save=50.094601ms
[2016.01.31-12.08.12:973][283]LogSavePackage: Moving '../../../../../../Users/Myran/Documents/Unreal Projects/FPS/Saved/Coin239400654A53BCE8D25DB28FEFBBB48E.tmp' to '../../../../../../Users/Myran/Documents/Unreal Projects/FPS/Content/FirstPersonBP/Blueprints/Coin.uasset'
[2016.01.31-12.08.12:974][283]LogFileManager:Warning: DeleteFile was unable to delete '../../../../../../Users/Myran/Documents/Unreal Projects/FPS/Content/FirstPersonBP/Blueprints/Coin.uasset', retrying in .5s...
[2016.01.31-12.08.13:475][283]LogFileManager:Error: Error deleting file '../../../../../../Users/Myran/Documents/Unreal Projects/FPS/Content/FirstPersonBP/Blueprints/Coin.uasset'.
[2016.01.31-12.08.13:475][283]LogSavePackage:Error: Error saving '../../../../../../Users/Myran/Documents/Unreal Projects/FPS/Content/FirstPersonBP/Blueprints/Coin.uasset'
[2016.01.31-12.08.13:476][283]LogSavePackage: Total save time: 558.967426ms
[2016.01.31-12.08.13:476][283]LogSavePackage:Display: Finished SavePackage ../../../../../../Users/Myran/Documents/Unreal Projects/FPS/Content/FirstPersonBP/Blueprints/Coin.uasset
[2016.01.31-12.08.16:557][283]LogSavePackage: Save=214.176254ms
[2016.01.31-12.08.16:557][283]LogSavePackage: Moving '../../../../../../Users/Myran/Documents/Unreal Projects/FPS/Saved/FirstPersonCharacterFB607F274DEE370CC453FE86502C2638.tmp' to '../../../../../../Users/Myran/Documents/Unreal Projects/FPS/Content/FirstPersonBP/Blueprints/FirstPersonCharacter.uasset'
[2016.01.31-12.08.16:558][283]LogFileManager:Warning: DeleteFile was unable to delete '../../../../../../Users/Myran/Documents/Unreal Projects/FPS/Content/FirstPersonBP/Blueprints/FirstPersonCharacter.uasset', retrying in .5s...
[2016.01.31-12.08.17:058][283]LogFileManager:Error: Error deleting file '../../../../../../Users/Myran/Documents/Unreal Projects/FPS/Content/FirstPersonBP/Blueprints/FirstPersonCharacter.uasset'.
[2016.01.31-12.08.17:058][283]LogSavePackage:Error: Error saving '../../../../../../Users/Myran/Documents/Unreal Projects/FPS/Content/FirstPersonBP/Blueprints/FirstPersonCharacter.uasset'
[2016.01.31-12.08.17:060][283]LogSavePackage: Total save time: 725.601070ms
[2016.01.31-12.08.17:060][283]LogSavePackage:Display: Finished SavePackage ../../../../../../Users/Myran/Documents/Unreal Projects/FPS/Content/FirstPersonBP/Blueprints/FirstPersonCharacter.uasset
[2016.01.31-12.08.23:766][283]EditorErrors: New page: Save Output
[2016.01.31-12.08.23:766][283]EditorErrors:Warning: Warning Error saving '../../../../../../Users/Myran/Documents/Unreal Projects/FPS/Content/FirstPersonBP/Blueprints/Coin.uasset'
[2016.01.31-12.08.23:766][283]EditorErrors:Warning: Warning Error saving '../../../../../../Users/Myran/Documents/Unreal Projects/FPS/Content/FirstPersonBP/Blueprints/FirstPersonCharacter.uasset'
[2016.01.31-12.08.37:326][543]Cmd: OBJ SAVEPACKAGE PACKAGE="/Game/FirstPersonBP/Blueprints/Coin" FILE="../../../../../../Users/Myran/Documents/Unreal Projects/FPS/Content/FirstPersonBP/Blueprints/Coin.uasset" SILENT=true
[2016.01.31-12.08.37:398][543]LogSavePackage: Save=60.967873ms
[2016.01.31-12.08.37:398][543]LogSavePackage: Moving '../../../../../../Users/Myran/Documents/Unreal Projects/FPS/Saved/Coin95D2853040833713DF1EF7AED2DC2B7A.tmp' to '../../../../../../Users/Myran/Documents/Unreal Projects/FPS/Content/FirstPersonBP/Blueprints/Coin.uasset'
[2016.01.31-12.08.37:406][543]LogSavePackage: Total save time: 75.825971ms
[2016.01.31-12.08.37:406][543]LogSavePackage:Display: Finished SavePackage ../../../../../../Users/Myran/Documents/Unreal Projects/FPS/Content/FirstPersonBP/Blueprints/Coin.uasset
[2016.01.31-12.08.44:907][675]LogSavePackage: Save=249.586349ms
[2016.01.31-12.08.44:908][675]LogSavePackage: Moving '../../../../../../Users/Myran/Documents/Unreal Projects/FPS/Saved/FirstPersonCharacter9210B84648B46D1C76E2AB90006D76B6.tmp' to '../../../../../../Users/Myran/Documents/Unreal Projects/FPS/Content/FirstPersonBP/Blueprints/FirstPersonCharacter.uasset'
[2016.01.31-12.08.44:917][675]LogSavePackage: Total save time: 263.855867ms
[2016.01.31-12.08.44:917][675]LogSavePackage:Display: Finished SavePackage ../../../../../../Users/Myran/Documents/Unreal Projects/FPS/Content/FirstPersonBP/Blueprints/FirstPersonCharacter.uasset
[2016.01.31-12.08.53:595][860]LogBlueprintUserMessages: Early PlayInEditor Detection: Level '/Game/FirstPersonBP/Maps/FirstPersonExampleMap.FirstPersonExampleMap:PersistentLevel' has LevelScriptBlueprint '/Game/FirstPersonBP/Maps/FirstPersonExampleMap.FirstPersonExampleMap:PersistentLevel.FirstPersonExampleMap' with GeneratedClass '/Game/FirstPersonBP/Maps/FirstPersonExampleMap.FirstPersonExampleMap_C' with ClassGeneratedBy '/Game/FirstPersonBP/Maps/FirstPersonExampleMap.FirstPersonExampleMap:PersistentLevel.FirstPersonExampleMap'
[2016.01.31-12.08.53:595][860]LogPlayLevel: PlayLevel: No blueprints needed recompiling
[2016.01.31-12.08.53:596][860]PIE: New page: PIE session: FirstPersonExampleMap (Jan 31, 2016, 2:08:53 PM)
[2016.01.31-12.08.53:596][860]LogPlayLevel: Creating play world package: /Game/FirstPersonBP/Maps/UEDPIE_0_FirstPersonExampleMap
[2016.01.31-12.08.53:655][860]LogPlayLevel: PIE: StaticDuplicateObject took: (0.059103s)
[2016.01.31-12.08.53:657][860]LogAIModule: Creating AISystem for world FirstPersonExampleMap
[2016.01.31-12.08.53:658][860]LogPlayLevel: PIE: World Init took: (0.002846s)
[2016.01.31-12.08.53:658][860]LogPlayLevel: PIE: Created PIE world by copying editor world from /Game/FirstPersonBP/Maps/FirstPersonExampleMap.FirstPersonExampleMap to /Game/FirstPersonBP/Maps/UEDPIE_0_FirstPersonExampleMap.FirstPersonExampleMap (0.062466s)
[2016.01.31-12.08.53:658][860]LogActorComponent: UnregisterComponent: (/Engine/Transient.CharMoveComp) Not registered. Aborting.
[2016.01.31-12.08.53:659][860]LogActorComponent: UnregisterComponent: (/Engine/Transient.ProjectileMovementComponent_40__A6522401) Not registered. Aborting.
[2016.01.31-12.08.53:771][860]LogInit: XAudio2 using 'Speakers (Realtek High Definition Audio)' : 2 channels at 48 kHz using 32 bits per sample (channel mask 0x3)
[2016.01.31-12.08.53:794][860]LogInit: FAudioDevice initialized.
[2016.01.31-12.08.53:854][860]LogWorld: Game class is 'FirstPersonGameMode_C'
[2016.01.31-12.08.53:864][860]LogWorld: Bringing World /Game/FirstPersonBP/Maps/UEDPIE_0_FirstPersonExampleMap.FirstPersonExampleMap up for play (max tick rate 60) at 2016.01.31-13.08.53
[2016.01.31-12.08.53:865][860]LogActor:Warning: GameSession /Game/FirstPersonBP/Maps/UEDPIE_0_FirstPersonExampleMap.FirstPersonExampleMap:PersistentLevel.GameSession_4 has natively added scene component(s), but none of them were set as the actor's RootComponent - picking one arbitrarily
[2016.01.31-12.08.53:865][860]LogActor:Warning: GameNetworkManager /Game/FirstPersonBP/Maps/UEDPIE_0_FirstPersonExampleMap.FirstPersonExampleMap:PersistentLevel.GameNetworkManager_4 has natively added scene component(s), but none of them were set as the actor's RootComponent - picking one arbitrarily
[2016.01.31-12.08.53:866][860]LogWorld: Bringing up level for play took: 0.011327
[2016.01.31-12.08.53:870][860]PIE: Info Play in editor start time for /Game/FirstPersonBP/Maps/UEDPIE_0_FirstPersonExampleMap -0.152
[2016.01.31-12.08.53:870][860]LogBlueprintUserMessages: Late PlayInEditor Detection: Level '/Game/FirstPersonBP/Maps/FirstPersonExampleMap.FirstPersonExampleMap:PersistentLevel' has LevelScriptBlueprint '/Game/FirstPersonBP/Maps/FirstPersonExampleMap.FirstPersonExampleMap:PersistentLevel.FirstPersonExampleMap' with GeneratedClass '/Game/FirstPersonBP/Maps/FirstPersonExampleMap.FirstPersonExampleMap_C' with ClassGeneratedBy '/Game/FirstPersonBP/Maps/FirstPersonExampleMap.FirstPersonExampleMap:PersistentLevel.FirstPersonExampleMap'
[2016.01.31-12.09.03:240][199]LogBlueprintDebug:Warning: Hit breakpoint on node 'K2Node_VariableSet', from offset 329
[2016.01.31-12.09.03:241][199]LogBlueprintDebug: 
Script call stack:
	Function /Game/FirstPersonBP/Blueprints/Coin.Coin_C:BndEvt__Capsule_K2Node_ComponentBoundEvent_33_ComponentBeginOverlapSignature__DelegateSignature
	Function /Game/FirstPersonBP/Blueprints/Coin.Coin_C:ExecuteUbergraph_Coin

[2016.01.31-12.09.14:662][199]LogBlueprintDebug:Warning: Hit breakpoint on node 'CallFunc_K2_DestroyActor', from offset 358
[2016.01.31-12.09.14:662][199]LogBlueprintDebug: 
Script call stack:
	Function /Game/FirstPersonBP/Blueprints/Coin.Coin_C:BndEvt__Capsule_K2Node_ComponentBoundEvent_33_ComponentBeginOverlapSignature__DelegateSignature
	Function /Game/FirstPersonBP/Blueprints/Coin.Coin_C:ExecuteUbergraph_Coin

[2016.01.31-12.09.28:804][310]LogBlueprintUserMessages: Early EndPlayMap Detection: Level '/Game/FirstPersonBP/Maps/FirstPersonExampleMap.FirstPersonExampleMap:PersistentLevel' has LevelScriptBlueprint '/Game/FirstPersonBP/Maps/FirstPersonExampleMap.FirstPersonExampleMap:PersistentLevel.FirstPersonExampleMap' with GeneratedClass '/Game/FirstPersonBP/Maps/FirstPersonExampleMap.FirstPersonExampleMap_C' with ClassGeneratedBy '/Game/FirstPersonBP/Maps/FirstPersonExampleMap.FirstPersonExampleMap:PersistentLevel.FirstPersonExampleMap'
[2016.01.31-12.09.28:943][310]LogBlueprintUserMessages: Late EndPlayMap Detection: Level '/Game/FirstPersonBP/Maps/FirstPersonExampleMap.FirstPersonExampleMap:PersistentLevel' has LevelScriptBlueprint '/Game/FirstPersonBP/Maps/FirstPersonExampleMap.FirstPersonExampleMap:PersistentLevel.FirstPersonExampleMap' with GeneratedClass '/Game/FirstPersonBP/Maps/FirstPersonExampleMap.FirstPersonExampleMap_C' with ClassGeneratedBy '/Game/FirstPersonBP/Maps/FirstPersonExampleMap.FirstPersonExampleMap:PersistentLevel.FirstPersonExampleMap'
[2016.01.31-12.09.29:160][310]LogParticles: Destroying 0 GPU particle simulations for FXSystem 0x0000026BCC8465C0
[2016.01.31-12.09.40:229][592]LogEditorViewport: Clicking on Actor (LMB): StaticMeshActor (Floor)
[2016.01.31-12.09.51:690][805]LogBlueprintUserMessages: Early PlayInEditor Detection: Level '/Game/FirstPersonBP/Maps/FirstPersonExampleMap.FirstPersonExampleMap:PersistentLevel' has LevelScriptBlueprint '/Game/FirstPersonBP/Maps/FirstPersonExampleMap.FirstPersonExampleMap:PersistentLevel.FirstPersonExampleMap' with GeneratedClass '/Game/FirstPersonBP/Maps/FirstPersonExampleMap.FirstPersonExampleMap_C' with ClassGeneratedBy '/Game/FirstPersonBP/Maps/FirstPersonExampleMap.FirstPersonExampleMap:PersistentLevel.FirstPersonExampleMap'
[2016.01.31-12.09.51:690][805]LogPlayLevel: PlayLevel: No blueprints needed recompiling
[2016.01.31-12.09.51:690][805]PIE: New page: PIE session: FirstPersonExampleMap (Jan 31, 2016, 2:09:51 PM)
[2016.01.31-12.09.51:690][805]LogPlayLevel: Creating play world package: /Game/FirstPersonBP/Maps/UEDPIE_0_FirstPersonExampleMap
[2016.01.31-12.09.51:743][805]LogPlayLevel: PIE: StaticDuplicateObject took: (0.052463s)
[2016.01.31-12.09.51:745][805]LogAIModule: Creating AISystem for world FirstPersonExampleMap
[2016.01.31-12.09.51:745][805]LogPlayLevel: PIE: World Init took: (0.002064s)
[2016.01.31-12.09.51:746][805]LogPlayLevel: PIE: Created PIE world by copying editor world from /Game/FirstPersonBP/Maps/FirstPersonExampleMap.FirstPersonExampleMap to /Game/FirstPersonBP/Maps/UEDPIE_0_FirstPersonExampleMap.FirstPersonExampleMap (0.055062s)
[2016.01.31-12.09.51:746][805]LogActorComponent: UnregisterComponent: (/Engine/Transient.ProjectileMovementComponent_40__A6522401) Not registered. Aborting.
[2016.01.31-12.09.51:746][805]LogActorComponent: UnregisterComponent: (/Engine/Transient.CharMoveComp) Not registered. Aborting.
[2016.01.31-12.09.51:845][805]LogInit: XAudio2 using 'Speakers (Realtek High Definition Audio)' : 2 channels at 48 kHz using 32 bits per sample (channel mask 0x3)
[2016.01.31-12.09.51:867][805]LogInit: FAudioDevice initialized.
[2016.01.31-12.09.51:920][805]LogWorld: Game class is 'FirstPersonGameMode_C'
[2016.01.31-12.09.51:929][805]LogWorld: Bringing World /Game/FirstPersonBP/Maps/UEDPIE_0_FirstPersonExampleMap.FirstPersonExampleMap up for play (max tick rate 60) at 2016.01.31-13.09.51
[2016.01.31-12.09.51:930][805]LogActor:Warning: GameSession /Game/FirstPersonBP/Maps/UEDPIE_0_FirstPersonExampleMap.FirstPersonExampleMap:PersistentLevel.GameSession_5 has natively added scene component(s), but none of them were set as the actor's RootComponent - picking one arbitrarily
[2016.01.31-12.09.51:930][805]LogActor:Warning: GameNetworkManager /Game/FirstPersonBP/Maps/UEDPIE_0_FirstPersonExampleMap.FirstPersonExampleMap:PersistentLevel.GameNetworkManager_5 has natively added scene component(s), but none of them were set as the actor's RootComponent - picking one arbitrarily
[2016.01.31-12.09.51:931][805]LogWorld: Bringing up level for play took: 0.009376
[2016.01.31-12.09.51:934][805]PIE: Info Play in editor start time for /Game/FirstPersonBP/Maps/UEDPIE_0_FirstPersonExampleMap -0.088
[2016.01.31-12.09.51:934][805]LogBlueprintUserMessages: Late PlayInEditor Detection: Level '/Game/FirstPersonBP/Maps/FirstPersonExampleMap.FirstPersonExampleMap:PersistentLevel' has LevelScriptBlueprint '/Game/FirstPersonBP/Maps/FirstPersonExampleMap.FirstPersonExampleMap:PersistentLevel.FirstPersonExampleMap' with GeneratedClass '/Game/FirstPersonBP/Maps/FirstPersonExampleMap.FirstPersonExampleMap_C' with ClassGeneratedBy '/Game/FirstPersonBP/Maps/FirstPersonExampleMap.FirstPersonExampleMap:PersistentLevel.FirstPersonExampleMap'
[2016.01.31-12.09.53:675][880]LogBlueprintDebug:Warning: Hit breakpoint on node 'K2Node_VariableSet', from offset 329
[2016.01.31-12.09.53:675][880]LogBlueprintDebug: 
Script call stack:
	Function /Game/FirstPersonBP/Blueprints/Coin.Coin_C:BndEvt__Capsule_K2Node_ComponentBoundEvent_33_ComponentBeginOverlapSignature__DelegateSignature
	Function /Game/FirstPersonBP/Blueprints/Coin.Coin_C:ExecuteUbergraph_Coin

[2016.01.31-12.10.25:414][226]Cmd: OBJ SAVEPACKAGE PACKAGE="/Game/FirstPersonBP/Blueprints/Coin" FILE="../../../../../../Users/Myran/Documents/Unreal Projects/FPS/Content/FirstPersonBP/Blueprints/Coin.uasset" SILENT=true
[2016.01.31-12.10.25:483][226]LogSavePackage: Save=59.554218ms
[2016.01.31-12.10.25:483][226]LogSavePackage: Moving '../../../../../../Users/Myran/Documents/Unreal Projects/FPS/Saved/CoinFE2211104EAF386A14CF65A06DBF7BCD.tmp' to '../../../../../../Users/Myran/Documents/Unreal Projects/FPS/Content/FirstPersonBP/Blueprints/Coin.uasset'
[2016.01.31-12.10.25:491][226]LogSavePackage: Total save time: 73.813923ms
[2016.01.31-12.10.25:491][226]LogSavePackage:Display: Finished SavePackage ../../../../../../Users/Myran/Documents/Unreal Projects/FPS/Content/FirstPersonBP/Blueprints/Coin.uasset
[2016.01.31-12.10.34:936][587]LogBlueprintUserMessages: Early EndPlayMap Detection: Level '/Game/FirstPersonBP/Maps/FirstPersonExampleMap.FirstPersonExampleMap:PersistentLevel' has LevelScriptBlueprint '/Game/FirstPersonBP/Maps/FirstPersonExampleMap.FirstPersonExampleMap:PersistentLevel.FirstPersonExampleMap' with GeneratedClass '/Game/FirstPersonBP/Maps/FirstPersonExampleMap.FirstPersonExampleMap_C' with ClassGeneratedBy '/Game/FirstPersonBP/Maps/FirstPersonExampleMap.FirstPersonExampleMap:PersistentLevel.FirstPersonExampleMap'
[2016.01.31-12.10.35:147][587]LogBlueprintUserMessages: Late EndPlayMap Detection: Level '/Game/FirstPersonBP/Maps/FirstPersonExampleMap.FirstPersonExampleMap:PersistentLevel' has LevelScriptBlueprint '/Game/FirstPersonBP/Maps/FirstPersonExampleMap.FirstPersonExampleMap:PersistentLevel.FirstPersonExampleMap' with GeneratedClass '/Game/FirstPersonBP/Maps/FirstPersonExampleMap.FirstPersonExampleMap_C' with ClassGeneratedBy '/Game/FirstPersonBP/Maps/FirstPersonExampleMap.FirstPersonExampleMap:PersistentLevel.FirstPersonExampleMap'
[2016.01.31-12.10.35:358][587]LogParticles: Destroying 0 GPU particle simulations for FXSystem 0x0000026B049DBD80
[2016.01.31-12.11.25:853][329]LogActorComponent: UnregisterComponent: (/Engine/Transient.ProjectileMovementComponent_40__A6522401) Not registered. Aborting.
[2016.01.31-12.11.25:854][329]LogActorComponent: UnregisterComponent: (/Engine/Transient.CharMoveComp) Not registered. Aborting.
[2016.01.31-12.11.35:794][329]LogSavePackage: Save=9790.928711ms
[2016.01.31-12.11.35:794][329]LogSavePackage: Moving '../../../../../../Users/Myran/Documents/Unreal Projects/FPS/Saved/FirstPersonExampleMap_Auto218BAD1974E43C098C6CB7BB714B4055F.tmp' to '../../../../../../Users/Myran/Documents/Unreal Projects/FPS/Saved/Autosaves/Game/FirstPersonBP/Maps/FirstPersonExampleMap_Auto2.umap'
[2016.01.31-12.11.35:835][329]LogSavePackage: Total save time: 9876.294959ms
[2016.01.31-12.11.35:835][329]LogSavePackage:Display: Finished SavePackage ../../../../../../Users/Myran/Documents/Unreal Projects/FPS/Saved/Autosaves/Game/FirstPersonBP/Maps/FirstPersonExampleMap_Auto2.umap
[2016.01.31-12.11.35:839][329]LogFileHelpers: Editor autosave (incl. sublevels) for '/Game/FirstPersonBP/Maps/FirstPersonExampleMap' took 9.986
[2016.01.31-12.11.35:839][329]LogFileHelpers: Editor autosave (incl. sublevels) for all levels took 9.986
[2016.01.31-12.14.21:888][185]LogActor:Warning: GameNetworkManager /Engine/Transient.World_8:PersistentLevel.GameNetworkManager_6 has natively added scene component(s), but none of them were set as the actor's RootComponent - picking one arbitrarily
[2016.01.31-12.14.27:156][313]BlueprintLog: New page: Compile FirstPersonGameMode
[2016.01.31-12.14.27:245][313]LogActorComponent: UnregisterComponent: (/Engine/Transient.ProjectileMovementComponent_40__A6522401) Not registered. Aborting.
[2016.01.31-12.14.27:245][313]LogActorComponent: UnregisterComponent: (/Engine/Transient.CharMoveComp) Not registered. Aborting.
[2016.01.31-12.14.27:344][313]BlueprintEditorCompileResults: Info [7498.67] Compile of FirstPersonGameMode successful! [in 187 ms]
[2016.01.31-12.15.04:365][ 85]LogActorComponent: UnregisterComponent: (/Engine/Transient.EditorFloorComp) Not registered. Aborting.
[2016.01.31-12.15.04:541][ 85]LogActorComponent: UnregisterComponent: (/Engine/Transient.EditorFloorComp) Not registered. Aborting.
[2016.01.31-12.15.13:903][260]LogActor:Warning: GameNetworkManager /Engine/Transient.World_9:PersistentLevel.GameNetworkManager_7 has natively added scene component(s), but none of them were set as the actor's RootComponent - picking one arbitrarily
[2016.01.31-12.15.14:058][261]LogRenderer: Reallocating scene render targets to support 1012x568 (Frame:147922).
[2016.01.31-12.20.02:571][144]BlueprintLog: New page: Compile Coin
[2016.01.31-12.20.02:643][144]LogBlueprint:Error: [compiler Coin] Error Could not find a function named "RespawnCoin" in 'FPSGM_C'.
Make sure 'FPSGM_C' has been compiled for  Respawn Coin 
[2016.01.31-12.20.02:647][144]LogBlueprint:Error: [compiler Coin] Error This blueprint (self) is not a ActorComponent, therefore ' Target ' must have a connection.
[2016.01.31-12.20.02:647][144]LogBlueprint:Error: [compiler Coin] Error This blueprint (self) is not a FPSGM_C, therefore ' Target ' must have a connection.
[2016.01.31-12.20.03:074][144]LogActorComponent: UnregisterComponent: (/Engine/Transient.ProjectileMovementComponent_40__A6522401) Not registered. Aborting.
[2016.01.31-12.20.03:074][144]LogActorComponent: UnregisterComponent: (/Engine/Transient.CharMoveComp) Not registered. Aborting.
[2016.01.31-12.20.03:308][144]LogParticles: Destroying 0 GPU particle simulations for FXSystem 0x0000026B0404B2E0
[2016.01.31-12.20.03:318][144]LogParticles: Destroying 0 GPU particle simulations for FXSystem 0x0000026BCC23F6A0
[2016.01.31-12.20.03:337][144]LogParticles: Destroying 0 GPU particle simulations for FXSystem 0x0000026B05F32F20
[2016.01.31-12.20.03:372][144]LogBlueprint:Warning: [compiler Coin] Warning [7834.70] Compile of Coin failed. 3 Fatal Issue(s) 0 Warning(s) [in 799 ms]
[2016.01.31-12.20.03:372][144]BlueprintEditorCompileResults:Error: Error Could not find a function named "RespawnCoin" in 'FPSGM_C'.
Make sure 'FPSGM_C' has been compiled for  Respawn Coin 
[2016.01.31-12.20.03:372][144]BlueprintEditorCompileResults:Error: Error This blueprint (self) is not a ActorComponent, therefore ' Target ' must have a connection.
[2016.01.31-12.20.03:373][144]BlueprintEditorCompileResults:Error: Error This blueprint (self) is not a FPSGM_C, therefore ' Target ' must have a connection.
[2016.01.31-12.20.03:374][144]BlueprintEditorCompileResults:Warning: Warning [7834.70] Compile of Coin failed. 3 Fatal Issue(s) 0 Warning(s) [in 799 ms]
[2016.01.31-12.20.14:642][338]BlueprintLog: New page: Compile Coin
[2016.01.31-12.20.14:664][338]LogBlueprint:Error: [compiler Coin] Error Could not find a function named "RespawnCoin" in 'FPSGM_C'.
Make sure 'FPSGM_C' has been compiled for  Respawn Coin 
[2016.01.31-12.20.14:666][338]LogBlueprint:Error: [compiler Coin] Error This blueprint (self) is not a FPSGM_C, therefore ' Target ' must have a connection.
[2016.01.31-12.20.14:919][338]LogBlueprint:Warning: [compiler Coin] Warning [7846.25] Compile of Coin failed. 2 Fatal Issue(s) 0 Warning(s) [in 277 ms]
[2016.01.31-12.20.14:919][338]BlueprintEditorCompileResults:Error: Error Could not find a function named "RespawnCoin" in 'FPSGM_C'.
Make sure 'FPSGM_C' has been compiled for  Respawn Coin 
[2016.01.31-12.20.14:920][338]BlueprintEditorCompileResults:Error: Error This blueprint (self) is not a FPSGM_C, therefore ' Target ' must have a connection.
[2016.01.31-12.20.14:920][338]BlueprintEditorCompileResults:Warning: Warning [7846.25] Compile of Coin failed. 2 Fatal Issue(s) 0 Warning(s) [in 277 ms]
[2016.01.31-12.20.20:798][438]BlueprintLog: New page: Compile FPSGM
[2016.01.31-12.20.21:216][438]BlueprintEditorCompileResults: Info [7852.54] Compile of FPSGM successful! [in 418 ms]
[2016.01.31-12.20.25:284][529]BlueprintLog: New page: Compile Coin
[2016.01.31-12.20.25:306][529]LogBlueprint:Error: [compiler Coin] Error This blueprint (self) is not a FPSGM_C, therefore ' Target ' must have a connection.
[2016.01.31-12.20.25:551][529]LogBlueprint:Warning: [compiler Coin] Warning [7856.88] Compile of Coin failed. 1 Fatal Issue(s) 0 Warning(s) [in 266 ms]
[2016.01.31-12.20.25:551][529]BlueprintEditorCompileResults:Error: Error This blueprint (self) is not a FPSGM_C, therefore ' Target ' must have a connection.
[2016.01.31-12.20.25:551][529]BlueprintEditorCompileResults:Warning: Warning [7856.88] Compile of Coin failed. 1 Fatal Issue(s) 0 Warning(s) [in 266 ms]
[2016.01.31-12.22.17:789][377]BlueprintLog: New page: Compile Coin
[2016.01.31-12.22.18:004][377]BlueprintEditorCompileResults: Info [7969.33] Compile of Coin successful! [in 214 ms]
[2016.01.31-12.22.38:682][762]BlueprintLog: New page: Compile FPSGM
[2016.01.31-12.22.38:898][762]BlueprintEditorCompileResults: Info [7990.22] Compile of FPSGM successful! [in 216 ms]
[2016.01.31-12.23.36:176][852]BlueprintLog: New page: Compile FPSGM
[2016.01.31-12.23.36:405][852]BlueprintEditorCompileResults: Info [8047.73] Compile of FPSGM successful! [in 229 ms]
[2016.01.31-12.24.11:093][500]BlueprintLog: New page: Compile Coin
[2016.01.31-12.24.11:668][500]BlueprintEditorCompileResults: Info [8082.99] Compile of Coin successful! [in 575 ms]
[2016.01.31-12.25.58:636][320]LogSlate:Warning: Prevented a slow task dialog from being summoned while a context menu was open
[2016.01.31-12.27.55:306][355]BlueprintLog: New page: Compile FPSGM
[2016.01.31-12.27.55:517][355]BlueprintEditorCompileResults: Info [8306.84] Compile of FPSGM successful! [in 211 ms]
[2016.01.31-12.28.02:108][490]LogBlueprintUserMessages: Early PlayInEditor Detection: Level '/Game/FirstPersonBP/Maps/FirstPersonExampleMap.FirstPersonExampleMap:PersistentLevel' has LevelScriptBlueprint '/Game/FirstPersonBP/Maps/FirstPersonExampleMap.FirstPersonExampleMap:PersistentLevel.FirstPersonExampleMap' with GeneratedClass '/Game/FirstPersonBP/Maps/FirstPersonExampleMap.FirstPersonExampleMap_C' with ClassGeneratedBy '/Game/FirstPersonBP/Maps/FirstPersonExampleMap.FirstPersonExampleMap:PersistentLevel.FirstPersonExampleMap'
[2016.01.31-12.28.02:108][490]LogPlayLevel: PlayLevel: No blueprints needed recompiling
[2016.01.31-12.28.02:109][490]PIE: New page: PIE session: FirstPersonExampleMap (Jan 31, 2016, 2:28:02 PM)
[2016.01.31-12.28.02:109][490]LogPlayLevel: Creating play world package: /Game/FirstPersonBP/Maps/UEDPIE_0_FirstPersonExampleMap
[2016.01.31-12.28.02:274][490]LogPlayLevel: PIE: StaticDuplicateObject took: (0.164811s)
[2016.01.31-12.28.02:280][490]LogAIModule: Creating AISystem for world FirstPersonExampleMap
[2016.01.31-12.28.02:281][490]LogPlayLevel: PIE: World Init took: (0.006416s)
[2016.01.31-12.28.02:282][490]LogPlayLevel: PIE: Created PIE world by copying editor world from /Game/FirstPersonBP/Maps/FirstPersonExampleMap.FirstPersonExampleMap to /Game/FirstPersonBP/Maps/UEDPIE_0_FirstPersonExampleMap.FirstPersonExampleMap (0.172855s)
[2016.01.31-12.28.02:582][490]LogInit: XAudio2 using 'Speakers (Realtek High Definition Audio)' : 2 channels at 48 kHz using 32 bits per sample (channel mask 0x3)
[2016.01.31-12.28.02:614][490]LogInit: FAudioDevice initialized.
[2016.01.31-12.28.02:665][490]LogWorld: Game class is 'FirstPersonGameMode_C'
[2016.01.31-12.28.02:675][490]LogWorld: Bringing World /Game/FirstPersonBP/Maps/UEDPIE_0_FirstPersonExampleMap.FirstPersonExampleMap up for play (max tick rate 60) at 2016.01.31-13.28.02
[2016.01.31-12.28.02:675][490]LogActor:Warning: GameSession /Game/FirstPersonBP/Maps/UEDPIE_0_FirstPersonExampleMap.FirstPersonExampleMap:PersistentLevel.GameSession_6 has natively added scene component(s), but none of them were set as the actor's RootComponent - picking one arbitrarily
[2016.01.31-12.28.02:676][490]LogActor:Warning: GameNetworkManager /Game/FirstPersonBP/Maps/UEDPIE_0_FirstPersonExampleMap.FirstPersonExampleMap:PersistentLevel.GameNetworkManager_8 has natively added scene component(s), but none of them were set as the actor's RootComponent - picking one arbitrarily
[2016.01.31-12.28.02:677][490]LogWorld: Bringing up level for play took: 0.010700
[2016.01.31-12.28.02:679][490]PIE: Info Play in editor start time for /Game/FirstPersonBP/Maps/UEDPIE_0_FirstPersonExampleMap 0.657
[2016.01.31-12.28.02:679][490]LogBlueprintUserMessages: Late PlayInEditor Detection: Level '/Game/FirstPersonBP/Maps/FirstPersonExampleMap.FirstPersonExampleMap:PersistentLevel' has LevelScriptBlueprint '/Game/FirstPersonBP/Maps/FirstPersonExampleMap.FirstPersonExampleMap:PersistentLevel.FirstPersonExampleMap' with GeneratedClass '/Game/FirstPersonBP/Maps/FirstPersonExampleMap.FirstPersonExampleMap_C' with ClassGeneratedBy '/Game/FirstPersonBP/Maps/FirstPersonExampleMap.FirstPersonExampleMap:PersistentLevel.FirstPersonExampleMap'
[2016.01.31-12.28.09:068][723]LogBlueprintUserMessages: Early EndPlayMap Detection: Level '/Game/FirstPersonBP/Maps/FirstPersonExampleMap.FirstPersonExampleMap:PersistentLevel' has LevelScriptBlueprint '/Game/FirstPersonBP/Maps/FirstPersonExampleMap.FirstPersonExampleMap:PersistentLevel.FirstPersonExampleMap' with GeneratedClass '/Game/FirstPersonBP/Maps/FirstPersonExampleMap.FirstPersonExampleMap_C' with ClassGeneratedBy '/Game/FirstPersonBP/Maps/FirstPersonExampleMap.FirstPersonExampleMap:PersistentLevel.FirstPersonExampleMap'
[2016.01.31-12.28.09:310][723]LogBlueprintUserMessages: Late EndPlayMap Detection: Level '/Game/FirstPersonBP/Maps/FirstPersonExampleMap.FirstPersonExampleMap:PersistentLevel' has LevelScriptBlueprint '/Game/FirstPersonBP/Maps/FirstPersonExampleMap.FirstPersonExampleMap:PersistentLevel.FirstPersonExampleMap' with GeneratedClass '/Game/FirstPersonBP/Maps/FirstPersonExampleMap.FirstPersonExampleMap_C' with ClassGeneratedBy '/Game/FirstPersonBP/Maps/FirstPersonExampleMap.FirstPersonExampleMap:PersistentLevel.FirstPersonExampleMap'
[2016.01.31-12.28.09:546][723]LogParticles: Destroying 0 GPU particle simulations for FXSystem 0x0000026B95166980
[2016.01.31-12.28.42:239][316]BlueprintLog: New page: Compile FPSGM
[2016.01.31-12.28.42:360][316]LogActorComponent: UnregisterComponent: (/Engine/Transient.ProjectileMovementComponent_40__A6522401) Not registered. Aborting.
[2016.01.31-12.28.42:360][316]LogActorComponent: UnregisterComponent: (/Engine/Transient.CharMoveComp) Not registered. Aborting.
[2016.01.31-12.28.42:461][316]BlueprintEditorCompileResults: Info [8353.79] Compile of FPSGM successful! [in 220 ms]
[2016.01.31-12.28.44:777][357]LogBlueprintUserMessages: Early PlayInEditor Detection: Level '/Game/FirstPersonBP/Maps/FirstPersonExampleMap.FirstPersonExampleMap:PersistentLevel' has LevelScriptBlueprint '/Game/FirstPersonBP/Maps/FirstPersonExampleMap.FirstPersonExampleMap:PersistentLevel.FirstPersonExampleMap' with GeneratedClass '/Game/FirstPersonBP/Maps/FirstPersonExampleMap.FirstPersonExampleMap_C' with ClassGeneratedBy '/Game/FirstPersonBP/Maps/FirstPersonExampleMap.FirstPersonExampleMap:PersistentLevel.FirstPersonExampleMap'
[2016.01.31-12.28.44:777][357]LogPlayLevel: PlayLevel: No blueprints needed recompiling
[2016.01.31-12.28.44:778][357]PIE: New page: PIE session: FirstPersonExampleMap (Jan 31, 2016, 2:28:44 PM)
[2016.01.31-12.28.44:779][357]LogPlayLevel: Creating play world package: /Game/FirstPersonBP/Maps/UEDPIE_0_FirstPersonExampleMap
[2016.01.31-12.28.44:877][357]LogPlayLevel: PIE: StaticDuplicateObject took: (0.098126s)
[2016.01.31-12.28.44:881][357]LogAIModule: Creating AISystem for world FirstPersonExampleMap
[2016.01.31-12.28.44:882][357]LogPlayLevel: PIE: World Init took: (0.004370s)
[2016.01.31-12.28.44:883][357]LogPlayLevel: PIE: Created PIE world by copying editor world from /Game/FirstPersonBP/Maps/FirstPersonExampleMap.FirstPersonExampleMap to /Game/FirstPersonBP/Maps/UEDPIE_0_FirstPersonExampleMap.FirstPersonExampleMap (0.103881s)
[2016.01.31-12.28.45:139][357]LogInit: XAudio2 using 'Speakers (Realtek High Definition Audio)' : 2 channels at 48 kHz using 32 bits per sample (channel mask 0x3)
[2016.01.31-12.28.45:195][357]LogInit: FAudioDevice initialized.
[2016.01.31-12.28.45:289][357]LogWorld: Game class is 'FirstPersonGameMode_C'
[2016.01.31-12.28.45:315][357]LogWorld: Bringing World /Game/FirstPersonBP/Maps/UEDPIE_0_FirstPersonExampleMap.FirstPersonExampleMap up for play (max tick rate 60) at 2016.01.31-13.28.45
[2016.01.31-12.28.45:315][357]LogActor:Warning: GameSession /Game/FirstPersonBP/Maps/UEDPIE_0_FirstPersonExampleMap.FirstPersonExampleMap:PersistentLevel.GameSession_7 has natively added scene component(s), but none of them were set as the actor's RootComponent - picking one arbitrarily
[2016.01.31-12.28.45:316][357]LogActor:Warning: GameNetworkManager /Game/FirstPersonBP/Maps/UEDPIE_0_FirstPersonExampleMap.FirstPersonExampleMap:PersistentLevel.GameNetworkManager_9 has natively added scene component(s), but none of them were set as the actor's RootComponent - picking one arbitrarily
[2016.01.31-12.28.45:319][357]LogWorld: Bringing up level for play took: 0.027493
[2016.01.31-12.28.45:325][357]PIE: Info Play in editor start time for /Game/FirstPersonBP/Maps/UEDPIE_0_FirstPersonExampleMap 1.303
[2016.01.31-12.28.45:325][357]LogBlueprintUserMessages: Late PlayInEditor Detection: Level '/Game/FirstPersonBP/Maps/FirstPersonExampleMap.FirstPersonExampleMap:PersistentLevel' has LevelScriptBlueprint '/Game/FirstPersonBP/Maps/FirstPersonExampleMap.FirstPersonExampleMap:PersistentLevel.FirstPersonExampleMap' with GeneratedClass '/Game/FirstPersonBP/Maps/FirstPersonExampleMap.FirstPersonExampleMap_C' with ClassGeneratedBy '/Game/FirstPersonBP/Maps/FirstPersonExampleMap.FirstPersonExampleMap:PersistentLevel.FirstPersonExampleMap'
[2016.01.31-12.28.58:763][843]LogBlueprintUserMessages: Early EndPlayMap Detection: Level '/Game/FirstPersonBP/Maps/FirstPersonExampleMap.FirstPersonExampleMap:PersistentLevel' has LevelScriptBlueprint '/Game/FirstPersonBP/Maps/FirstPersonExampleMap.FirstPersonExampleMap:PersistentLevel.FirstPersonExampleMap' with GeneratedClass '/Game/FirstPersonBP/Maps/FirstPersonExampleMap.FirstPersonExampleMap_C' with ClassGeneratedBy '/Game/FirstPersonBP/Maps/FirstPersonExampleMap.FirstPersonExampleMap:PersistentLevel.FirstPersonExampleMap'
[2016.01.31-12.28.58:906][843]LogBlueprintUserMessages: Late EndPlayMap Detection: Level '/Game/FirstPersonBP/Maps/FirstPersonExampleMap.FirstPersonExampleMap:PersistentLevel' has LevelScriptBlueprint '/Game/FirstPersonBP/Maps/FirstPersonExampleMap.FirstPersonExampleMap:PersistentLevel.FirstPersonExampleMap' with GeneratedClass '/Game/FirstPersonBP/Maps/FirstPersonExampleMap.FirstPersonExampleMap_C' with ClassGeneratedBy '/Game/FirstPersonBP/Maps/FirstPersonExampleMap.FirstPersonExampleMap:PersistentLevel.FirstPersonExampleMap'
[2016.01.31-12.28.58:989][843]LogParticles: Destroying 0 GPU particle simulations for FXSystem 0x0000026B9ED1DEE0
[2016.01.31-12.29.20:616][313]LogBlueprintUserMessages: Early PlayInEditor Detection: Level '/Game/FirstPersonBP/Maps/FirstPersonExampleMap.FirstPersonExampleMap:PersistentLevel' has LevelScriptBlueprint '/Game/FirstPersonBP/Maps/FirstPersonExampleMap.FirstPersonExampleMap:PersistentLevel.FirstPersonExampleMap' with GeneratedClass '/Game/FirstPersonBP/Maps/FirstPersonExampleMap.FirstPersonExampleMap_C' with ClassGeneratedBy '/Game/FirstPersonBP/Maps/FirstPersonExampleMap.FirstPersonExampleMap:PersistentLevel.FirstPersonExampleMap'
[2016.01.31-12.29.20:616][313]LogPlayLevel: PlayLevel: No blueprints needed recompiling
[2016.01.31-12.29.20:617][313]PIE: New page: PIE session: FirstPersonExampleMap (Jan 31, 2016, 2:29:20 PM)
[2016.01.31-12.29.20:617][313]LogPlayLevel: Creating play world package: /Game/FirstPersonBP/Maps/UEDPIE_0_FirstPersonExampleMap
[2016.01.31-12.29.20:707][313]LogPlayLevel: PIE: StaticDuplicateObject took: (0.089697s)
[2016.01.31-12.29.20:710][313]LogAIModule: Creating AISystem for world FirstPersonExampleMap
[2016.01.31-12.29.20:711][313]LogPlayLevel: PIE: World Init took: (0.003748s)
[2016.01.31-12.29.20:712][313]LogPlayLevel: PIE: Created PIE world by copying editor world from /Game/FirstPersonBP/Maps/FirstPersonExampleMap.FirstPersonExampleMap to /Game/FirstPersonBP/Maps/UEDPIE_0_FirstPersonExampleMap.FirstPersonExampleMap (0.094374s)
[2016.01.31-12.29.20:712][313]LogActorComponent: UnregisterComponent: (/Engine/Transient.ProjectileMovementComponent_40__A6522401) Not registered. Aborting.
[2016.01.31-12.29.20:712][313]LogActorComponent: UnregisterComponent: (/Engine/Transient.CharMoveComp) Not registered. Aborting.
[2016.01.31-12.29.20:973][313]LogInit: XAudio2 using 'Speakers (Realtek High Definition Audio)' : 2 channels at 48 kHz using 32 bits per sample (channel mask 0x3)
[2016.01.31-12.29.21:032][313]LogInit: FAudioDevice initialized.
[2016.01.31-12.29.21:128][313]LogWorld: Game class is 'FirstPersonGameMode_C'
[2016.01.31-12.29.21:154][313]LogWorld: Bringing World /Game/FirstPersonBP/Maps/UEDPIE_0_FirstPersonExampleMap.FirstPersonExampleMap up for play (max tick rate 60) at 2016.01.31-13.29.21
[2016.01.31-12.29.21:154][313]LogActor:Warning: GameSession /Game/FirstPersonBP/Maps/UEDPIE_0_FirstPersonExampleMap.FirstPersonExampleMap:PersistentLevel.GameSession_8 has natively added scene component(s), but none of them were set as the actor's RootComponent - picking one arbitrarily
[2016.01.31-12.29.21:155][313]LogActor:Warning: GameNetworkManager /Game/FirstPersonBP/Maps/UEDPIE_0_FirstPersonExampleMap.FirstPersonExampleMap:PersistentLevel.GameNetworkManager_10 has natively added scene component(s), but none of them were set as the actor's RootComponent - picking one arbitrarily
[2016.01.31-12.29.21:157][313]LogWorld: Bringing up level for play took: 0.026395
[2016.01.31-12.29.21:166][313]PIE: Info Play in editor start time for /Game/FirstPersonBP/Maps/UEDPIE_0_FirstPersonExampleMap 1.144
[2016.01.31-12.29.21:167][313]LogBlueprintUserMessages: Late PlayInEditor Detection: Level '/Game/FirstPersonBP/Maps/FirstPersonExampleMap.FirstPersonExampleMap:PersistentLevel' has LevelScriptBlueprint '/Game/FirstPersonBP/Maps/FirstPersonExampleMap.FirstPersonExampleMap:PersistentLevel.FirstPersonExampleMap' with GeneratedClass '/Game/FirstPersonBP/Maps/FirstPersonExampleMap.FirstPersonExampleMap_C' with ClassGeneratedBy '/Game/FirstPersonBP/Maps/FirstPersonExampleMap.FirstPersonExampleMap:PersistentLevel.FirstPersonExampleMap'
[2016.01.31-12.29.48:147][890]LogBlueprintUserMessages: Early EndPlayMap Detection: Level '/Game/FirstPersonBP/Maps/FirstPersonExampleMap.FirstPersonExampleMap:PersistentLevel' has LevelScriptBlueprint '/Game/FirstPersonBP/Maps/FirstPersonExampleMap.FirstPersonExampleMap:PersistentLevel.FirstPersonExampleMap' with GeneratedClass '/Game/FirstPersonBP/Maps/FirstPersonExampleMap.FirstPersonExampleMap_C' with ClassGeneratedBy '/Game/FirstPersonBP/Maps/FirstPersonExampleMap.FirstPersonExampleMap:PersistentLevel.FirstPersonExampleMap'
[2016.01.31-12.29.48:341][890]LogBlueprintUserMessages: Late EndPlayMap Detection: Level '/Game/FirstPersonBP/Maps/FirstPersonExampleMap.FirstPersonExampleMap:PersistentLevel' has LevelScriptBlueprint '/Game/FirstPersonBP/Maps/FirstPersonExampleMap.FirstPersonExampleMap:PersistentLevel.FirstPersonExampleMap' with GeneratedClass '/Game/FirstPersonBP/Maps/FirstPersonExampleMap.FirstPersonExampleMap_C' with ClassGeneratedBy '/Game/FirstPersonBP/Maps/FirstPersonExampleMap.FirstPersonExampleMap:PersistentLevel.FirstPersonExampleMap'
[2016.01.31-12.29.48:571][890]LogParticles: Destroying 0 GPU particle simulations for FXSystem 0x0000026B9D0A40E0
[2016.01.31-12.30.13:351][339]Cmd: TRANSACTION UNDO
[2016.01.31-12.30.13:351][339]LogEditorTransaction: Undo Delete current selection
[2016.01.31-12.30.14:169][352]LogEditorTransaction: Undo Delete current selection
[2016.01.31-12.30.14:707][362]LogEditorTransaction: Undo Delete current selection
[2016.01.31-12.30.15:022][364]LogEditorTransaction: Undo Delete current selection
[2016.01.31-12.30.15:474][368]LogEditorTransaction: Undo Change Number Pin Value
[2016.01.31-12.30.19:576][436]BlueprintLog: New page: Compile Coin
[2016.01.31-12.30.19:806][436]BlueprintEditorCompileResults: Info [8451.13] Compile of Coin successful! [in 229 ms]
[2016.01.31-12.30.33:842][680]LogBlueprintUserMessages: Early PlayInEditor Detection: Level '/Game/FirstPersonBP/Maps/FirstPersonExampleMap.FirstPersonExampleMap:PersistentLevel' has LevelScriptBlueprint '/Game/FirstPersonBP/Maps/FirstPersonExampleMap.FirstPersonExampleMap:PersistentLevel.FirstPersonExampleMap' with GeneratedClass '/Game/FirstPersonBP/Maps/FirstPersonExampleMap.FirstPersonExampleMap_C' with ClassGeneratedBy '/Game/FirstPersonBP/Maps/FirstPersonExampleMap.FirstPersonExampleMap:PersistentLevel.FirstPersonExampleMap'
[2016.01.31-12.30.33:842][680]BlueprintLog: New page: Pre-Play auto-recompile
[2016.01.31-12.30.33:857][680]LogPlayLevel: [PlayLevel] Compiling FPSGM before play...
[2016.01.31-12.30.34:005][680]LogPlayLevel: PlayLevel: Blueprint regeneration took 162 ms (2 blueprints)
[2016.01.31-12.30.34:018][680]LogPlayLevel: [PlayLevel] Compiling Coin before play...
[2016.01.31-12.30.34:168][680]LogPlayLevel: PlayLevel: Blueprint regeneration took 325 ms (2 blueprints)
[2016.01.31-12.30.34:279][680]PIE: New page: PIE session: FirstPersonExampleMap (Jan 31, 2016, 2:30:34 PM)
[2016.01.31-12.30.34:279][680]LogPlayLevel: Creating play world package: /Game/FirstPersonBP/Maps/UEDPIE_0_FirstPersonExampleMap
[2016.01.31-12.30.34:339][680]LogPlayLevel: PIE: StaticDuplicateObject took: (0.059233s)
[2016.01.31-12.30.34:340][680]LogAIModule: Creating AISystem for world FirstPersonExampleMap
[2016.01.31-12.30.34:341][680]LogPlayLevel: PIE: World Init took: (0.001907s)
[2016.01.31-12.30.34:342][680]LogPlayLevel: PIE: Created PIE world by copying editor world from /Game/FirstPersonBP/Maps/FirstPersonExampleMap.FirstPersonExampleMap to /Game/FirstPersonBP/Maps/UEDPIE_0_FirstPersonExampleMap.FirstPersonExampleMap (0.062200s)
[2016.01.31-12.30.34:476][680]LogInit: XAudio2 using 'Speakers (Realtek High Definition Audio)' : 2 channels at 48 kHz using 32 bits per sample (channel mask 0x3)
[2016.01.31-12.30.34:498][680]LogInit: FAudioDevice initialized.
[2016.01.31-12.30.34:552][680]LogWorld: Game class is 'FirstPersonGameMode_C'
[2016.01.31-12.30.34:563][680]LogWorld: Bringing World /Game/FirstPersonBP/Maps/UEDPIE_0_FirstPersonExampleMap.FirstPersonExampleMap up for play (max tick rate 60) at 2016.01.31-13.30.34
[2016.01.31-12.30.34:563][680]LogActor:Warning: GameSession /Game/FirstPersonBP/Maps/UEDPIE_0_FirstPersonExampleMap.FirstPersonExampleMap:PersistentLevel.GameSession_9 has natively added scene component(s), but none of them were set as the actor's RootComponent - picking one arbitrarily
[2016.01.31-12.30.34:564][680]LogActor:Warning: GameNetworkManager /Game/FirstPersonBP/Maps/UEDPIE_0_FirstPersonExampleMap.FirstPersonExampleMap:PersistentLevel.GameNetworkManager_11 has natively added scene component(s), but none of them were set as the actor's RootComponent - picking one arbitrarily
[2016.01.31-12.30.34:564][680]LogWorld: Bringing up level for play took: 0.010460
[2016.01.31-12.30.34:567][680]PIE: Info Play in editor start time for /Game/FirstPersonBP/Maps/UEDPIE_0_FirstPersonExampleMap 0.545
[2016.01.31-12.30.34:567][680]LogBlueprintUserMessages: Late PlayInEditor Detection: Level '/Game/FirstPersonBP/Maps/FirstPersonExampleMap.FirstPersonExampleMap:PersistentLevel' has LevelScriptBlueprint '/Game/FirstPersonBP/Maps/FirstPersonExampleMap.FirstPersonExampleMap:PersistentLevel.FirstPersonExampleMap' with GeneratedClass '/Game/FirstPersonBP/Maps/FirstPersonExampleMap.FirstPersonExampleMap_C' with ClassGeneratedBy '/Game/FirstPersonBP/Maps/FirstPersonExampleMap.FirstPersonExampleMap:PersistentLevel.FirstPersonExampleMap'
[2016.01.31-12.30.41:439][840]LogBlueprintUserMessages: Early EndPlayMap Detection: Level '/Game/FirstPersonBP/Maps/FirstPersonExampleMap.FirstPersonExampleMap:PersistentLevel' has LevelScriptBlueprint '/Game/FirstPersonBP/Maps/FirstPersonExampleMap.FirstPersonExampleMap:PersistentLevel.FirstPersonExampleMap' with GeneratedClass '/Game/FirstPersonBP/Maps/FirstPersonExampleMap.FirstPersonExampleMap_C' with ClassGeneratedBy '/Game/FirstPersonBP/Maps/FirstPersonExampleMap.FirstPersonExampleMap:PersistentLevel.FirstPersonExampleMap'
[2016.01.31-12.30.41:613][840]LogBlueprintUserMessages: Late EndPlayMap Detection: Level '/Game/FirstPersonBP/Maps/FirstPersonExampleMap.FirstPersonExampleMap:PersistentLevel' has LevelScriptBlueprint '/Game/FirstPersonBP/Maps/FirstPersonExampleMap.FirstPersonExampleMap:PersistentLevel.FirstPersonExampleMap' with GeneratedClass '/Game/FirstPersonBP/Maps/FirstPersonExampleMap.FirstPersonExampleMap_C' with ClassGeneratedBy '/Game/FirstPersonBP/Maps/FirstPersonExampleMap.FirstPersonExampleMap:PersistentLevel.FirstPersonExampleMap'
[2016.01.31-12.30.42:006][841]LogParticles: Destroying 0 GPU particle simulations for FXSystem 0x0000026BB376F380
[2016.01.31-12.31.28:921][302]LogActorComponent: UnregisterComponent: (/Engine/Transient.ProjectileMovementComponent_40__A6522401) Not registered. Aborting.
[2016.01.31-12.31.28:921][302]LogActorComponent: UnregisterComponent: (/Engine/Transient.CharMoveComp) Not registered. Aborting.
[2016.01.31-12.31.41:842][302]LogSavePackage: Save=12659.734375ms
[2016.01.31-12.31.41:842][302]LogSavePackage: Moving '../../../../../../Users/Myran/Documents/Unreal Projects/FPS/Saved/FirstPersonExampleMap_Auto35222BE4D467A61115E08749C241B4D09.tmp' to '../../../../../../Users/Myran/Documents/Unreal Projects/FPS/Saved/Autosaves/Game/FirstPersonBP/Maps/FirstPersonExampleMap_Auto3.umap'
[2016.01.31-12.31.41:901][302]LogSavePackage: Total save time: 12827.003568ms
[2016.01.31-12.31.41:901][302]LogSavePackage:Display: Finished SavePackage ../../../../../../Users/Myran/Documents/Unreal Projects/FPS/Saved/Autosaves/Game/FirstPersonBP/Maps/FirstPersonExampleMap_Auto3.umap
[2016.01.31-12.31.41:905][302]LogFileHelpers: Editor autosave (incl. sublevels) for '/Game/FirstPersonBP/Maps/FirstPersonExampleMap' took 12.984
[2016.01.31-12.31.41:905][302]LogFileHelpers: Editor autosave (incl. sublevels) for all levels took 12.984
[2016.01.31-12.31.41:934][302]OBJ SavePackage: Generating thumbnails for [1] asset(s) in package [/Game/FirstPersonBP/Blueprints/Coin] ([1] browsable assets)...
[2016.01.31-12.31.41:970][302]OBJ SavePackage:     Rendered thumbnail for [Blueprint /Game/FirstPersonBP/Blueprints/Coin.Coin]
[2016.01.31-12.31.41:970][302]OBJ SavePackage: Finished generating thumbnails for package [/Game/FirstPersonBP/Blueprints/Coin]
[2016.01.31-12.31.42:118][302]LogSavePackage: Save=128.304321ms
[2016.01.31-12.31.42:118][302]LogSavePackage: Moving '../../../../../../Users/Myran/Documents/Unreal Projects/FPS/Saved/Coin_Auto3EA8BB7FE4F0468D6FF4FA0A4ACD3E0CA.tmp' to '../../../../../../Users/Myran/Documents/Unreal Projects/FPS/Saved/Autosaves/Game/FirstPersonBP/Blueprints/Coin_Auto3.uasset'
[2016.01.31-12.31.42:133][302]LogSavePackage: Total save time: 158.563141ms
[2016.01.31-12.31.42:133][302]LogSavePackage:Display: Finished SavePackage ../../../../../../Users/Myran/Documents/Unreal Projects/FPS/Saved/Autosaves/Game/FirstPersonBP/Blueprints/Coin_Auto3.uasset
[2016.01.31-12.31.42:145][302]OBJ SavePackage: Generating thumbnails for [0] asset(s) in package [/Game/FirstPersonBP/Blueprints/FPSGM] ([1] browsable assets)...
[2016.01.31-12.31.42:145][302]OBJ SavePackage: Finished generating thumbnails for package [/Game/FirstPersonBP/Blueprints/FPSGM]
[2016.01.31-12.31.42:210][302]LogSavePackage: Save=58.697456ms
[2016.01.31-12.31.42:210][302]LogSavePackage: Moving '../../../../../../Users/Myran/Documents/Unreal Projects/FPS/Saved/FPSGM_Auto3BC50727D49F230261E63FB9DBAA020C0.tmp' to '../../../../../../Users/Myran/Documents/Unreal Projects/FPS/Saved/Autosaves/Game/FirstPersonBP/Blueprints/FPSGM_Auto3.uasset'
[2016.01.31-12.31.42:217][302]LogSavePackage: Total save time: 67.817494ms
[2016.01.31-12.31.42:217][302]LogSavePackage:Display: Finished SavePackage ../../../../../../Users/Myran/Documents/Unreal Projects/FPS/Saved/Autosaves/Game/FirstPersonBP/Blueprints/FPSGM_Auto3.uasset
[2016.01.31-12.31.42:217][302]LogFileHelpers: Auto-saving content packages took 0.299
[2016.01.31-12.32.46:606][464]LogSlate:Warning: Prevented a slow task dialog from being summoned while a context menu was open
[2016.01.31-12.33.31:986][222]LogEditorTransaction: Undo Delete current selection
[2016.01.31-12.33.32:008][222]LogActorComponent: UnregisterComponent: (/Engine/Transient.ProjectileMovementComponent_40__A6522401) Not registered. Aborting.
[2016.01.31-12.33.32:008][222]LogActorComponent: UnregisterComponent: (/Engine/Transient.CharMoveComp) Not registered. Aborting.
[2016.01.31-12.33.32:600][232]LogEditorTransaction: Undo Delete current selection
[2016.01.31-12.33.33:279][246]LogEditorTransaction: Undo Delete current selection
[2016.01.31-12.33.49:654][488]LogActorComponent: UnregisterComponent: (/Engine/Transient.ProjectileMovementComponent_0) Not registered. Aborting.
[2016.01.31-12.33.49:654][488]LogActorComponent: UnregisterComponent: (/Engine/Transient.CharacterMovementComponent_4) Not registered. Aborting.
[2016.01.31-12.33.58:793][576]LogBlueprintUserMessages: Early PlayInEditor Detection: Level '/Game/FirstPersonBP/Maps/FirstPersonExampleMap.FirstPersonExampleMap:PersistentLevel' has LevelScriptBlueprint '/Game/FirstPersonBP/Maps/FirstPersonExampleMap.FirstPersonExampleMap:PersistentLevel.FirstPersonExampleMap' with GeneratedClass '/Game/FirstPersonBP/Maps/FirstPersonExampleMap.FirstPersonExampleMap_C' with ClassGeneratedBy '/Game/FirstPersonBP/Maps/FirstPersonExampleMap.FirstPersonExampleMap:PersistentLevel.FirstPersonExampleMap'
[2016.01.31-12.33.58:793][576]BlueprintLog: New page: Pre-Play auto-recompile
[2016.01.31-12.33.58:815][576]LogActorComponent: UnregisterComponent: (/Engine/Transient.ProjectileMovementComponent_40__A6522401) Not registered. Aborting.
[2016.01.31-12.33.58:815][576]LogActorComponent: UnregisterComponent: (/Engine/Transient.CharMoveComp) Not registered. Aborting.
[2016.01.31-12.33.58:840][576]LogPlayLevel: [PlayLevel] Compiling Coin before play...
[2016.01.31-12.33.59:333][576]LogPlayLevel: PlayLevel: Blueprint regeneration took 540 ms (2 blueprints)
[2016.01.31-12.33.59:354][576]LogPlayLevel: [PlayLevel] Compiling FPSGM before play...
[2016.01.31-12.33.59:726][576]LogPlayLevel: PlayLevel: Blueprint regeneration took 932 ms (2 blueprints)
[2016.01.31-12.33.59:990][576]PIE: New page: PIE session: FirstPersonExampleMap (Jan 31, 2016, 2:33:59 PM)
[2016.01.31-12.33.59:991][576]LogPlayLevel: Creating play world package: /Game/FirstPersonBP/Maps/UEDPIE_0_FirstPersonExampleMap
[2016.01.31-12.34.00:110][576]LogPlayLevel: PIE: StaticDuplicateObject took: (0.118861s)
[2016.01.31-12.34.00:117][576]LogAIModule: Creating AISystem for world FirstPersonExampleMap
[2016.01.31-12.34.00:118][576]LogPlayLevel: PIE: World Init took: (0.007215s)
[2016.01.31-12.34.00:119][576]LogPlayLevel: PIE: Created PIE world by copying editor world from /Game/FirstPersonBP/Maps/FirstPersonExampleMap.FirstPersonExampleMap to /Game/FirstPersonBP/Maps/UEDPIE_0_FirstPersonExampleMap.FirstPersonExampleMap (0.127442s)
[2016.01.31-12.34.00:428][576]LogInit: XAudio2 using 'Speakers (Realtek High Definition Audio)' : 2 channels at 48 kHz using 32 bits per sample (channel mask 0x3)
[2016.01.31-12.34.00:504][576]LogInit: FAudioDevice initialized.
[2016.01.31-12.34.00:623][576]LogLinker:Warning: Can't find file '/Game/FirstPersonBP/Blueprints/FirstPersonGameMode'
[2016.01.31-12.34.00:625][576]LogLinker:Warning: Can't find file '/Game/FirstPersonBP/Blueprints/FirstPersonGameMode'
[2016.01.31-12.34.00:626][576]LogUObjectGlobals:Warning: Failed to find object 'Class /Game/FirstPersonBP/Blueprints/FirstPersonGameMode.FirstPersonGameMode_C'
[2016.01.31-12.34.00:626][576]LogWorld: Game class is 'GameMode'
[2016.01.31-12.34.00:656][576]LogWorld: Bringing World /Game/FirstPersonBP/Maps/UEDPIE_0_FirstPersonExampleMap.FirstPersonExampleMap up for play (max tick rate 60) at 2016.01.31-13.34.00
[2016.01.31-12.34.00:657][576]LogActor:Warning: GameSession /Game/FirstPersonBP/Maps/UEDPIE_0_FirstPersonExampleMap.FirstPersonExampleMap:PersistentLevel.GameSession_10 has natively added scene component(s), but none of them were set as the actor's RootComponent - picking one arbitrarily
[2016.01.31-12.34.00:657][576]LogActor:Warning: GameNetworkManager /Game/FirstPersonBP/Maps/UEDPIE_0_FirstPersonExampleMap.FirstPersonExampleMap:PersistentLevel.GameNetworkManager_12 has natively added scene component(s), but none of them were set as the actor's RootComponent - picking one arbitrarily
[2016.01.31-12.34.00:659][576]LogWorld: Bringing up level for play took: 0.030546
[2016.01.31-12.35.25:876][576]LogScriptCore: Script call stack:
	Function /Game/FirstPersonBP/Blueprints/Coin.Coin_C:BndEvt__Capsule_K2Node_ComponentBoundEvent_33_ComponentBeginOverlapSignature__DelegateSignature
	Function /Game/FirstPersonBP/Blueprints/Coin.Coin_C:ExecuteUbergraph_Coin

[2016.01.31-12.35.25:876][576]LogScript:Warning: Runaway loop detected (over 10