[2016.02.02-13.34.43:978][  0]Log file open, 02/02/16 14:34:43
[2016.02.02-13.34.43:978][  0]LogInit:Display: Running engine for game: FPS
[2016.02.02-13.34.43:978][  0]LogPlatformFile: Not using cached read wrapper
[2016.02.02-13.34.43:978][  0]LogInit:Display: RandInit(1102851372) SRandInit(1102851374).
[2016.02.02-13.34.43:978][  0]LogTaskGraph: Started task graph with 4 named threads and 5 total threads.
[2016.02.02-13.34.43:978][  0]LogStats: Stats thread started at 0.084967
[2016.02.02-13.34.43:978][  0]LogInit: Version: 4.10.2-2818068+++depot+UE4-Releases+4.10
[2016.02.02-13.34.43:978][  0]LogInit: API Version: 2758231
[2016.02.02-13.34.43:978][  0]LogInit: Compiled (64-bit): Jan  6 2016 17:36:42
[2016.02.02-13.34.43:978][  0]LogInit: Compiled with Visual C++: 19.00.23026.00
[2016.02.02-13.34.43:978][  0]LogInit: Build Configuration: Development
[2016.02.02-13.34.43:978][  0]LogInit: Branch Name: ++depot+UE4-Releases+4.10
[2016.02.02-13.34.43:978][  0]LogInit: Command line:  
[2016.02.02-13.34.43:978][  0]LogInit: Base directory: C:/Program Files (x86)/Epic Games/4.10/Engine/Binaries/Win64/
[2016.02.02-13.34.43:978][  0]LogInit: Rocket: 1
[2016.02.02-13.34.43:989][  0]LogInit: Using libcurl 7.41.0
[2016.02.02-13.34.43:989][  0]LogInit:  - built for x86_64-pc-win32
[2016.02.02-13.34.43:989][  0]LogInit:  - supports SSL with WinSSL
[2016.02.02-13.34.43:989][  0]LogInit:  - other features:
[2016.02.02-13.34.43:989][  0]LogInit:      CURL_VERSION_SSL
[2016.02.02-13.34.43:989][  0]LogInit:      CURL_VERSION_IPV6
[2016.02.02-13.34.43:989][  0]LogInit:      CURL_VERSION_ASYNCHDNS
[2016.02.02-13.34.43:989][  0]LogInit:      CURL_VERSION_LARGEFILE
[2016.02.02-13.34.43:989][  0]LogInit:      CURL_VERSION_IDN
[2016.02.02-13.34.43:990][  0]LogInit:  CurlRequestOptions (configurable via config and command line):
[2016.02.02-13.34.43:990][  0]LogInit:  - bVerifyPeer = true  - Libcurl will verify peer certificate
[2016.02.02-13.34.43:990][  0]LogInit:  - bUseHttpProxy = false  - Libcurl will NOT use HTTP proxy
[2016.02.02-13.34.43:990][  0]LogInit:  - bDontReuseConnections = false  - Libcurl will reuse connections
[2016.02.02-13.34.43:990][  0]LogInit:  - CertBundlePath = nullptr  - Libcurl will use whatever was configured at build time.
[2016.02.02-13.34.44:001][  0]LogInit: Presizing for 0 objects not considered by GC, pre-allocating 0 bytes.
[2016.02.02-13.34.44:011][  0]LogInit: Object subsystem initialized
[2016.02.02-13.34.44:013][  0]LogInit: Selected Device Profile: [Windows]
[2016.02.02-13.34.44:013][  0]LogInit: Applying CVar settings loaded from the selected device profile: [Windows]
[2016.02.02-13.34.44:027][  0]LogInit: Computer: DESKTOP-JHQJSTD
[2016.02.02-13.34.44:027][  0]LogInit: User: Myran
[2016.02.02-13.34.44:027][  0]LogInit: CPU Page size=4096, Cores=2
[2016.02.02-13.34.44:027][  0]LogInit: High frequency timer resolution =2.241000 MHz
[2016.02.02-13.34.44:027][  0]LogMemory: Memory total: Physical=3.9GB (4GB approx)
[2016.02.02-13.34.44:027][  0]LogMemory: Platform Memory Stats for Windows
[2016.02.02-13.34.44:027][  0]LogMemory: Process Physical Memory: 56.40 MB used, 56.40 MB peak
[2016.02.02-13.34.44:027][  0]LogMemory: Process Virtual Memory: 57.84 MB used, 57.84 MB peak
[2016.02.02-13.34.44:027][  0]LogMemory: Physical Memory: 2010.86 MB used, 4001.87 MB total
[2016.02.02-13.34.44:027][  0]LogMemory: Virtual Memory: 383.30 MB used, 134217728.00 MB total
[2016.02.02-13.34.44:071][  0]LogTextLocalizationManager: No translations for ('de-DE') exist, falling back to 'en' for localization and internationalization data.
[2016.02.02-13.34.44:764][  0]LogD3D11RHI: Found D3D11 adapter 0: NVIDIA GeForce GT 630M (Feature Level 11_0)
[2016.02.02-13.34.44:764][  0]LogD3D11RHI: Adapter has 973MB of dedicated video memory, 0MB of dedicated system memory, and 2000MB of shared system memory, 2 output[s]
[2016.02.02-13.34.44:787][  0]LogD3D11RHI: Found D3D11 adapter 1: NVIDIA GeForce GT 630M (Feature Level 11_0)
[2016.02.02-13.34.44:787][  0]LogD3D11RHI: Adapter has 973MB of dedicated video memory, 0MB of dedicated system memory, and 2000MB of shared system memory, 0 output[s]
[2016.02.02-13.34.44:791][  0]LogD3D11RHI: Found D3D11 adapter 2: Microsoft Basic Render Driver (Feature Level 11_0)
[2016.02.02-13.34.44:791][  0]LogD3D11RHI: Adapter has 973MB of dedicated video memory, 0MB of dedicated system memory, and 2000MB of shared system memory, 0 output[s]
[2016.02.02-13.34.44:791][  0]LogD3D11RHI: Chosen D3D11 Adapter Id = 0
[2016.02.02-13.34.44:800][  0]LogD3D11RHI: !Direct3DDevice
[2016.02.02-13.34.44:800][  0]LogRHI: Texture pool is 1361 MB (70% of 1945 MB)
[2016.02.02-13.34.44:817][  0]LogD3D11RHI: Async texture creation enabled
[2016.02.02-13.34.44:836][  0]LogShaderCompilers: Guid format shader working directory is 10 characters bigger than the processId version (D:/Uni/3. Semester/ME/Pacmansion/FPS/Intermediate/Shaders/WorkingDirectory/5804/).
[2016.02.02-13.34.44:836][  0]LogShaderCompilers: Cleaned the shader compiler working directory 'C:/Users/Myran/AppData/Local/Temp/UnrealShaderWorkingDir/A824524348D33DD474909DB756B464C8/'.
[2016.02.02-13.34.44:836][  0]LogShaderCompilers:Display: Using Local Shader Compiler.
[2016.02.02-13.34.46:124][  0]LogTemp:Display: Loaded TP AllDesktopTargetPlatform
[2016.02.02-13.34.46:132][  0]LogTemp:Display: Loaded TP WindowsClientTargetPlatform
[2016.02.02-13.34.46:139][  0]LogTemp:Display: Loaded TP WindowsNoEditorTargetPlatform
[2016.02.02-13.34.46:147][  0]LogTemp:Display: Loaded TP WindowsServerTargetPlatform
[2016.02.02-13.34.46:154][  0]LogTemp:Display: Loaded TP WindowsTargetPlatform
[2016.02.02-13.34.46:159][  0]LogTemp:Display: Loaded TP AndroidTargetPlatform
[2016.02.02-13.34.46:163][  0]LogTemp:Display: Loaded TP Android_ASTCTargetPlatform
[2016.02.02-13.34.46:168][  0]LogTemp:Display: Loaded TP Android_ATCTargetPlatform
[2016.02.02-13.34.46:173][  0]LogTemp:Display: Loaded TP Android_DXTTargetPlatform
[2016.02.02-13.34.46:177][  0]LogTemp:Display: Loaded TP Android_ETC1TargetPlatform
[2016.02.02-13.34.46:182][  0]LogTemp:Display: Loaded TP Android_ETC2TargetPlatform
[2016.02.02-13.34.46:192][  0]LogTemp:Display: Loaded TP Android_MultiTargetPlatform
[2016.02.02-13.34.46:192][  0]LogTemp:Display: Loaded TP Android_PVRTCTargetPlatform
[2016.02.02-13.34.46:193][  0]LogTemp:Display: Loaded TP HTML5TargetPlatform
[2016.02.02-13.34.46:213][  0]LogTemp:Display: Loaded TP IOSTargetPlatform
[2016.02.02-13.34.46:217][  0]LogTemp:Display: Loaded TP LinuxNoEditorTargetPlatform
[2016.02.02-13.34.46:222][  0]LogTemp:Display: Loaded TP LinuxServerTargetPlatform
[2016.02.02-13.34.46:227][  0]LogTemp:Display: Loaded TP LinuxTargetPlatform
[2016.02.02-13.34.46:227][  0]LogTargetPlatformManager:Display: Building Assets For Windows
[2016.02.02-13.34.46:357][  0]LogDerivedDataCache:Display: Max Cache Size: 512 MB
[2016.02.02-13.34.46:440][  0]LogDerivedDataCache: Loaded boot cache 0.08s 41MB C:/Users/Myran/AppData/Local/UnrealEngine/4.10/DerivedDataCache/Boot.ddc.
[2016.02.02-13.34.46:440][  0]LogDerivedDataCache:Display: Loaded Boot cache: C:/Users/Myran/AppData/Local/UnrealEngine/4.10/DerivedDataCache/Boot.ddc
[2016.02.02-13.34.46:440][  0]LogDerivedDataCache: FDerivedDataBackendGraph:  Pak pak cache file D:/Uni/3. Semester/ME/Pacmansion/FPS/DerivedDataCache/DDC.ddp not found, will not use a pak cache.
[2016.02.02-13.34.46:440][  0]LogDerivedDataCache: Unable to find inner node Pak for hierarchical cache Hierarchy.
[2016.02.02-13.34.46:440][  0]LogDerivedDataCache: FDerivedDataBackendGraph:  CompressedPak pak cache file D:/Uni/3. Semester/ME/Pacmansion/FPS/DerivedDataCache/Compressed.ddp not found, will not use a pak cache.
[2016.02.02-13.34.46:440][  0]LogDerivedDataCache: Unable to find inner node CompressedPak for hierarchical cache Hierarchy.
[2016.02.02-13.34.46:530][  0]LogDerivedDataCache:Display: Pak cache opened for reading ../../../Engine/DerivedDataCache/Compressed.ddp.
[2016.02.02-13.34.46:543][  0]LogDerivedDataCache: Using Local data cache path C:/Users/Myran/AppData/Local/UnrealEngine/Common/DerivedDataCache: Writable
[2016.02.02-13.34.46:848][  0]LogInit: Selected Device Profile: [Windows]
[2016.02.02-13.34.46:853][  0]LogContentStreaming: Texture pool size is 0.000000MB
[2016.02.02-13.34.47:023][  0]LogMeshUtilities: No automatic mesh reduction module available
[2016.02.02-13.34.47:024][  0]LogMeshUtilities: No automatic mesh merging module available
[2016.02.02-13.34.47:378][  0]LogInit: WinSock: version 1.1 (2.2), MaxSocks=32767, MaxUdp=65467
[2016.02.02-13.34.48:510][  0]UdpMessaging: Initializing bridge on interface 0.0.0.0:0 to multicast group 230.0.0.1:6666.
[2016.02.02-13.34.48:511][  0]FUdpSocketBuilder: Failed to create the socket UdpMessageMulticastSocket as configured
[2016.02.02-13.34.48:511][  0]UdpMessageTransport.StartTransport: Failed to create multicast socket on 0.0.0.0:0, joined to 230.0.0.1:6666 with TTL 1
[2016.02.02-13.34.48:615][  0]LogAssetRegistry: FAssetRegistry took 0.0110 seconds to start up
[2016.02.02-13.34.48:884][  0]SourceControl: Info Source control is disabled
[2016.02.02-13.34.48:974][  0]SourceControl: Info Source control is disabled
[2016.02.02-13.34.49:001][  0]SourceControl: Info Source control is disabled
[2016.02.02-13.34.49:024][  0]SourceControl: Info Source control is disabled
[2016.02.02-13.34.49:383][  0]LogObj: 28633 objects as part of root set at end of initial load.
[2016.02.02-13.34.49:383][  0]LogUObjectAllocator: 6099744 out of 0 bytes used by permanent object pool.
[2016.02.02-13.34.49:462][  0]LogEngine: Initializing Engine...
[2016.02.02-13.34.49:466][  0]LogHMD: Can't find Oculus library dev build: is proper Runtime installed? Version: 0.8.0.0
[2016.02.02-13.34.49:467][  0]LogHMD: SteamVR failed to initialize.  Err: 110
[2016.02.02-13.34.49:655][  0]LogAIModule: Creating AISystem for world NewWorld
[2016.02.02-13.34.49:669][  0]LogInit: XAudio2 using 'Speakers (Realtek High Definition Audio)' : 2 channels at 48 kHz using 32 bits per sample (channel mask 0x3)
[2016.02.02-13.34.49:688][  0]LogInit: FAudioDevice initialized.
[2016.02.02-13.34.49:722][  0]LogDerivedDataCache: Saved boot cache 0.03s 41MB C:/Users/Myran/AppData/Local/UnrealEngine/4.10/DerivedDataCache/Boot.ddc.
[2016.02.02-13.34.49:732][  0]LogInit: Texture streaming: Enabled
[2016.02.02-13.34.49:741][  0]LogAnalytics: Creating configured Analytics provider AnalyticsET
[2016.02.02-13.34.49:741][  0]LogAnalytics: [UEEditor.Rocket.Release] APIServer = http://et2.epicgames.com/ET2/. AppVersion = 4.10.2-2818068+++depot+UE4-Releases+4.10
[2016.02.02-13.34.49:741][  0]LogAnalytics: [UEEditor.Rocket.Release] SetUserId 12189b20408bbc0b2d4557975c2d7ef4|20c8adfa9f9640e5a57c17fd2f2868d5|ceb4ef6f-e501-4244-a277-49f194b9a0bc
[2016.02.02-13.34.49:741][  0]LogAnalytics: [UEEditor.Rocket.Release] AnalyticsET::StartSession
[2016.02.02-13.34.50:135][  0]LogInit: Transaction tracking system initialized
[2016.02.02-13.34.50:188][  0]BlueprintLog: New page: Editor Load
[2016.02.02-13.34.50:339][  0]LocalizationService: Info Localization service is disabled
[2016.02.02-13.34.50:445][  0]LogLinker:Warning: Can't find file '/Game/ThirdPersonBP/ThirdPersonOverview'
[2016.02.02-13.34.50:445][  0]LogLinker:Warning: Can't find file '/Game/ThirdPersonBP/ThirdPersonOverview'
[2016.02.02-13.34.50:445][  0]LogUObjectGlobals:Warning: Failed to find object 'Class /Game/ThirdPersonBP/ThirdPersonOverview.ThirdPersonOverview_C'
[2016.02.02-13.34.50:681][  0]LogConsoleResponse:Display: 
[2016.02.02-13.34.50:877][  0]LogCook:Display: Done creating registry. It took  0.00s.
[2016.02.02-13.34.51:011][  0]LogFileCache: Scanning file cache for directory 'D:/Uni/3. Semester/ME/Pacmansion/FPS/Content/' took 0.02s
[2016.02.02-13.34.51:011][  0]SourceControl: Info Source control is disabled
[2016.02.02-13.34.51:011][  0]Cmd: MAP LOAD FILE="D:/Uni/3. Semester/ME/Pacmansion/FPS/Content/FirstPersonBP/Maps/FirstPersonExampleMap.umap" TEMPLATE=0 SHOWPROGRESS=1 FEATURELEVEL=3
[2016.02.02-13.34.51:012][  0]LightingResults: New page: Lighting Build
[2016.02.02-13.34.51:017][  0]MapCheck: New page: Map Check
[2016.02.02-13.34.51:017][  0]LightingResults: New page: Lighting Build
[2016.02.02-13.34.51:052][  0]LogParticles: Destroying 0 GPU particle simulations for FXSystem 0x00000205C03CA160
[2016.02.02-13.34.51:848][  0]LogAIModule: Creating AISystem for world FirstPersonExampleMap
[2016.02.02-13.34.51:871][  0]LogEditorServer: Finished looking for orphan Actors (0.000 secs)
[2016.02.02-13.34.51:871][  0]Cmd: MAP CHECKDEP NOCLEARLOG
[2016.02.02-13.34.51:979][  0]MapCheck: Info Map check complete: 0 Error(s), 0 Warning(s), took 107.353ms to complete.
[2016.02.02-13.34.51:979][  0]LogFileHelpers: Loading map 'FirstPersonExampleMap' took 0.968
[2016.02.02-13.34.52:123][  0]LogCollectionManager: Loaded 0 collections in 0.015547 seconds
[2016.02.02-13.34.52:221][  0]LogFileCache: Scanning file cache for directory 'D:/Uni/3. Semester/ME/Pacmansion/FPS/Saved/Collections/' took 0.01s
[2016.02.02-13.34.52:221][  0]LogFileCache: Scanning file cache for directory 'D:/Uni/3. Semester/ME/Pacmansion/FPS/Content/Developers/Myran/Collections/' took 0.03s
[2016.02.02-13.34.52:221][  0]LogFileCache: Scanning file cache for directory 'D:/Uni/3. Semester/ME/Pacmansion/FPS/Content/Collections/' took 0.03s
[2016.02.02-13.34.52:221][  0]LogCollectionManager: Rebuilt the GUID cache for 0 collections in 0.000003 seconds
[2016.02.02-13.34.52:241][  0]LogContentBrowser: Native class hierarchy populated in 0.0198 seconds. Added 1893 classes and 338 folders.
[2016.02.02-13.34.52:258][  0]LogContentBrowser: Native class hierarchy updated for 'WidgetCarousel' in 0.0004 seconds. Added 0 classes and 0 folders.
[2016.02.02-13.34.52:375][  0]LogContentBrowser: Native class hierarchy updated for 'AddContentDialog' in 0.0005 seconds. Added 0 classes and 0 folders.
[2016.02.02-13.34.52:436][  0]LogContentBrowser: Native class hierarchy updated for 'SceneOutliner' in 0.0008 seconds. Added 1 classes and 2 folders.
[2016.02.02-13.34.52:462][  0]LogCrashTracker: Crashtracker disabled due to settings.
[2016.02.02-13.34.52:470][  0]LogUObjectGlobals:Warning: Failed to find object 'Class None.'
[2016.02.02-13.34.52:493][  0]LogLoad: Full Startup: 8.99 seconds (BP compile: 0.18 seconds)
[2016.02.02-13.34.52:517][  0]LogOcInput: Can't find Oculus library dev build: is proper Runtime installed? Version: 0.8.0.0
[2016.02.02-13.34.52:627][  0]LogContentStreaming: Texture pool size now 200 MB
[2016.02.02-13.34.52:918][  2]LogRenderer: Reallocating scene render targets to support 824x660 (Frame:2).
[2016.02.02-13.34.53:343][  6]LogAssetRegistry: Asset discovery search completed in 4.7388 seconds
[2016.02.02-13.34.53:343][  6]LogCollectionManager: Rebuilt the object cache for 0 collections in 0.000001 seconds (found 0 objects)
[2016.02.02-13.34.53:343][  6]LogCollectionManager: Fixed up redirectors for 0 collections in 0.000028 seconds (updated 0 objects)
[2016.02.02-13.36.41:147][940]LogAIModule: Creating AISystem for world Level1
[2016.02.02-13.36.41:214][940]Cmd: MAP LOAD FILE="D:/Uni/3. Semester/ME/Pacmansion/FPS/Content/Level1.umap" TEMPLATE=0 SHOWPROGRESS=1 FEATURELEVEL=3
[2016.02.02-13.36.41:214][940]LightingResults: New page: Lighting Build
[2016.02.02-13.36.41:240][940]LoadErrors: New page: Loading map: Level1.umap
[2016.02.02-13.36.41:242][940]MapCheck: New page: Map Check
[2016.02.02-13.36.41:242][940]LightingResults: New page: Lighting Build
[2016.02.02-13.36.41:272][940]LogParticles: Destroying 0 GPU particle simulations for FXSystem 0x00000205B239F2E0
[2016.02.02-13.36.41:288][940]LogEditorServer: Finished looking for orphan Actors (0.000 secs)
[2016.02.02-13.36.41:316][940]Cmd: MAP CHECKDEP NOCLEARLOG
[2016.02.02-13.36.41:413][940]MapCheck: Info Map check complete: 0 Error(s), 0 Warning(s), took 96.261ms to complete.
[2016.02.02-13.36.41:414][940]LogFileHelpers: Loading map 'Level1' took 0.202
[2016.02.02-13.36.55:885][572]LogLinker:Warning: Asset '../../../Engine/Content/ArtTools/RenderToTexture/Macros/RenderToTextureMacros.uasset' has been saved with empty engine version. The asset will be loaded but may be incompatible.
[2016.02.02-13.36.56:626][572]LogContentBrowser: Native class hierarchy updated for 'BlueprintGraph' in 0.0018 seconds. Added 107 classes and 0 folders.
[2016.02.02-13.39.12:471][531]Cmd: OBJ SAVEPACKAGE PACKAGE="/Game/FirstPersonBP/Blueprints/Cherry" FILE="D:/Uni/3. Semester/ME/Pacmansion/FPS/Content/FirstPersonBP/Blueprints/Cherry.uasset" SILENT=true
[2016.02.02-13.39.12:879][531]LogSavePackage: Save=234.572067ms
[2016.02.02-13.39.12:879][531]LogSavePackage: Moving 'D:/Uni/3. Semester/ME/Pacmansion/FPS/Saved/CherryBC188A4D4C64ADB0045DE38F26A76E22.tmp' to 'D:/Uni/3. Semester/ME/Pacmansion/FPS/Content/FirstPersonBP/Blueprints/Cherry.uasset'
[2016.02.02-13.39.12:884][531]LogSavePackage: Total save time: 387.972780ms
[2016.02.02-13.39.12:884][531]LogSavePackage:Display: Finished SavePackage D:/Uni/3. Semester/ME/Pacmansion/FPS/Content/FirstPersonBP/Blueprints/Cherry.uasset
[2016.02.02-13.39.30:025][ 21]LogActorComponent: UnregisterComponent: (/Engine/Transient.CharMoveComp) Not registered. Aborting.
[2016.02.02-13.42.43:659][615]BlueprintLog: New page: Compile Coin
[2016.02.02-13.42.44:294][615]LogParticles: Destroying 0 GPU particle simulations for FXSystem 0x00000205B3AA28E0
[2016.02.02-13.42.44:298][615]LogParticles: Destroying 0 GPU particle simulations for FXSystem 0x00000205B3AA0720
[2016.02.02-13.42.44:335][615]BlueprintEditorCompileResults: Info [0480.82] Compile of Coin successful! [in 656 ms]
[2016.02.02-13.42.45:558][649]Cmd: OBJ SAVEPACKAGE PACKAGE="/Game/FirstPersonBP/Blueprints/Coin" FILE="D:/Uni/3. Semester/ME/Pacmansion/FPS/Content/FirstPersonBP/Blueprints/Coin.uasset" SILENT=true
[2016.02.02-13.42.45:634][649]LogSavePackage: Save=63.165104ms
[2016.02.02-13.42.45:634][649]LogSavePackage: Moving 'D:/Uni/3. Semester/ME/Pacmansion/FPS/Saved/CoinA42DDFE047E126CF19AB08B2E28AE7E7.tmp' to 'D:/Uni/3. Semester/ME/Pacmansion/FPS/Content/FirstPersonBP/Blueprints/Coin.uasset'
[2016.02.02-13.42.45:639][649]LogSavePackage: Total save time: 78.251675ms
[2016.02.02-13.42.45:639][649]LogSavePackage:Display: Finished SavePackage D:/Uni/3. Semester/ME/Pacmansion/FPS/Content/FirstPersonBP/Blueprints/Coin.uasset
[2016.02.02-13.47.19:700][852]Cmd: OBJ SAVEPACKAGE PACKAGE="/Game/FirstPersonBP/Blueprints/FirstPersonCharacter" FILE="D:/Uni/3. Semester/ME/Pacmansion/FPS/Content/FirstPersonBP/Blueprints/FirstPersonCharacter.uasset" SILENT=true
[2016.02.02-13.47.19:986][852]LogSavePackage: Save=192.037933ms
[2016.02.02-13.47.19:986][852]LogSavePackage: Moving 'D:/Uni/3. Semester/ME/Pacmansion/FPS/Saved/FirstPersonCharacterBAAFA87D40B33FDB77D2B1B5F26194A0.tmp' to 'D:/Uni/3. Semester/ME/Pacmansion/FPS/Content/FirstPersonBP/Blueprints/FirstPersonCharacter.uasset'
[2016.02.02-13.47.20:012][852]LogSavePackage: Total save time: 309.767067ms
[2016.02.02-13.47.20:012][852]LogSavePackage:Display: Finished SavePackage D:/Uni/3. Semester/ME/Pacmansion/FPS/Content/FirstPersonBP/Blueprints/FirstPersonCharacter.uasset
[2016.02.02-13.47.34:785][324]LogRenderer: Reallocating scene render targets to support 1012x660 (Frame:14828).
[2016.02.02-13.47.55:244][874]BlueprintLog: New page: Compile FirstPersonCharacter
[2016.02.02-13.47.55:486][874]LogActorComponent: UnregisterComponent: (/Engine/Transient.CharMoveComp) Not registered. Aborting.
[2016.02.02-13.47.55:564][874]BlueprintEditorCompileResults: Info [0792.07] Compile of FirstPersonCharacter successful! [in 320 ms]
[2016.02.02-13.47.58:463][952]Cmd: OBJ SAVEPACKAGE PACKAGE="/Game/FirstPersonBP/Blueprints/FirstPersonCharacter" FILE="D:/Uni/3. Semester/ME/Pacmansion/FPS/Content/FirstPersonBP/Blueprints/FirstPersonCharacter.uasset" SILENT=true
[2016.02.02-13.47.58:790][952]LogSavePackage: Save=315.628296ms
[2016.02.02-13.47.58:790][952]LogSavePackage: Moving 'D:/Uni/3. Semester/ME/Pacmansion/FPS/Saved/FirstPersonCharacter72715A3F4550FF8A09696E9E88CF6EF9.tmp' to 'D:/Uni/3. Semester/ME/Pacmansion/FPS/Content/FirstPersonBP/Blueprints/FirstPersonCharacter.uasset'
[2016.02.02-13.47.58:796][952]LogSavePackage: Total save time: 331.617579ms
[2016.02.02-13.47.58:796][952]LogSavePackage:Display: Finished SavePackage D:/Uni/3. Semester/ME/Pacmansion/FPS/Content/FirstPersonBP/Blueprints/FirstPersonCharacter.uasset
[2016.02.02-13.48.48:387][211]Cmd: OBJ SAVEPACKAGE PACKAGE="/Game/FirstPersonBP/Blueprints/Ghost" FILE="D:/Uni/3. Semester/ME/Pacmansion/FPS/Content/FirstPersonBP/Blueprints/Ghost.uasset" SILENT=true
[2016.02.02-13.48.48:441][211]LogSavePackage: Save=41.716644ms
[2016.02.02-13.48.48:441][211]LogSavePackage: Moving 'D:/Uni/3. Semester/ME/Pacmansion/FPS/Saved/GhostE7DFE5C54A7351DB4CCD71BA775DC15B.tmp' to 'D:/Uni/3. Semester/ME/Pacmansion/FPS/Content/FirstPersonBP/Blueprints/Ghost.uasset'
[2016.02.02-13.48.48:445][211]LogSavePackage: Total save time: 55.580992ms
[2016.02.02-13.48.48:445][211]LogSavePackage:Display: Finished SavePackage D:/Uni/3. Semester/ME/Pacmansion/FPS/Content/FirstPersonBP/Blueprints/Ghost.uasset
[2016.02.02-13.49.13:716][  6]BlueprintLog: New page: Compile Ghost
[2016.02.02-13.49.13:916][  6]BlueprintEditorCompileResults: Info [0870.42] Compile of Ghost successful! [in 200 ms]
[2016.02.02-13.49.15:614][ 56]Cmd: OBJ SAVEPACKAGE PACKAGE="/Game/FirstPersonBP/Blueprints/Ghost" FILE="D:/Uni/3. Semester/ME/Pacmansion/FPS/Content/FirstPersonBP/Blueprints/Ghost.uasset" SILENT=true
[2016.02.02-13.49.15:814][ 56]LogSavePackage: Save=59.998215ms
[2016.02.02-13.49.15:815][ 56]LogSavePackage: Moving 'D:/Uni/3. Semester/ME/Pacmansion/FPS/Saved/Ghost9A2E0F1847065B40FEBA05925DE1D80A.tmp' to 'D:/Uni/3. Semester/ME/Pacmansion/FPS/Content/FirstPersonBP/Blueprints/Ghost.uasset'
[2016.02.02-13.49.15:819][ 56]LogSavePackage: Total save time: 90.411872ms
[2016.02.02-13.49.15:819][ 56]LogSavePackage:Display: Finished SavePackage D:/Uni/3. Semester/ME/Pacmansion/FPS/Content/FirstPersonBP/Blueprints/Ghost.uasset
[2016.02.02-13.49.43:319][879]BlueprintLog: New page: Compile Cherry
[2016.02.02-13.49.43:462][879]LogParticles: Destroying 0 GPU particle simulations for FXSystem 0x00000205D89FF2E0
[2016.02.02-13.49.43:475][879]BlueprintEditorCompileResults: Info [0899.98] Compile of Cherry successful! [in 156 ms]
[2016.02.02-13.49.44:296][902]Cmd: OBJ SAVEPACKAGE PACKAGE="/Game/FirstPersonBP/Blueprints/Cherry" FILE="D:/Uni/3. Semester/ME/Pacmansion/FPS/Content/FirstPersonBP/Blueprints/Cherry.uasset" SILENT=true
[2016.02.02-13.49.44:348][902]LogSavePackage: Save=39.171799ms
[2016.02.02-13.49.44:348][902]LogSavePackage: Moving 'D:/Uni/3. Semester/ME/Pacmansion/FPS/Saved/Cherry64DB16014BBC649DEB11F693D8AC2A83.tmp' to 'D:/Uni/3. Semester/ME/Pacmansion/FPS/Content/FirstPersonBP/Blueprints/Cherry.uasset'
[2016.02.02-13.49.44:351][902]LogSavePackage: Total save time: 53.268183ms
[2016.02.02-13.49.44:351][902]LogSavePackage:Display: Finished SavePackage D:/Uni/3. Semester/ME/Pacmansion/FPS/Content/FirstPersonBP/Blueprints/Cherry.uasset
[2016.02.02-13.50.02:665][392]Cmd: OBJ SAVEPACKAGE PACKAGE="/Game/Level1" FILE="D:/Uni/3. Semester/ME/Pacmansion/FPS/Content/Level1.umap" SILENT=true AUTOSAVING=false KEEPDIRTY=false
[2016.02.02-13.50.02:897][392]LogSavePackage: Save=142.963409ms
[2016.02.02-13.50.02:897][392]LogSavePackage: Moving 'D:/Uni/3. Semester/ME/Pacmansion/FPS/Saved/Level11932C5B9496A549750608AB96FF8BF40.tmp' to 'D:/Uni/3. Semester/ME/Pacmansion/FPS/Content/Level1.umap'
[2016.02.02-13.50.02:902][392]LogSavePackage: Total save time: 159.636769ms
[2016.02.02-13.50.02:902][392]LogSavePackage:Display: Finished SavePackage D:/Uni/3. Semester/ME/Pacmansion/FPS/Content/Level1.umap
[2016.02.02-13.51.21:924][873]LogPlayLevel: PlayLevel: No blueprints needed recompiling
[2016.02.02-13.51.21:998][873]PIE: New page: PIE session: Level1 (Feb 2, 2016, 3:51:21 PM)
[2016.02.02-13.51.22:031][873]LogPlayLevel: Creating play world package: /Game/UEDPIE_0_Level1
[2016.02.02-13.51.22:133][873]LogPlayLevel: PIE: StaticDuplicateObject took: (0.101513s)
[2016.02.02-13.51.22:134][873]LogAIModule: Creating AISystem for world Level1
[2016.02.02-13.51.22:135][873]LogPlayLevel: PIE: World Init took: (0.002047s)
[2016.02.02-13.51.22:135][873]LogPlayLevel: PIE: Created PIE world by copying editor world from /Game/Level1.Level1 to /Game/UEDPIE_0_Level1.Level1 (0.111874s)
[2016.02.02-13.51.22:230][873]LogParticles: Destroying 0 GPU particle simulations for FXSystem 0x00000205E8CF3380
[2016.02.02-13.51.22:231][873]LogParticles: Destroying 0 GPU particle simulations for FXSystem 0x00000205F5D6FC40
[2016.02.02-13.51.22:233][873]LogParticles: Destroying 0 GPU particle simulations for FXSystem 0x00000205FA41ED40
[2016.02.02-13.51.22:234][873]LogParticles: Destroying 0 GPU particle simulations for FXSystem 0x00000205D8745940
[2016.02.02-13.51.22:259][873]LogInit: XAudio2 using 'Speakers (Realtek High Definition Audio)' : 2 channels at 48 kHz using 32 bits per sample (channel mask 0x3)
[2016.02.02-13.51.22:275][873]LogInit: FAudioDevice initialized.
[2016.02.02-13.51.22:627][873]LogWorld: Game class is 'FPSGM_C'
[2016.02.02-13.51.22:819][873]LogWorld: Bringing World /Game/UEDPIE_0_Level1.Level1 up for play (max tick rate 60) at 2016.02.02-14.51.22
[2016.02.02-13.51.22:819][873]LogActor:Warning: GameSession /Game/UEDPIE_0_Level1.Level1:PersistentLevel.GameSession_0 has natively added scene component(s), but none of them were set as the actor's RootComponent - picking one arbitrarily
[2016.02.02-13.51.22:819][873]LogActor:Warning: GameNetworkManager /Game/UEDPIE_0_Level1.Level1:PersistentLevel.GameNetworkManager_0 has natively added scene component(s), but none of them were set as the actor's RootComponent - picking one arbitrarily
[2016.02.02-13.51.22:849][873]LogWorld: Bringing up level for play took: 0.038154
[2016.02.02-13.51.23:332][873]PIE: Info Play in editor start time for /Game/UEDPIE_0_Level1 1.188
[2016.02.02-13.51.33:987][458]LogParticles: Destroying 0 GPU particle simulations for FXSystem 0x00000205FB6DEAC0
[2016.02.02-13.52.47:368][161]BlueprintLog: New page: Compile Coin
[2016.02.02-13.52.47:386][161]LogBlueprint:Error: [compiler Coin] Error This blueprint (self) is not a ActorComponent, therefore ' Target ' must have a connection.
[2016.02.02-13.52.47:687][161]LogBlueprint:Warning: [compiler Coin] Warning [1084.19] Compile of Coin failed. 1 Fatal Issue(s) 0 Warning(s) [in 318 ms]
[2016.02.02-13.52.47:687][161]BlueprintEditorCompileResults:Error: Error This blueprint (self) is not a ActorComponent, therefore ' Target ' must have a connection.
[2016.02.02-13.52.47:687][161]BlueprintEditorCompileResults:Warning: Warning [1084.19] Compile of Coin failed. 1 Fatal Issue(s) 0 Warning(s) [in 318 ms]
[2016.02.02-13.53.20:743][276]BlueprintLog: New page: Compile Coin
[2016.02.02-13.53.20:883][276]BlueprintEditorCompileResults: Info [1117.38] Compile of Coin successful! [in 139 ms]
[2016.02.02-13.53.22:485][329]LogPlayLevel: PlayLevel: No blueprints needed recompiling
[2016.02.02-13.53.22:485][329]PIE: New page: PIE session: Level1 (Feb 2, 2016, 3:53:22 PM)
[2016.02.02-13.53.22:485][329]LogPlayLevel: Creating play world package: /Game/UEDPIE_0_Level1
[2016.02.02-13.53.22:509][329]LogPlayLevel: PIE: StaticDuplicateObject took: (0.023598s)
[2016.02.02-13.53.22:510][329]LogAIModule: Creating AISystem for world Level1
[2016.02.02-13.53.22:510][329]LogPlayLevel: PIE: World Init took: (0.001243s)
[2016.02.02-13.53.22:511][329]LogPlayLevel: PIE: Created PIE world by copying editor world from /Game/Level1.Level1 to /Game/UEDPIE_0_Level1.Level1 (0.025231s)
[2016.02.02-13.53.22:576][329]LogInit: XAudio2 using 'Speakers (Realtek High Definition Audio)' : 2 channels at 48 kHz using 32 bits per sample (channel mask 0x3)
[2016.02.02-13.53.22:592][329]LogInit: FAudioDevice initialized.
[2016.02.02-13.53.22:639][329]LogWorld: Game class is 'FPSGM_C'
[2016.02.02-13.53.22:646][329]LogWorld: Bringing World /Game/UEDPIE_0_Level1.Level1 up for play (max tick rate 60) at 2016.02.02-14.53.22
[2016.02.02-13.53.22:646][329]LogActor:Warning: GameSession /Game/UEDPIE_0_Level1.Level1:PersistentLevel.GameSession_1 has natively added scene component(s), but none of them were set as the actor's RootComponent - picking one arbitrarily
[2016.02.02-13.53.22:646][329]LogActor:Warning: GameNetworkManager /Game/UEDPIE_0_Level1.Level1:PersistentLevel.GameNetworkManager_1 has natively added scene component(s), but none of them were set as the actor's RootComponent - picking one arbitrarily
[2016.02.02-13.53.22:647][329]LogWorld: Bringing up level for play took: 0.006763
[2016.02.02-13.53.22:650][329]PIE: Info Play in editor start time for /Game/UEDPIE_0_Level1 0.506
[2016.02.02-13.53.42:623][ 89]LogParticles: Destroying 0 GPU particle simulations for FXSystem 0x00000205D8B25440
[2016.02.02-13.53.59:837][667]LogPlayLevel: PlayLevel: No blueprints needed recompiling
[2016.02.02-13.53.59:838][667]PIE: New page: PIE session: Level1 (Feb 2, 2016, 3:53:59 PM)
[2016.02.02-13.53.59:838][667]LogPlayLevel: Creating play world package: /Game/UEDPIE_0_Level1
[2016.02.02-13.53.59:864][667]LogPlayLevel: PIE: StaticDuplicateObject took: (0.026029s)
[2016.02.02-13.53.59:865][667]LogAIModule: Creating AISystem for world Level1
[2016.02.02-13.53.59:866][667]LogPlayLevel: PIE: World Init took: (0.001187s)
[2016.02.02-13.53.59:866][667]LogPlayLevel: PIE: Created PIE world by copying editor world from /Game/Level1.Level1 to /Game/UEDPIE_0_Level1.Level1 (0.027597s)
[2016.02.02-13.53.59:932][667]LogInit: XAudio2 using 'Speakers (Realtek High Definition Audio)' : 2 channels at 48 kHz using 32 bits per sample (channel mask 0x3)
[2016.02.02-13.53.59:946][667]LogInit: FAudioDevice initialized.
[2016.02.02-13.53.59:992][667]LogWorld: Game class is 'FPSGM_C'
[2016.02.02-13.53.59:999][667]LogWorld: Bringing World /Game/UEDPIE_0_Level1.Level1 up for play (max tick rate 60) at 2016.02.02-14.53.59
[2016.02.02-13.54.00:000][667]LogActor:Warning: GameSession /Game/UEDPIE_0_Level1.Level1:PersistentLevel.GameSession_2 has natively added scene component(s), but none of them were set as the actor's RootComponent - picking one arbitrarily
[2016.02.02-13.54.00:000][667]LogActor:Warning: GameNetworkManager /Game/UEDPIE_0_Level1.Level1:PersistentLevel.GameNetworkManager_2 has natively added scene component(s), but none of them were set as the actor's RootComponent - picking one arbitrarily
[2016.02.02-13.54.00:001][667]LogWorld: Bringing up level for play took: 0.007523
[2016.02.02-13.54.00:005][667]PIE: Info Play in editor start time for /Game/UEDPIE_0_Level1 -0.139
[2016.02.02-13.54.07:258][943]LogParticles: Destroying 0 GPU particle simulations for FXSystem 0x00000205EE837560
[2016.02.02-13.54.18:832][336]LogEditorTransaction: Undo Move Node
[2016.02.02-13.54.19:524][351]LogEditorTransaction: Undo Move Node
[2016.02.02-13.54.20:160][371]LogEditorTransaction: Undo Create Pin Link
[2016.02.02-13.54.20:649][386]LogEditorTransaction: Undo Add Component Nodes
[2016.02.02-13.54.21:132][401]LogEditorTransaction: Undo Rename Component Variable
[2016.02.02-13.54.21:629][417]LogEditorTransaction: Undo Move Node
[2016.02.02-13.54.22:123][433]LogEditorTransaction: Undo Create Pin Link
[2016.02.02-13.54.23:143][467]LogEditorTransaction: Undo Create Pin Link
[2016.02.02-13.54.23:637][483]LogEditorTransaction: Undo Move Node
[2016.02.02-13.54.24:157][500]LogEditorTransaction: Undo Move Node
[2016.02.02-13.54.24:793][521]LogEditorTransaction: Undo Add Node
[2016.02.02-13.54.24:797][521]LogBlueprint:Warning: Loaded invalid component bound event in node /Game/FirstPersonBP/Blueprints/Coin.Coin:EventGraph.K2Node_ComponentBoundEvent_25.
[2016.02.02-13.54.25:710][549]LogEditorTransaction: Undo Remove Components
[2016.02.02-13.54.26:610][575]LogEditorTransaction: Undo Delete current selection
[2016.02.02-13.58.44:333][182]LogWindowsTextInputMethodSystem:Display: IME system now deactivated.
[2016.02.02-13.58.44:620][183]Cmd: QUIT_EDITOR
[2016.02.02-13.58.45:541][183]LogExit: Preparing to exit.
[2016.02.02-13.58.46:201][183]LogExit: Editor shut down
[2016.02.02-13.58.46:203][183]LogExit: Transaction tracking system shut down
[2016.02.02-13.58.46:207][183]LogParticles: Destroying 0 GPU particle simulations for FXSystem 0x00000205C9EEE020
[2016.02.02-13.58.46:212][183]LogParticles: Destroying 0 GPU particle simulations for FXSystem 0x00000205CB58C900
[2016.02.02-13.58.46:212][183]LogParticles: Destroying 0 GPU particle simulations for FXSystem 0x00000205C9EED620
[2016.02.02-13.58.46:212][183]LogParticles: Destroying 0 GPU particle simulations for FXSystem 0x00000205C9EEF380
[2016.02.02-13.58.46:217][183]LogParticles: Destroying 0 GPU particle simulations for FXSystem 0x00000205F5D6F600
[2016.02.02-13.58.46:218][183]LogParticles: Destroying 0 GPU particle simulations for FXSystem 0x00000205FC3858A0
[2016.02.02-13.58.46:219][183]LogParticles: Destroying 0 GPU particle simulations for FXSystem 0x00000205B36D5F80
[2016.02.02-13.58.46:517][183]LogExit: Object subsystem successfully closed.
[2016.02.02-13.58.46:538][183]LogD3D11RHI: Shutdown
[2016.02.02-13.58.46:538][183]LogD3D11RHI: CleanupD3DDevice
[2016.02.02-13.58.46:627][183]LogD3D11RHI: ~FD3D11DynamicRHI
[2016.02.02-13.58.46:668][183]LogModuleManager: Shutting down and abandoning module CookingStats (200)
[2016.02.02-13.58.46:668][183]LogModuleManager: Shutting down and abandoning module BlueprintGraph (199)
[2016.02.02-13.58.46:668][183]LogModuleManager: Shutting down and abandoning module CrashTracker (198)
[2016.02.02-13.58.46:668][183]LogModuleManager: Shutting down and abandoning module SceneOutliner (197)
[2016.02.02-13.58.46:668][183]LogModuleManager: Shutting down and abandoning module SuperSearch (196)
[2016.02.02-13.58.46:668][183]LogModuleManager: Shutting down and abandoning module WidgetCarousel (195)
[2016.02.02-13.58.46:668][183]LogModuleManager: Shutting down and abandoning module AddContentDialog (194)
[2016.02.02-13.58.46:678][183]LogModuleManager: Shutting down and abandoning module EditorWidgets (193)
[2016.02.02-13.58.46:678][183]LogModuleManager: Shutting down and abandoning module CollectionManager (192)
[2016.02.02-13.58.46:678][183]LogModuleManager: Shutting down and abandoning module StatsViewer (191)
[2016.02.02-13.58.46:678][183]LogModuleManager: Shutting down and abandoning module FoliageEdit (190)
[2016.02.02-13.58.46:678][183]LogModuleManager: Shutting down and abandoning module LandscapeEditor (189)
[2016.02.02-13.58.46:679][183]LogModuleManager: Shutting down and abandoning module ActorPickerMode (188)
[2016.02.02-13.58.46:679][183]LogModuleManager: Shutting down and abandoning module GeometryMode (187)
[2016.02.02-13.58.46:679][183]LogModuleManager: Shutting down and abandoning module TextureAlignMode (186)
[2016.02.02-13.58.46:679][183]LogModuleManager: Shutting down and abandoning module BspMode (185)
[2016.02.02-13.58.46:679][183]LogModuleManager: Shutting down and abandoning module PlacementMode (184)
[2016.02.02-13.58.46:679][183]LogModuleManager: Shutting down and abandoning module AutomationWorker (183)
[2016.02.02-13.58.46:679][183]LogModuleManager: Shutting down and abandoning module CharacterAI (182)
[2016.02.02-13.58.46:679][183]LogModuleManager: Shutting down and abandoning module SmartSnapping (181)
[2016.02.02-13.58.46:679][183]LogModuleManager: Shutting down and abandoning module ViewportSnapping (180)
[2016.02.02-13.58.46:679][183]LogModuleManager: Shutting down and abandoning module LogVisualizer (179)
[2016.02.02-13.58.46:679][183]LogModuleManager: Shutting down and abandoning module GameProjectGeneration (178)
[2016.02.02-13.58.46:679][183]LogModuleManager: Shutting down and abandoning module IntroTutorials (177)
[2016.02.02-13.58.46:679][183]LogModuleManager: Shutting down and abandoning module EditorLiveStreaming (176)
[2016.02.02-13.58.46:679][183]LogModuleManager: Shutting down and abandoning module IOSPlatformEditor (175)
[2016.02.02-13.58.46:679][183]LogModuleManager: Shutting down and abandoning module HTML5PlatformEditor (174)
[2016.02.02-13.58.46:679][183]LogModuleManager: Shutting down and abandoning module AndroidDeviceDetection (173)
[2016.02.02-13.58.46:901][183]LogModuleManager: Shutting down and abandoning module AndroidPlatformEditor (172)
[2016.02.02-13.58.46:901][183]LogModuleManager: Shutting down and abandoning module IOSRuntimeSettings (171)
[2016.02.02-13.58.46:901][183]LogModuleManager: Shutting down and abandoning module AndroidRuntimeSettings (170)
[2016.02.02-13.58.46:901][183]LogModuleManager: Shutting down and abandoning module MergeActors (169)
[2016.02.02-13.58.46:901][183]LogModuleManager: Shutting down and abandoning module SizeMap (168)
[2016.02.02-13.58.46:901][183]LogModuleManager: Shutting down and abandoning module TreeMap (167)
[2016.02.02-13.58.46:901][183]LogModuleManager: Shutting down and abandoning module ReferenceViewer (166)
[2016.02.02-13.58.46:901][183]LogModuleManager: Shutting down and abandoning module LocalizationService (165)
[2016.02.02-13.58.46:901][183]LogModuleManager: Shutting down and abandoning module LocalizationDashboard (164)
[2016.02.02-13.58.46:902][183]LogModuleManager: Shutting down and abandoning module HardwareTargeting (163)
[2016.02.02-13.58.46:902][183]LogModuleManager: Shutting down and abandoning module DeviceProfileEditor (162)
[2016.02.02-13.58.46:902][183]LogModuleManager: Shutting down and abandoning module UndoHistory (161)
[2016.02.02-13.58.46:902][183]LogModuleManager: Shutting down and abandoning module GameplayTagsEditor (160)
[2016.02.02-13.58.46:902][183]LogModuleManager: Shutting down and abandoning module UserFeedback (159)
[2016.02.02-13.58.46:902][183]LogModuleManager: Shutting down and abandoning module XmlParser (158)
[2016.02.02-13.58.46:902][183]LogModuleManager: Shutting down and abandoning module Blutility (157)
[2016.02.02-13.58.46:902][183]LogModuleManager: Shutting down and abandoning module ProjectTargetPlatformEditor (156)
[2016.02.02-13.58.46:902][183]LogModuleManager: Shutting down and abandoning module ProjectSettingsViewer (155)
[2016.02.02-13.58.46:903][183]LogModuleManager: Shutting down and abandoning module InputBindingEditor (154)
[2016.02.02-13.58.46:904][183]LogModuleManager: Shutting down and abandoning module EditorSettingsViewer (153)
[2016.02.02-13.58.46:904][183]LogModuleManager: Shutting down and abandoning module SettingsEditor (152)
[2016.02.02-13.58.46:904][183]LogModuleManager: Shutting down and abandoning module ProjectLauncher (151)
[2016.02.02-13.58.46:904][183]LogModuleManager: Shutting down and abandoning module SessionFrontend (150)
[2016.02.02-13.58.46:904][183]LogModuleManager: Shutting down and abandoning module ProfilerClient (149)
[2016.02.02-13.58.46:904][183]LogModuleManager: Shutting down and abandoning module TargetDeviceServices (148)
[2016.02.02-13.58.46:904][183]LogModuleManager: Shutting down and abandoning module DeviceManager (147)
[2016.02.02-13.58.46:905][183]LogModuleManager: Shutting down and abandoning module AutomationController (146)
[2016.02.02-13.58.46:905][183]LogModuleManager: Shutting down and abandoning module AutomationWindow (145)
[2016.02.02-13.58.46:905][183]LogModuleManager: Shutting down and abandoning module Layers (144)
[2016.02.02-13.58.46:905][183]LogModuleManager: Shutting down and abandoning module ComponentVisualizers (143)
[2016.02.02-13.58.46:906][183]LogModuleManager: Shutting down and abandoning module DetailCustomizations (142)
[2016.02.02-13.58.46:906][183]LogModuleManager: Shutting down and abandoning module PackagesDialog (141)
[2016.02.02-13.58.46:906][183]LogModuleManager: Shutting down and abandoning module Persona (140)
[2016.02.02-13.58.46:906][183]LogModuleManager: Shutting down and abandoning module Kismet (139)
[2016.02.02-13.58.46:906][183]LogModuleManager: Shutting down and abandoning module GraphEditor (138)
[2016.02.02-13.58.46:907][183]LogModuleManager: Shutting down and abandoning module ClassViewer (137)
[2016.02.02-13.58.46:907][183]LogModuleManager: Shutting down and abandoning module Toolbox (136)
[2016.02.02-13.58.46:907][183]LogModuleManager: Shutting down and abandoning module ModuleUI (135)
[2016.02.02-13.58.46:907][183]LogModuleManager: Shutting down and abandoning module MovieSceneTools (134)
[2016.02.02-13.58.46:907][183]LogModuleManager: Shutting down and abandoning module OutputLog (133)
[2016.02.02-13.58.46:907][183]LogModuleManager: Shutting down and abandoning module GammaUI (132)
[2016.02.02-13.58.46:907][183]LogModuleManager: Shutting down and abandoning module Documentation (131)
[2016.02.02-13.58.46:907][183]LogModuleManager: Shutting down and abandoning module GameLiveStreaming (130)
[2016.02.02-13.58.46:907][183]LogModuleManager: Shutting down and abandoning module StreamingPauseRendering (129)
[2016.02.02-13.58.46:907][183]LogModuleManager: Shutting down and abandoning module AnalyticsET (128)
[2016.02.02-13.58.46:907][183]LogModuleManager: Shutting down and abandoning module Analytics (127)
[2016.02.02-13.58.46:907][183]LogModuleManager: Shutting down and abandoning module AITestSuite (126)
[2016.02.02-13.58.46:907][183]LogModuleManager: Shutting down and abandoning module GameplayDebugger (125)
[2016.02.02-13.58.46:907][183]LogModuleManager: Shutting down and abandoning module AIModule (124)
[2016.02.02-13.58.46:907][183]LogModuleManager: Shutting down and abandoning module ProfilerService (123)
[2016.02.02-13.58.47:057][183]LogModuleManager: Shutting down and abandoning module TaskGraph (122)
[2016.02.02-13.58.47:057][183]LogModuleManager: Shutting down and abandoning module SlateRemote (121)
[2016.02.02-13.58.47:057][183]LogModuleManager: Shutting down and abandoning module SteamVRController (120)
[2016.02.02-13.58.47:057][183]LogModuleManager: Shutting down and abandoning module SteamVR (119)
[2016.02.02-13.58.47:057][183]LogModuleManager: Shutting down and abandoning module ProceduralMeshComponent (118)
[2016.02.02-13.58.47:057][183]LogModuleManager: Shutting down and abandoning module OculusLibrary (117)
[2016.02.02-13.58.47:058][183]LogModuleManager: Shutting down and abandoning module OculusInput (116)
[2016.02.02-13.58.47:058][183]LogModuleManager: Shutting down and abandoning module LeapMotionController (115)
[2016.02.02-13.58.47:106][183]LogModuleManager: Shutting down and abandoning module CustomMeshComponent (114)
[2016.02.02-13.58.47:106][183]LogModuleManager: Shutting down and abandoning module CableComponent (113)
[2016.02.02-13.58.47:106][183]LogModuleManager: Shutting down and abandoning module ArchVisCharacter (112)
[2016.02.02-13.58.47:106][183]LogModuleManager: Shutting down and abandoning module MessagingDebugger (111)
[2016.02.02-13.58.47:106][183]LogModuleManager: Shutting down and abandoning module MediaPlayerEditor (110)
[2016.02.02-13.58.47:106][183]LogModuleManager: Shutting down and abandoning module HTML5Networking (109)
[2016.02.02-13.58.47:106][183]LogModuleManager: Shutting down and abandoning module SpeedTreeImporter (108)
[2016.02.02-13.58.47:107][183]LogModuleManager: Shutting down and abandoning module PluginBrowser (107)
[2016.02.02-13.58.47:107][183]LogModuleManager: Shutting down and abandoning module EpicSurvey (106)
[2016.02.02-13.58.47:107][183]LogModuleManager: Shutting down and abandoning module DesktopPlatform (105)
[2016.02.02-13.58.47:107][183]LogModuleManager: Shutting down and abandoning module VisualStudioSourceCodeAccess (104)
[2016.02.02-13.58.47:107][183]LogModuleManager: Shutting down and abandoning module UObjectPlugin (103)
[2016.02.02-13.58.47:107][183]LogModuleManager: Shutting down and abandoning module SubversionSourceControl (102)
[2016.02.02-13.58.47:107][183]LogModuleManager: Shutting down and abandoning module PerforceSourceControl (101)
[2016.02.02-13.58.47:107][183]LogModuleManager: Shutting down and abandoning module SourceControl (100)
[2016.02.02-13.58.47:107][183]LogModuleManager: Shutting down and abandoning module GitSourceControl (99)
[2016.02.02-13.58.47:107][183]LogModuleManager: Shutting down and abandoning module LightPropagationVolumeEditor (98)
[2016.02.02-13.58.47:107][183]LogModuleManager: Shutting down and abandoning module PaperTiledImporter (97)
[2016.02.02-13.58.47:107][183]LogModuleManager: Shutting down and abandoning module PaperSpriteSheetImporter (96)
[2016.02.02-13.58.47:107][183]LogModuleManager: Shutting down and abandoning module MeshPaint (95)
[2016.02.02-13.58.47:107][183]LogModuleManager: Shutting down and abandoning module SlateReflector (94)
[2016.02.02-13.58.47:107][183]LogModuleManager: Shutting down and abandoning module HotReload (93)
[2016.02.02-13.58.47:107][183]LogModuleManager: Shutting down and abandoning module MainFrame (92)
[2016.02.02-13.58.47:107][183]LogModuleManager: Shutting down and abandoning module LevelEditor (91)
[2016.02.02-13.58.47:110][183]LogModuleManager: Shutting down and abandoning module DirectoryWatcher (90)
[2016.02.02-13.58.47:121][183]LogModuleManager: Shutting down and abandoning module AssetRegistry (89)
[2016.02.02-13.58.47:360][183]LogModuleManager: Shutting down and abandoning module ContentBrowser (88)
[2016.02.02-13.58.47:363][183]LogModuleManager: Shutting down and abandoning module Paper2DEditor (87)
[2016.02.02-13.58.47:363][183]LogModuleManager: Shutting down and abandoning module UdpMessaging (86)
[2016.02.02-13.58.47:465][183]LogModuleManager: Shutting down and abandoning module LightPropagationVolumeRuntime (85)
[2016.02.02-13.58.47:465][183]LogModuleManager: Shutting down and abandoning module Paper2D (84)
[2016.02.02-13.58.47:465][183]LogModuleManager: Shutting down and abandoning module WindowsMoviePlayer (83)
[2016.02.02-13.58.47:470][183]LogModuleManager: Shutting down and abandoning module Media (82)
[2016.02.02-13.58.47:470][183]LogModuleManager: Shutting down and abandoning module WmfMedia (81)
[2016.02.02-13.58.47:470][183]LogModuleManager: Shutting down and abandoning module OnlineBlueprintSupport (80)
[2016.02.02-13.58.47:470][183]LogModuleManager: Shutting down and abandoning module GameplayTasksEditor (79)
[2016.02.02-13.58.47:470][183]LogModuleManager: Shutting down and abandoning module PropertyEditor (78)
[2016.02.02-13.58.47:470][183]LogModuleManager: Shutting down and abandoning module BehaviorTreeEditor (77)
[2016.02.02-13.58.47:470][183]LogModuleManager: Shutting down and abandoning module FunctionalTesting (76)
[2016.02.02-13.58.47:470][183]LogModuleManager: Shutting down and abandoning module CollisionAnalyzer (75)
[2016.02.02-13.58.47:471][183]LogModuleManager: Shutting down and abandoning module WorkspaceMenuStructure (74)
[2016.02.02-13.58.47:471][183]LogModuleManager: Shutting down and abandoning module MessageLog (73)
[2016.02.02-13.58.47:471][183]LogModuleManager: Shutting down and abandoning module Sequencer (72)
[2016.02.02-13.58.47:471][183]LogModuleManager: Shutting down and abandoning module AssetTools (71)
[2016.02.02-13.58.47:471][183]LogModuleManager: Shutting down and abandoning module UMGEditor (70)
[2016.02.02-13.58.47:471][183]LogModuleManager: Shutting down and abandoning module UMG (69)
[2016.02.02-13.58.47:471][183]LogModuleManager: Shutting down and abandoning module Slate (68)
[2016.02.02-13.58.47:471][183]LogModuleManager: Shutting down and abandoning module EditorStyle (67)
[2016.02.02-13.58.47:478][183]LogModuleManager: Shutting down and abandoning module SessionServices (66)
[2016.02.02-13.58.47:478][183]LogModuleManager: Shutting down and abandoning module SourceCodeAccess (65)
[2016.02.02-13.58.47:478][183]LogModuleManager: Shutting down and abandoning module HeadMountedDisplay (64)
[2016.02.02-13.58.47:478][183]LogModuleManager: Shutting down and abandoning module XAudio2 (63)
[2016.02.02-13.58.47:478][183]LogModuleManager: Shutting down and abandoning module Networking (61)
[2016.02.02-13.58.47:478][183]LogModuleManager: Shutting down and abandoning module Core (60)
[2016.02.02-13.58.47:478][183]LogModuleManager: Shutting down and abandoning module KismetCompiler (59)
[2016.02.02-13.58.47:478][183]LogModuleManager: Shutting down and abandoning module PhysXFormats (58)
[2016.02.02-13.58.47:478][183]LogModuleManager: Shutting down and abandoning module MeshUtilities (57)
[2016.02.02-13.58.47:478][183]LogModuleManager: Shutting down and abandoning module DerivedDataCache (56)
[2016.02.02-13.58.47:540][183]LogDerivedDataCache: Shutdown
[2016.02.02-13.58.47:540][183]LogModuleManager: Shutting down and abandoning module ShaderFormatOpenGL (55)
[2016.02.02-13.58.47:541][183]LogModuleManager: Shutting down and abandoning module ShaderFormatD3D (54)
[2016.02.02-13.58.47:541][183]LogModuleManager: Shutting down and abandoning module MetalShaderFormat (53)
[2016.02.02-13.58.47:541][183]LogModuleManager: Shutting down and abandoning module TextureFormatUncompressed (52)
[2016.02.02-13.58.47:541][183]LogModuleManager: Shutting down and abandoning module TextureFormatPVR (51)
[2016.02.02-13.58.47:541][183]LogModuleManager: Shutting down and abandoning module TextureFormatIntelISPCTexComp (50)
[2016.02.02-13.58.47:541][183]LogModuleManager: Shutting down and abandoning module TextureFormatDXT (49)
[2016.02.02-13.58.47:541][183]LogModuleManager: Shutting down and abandoning module ImageWrapper (48)
[2016.02.02-13.58.47:541][183]LogModuleManager: Shutting down and abandoning module TextureFormatASTC (47)
[2016.02.02-13.58.47:541][183]LogModuleManager: Shutting down and abandoning module TextureFormatAndroid (46)
[2016.02.02-13.58.47:541][183]LogModuleManager: Shutting down and abandoning module AudioFormatOpus (45)
[2016.02.02-13.58.47:541][183]LogModuleManager: Shutting down and abandoning module AudioFormatOgg (44)
[2016.02.02-13.58.47:541][183]LogModuleManager: Shutting down and abandoning module AudioFormatADPCM (43)
[2016.02.02-13.58.47:542][183]LogModuleManager: Shutting down and abandoning module LinuxTargetPlatform (42)
[2016.02.02-13.58.47:542][183]LogModuleManager: Shutting down and abandoning module LinuxServerTargetPlatform (41)
[2016.02.02-13.58.47:543][183]LogModuleManager: Shutting down and abandoning module LinuxNoEditorTargetPlatform (40)
[2016.02.02-13.58.47:543][183]LogModuleManager: Shutting down and abandoning module Messaging (39)
[2016.02.02-13.58.47:543][183]LogModuleManager: Shutting down and abandoning module IOSTargetPlatform (38)
[2016.02.02-13.58.47:543][183]LogModuleManager: Shutting down and abandoning module HTML5TargetPlatform (37)
[2016.02.02-13.58.47:543][183]LogModuleManager: Shutting down and abandoning module Android_PVRTCTargetPlatform (36)
[2016.02.02-13.58.47:543][183]LogModuleManager: Shutting down and abandoning module Android_MultiTargetPlatform (35)
[2016.02.02-13.58.47:543][183]LogModuleManager: Shutting down and abandoning module Android_ETC2TargetPlatform (34)
[2016.02.02-13.58.47:543][183]LogModuleManager: Shutting down and abandoning module Android_ETC1TargetPlatform (33)
[2016.02.02-13.58.47:544][183]LogModuleManager: Shutting down and abandoning module Android_DXTTargetPlatform (32)
[2016.02.02-13.58.47:544][183]LogModuleManager: Shutting down and abandoning module Android_ATCTargetPlatform (31)
[2016.02.02-13.58.47:544][183]LogModuleManager: Shutting down and abandoning module Android_ASTCTargetPlatform (30)
[2016.02.02-13.58.47:544][183]LogModuleManager: Shutting down and abandoning module AndroidTargetPlatform (29)
[2016.02.02-13.58.47:544][183]LogModuleManager: Shutting down and abandoning module WindowsTargetPlatform (28)
[2016.02.02-13.58.47:545][183]LogModuleManager: Shutting down and abandoning module WindowsServerTargetPlatform (27)
[2016.02.02-13.58.47:545][183]LogModuleManager: Shutting down and abandoning module WindowsNoEditorTargetPlatform (26)
[2016.02.02-13.58.47:546][183]LogModuleManager: Shutting down and abandoning module WindowsClientTargetPlatform (25)
[2016.02.02-13.58.47:546][183]LogModuleManager: Shutting down and abandoning module AllDesktopTargetPlatform (24)
[2016.02.02-13.58.47:546][183]LogModuleManager: Shutting down and abandoning module TargetPlatform (23)
[2016.02.02-13.58.47:546][183]LogModuleManager: Shutting down and abandoning module InputCore (22)
[2016.02.02-13.58.47:547][183]LogModuleManager: Shutting down and abandoning module Settings (21)
[2016.02.02-13.58.47:547][183]LogModuleManager: Shutting down and abandoning module OnlineSubsystem (19)
[2016.02.02-13.58.47:547][183]LogModuleManager: Shutting down and abandoning module HTTP (18)
[2016.02.02-13.58.49:552][183]LogModuleManager: Shutting down and abandoning module XMPP (17)
[2016.02.02-13.58.49:552][183]LogModuleManager: Shutting down and abandoning module OculusRift (16)
[2016.02.02-13.58.49:552][183]LogModuleManager: Shutting down and abandoning module ExampleDeviceProfileSelector (15)
[2016.02.02-13.58.49:552][183]LogModuleManager: Shutting down and abandoning module TextureCompressor (14)
[2016.02.02-13.58.49:553][183]LogModuleManager: Shutting down and abandoning module ShaderCore (13)
[2016.02.02-13.58.49:553][183]LogModuleManager: Shutting down and abandoning module Landscape (12)
[2016.02.02-13.58.49:553][183]LogModuleManager: Shutting down and abandoning module SlateRHIRenderer (11)
[2016.02.02-13.58.49:580][183]LogModuleManager: Shutting down and abandoning module OpenGLDrv (10)
[2016.02.02-13.58.49:580][183]LogModuleManager: Shutting down and abandoning module D3D11RHI (9)
[2016.02.02-13.58.49:580][183]LogModuleManager: Shutting down and abandoning module AnimGraphRuntime (8)
[2016.02.02-13.58.49:581][183]LogModuleManager: Shutting down and abandoning module Renderer (7)
[2016.02.02-13.58.49:581][183]LogModuleManager: Shutting down and abandoning module Engine (6)
[2016.02.02-13.58.49:581][183]LogModuleManager: Shutting down and abandoning module CoreUObject (5)
[2016.02.02-13.58.49:581][183]LogModuleManager: Shutting down and abandoning module NetworkFile (4)
[2016.02.02-13.58.49:581][183]LogModuleManager: Shutting down and abandoning module StreamingFile (3)
[2016.02.02-13.58.49:581][183]LogModuleManager: Shutting down and abandoning module SandboxFile (2)
[2016.02.02-13.58.49:581][183]LogModuleManager: Shutting down and abandoning module PakFile (1)
[2016.02.02-13.58.49:583][183]LogExit: Exiting.
[2016.02.02-13.58.49:603][183]Log file closed, 02/02/16 14:58:49
