[2016.02.02-13.34.43:978][  0]Log file open, 02/02/16 14:34:43
[2016.02.02-13.34.43:978][  0]LogInit:Display: Running engine for game: FPS
[2016.02.02-13.34.43:978][  0]LogPlatformFile: Not using cached read wrapper
[2016.02.02-13.34.43:978][  0]LogInit:Display: RandInit(1102851372) SRandInit(1102851374).
[2016.02.02-13.34.43:978][  0]LogTaskGraph: Started task graph with 4 named threads and 5 total threads.
[2016.02.02-13.34.43:978][  0]LogStats: Stats thread started at 0.084967
[2016.02.02-13.34.43:978][  0]LogInit: Version: 4.10.2-2818068+++depot+UE4-Releases+4.10
[2016.02.02-13.34.43:978][  0]LogInit: API Version: 2758231
[2016.02.02-13.34.43:978][  0]LogInit: Compiled (64-bit): Jan  6 2016 17:36:42
[2016.02.02-13.34.43:978][  0]LogInit: Compiled with Visual C++: 19.00.23026.00
[2016.02.02-13.34.43:978][  0]LogInit: Build Configuration: Development
[2016.02.02-13.34.43:978][  0]LogInit: Branch Name: ++depot+UE4-Releases+4.10
[2016.02.02-13.34.43:978][  0]LogInit: Command line:  
[2016.02.02-13.34.43:978][  0]LogInit: Base directory: C:/Program Files (x86)/Epic Games/4.10/Engine/Binaries/Win64/
[2016.02.02-13.34.43:978][  0]LogInit: Rocket: 1
[2016.02.02-13.34.43:989][  0]LogInit: Using libcurl 7.41.0
[2016.02.02-13.34.43:989][  0]LogInit:  - built for x86_64-pc-win32
[2016.02.02-13.34.43:989][  0]LogInit:  - supports SSL with WinSSL
[2016.02.02-13.34.43:989][  0]LogInit:  - other features:
[2016.02.02-13.34.43:989][  0]LogInit:      CURL_VERSION_SSL
[2016.02.02-13.34.43:989][  0]LogInit:      CURL_VERSION_IPV6
[2016.02.02-13.34.43:989][  0]LogInit:      CURL_VERSION_ASYNCHDNS
[2016.02.02-13.34.43:989][  0]LogInit:      CURL_VERSION_LARGEFILE
[2016.02.02-13.34.43:989][  0]LogInit:      CURL_VERSION_IDN
[2016.02.02-13.34.43:990][  0]LogInit:  CurlRequestOptions (configurable via config and command line):
[2016.02.02-13.34.43:990][  0]LogInit:  - bVerifyPeer = true  - Libcurl will verify peer certificate
[2016.02.02-13.34.43:990][  0]LogInit:  - bUseHttpProxy = false  - Libcurl will NOT use HTTP proxy
[2016.02.02-13.34.43:990][  0]LogInit:  - bDontReuseConnections = false  - Libcurl will reuse connections
[2016.02.02-13.34.43:990][  0]LogInit:  - CertBundlePath = nullptr  - Libcurl will use whatever was configured at build time.
[2016.02.02-13.34.44:001][  0]LogInit: Presizing for 0 objects not considered by GC, pre-allocating 0 bytes.
[2016.02.02-13.34.44:011][  0]LogInit: Object subsystem initialized
[2016.02.02-13.34.44:013][  0]LogInit: Selected Device Profile: [Windows]
[2016.02.02-13.34.44:013][  0]LogInit: Applying CVar settings loaded from the selected device profile: [Windows]
[2016.02.02-13.34.44:027][  0]LogInit: Computer: DESKTOP-JHQJSTD
[2016.02.02-13.34.44:027][  0]LogInit: User: Myran
[2016.02.02-13.34.44:027][  0]LogInit: CPU Page size=4096, Cores=2
[2016.02.02-13.34.44:027][  0]LogInit: High frequency timer resolution =2.241000 MHz
[2016.02.02-13.34.44:027][  0]LogMemory: Memory total: Physical=3.9GB (4GB approx)
[2016.02.02-13.34.44:027][  0]LogMemory: Platform Memory Stats for Windows
[2016.02.02-13.34.44:027][  0]LogMemory: Process Physical Memory: 56.40 MB used, 56.40 MB peak
[2016.02.02-13.34.44:027][  0]LogMemory: Process Virtual Memory: 57.84 MB used, 57.84 MB peak
[2016.02.02-13.34.44:027][  0]LogMemory: Physical Memory: 2010.86 MB used, 4001.87 MB total
[2016.02.02-13.34.44:027][  0]LogMemory: Virtual Memory: 383.30 MB used, 134217728.00 MB total
[2016.02.02-13.34.44:071][  0]LogTextLocalizationManager: No translations for ('de-DE') exist, falling back to 'en' for localization and internationalization data.
[2016.02.02-13.34.44:764][  0]LogD3D11RHI: Found D3D11 adapter 0: NVIDIA GeForce GT 630M (Feature Level 11_0)
[2016.02.02-13.34.44:764][  0]LogD3D11RHI: Adapter has 973MB of dedicated video memory, 0MB of dedicated system memory, and 2000MB of shared system memory, 2 output[s]
[2016.02.02-13.34.44:787][  0]LogD3D11RHI: Found D3D11 adapter 1: NVIDIA GeForce GT 630M (Feature Level 11_0)
[2016.02.02-13.34.44:787][  0]LogD3D11RHI: Adapter has 973MB of dedicated video memory, 0MB of dedicated system memory, and 2000MB of shared system memory, 0 output[s]
[2016.02.02-13.34.44:791][  0]LogD3D11RHI: Found D3D11 adapter 2: Microsoft Basic Render Driver (Feature Level 11_0)
[2016.02.02-13.34.44:791][  0]LogD3D11RHI: Adapter has 973MB of dedicated video memory, 0MB of dedicated system memory, and 2000MB of shared system memory, 0 output[s]
[2016.02.02-13.34.44:791][  0]LogD3D11RHI: Chosen D3D11 Adapter Id = 0
[2016.02.02-13.34.44:800][  0]LogD3D11RHI: !Direct3DDevice
[2016.02.02-13.34.44:800][  0]LogRHI: Texture pool is 1361 MB (70% of 1945 MB)
[2016.02.02-13.34.44:817][  0]LogD3D11RHI: Async texture creation enabled
[2016.02.02-13.34.44:836][  0]LogShaderCompilers: Guid format shader working directory is 10 characters bigger than the processId version (D:/Uni/3. Semester/ME/Pacmansion/FPS/Intermediate/Shaders/WorkingDirectory/5804/).
[2016.02.02-13.34.44:836][  0]LogShaderCompilers: Cleaned the shader compiler working directory 'C:/Users/Myran/AppData/Local/Temp/UnrealShaderWorkingDir/A824524348D33DD474909DB756B464C8/'.
[2016.02.02-13.34.44:836][  0]LogShaderCompilers:Display: Using Local Shader Compiler.
[2016.02.02-13.34.46:124][  0]LogTemp:Display: Loaded TP AllDesktopTargetPlatform
[2016.02.02-13.34.46:132][  0]LogTemp:Display: Loaded TP WindowsClientTargetPlatform
[2016.02.02-13.34.46:139][  0]LogTemp:Display: Loaded TP WindowsNoEditorTargetPlatform
[2016.02.02-13.34.46:147][  0]LogTemp:Display: Loaded TP WindowsServerTargetPlatform
[2016.02.02-13.34.46:154][  0]LogTemp:Display: Loaded TP WindowsTargetPlatform
[2016.02.02-13.34.46:159][  0]LogTemp:Display: Loaded TP AndroidTargetPlatform
[2016.02.02-13.34.46:163][  0]LogTemp:Display: Loaded TP Android_ASTCTargetPlatform
[2016.02.02-13.34.46:168][  0]LogTemp:Display: Loaded TP Android_ATCTargetPlatform
[2016.02.02-13.34.46:173][  0]LogTemp:Display: Loaded TP Android_DXTTargetPlatform
[2016.02.02-13.34.46:177][  0]LogTemp:Display: Loaded TP Android_ETC1TargetPlatform
[2016.02.02-13.34.46:182][  0]LogTemp:Display: Loaded TP Android_ETC2TargetPlatform
[2016.02.02-13.34.46:192][  0]LogTemp:Display: Loaded TP Android_MultiTargetPlatform
[2016.02.02-13.34.46:192][  0]LogTemp:Display: Loaded TP Android_PVRTCTargetPlatform
[2016.02.02-13.34.46:193][  0]LogTemp:Display: Loaded TP HTML5TargetPlatform
[2016.02.02-13.34.46:213][  0]LogTemp:Display: Loaded TP IOSTargetPlatform
[2016.02.02-13.34.46:217][  0]LogTemp:Display: Loaded TP LinuxNoEditorTargetPlatform
[2016.02.02-13.34.46:222][  0]LogTemp:Display: Loaded TP LinuxServerTargetPlatform
[2016.02.02-13.34.46:227][  0]LogTemp:Display: Loaded TP LinuxTargetPlatform
[2016.02.02-13.34.46:227][  0]LogTargetPlatformManager:Display: Building Assets For Windows
[2016.02.02-13.34.46:357][  0]LogDerivedDataCache:Display: Max Cache Size: 512 MB
[2016.02.02-13.34.46:440][  0]LogDerivedDataCache: Loaded boot cache 0.08s 41MB C:/Users/Myran/AppData/Local/UnrealEngine/4.10/DerivedDataCache/Boot.ddc.
[2016.02.02-13.34.46:440][  0]LogDerivedDataCache:Display: Loaded Boot cache: C:/Users/Myran/AppData/Local/UnrealEngine/4.10/DerivedDataCache/Boot.ddc
[2016.02.02-13.34.46:440][  0]LogDerivedDataCache: FDerivedDataBackendGraph:  Pak pak cache file D:/Uni/3. Semester/ME/Pacmansion/FPS/DerivedDataCache/DDC.ddp not found, will not use a pak cache.
[2016.02.02-13.34.46:440][  0]LogDerivedDataCache: Unable to find inner node Pak for hierarchical cache Hierarchy.
[2016.02.02-13.34.46:440][  0]LogDerivedDataCache: FDerivedDataBackendGraph:  CompressedPak pak cache file D:/Uni/3. Semester/ME/Pacmansion/FPS/DerivedDataCache/Compressed.ddp not found, will not use a pak cache.
[2016.02.02-13.34.46:440][  0]LogDerivedDataCache: Unable to find inner node CompressedPak for hierarchical cache Hierarchy.
[2016.02.02-13.34.46:530][  0]LogDerivedDataCache:Display: Pak cache opened for reading ../../../Engine/DerivedDataCache/Compressed.ddp.
[2016.02.02-13.34.46:543][  0]LogDerivedDataCache: Using Local data cache path C:/Users/Myran/AppData/Local/UnrealEngine/Common/DerivedDataCache: Writable
[2016.02.02-13.34.46:848][  0]LogInit: Selected Device Profile: [Windows]
[2016.02.02-13.34.46:853][  0]LogContentStreaming: Texture pool size is 0.000000MB
[2016.02.02-13.34.47:023][  0]LogMeshUtilities: No automatic mesh reduction module available
[2016.02.02-13.34.47:024][  0]LogMeshUtilities: No automatic mesh merging module available
[2016.02.02-13.34.47:378][  0]LogInit: WinSock: version 1.1 (2.2), MaxSocks=32767, MaxUdp=65467
[2016.02.02-13.34.48:510][  0]UdpMessaging: Initializing bridge on interface 0.0.0.0:0 to multicast group 230.0.0.1:6666.
[2016.02.02-13.34.48:511][  0]FUdpSocketBuilder: Failed to create the socket UdpMessageMulticastSocket as configured
[2016.02.02-13.34.48:511][  0]UdpMessageTransport.StartTransport: Failed to create multicast socket on 0.0.0.0:0, joined to 230.0.0.1:6666 with TTL 1
[2016.02.02-13.34.48:615][  0]LogAssetRegistry: FAssetRegistry took 0.0110 seconds to start up
[2016.02.02-13.34.48:884][  0]SourceControl: Info Source control is disabled
[2016.02.02-13.34.48:974][  0]SourceControl: Info Source control is disabled
[2016.02.02-13.34.49:001][  0]SourceControl: Info Source control is disabled
[2016.02.02-13.34.49:024][  0]SourceControl: Info Source control is disabled
[2016.02.02-13.34.49:383][  0]LogObj: 28633 objects as part of root set at end of initial load.
[2016.02.02-13.34.49:383][  0]LogUObjectAllocator: 6099744 out of 0 bytes used by permanent object pool.
[2016.02.02-13.34.49:462][  0]LogEngine: Initializing Engine...
[2016.02.02-13.34.49:466][  0]LogHMD: Can't find Oculus library dev build: is proper Runtime installed? Version: 0.8.0.0
[2016.02.02-13.34.49:467][  0]LogHMD: SteamVR failed to initialize.  Err: 110
[2016.02.02-13.34.49:655][  0]LogAIModule: Creating AISystem for world NewWorld
[2016.02.02-13.34.49:669][  0]LogInit: XAudio2 using 'Speakers (Realtek High Definition Audio)' : 2 channels at 48 kHz using 32 bits per sample (channel mask 0x3)
[2016.02.02-13.34.49:688][  0]LogInit: FAudioDevice initialized.
[2016.02.02-13.34.49:722][  0]LogDerivedDataCache: Saved boot cache 0.03s 41MB C:/Users/Myran/AppData/Local/UnrealEngine/4.10/DerivedDataCache/Boot.ddc.
[2016.02.02-13.34.49:732][  0]LogInit: Texture streaming: Enabled
[2016.02.02-13.34.49:741][  0]LogAnalytics: Creating configured Analytics provider AnalyticsET
[2016.02.02-13.34.49:741][  0]LogAnalytics: [UEEditor.Rocket.Release] APIServer = http://et2.epicgames.com/ET2/. AppVersion = 4.10.2-2818068+++depot+UE4-Releases+4.10
[2016.02.02-13.34.49:741][  0]LogAnalytics: [UEEditor.Rocket.Release] SetUserId 12189b20408bbc0b2d4557975c2d7ef4|20c8adfa9f9640e5a57c17fd2f2868d5|ceb4ef6f-e501-4244-a277-49f194b9a0bc
[2016.02.02-13.34.49:741][  0]LogAnalytics: [UEEditor.Rocket.Release] AnalyticsET::StartSession
[2016.02.02-13.34.50:135][  0]LogInit: Transaction tracking system initialized
[2016.02.02-13.34.50:188][  0]BlueprintLog: New page: Editor Load
[2016.02.02-13.34.50:339][  0]LocalizationService: Info Localization service is disabled
[2016.02.02-13.34.50:445][  0]LogLinker:Warning: Can't find file '/Game/ThirdPersonBP/ThirdPersonOverview'
[2016.02.02-13.34.50:445][  0]LogLinker:Warning: Can't find file '/Game/ThirdPersonBP/ThirdPersonOverview'
[2016.02.02-13.34.50:445][  0]LogUObjectGlobals:Warning: Failed to find object 'Class /Game/ThirdPersonBP/ThirdPersonOverview.ThirdPersonOverview_C'
[2016.02.02-13.34.50:681][  0]LogConsoleResponse:Display: 
[2016.02.02-13.34.50:877][  0]LogCook:Display: Done creating registry. It took  0.00s.
[2016.02.02-13.34.51:011][  0]LogFileCache: Scanning file cache for directory 'D:/Uni/3. Semester/ME/Pacmansion/FPS/Content/' took 0.02s
[2016.02.02-13.34.51:011][  0]SourceControl: Info Source control is disabled
[2016.02.02-13.34.51:011][  0]Cmd: MAP LOAD FILE="D:/Uni/3. Semester/ME/Pacmansion/FPS/Content/FirstPersonBP/Maps/FirstPersonExampleMap.umap" TEMPLATE=0 SHOWPROGRESS=1 FEATURELEVEL=3
[2016.02.02-13.34.51:012][  0]LightingResults: New page: Lighting Build
[2016.02.02-13.34.51:017][  0]MapCheck: New page: Map Check
[2016.02.02-13.34.51:017][  0]LightingResults: New page: Lighting Build
[2016.02.02-13.34.51:052][  0]LogParticles: Destroying 0 GPU particle simulations for FXSystem 0x00000205C03CA160
[2016.02.02-13.34.51:848][  0]LogAIModule: Creating AISystem for world FirstPersonExampleMap
[2016.02.02-13.34.51:871][  0]LogEditorServer: Finished looking for orphan Actors (0.000 secs)
[2016.02.02-13.34.51:871][  0]Cmd: MAP CHECKDEP NOCLEARLOG
[2016.02.02-13.34.51:979][  0]MapCheck: Info Map check complete: 0 Error(s), 0 Warning(s), took 107.353ms to complete.
[2016.02.02-13.34.51:979][  0]LogFileHelpers: Loading map 'FirstPersonExampleMap' took 0.968
[2016.02.02-13.34.52:123][  0]LogCollectionManager: Loaded 0 collections in 0.015547 seconds
[2016.02.02-13.34.52:221][  0]LogFileCache: Scanning file cache for directory 'D:/Uni/3. Semester/ME/Pacmansion/FPS/Saved/Collections/' took 0.01s
[2016.02.02-13.34.52:221][  0]LogFileCache: Scanning file cache for directory 'D:/Uni/3. Semester/ME/Pacmansion/FPS/Content/Developers/Myran/Collections/' took 0.03s
[2016.02.02-13.34.52:221][  0]LogFileCache: Scanning file cache for directory 'D:/Uni/3. Semester/ME/Pacmansion/FPS/Content/Collections/' took 0.03s
[2016.02.02-13.34.52:221][  0]LogCollectionManager: Rebuilt the GUID cache for 0 collections in 0.000003 seconds
[2016.02.02-13.34.52:241][  0]LogContentBrowser: Native class hierarchy populated in 0.0198 seconds. Added 1893 classes and 338 folders.
[2016.02.02-13.34.52:258][  0]LogContentBrowser: Native class hierarchy updated for 'WidgetCarousel' in 0.0004 seconds. Added 0 classes and 0 folders.
[2016.02.02-13.34.52:375][  0]LogContentBrowser: Native class hierarchy updated for 'AddContentDialog' in 0.0005 seconds. Added 0 classes and 0 folders.
[2016.02.02-13.34.52:436][  0]LogContentBrowser: Native class hierarchy updated for 'SceneOutliner' in 0.0008 seconds. Added 1 classes and 2 folders.
[2016.02.02-13.34.52:462][  0]LogCrashTracker: Crashtracker disabled due to settings.
[2016.02.02-13.34.52:470][  0]LogUObjectGlobals:Warning: Failed to find object 'Class None.'
[2016.02.02-13.34.52:493][  0]LogLoad: Full Startup: 8.99 seconds (BP compile: 0.18 seconds)
[2016.02.02-13.34.52:517][  0]LogOcInput: Can't find Oculus library dev build: is proper Runtime installed? Version: 0.8.0.0
[2016.02.02-13.34.52:627][  0]LogContentStreaming: Texture pool size now 200 MB
[2016.02.02-13.34.52:918][  2]LogRenderer: Reallocating scene render targets to support 824x660 (Frame:2).
[2016.02.02-13.34.53:343][  6]LogAssetRegistry: Asset discovery search completed in 4.7388 seconds
[2016.02.02-13.34.53:343][  6]LogCollectionManager: Rebuilt the object cache for 0 collections in 0.000001 seconds (found 0 objects)
[2016.02.02-13.34.53:343][  6]LogCollectionManager: Fixed up redirectors for 0 collections in 0.000028 seconds (updated 0 objects)
[2016.02.02-13.36.41:147][940]LogAIModule: Creating AISystem for world Level1
[2016.02.02-13.36.41:214][940]Cmd: MAP LOAD FILE="D:/Uni/3. Semester/ME/Pacmansion/FPS/Content/Level1.umap" TEMPLATE=0 SHOWPROGRESS=1 FEATURELEVEL=3
[2016.02.02-13.36.41:214][940]LightingResults: New page: Lighting Build
[2016.02.02-13.36.41:240][940]LoadErrors: New page: Loading map: Level1.umap
[2016.02.02-13.36.41:242][940]MapCheck: New page: Map Check
[2016.02.02-13.36.41:242][940]LightingResults: New page: Lighting Build
[2016.02.02-13.36.41:272][940]LogParticles: Destroying 0 GPU particle simulations for FXSystem 0x00000205B239F2E0
[2016.02.02-13.36.41:288][940]LogEditorServer: Finished looking for orphan Actors (0.000 secs)
[2016.02.02-13.36.41:316][940]Cmd: MAP CHECKDEP NOCLEARLOG
[2016.02.02-13.36.41:413][940]MapCheck: Info Map check complete: 0 Error(s), 0 Warning(s), took 96.261ms to complete.
[2016.02.02-13.36.41:414][940]LogFileHelpers: Loading map 'Level1' took 0.202
[2016.02.02-13.36.55:885][572]LogLinker:Warning: Asset '../../../Engine/Content/ArtTools/RenderToTexture/Macros/RenderToTextureMacros.uasset' has been saved with empty engine version. The asset will be loaded but may be incompatible.
[2016.02.02-13.36.56:626][572]LogContentBrowser: Native class hierarchy updated for 'BlueprintGraph' in 0.0018 seconds. Added 107 classes and 0 folders.
[2016.02.02-13.39.12:471][531]Cmd: OBJ SAVEPACKAGE PACKAGE="/Game/FirstPersonBP/Blueprints/Cherry" FILE="D:/Uni/3. Semester/ME/Pacmansion/FPS/Content/FirstPersonBP/Blueprints/Cherry.uasset" SILENT=true
[2016.02.02-13.39.12:879][531]LogSavePackage: Save=234.572067ms
[2016.02.02-13.39.12:879][531]LogSavePackage: Moving 'D:/Uni/3. Semester/ME/Pacmansion/FPS/Saved/CherryBC188A4D4C64ADB0045DE38F26A76E22.tmp' to 'D:/Uni/3. Semester/ME/Pacmansion/FPS/Content/FirstPersonBP/Blueprints/Cherry.uasset'
[2016.02.02-13.39.12:884][531]LogSavePackage: Total save time: 387.972780ms
[2016.02.02-13.39.12:884][531]LogSavePackage:Display: Finished SavePackage D:/Uni/3. Semester/ME/Pacmansion/FPS/Content/FirstPersonBP/Blueprints/Cherry.uasset
[2016.02.02-13.39.30:025][ 21]LogActorComponent: UnregisterComponent: (/Engine/Transient.CharMoveComp) Not registered. Aborting.
[2016.02.02-13.42.43:659][615]BlueprintLog: New page: Compile Coin
[2016.02.02-13.42.44:294][615]LogParticles: Destroying 0 GPU particle simulations for FXSystem 0x00000205B3AA28E0
[2016.02.02-13.42.44:298][615]LogParticles: Destroying 0 GPU particle simulations for FXSystem 0x00000205B3AA0720
[2016.02.02-13.42.44:335][615]BlueprintEditorCompileResults: Info [0480.82] Compile of Coin successful! [in 656 ms]
[2016.02.02-13.42.45:558][649]Cmd: OBJ SAVEPACKAGE PACKAGE="/Game/FirstPersonBP/Blueprints/Coin" FILE="D:/Uni/3. Semester/ME/Pacmansion/FPS/Content/FirstPersonBP/Blueprints/Coin.uasset" SILENT=true
[2016.02.02-13.42.45:634][649]LogSavePackage: Save=63.165104ms
[2016.02.02-13.42.45:634][649]LogSavePackage: Moving 'D:/Uni/3. Semester/ME/Pacmansion/FPS/Saved/CoinA42DDFE047E126CF19AB08B2E28AE7E7.tmp' to 'D:/Uni/3. Semester/ME/Pacmansion/FPS/Content/FirstPersonBP/Blueprints/Coin.uasset'
[2016.02.02-13.42.45:639][649]LogSavePackage: Total save time: 78.251675ms
[2016.02.02-13.42.45:639][649]LogSavePackage:Display: Finished SavePackage D:/Uni/3. Semester/ME/Pacmansion/FPS/Content/FirstPersonBP/Blueprints/Coin.uasset
[2016.02.02-13.47.19:700][852]Cmd: OBJ SAVEPACKAGE PACKAGE="/Game/FirstPersonBP/Blueprints/FirstPersonCharacter" FILE="D:/Uni/3. Semester/ME/Pacmansion/FPS/Content/FirstPersonBP/Blueprints/FirstPersonCharacter.uasset" SILENT=true
[2016.02.02-13.47.19:986][852]LogSavePackage: Save=192.037933ms
[2016.02.02-13.47.19:986][852]LogSavePackage: Moving 'D:/Uni/3. Semester/ME/Pacmansion/FPS/Saved/FirstPersonCharacterBAAFA87D40B33FDB77D2B1B5F26194A0.tmp' to 'D:/Uni/3. Semester/ME/Pacmansion/FPS/Content/FirstPersonBP/Blueprints/FirstPersonCharacter.uasset'
[2016.02.02-13.47.20:012][852]LogSavePackage: Total save time: 309.767067ms
[2016.02.02-13.47.20:012][852]LogSavePackage:Display: Finished SavePackage D:/Uni/3. Semester/ME/Pacmansion/FPS/Content/FirstPersonBP/Blueprints/FirstPersonCharacter.uasset
[2016.02.02-13.47.34:785][324]LogRenderer: Reallocating scene render targets to support 1012x660 (Frame:14828).
[2016.02.02-13.47.55:244][874]BlueprintLog: New page: Compile FirstPersonCharacter
[2016.02.02-13.47.55:486][874]LogActorComponent: UnregisterComponent: (/Engine/Transient.CharMoveComp) Not registered. Aborting.
[2016.02.02-13.47.55:564][874]BlueprintEditorCompileResults: Info [0792.07] Compile of FirstPersonCharacter successful! [in 320 ms]
[2016.02.02-13.47.58:463][952]Cmd: OBJ SAVEPACKAGE PACKAGE="/Game/FirstPersonBP/Blueprints/FirstPersonCharacter" FILE="D:/Uni/3. Semester/ME/Pacmansion/FPS/Content/FirstPersonBP/Blueprints/FirstPersonCharacter.uasset" SILENT=true
[2016.02.02-13.47.58:790][952]LogSavePackage: Save=315.628296ms
[2016.02.02-13.47.58:790][952]LogSavePackage: Moving 'D:/Uni/3. Semester/ME/Pacmansion/FPS/Saved/FirstPersonCharacter72715A3F4550FF8A09696E9E88CF6EF9.tmp' to 'D:/Uni/3. Semester/ME/Pacmansion/FPS/Content/FirstPersonBP/Blueprints/FirstPersonCharacter.uasset'
[2016.02.02-13.47.58:796][952]LogSavePackage: Total save time: 331.617579ms
[2016.02.02-13.47.58:796][952]LogSavePackag