[2016.01.31-20.14.42:234][  0]Log file open, 01/31/16 21:14:42
[2016.01.31-20.14.42:234][  0]LogInit:Display: Running engine for game: FPS
[2016.01.31-20.14.42:234][  0]LogPlatformFile: Not using cached read wrapper
[2016.01.31-20.14.42:234][  0]LogInit:Display: RandInit(-1701060551) SRandInit(-1701060548).
[2016.01.31-20.14.42:234][  0]LogTaskGraph: Started task graph with 4 named threads and 5 total threads.
[2016.01.31-20.14.42:234][  0]LogStats: Stats thread started at 0.081591
[2016.01.31-20.14.42:234][  0]LogInit: Version: 4.10.2-2818068+++depot+UE4-Releases+4.10
[2016.01.31-20.14.42:234][  0]LogInit: API Version: 2758231
[2016.01.31-20.14.42:234][  0]LogInit: Compiled (64-bit): Jan  6 2016 17:36:42
[2016.01.31-20.14.42:234][  0]LogInit: Compiled with Visual C++: 19.00.23026.00
[2016.01.31-20.14.42:234][  0]LogInit: Build Configuration: Development
[2016.01.31-20.14.42:234][  0]LogInit: Branch Name: ++depot+UE4-Releases+4.10
[2016.01.31-20.14.42:234][  0]LogInit: Command line:  
[2016.01.31-20.14.42:234][  0]LogInit: Base directory: C:/Program Files (x86)/Epic Games/4.10/Engine/Binaries/Win64/
[2016.01.31-20.14.42:234][  0]LogInit: Rocket: 1
[2016.01.31-20.14.42:310][  0]LogInit: Using libcurl 7.41.0
[2016.01.31-20.14.42:310][  0]LogInit:  - built for x86_64-pc-win32
[2016.01.31-20.14.42:310][  0]LogInit:  - supports SSL with WinSSL
[2016.01.31-20.14.42:310][  0]LogInit:  - other features:
[2016.01.31-20.14.42:310][  0]LogInit:      CURL_VERSION_SSL
[2016.01.31-20.14.42:310][  0]LogInit:      CURL_VERSION_IPV6
[2016.01.31-20.14.42:310][  0]LogInit:      CURL_VERSION_ASYNCHDNS
[2016.01.31-20.14.42:310][  0]LogInit:      CURL_VERSION_LARGEFILE
[2016.01.31-20.14.42:310][  0]LogInit:      CURL_VERSION_IDN
[2016.01.31-20.14.42:310][  0]LogInit:  CurlRequestOptions (configurable via config and command line):
[2016.01.31-20.14.42:310][  0]LogInit:  - bVerifyPeer = true  - Libcurl will verify peer certificate
[2016.01.31-20.14.42:310][  0]LogInit:  - bUseHttpProxy = false  - Libcurl will NOT use HTTP proxy
[2016.01.31-20.14.42:310][  0]LogInit:  - bDontReuseConnections = false  - Libcurl will reuse connections
[2016.01.31-20.14.42:310][  0]LogInit:  - CertBundlePath = nullptr  - Libcurl will use whatever was configured at build time.
[2016.01.31-20.14.42:322][  0]LogInit: Presizing for 0 objects not considered by GC, pre-allocating 0 bytes.
[2016.01.31-20.14.42:332][  0]LogInit: Object subsystem initialized
[2016.01.31-20.14.42:334][  0]LogInit: Selected Device Profile: [Windows]
[2016.01.31-20.14.42:334][  0]LogInit: Applying CVar settings loaded from the selected device profile: [Windows]
[2016.01.31-20.14.42:393][  0]LogInit: Computer: DESKTOP-JHQJSTD
[2016.01.31-20.14.42:393][  0]LogInit: User: Myran
[2016.01.31-20.14.42:393][  0]LogInit: CPU Page size=4096, Cores=2
[2016.01.31-20.14.42:393][  0]LogInit: High frequency timer resolution =2.241000 MHz
[2016.01.31-20.14.42:393][  0]LogMemory: Memory total: Physical=3.9GB (4GB approx)
[2016.01.31-20.14.42:393][  0]LogMemory: Platform Memory Stats for Windows
[2016.01.31-20.14.42:393][  0]LogMemory: Process Physical Memory: 56.30 MB used, 56.30 MB peak
[2016.01.31-20.14.42:393][  0]LogMemory: Process Virtual Memory: 55.89 MB used, 55.89 MB peak
[2016.01.31-20.14.42:393][  0]LogMemory: Physical Memory: 2497.51 MB used, 4001.87 MB total
[2016.01.31-20.14.42:393][  0]LogMemory: Virtual Memory: 381.36 MB used, 134217728.00 MB total
[2016.01.31-20.14.42:462][  0]LogTextLocalizationManager: No translations for ('de-DE') exist, falling back to 'en' for localization and internationalization data.
[2016.01.31-20.14.43:126][  0]LogD3D11RHI: Found D3D11 adapter 0: NVIDIA GeForce GT 630M (Feature Level 11_0)
[2016.01.31-20.14.43:126][  0]LogD3D11RHI: Adapter has 973MB of dedicated video memory, 0MB of dedicated system memory, and 2000MB of shared system memory, 2 output[s]
[2016.01.31-20.14.43:150][  0]LogD3D11RHI: Found D3D11 adapter 1: NVIDIA GeForce GT 630M (Feature Level 11_0)
[2016.01.31-20.14.43:150][  0]LogD3D11RHI: Adapter has 973MB of dedicated video memory, 0MB of dedicated system memory, and 2000MB of shared system memory, 0 output[s]
[2016.01.31-20.14.43:155][  0]LogD3D11RHI: Found D3D11 adapter 2: Microsoft Basic Render Driver (Feature Level 11_0)
[2016.01.31-20.14.43:155][  0]LogD3D11RHI: Adapter has 973MB of dedicated video memory, 0MB of dedicated system memory, and 2000MB of shared system memory, 0 output[s]
[2016.01.31-20.14.43:155][  0]LogD3D11RHI: Chosen D3D11 Adapter Id = 0
[2016.01.31-20.14.43:163][  0]LogD3D11RHI: !Direct3DDevice
[2016.01.31-20.14.43:163][  0]LogRHI: Texture pool is 1361 MB (70% of 1945 MB)
[2016.01.31-20.14.43:183][  0]LogD3D11RHI: Async texture creation enabled
[2016.01.31-20.14.43:203][  0]LogShaderCompilers: Guid format shader working directory is -13 characters bigger than the processId version (../../../../../../Users/Myran/Documents/Unreal Projects/FPS/Intermediate/Shaders/WorkingDirectory/5936/).
[2016.01.31-20.14.43:203][  0]LogShaderCompilers: Cleaned the shader compiler working directory 'C:/Users/Myran/AppData/Local/Temp/UnrealShaderWorkingDir/960DDD19476FAB18468AEB90525327FA/'.
[2016.01.31-20.14.43:203][  0]LogShaderCompilers:Display: Using Local Shader Compiler.
[2016.01.31-20.14.47:272][  0]LogTemp:Display: Loaded TP AllDesktopTargetPlatform
[2016.01.31-20.14.47:426][  0]LogTemp:Display: Loaded TP WindowsClientTargetPlatform
[2016.01.31-20.14.47:483][  0]LogTemp:Display: Loaded TP WindowsNoEditorTargetPlatform
[2016.01.31-20.14.47:521][  0]LogTemp:Display: Loaded TP WindowsServerTargetPlatform
[2016.01.31-20.14.47:651][  0]LogTemp:Display: Loaded TP WindowsTargetPlatform
[2016.01.31-20.14.47:713][  0]LogTemp:Display: Loaded TP AndroidTargetPlatform
[2016.01.31-20.14.47:767][  0]LogTemp:Display: Loaded TP Android_ASTCTargetPlatform
[2016.01.31-20.14.47:821][  0]LogTemp:Display: Loaded TP Android_ATCTargetPlatform
[2016.01.31-20.14.47:862][  0]LogTemp:Display: Loaded TP Android_DXTTargetPlatform
[2016.01.31-20.14.47:969][  0]LogTemp:Display: Loaded TP Android_ETC1TargetPlatform
[2016.01.31-20.14.48:100][  0]LogTemp:Display: Loaded TP Android_ETC2TargetPlatform
[2016.01.31-20.14.48:211][  0]LogTemp:Display: Loaded TP Android_MultiTargetPlatform
[2016.01.31-20.14.48:211][  0]LogTemp:Display: Loaded TP Android_PVRTCTargetPlatform
[2016.01.31-20.14.48:232][  0]LogTemp:Display: Loaded TP HTML5TargetPlatform
[2016.01.31-20.14.48:634][  0]LogTemp:Display: Loaded TP IOSTargetPlatform
[2016.01.31-20.14.48:666][  0]LogTemp:Display: Loaded TP LinuxNoEditorTargetPlatform
[2016.01.31-20.14.48:764][  0]LogTemp:Display: Loaded TP LinuxServerTargetPlatform
[2016.01.31-20.14.48:852][  0]LogTemp:Display: Loaded TP LinuxTargetPlatform
[2016.01.31-20.14.48:894][  0]LogTargetPlatformManager:Display: Building Assets For Windows
[2016.01.31-20.14.50:589][  0]LogDerivedDataCache:Display: Max Cache Size: 512 MB
[2016.01.31-20.14.58:248][  0]LogDerivedDataCache: Loaded boot cache 7.61s 41MB C:/Users/Myran/AppData/Local/UnrealEngine/4.10/DerivedDataCache/Boot.ddc.
[2016.01.31-20.14.58:248][  0]LogDerivedDataCache:Display: Loaded Boot cache: C:/Users/Myran/AppData/Local/UnrealEngine/4.10/DerivedDataCache/Boot.ddc
[2016.01.31-20.14.58:265][  0]LogDerivedDataCache: FDerivedDataBackendGraph:  Pak pak cache file ../../../../../../Users/Myran/Documents/Unreal Projects/FPS/DerivedDataCache/DDC.ddp not found, will not use a pak cache.
[2016.01.31-20.14.58:265][  0]LogDerivedDataCache: Unable to find inner node Pak for hierarchical cache Hierarchy.
[2016.01.31-20.14.58:265][  0]LogDerivedDataCache: FDerivedDataBackendGraph:  CompressedPak pak cache file ../../../../../../Users/Myran/Documents/Unreal Projects/FPS/DerivedDataCache/Compressed.ddp not found, will not use a pak cache.
[2016.01.31-20.14.58:265][  0]LogDerivedDataCache: Unable to find inner node CompressedPak for hierarchical cache Hierarchy.
[2016.01.31-20.14.58:889][  0]LogDerivedDataCache:Display: Pak cache opened for reading ../../../Engine/DerivedDataCache/Compressed.ddp.
[2016.01.31-20.14.58:902][  0]LogDerivedDataCache: Using Local data cache path C:/Users/Myran/AppData/Local/UnrealEngine/Common/DerivedDataCache: Writable
[2016.01.31-20.15.16:599][  0]LogInit: Selected Device Profile: [Windows]
[2016.01.31-20.15.16:721][  0]LogContentStreaming: Texture pool size is 0.000000MB
[2016.01.31-20.15.18:172][  0]LogMeshUtilities: No automatic mesh reduction module available
[2016.01.31-20.15.18:172][  0]LogMeshUtilities: No automatic mesh merging module available
[2016.01.31-20.15.21:665][  0]LogInit: WinSock: version 1.1 (2.2), MaxSocks=32767, MaxUdp=65467
[2016.01.31-20.15.51:097][  0]UdpMessaging: Initializing bridge on interface 0.0.0.0:0 to multicast group 230.0.0.1:6666.
[2016.01.31-20.15.51:119][  0]FUdpSocketBuilder: Failed to create the socket UdpMessageMulticastSocket as configured
[2016.01.31-20.15.51:119][  0]UdpMessageTransport.StartTransport: Failed to create multicast socket on 0.0.0.0:0, joined to 230.0.0.1:6666 with TTL 1
[2016.01.31-20.15.51:970][  0]LogAssetRegistry: FAssetRegistry took 0.0116 seconds to start up
[2016.01.31-20.15.56:208][  0]SourceControl: Info Source control is disabled
[2016.01.31-20.15.56:348][  0]SourceControl: Info Source control is disabled
[2016.01.31-20.15.56:651][  0]SourceControl: Info Source control is disabled
[2016.01.31-20.15.56:808][  0]SourceControl: Info Source control is disabled
[2016.01.31-20.16.02:166][  0]LogObj: 28633 objects as part of root set at end of initial load.
[2016.01.31-20.16.02:166][  0]LogUObjectAllocator: 6099744 out of 0 bytes used by permanent object pool.
[2016.01.31-20.16.04:524][  0]LogAutomationTest:Warning: Smoke tests took > 1s to run: 1.15s
[2016.01.31-20.16.04:746][  0]LogEngine: Initializing Engine...
[2016.01.31-20.16.04:963][  0]LogHMD: Can't find Oculus library dev build: is proper Runtime installed? Version: 0.8.0.0
[2016.01.31-20.16.05:050][  0]LogHMD: SteamVR failed to initialize.  Err: 110
[2016.01.31-20.16.07:553][  0]LogAIModule: Creating AISystem for world NewWorld
[2016.01.31-20.16.07:839][  0]LogInit: XAudio2 using 'Speakers (Realtek High Definition Audio)' : 2 channels at 48 kHz using 32 bits per sample (channel mask 0x3)
[2016.01.31-20.16.07:861][  0]LogInit: FAudioDevice initialized.
[2016.01.31-20.16.07:902][  0]LogDerivedDataCache: Saved boot cache 0.04s 41MB C:/Users/Myran/AppData/Local/UnrealEngine/4.10/DerivedDataCache/Boot.ddc.
[2016.01.31-20.16.07:914][  0]LogInit: Texture streaming: Enabled
[2016.01.31-20.16.08:338][  0]LogAnalytics: Creating configured Analytics provider AnalyticsET
[2016.01.31-20.16.08:338][  0]LogAnalytics: [UEEditor.Rocket.Release] APIServer = http://et2.epicgames.com/ET2/. AppVersion = 4.10.2-2818068+++depot+UE4-Releases+4.10
[2016.01.31-20.16.08:339][  0]LogAnalytics: [UEEditor.Rocket.Release] SetUserId 12189b20408bbc0b2d4557975c2d7ef4|20c8adfa9f9640e5a57c17fd2f2868d5|ceb4ef6f-e501-4244-a277-49f194b9a0bc
[2016.01.31-20.16.08:339][  0]LogAnalytics: [UEEditor.Rocket.Release] AnalyticsET::StartSession
[2016.01.31-20.16.08:758][  0]LogInit: Transaction tracking system initialized
[2016.01.31-20.16.10:749][  0]BlueprintLog: New page: Editor Load
[2016.01.31-20.16.15:216][  0]LocalizationService: Info Localization service is disabled
[2016.01.31-20.16.18:347][  0]LogLinker:Warning: Can't find file '/Game/ThirdPersonBP/ThirdPersonOverview'
[2016.01.31-20.16.18:390][  0]LogLinker:Warning: Can't find file '/Game/ThirdPersonBP/ThirdPersonOverview'
[2016.01.31-20.16.18:391][  0]LogUObjectGlobals:Warning: Failed to find object 'Class /Game/ThirdPersonBP/ThirdPersonOverview.ThirdPersonOverview_C'
[2016.01.31-20.16.19:606][  0]LogConsoleResponse:Display: 
[2016.01.31-20.16.23:190][  0]LogFileCache: Scanning file cache for directory 'C:/Users/Myran/Documents/Unreal Projects/FPS/Content/' took 0.01s
[2016.01.31-20.16.23:190][  0]LogCook:Display: Done creating registry. It took  0.00s.
[2016.01.31-20.16.26:072][  0]SourceControl: Info Source control is disabled
[2016.01.31-20.16.40:210][  0]LogWindowsTextInputMethodSystem:Display: IME system now deactivated.
[2016.01.31-20.16.40:238][  0]LogWindowsTextInputMethodSystem:Display: IME system now deactivated.
[2016.01.31-20.16.40:336][  0]Cmd: MAP LOAD FILE="../../../../../../Users/Myran/Documents/Unreal Projects/FPS/Content/FirstPersonBP/Maps/FirstPersonExampleMap.umap" TEMPLATE=0 SHOWPROGRESS=1 FEATURELEVEL=3
[2016.01.31-20.16.40:361][  0]LightingResults: New page: Lighting Build
[2016.01.31-20.16.40:798][  0]MapCheck: New page: Map Check
[2016.01.31-20.16.40:798][  0]LightingResults: New page: Lighting Build
[2016.01.31-20.16.40:827][  0]LogParticles: Destroying 0 GPU particle simulations for FXSystem 0x000001D2498C7B00
[2016.01.31-20.16.50:517][  0]LogAIModule: Creating AISystem for world FirstPersonExampleMap
[2016.01.31-20.16.50:987][  0]LogEditorServer: Finished looking for orphan Actors (0.011 secs)
[2016.01.31-20.16.51:151][  0]Cmd: MAP CHECKDEP NOCLEARLOG
[2016.01.31-20.16.51:322][  0]MapCheck: Info Map check complete: 0 Error(s), 0 Warning(s), took 170.676ms to complete.
[2016.01.31-20.16.51:323][  0]LogFileHelpers: Loading map 'FirstPersonExampleMap' took 10.988
[2016.01.31-20.16.53:641][  0]LogWindowsTextInputMethodSystem:Display: IME system now deactivated.
[2016.01.31-20.16.57:475][  0]LogCollectionManager: Loaded 0 collections in 0.006006 seconds
[2016.01.31-20.16.59:135][  0]LogFileCache: Scanning file cache for directory 'C:/Users/Myran/Documents/Unreal Projects/FPS/Saved/Collections/' took 0.01s
[2016.01.31-20.16.59:135][  0]LogFileCache: Scanning file cache for directory 'C:/Users/Myran/Documents/Unreal Projects/FPS/Content/Developers/Myran/Collections/' took 0.01s
[2016.01.31-20.16.59:135][  0]LogFileCache: Scanning file cache for directory 'C:/Users/Myran/Documents/Unreal Projects/FPS/Content/Collections/' took 0.01s
[2016.01.31-20.16.59:135][  0]LogCollectionManager: Rebuilt the GUID cache for 0 collections in 0.000797 seconds
[2016.01.31-20.16.59:264][  0]LogContentBrowser: Native class hierarchy populated in 0.0765 seconds. Added 1893 classes and 338 folders.
[2016.01.31-20.16.59:514][  0]LogContentBrowser: Native class hierarchy updated for 'WidgetCarousel' in 0.0006 seconds. Added 0 classes and 0 folders.
[2016.01.31-20.17.05:283][  0]LogContentBrowser: Native class hierarchy updated for 'AddContentDialog' in 0.0020 seconds. Added 0 classes and 0 folders.
[2016.01.31-20.17.05:465][  0]LogContentBrowser: Native class hierarchy updated for 'SceneOutliner' in 0.0008 seconds. Added 1 classes and 2 folders.
[2016.01.31-20.17.07:533][  0]LogCrashTracker: Crashtracker disabled due to settings.
[2016.01.31-20.17.11:007][  0]LogUObjectGlobals:Warning: Failed to find object 'Class None.'
[2016.01.31-20.17.13:716][  0]LogStats:Warning: MetaData mismatch. Did you assign a stat to two groups? New //STATGROUP_Threads//SplashScreenThread///Thread_1204_0///####STATCAT_Advanced#### old //STATGROUP_Threads//SplashScreenThread///Thread_d4c_0///####STATCAT_Advanced####
[2016.01.31-20.17.13:925][  0]LogLoad: Full Startup: 153.35 seconds (BP compile: 1.36 seconds)
[2016.01.31-20.17.14:325][  0]LogOcInput: Can't find Oculus library dev build: is proper Runtime installed? Version: 0.8.0.0
[2016.01.31-20.17.17:903][  0]LogContentStreaming: Texture pool size now 200 MB
[2016.01.31-20.17.18:708][  0]LogRenderer: Reallocating scene render targets to support 964x436 (Frame:2).
[2016.01.31-20.17.20:406][  6]LogAssetRegistry: Asset discovery search completed in 88.4469 seconds
[2016.01.31-20.17.20:476][  6]LogCollectionManager: Rebuilt the object cache for 0 collections in 0.000003 seconds (found 0 objects)
[2016.01.31-20.17.20:476][  6]LogCollectionManager: Fixed up redirectors for 0 collections in 0.069420 seconds (updated 0 objects)
[2016.01.31-20.17.22:393][ 26]LogBlueprintUserMessages: Early PlayInEditor Detection: Level '/Game/FirstPersonBP/Maps/FirstPersonExampleMap.FirstPersonExampleMap:PersistentLevel' has LevelScriptBlueprint '/Game/FirstPersonBP/Maps/FirstPersonExampleMap.FirstPersonExampleMap:PersistentLevel.FirstPersonExampleMap' with GeneratedClass '/Game/FirstPersonBP/Maps/FirstPersonExampleMap.FirstPersonExampleMap_C' with ClassGeneratedBy '/Game/FirstPersonBP/Maps/FirstPersonExampleMap.FirstPersonExampleMap:PersistentLevel.FirstPersonExampleMap'
[2016.01.31-20.17.22:393][ 26]LogPlayLevel: PlayLevel: No blueprints needed recompiling
[2016.01.31-20.17.22:458][ 26]PIE: New page: PIE session: FirstPersonExampleMap (Jan 31, 2016, 10:17:22 PM)
[2016.01.31-20.17.22:458][ 26]LogPlayLevel: Creating play world package: /Game/FirstPersonBP/Maps/UEDPIE_0_FirstPersonExampleMap
[2016.01.31-20.17.22:574][ 26]LogPlayLevel: PIE: StaticDuplicateObject took: (0.115872s)
[2016.01.31-20.17.22:593][ 26]LogAIModule: Creating AISystem for world FirstPersonExampleMap
[2016.01.31-20.17.22:593][ 26]LogPlayLevel: PIE: World Init took: (0.001521s)
[2016.01.31-20.17.22:601][ 26]LogPlayLevel: PIE: Created PIE world by copying editor world from /Game/FirstPersonBP/Maps/FirstPersonExampleMap.FirstPersonExampleMap to /Game/FirstPersonBP/Maps/UEDPIE_0_FirstPersonExampleMap.FirstPersonExampleMap (0.142606s)
[2016.01.31-20.17.22:664][ 26]LogInit: XAudio2 using 'Speakers (Realtek High Definition Audio)' : 2 channels at 48 kHz using 32 bits per sample (channel mask 0x3)
[2016.01.31-20.17.22:694][ 26]LogInit: FAudioDevice initialized.
[2016.01.31-20.17.23:375][ 26]LogWorld: Game class is 'FPSGM_C'
[2016.01.31-20.17.23:660][ 26]LogWorld: Bringing World /Game/FirstPersonBP/Maps/UEDPIE_0_FirstPersonExampleMap.FirstPersonExampleMap up for play (max tick rate 60) at 2016.01.31-21.17.23
[2016.01.31-20.17.23:660][ 26]LogActor:Warning: GameSession /Game/FirstPersonBP/Maps/UEDPIE_0_FirstPersonExampleMap.FirstPersonExampleMap:PersistentLevel.GameSession_0 has natively added scene component(s), but none of them were set as the actor's RootComponent - picking one arbitrarily
[2016.01.31-20.17.23:809][ 26]LogActor:Warning: GameNetworkManager /Game/FirstPersonBP/Maps/UEDPIE_0_FirstPersonExampleMap.FirstPersonExampleMap:PersistentLevel.GameNetworkManager_0 has natively added scene component(s), but none of them were set as the actor's RootComponent - picking one arbitrarily
[2016.01.31-20.17.23:824][ 26]LogWorld: Bringing up level for play took: 0.182393
[2016.01.31-20.17.24:419][ 26]PIE: Info Play in editor start time for /Game/FirstPersonBP/Maps/UEDPIE_0_FirstPersonExampleMap 2.396
[2016.01.31-20.17.24:419][ 26]LogBlueprintUserMessages: Late PlayInEditor Detection: Level '/Game/FirstPersonBP/Maps/FirstPersonExampleMap.FirstPersonExampleMap:PersistentLevel' has LevelScriptBlueprint '/Game/FirstPersonBP/Maps/FirstPersonExampleMap.FirstPersonExampleMap:PersistentLevel.FirstPersonExampleMap' with GeneratedClass '/Game/FirstPersonBP/Maps/FirstPersonExampleMap.FirstPersonExampleMap_C' with ClassGeneratedBy '/Game/FirstPersonBP/Maps/FirstPersonExampleMap.FirstPersonExampleMap:PersistentLevel.FirstPersonExampleMap'
[2016.01.31-20.17.34:844][559]LogBlueprintUserMessages: Early EndPlayMap Detection: Level '/Game/FirstPersonBP/Maps/FirstPersonExampleMap.FirstPersonExampleMap:PersistentLevel' has LevelScriptBlueprint '/Game/FirstPersonBP/Maps/FirstPersonExampleMap.FirstPersonExampleMap:PersistentLevel.FirstPersonExampleMap' with GeneratedClass '/Game/FirstPersonBP/Maps/FirstPersonExampleMap.FirstPersonExampleMap_C' with ClassGeneratedBy '/Game/FirstPersonBP/Maps/FirstPersonExampleMap.FirstPersonExampleMap:PersistentLevel.FirstPersonExampleMap'
[2016.01.31-20.17.35:012][559]LogBlueprintUserMessages: Late EndPlayMap Detection: Level '/Game/FirstPersonBP/Maps/FirstPersonExampleMap.FirstPersonExampleMap:PersistentLevel' has LevelScriptBlueprint '/Game/FirstPersonBP/Maps/FirstPersonExampleMap.FirstPersonExampleMap:PersistentLevel.FirstPersonExampleMap' with GeneratedClass '/Game/FirstPersonBP/Maps/FirstPersonExampleMap.FirstPersonExampleMap_C' with ClassGeneratedBy '/Game/FirstPersonBP/Maps/FirstPersonExampleMap.FirstPersonExampleMap:PersistentLevel.FirstPersonExampleMap'
[2016.01.31-20.17.35:046][559]LogParticles: Destroying 0 GPU particle simulations for FXSystem 0x000001D25C7A1B20
[2016.01.31-20.17.46:644][ 15]LogAIModule: Creating AISystem for world Level1
[2016.01.31-20.17.46:783][ 15]Cmd: MAP LOAD FILE="../../../../../../Users/Myran/Documents/Unreal Projects/FPS/Content/FirstPersonBP/Maps/Level1.umap" TEMPLATE=0 SHOWPROGRESS=1 FEATURELEVEL=3
[2016.01.31-20.17.46:784][ 15]LightingResults: New page: Lighting Build
[2016.01.31-20.17.46:812][ 15]LoadErrors: New page: Loading map: Level1.umap
[2016.01.31-20.17.46:813][ 15]MapCheck: New page: Map Check
[2016.01.31-20.17.46:813][ 15]LightingResults: New page: Lighting Build
[2016.01.31-20.17.46:844][ 15]LogParticles: Destroying 0 GPU particle simulations for FXSystem 0x000001D23B678F40
[2016.01.31-20.17.46:943][ 15]LogEditorServer: Finished looking for orphan Actors (0.000 secs)
[2016.01.31-20.17.46:999][ 15]Cmd: MAP CHECKDEP NOCLEARLOG
[2016.01.31-20.17.47:097][ 15]MapCheck: Info Map check complete: 0 Error(s), 0 Warning(s), took 97.78ms to complete.
[2016.01.31-20.17.47:097][ 15]LogFileHelpers: Loading map 'Level1' took 0.315
[2016.01.31-20.17.50:984][179]LogPlayLevel: PlayLevel: No blueprints needed recompiling
[2016.01.31-20.17.50:984][179]PIE: New page: PIE session: Level1 (Jan 31, 2016, 10:17:50 PM)
[2016.01.31-20.17.50:985][179]LogPlayLevel: Creating play world package: /Game/FirstPersonBP/Maps/UEDPIE_0_Level1
[2016.01.31-20.17.51:007][179]LogPlayLevel: PIE: StaticDuplicateObject took: (0.021880s)
[2016.01.31-20.17.51:008][179]LogAIModule: Creating AISystem for world Level1
[2016.01.31-20.17.51:008][179]LogPlayLevel: PIE: World Init took: (0.001242s)
[2016.01.31-20.17.51:008][179]LogPlayLevel: PIE: Created PIE world by copying editor world from /Game/FirstPersonBP/Maps/Level1.Level1 to /Game/FirstPersonBP/Maps/UEDPIE_0_Level1.Level1 (0.023446s)
[2016.01.31-20.17.51:048][179]LogInit: XAudio2 using 'Speakers (Realtek High Definition Audio)' : 2 channels at 48 kHz using 32 bits per sample (channel mask 0x3)
[2016.01.31-20.17.51:064][179]LogInit: FAudioDevice initialized.
[2016.01.31-20.17.51:104][179]LogWorld: Game class is 'FPSGM_C'
[2016.01.31-20.17.51:111][179]LogWorld: Bringing World /Game/FirstPersonBP/Maps/UEDPIE_0_Level1.Level1 up for play (max tick rate 60) at 2016.01.31-21.17.51
[2016.01.31-20.17.51:111][179]LogActor:Warning: GameSession /Game/FirstPersonBP/Maps/UEDPIE_0_Level1.Level1:PersistentLevel.GameSession_1 has natively added scene component(s), but none of them were set as the actor's RootComponent - picking one arbitrarily
[2016.01.31-20.17.51:111][179]LogActor:Warning: GameNetworkManager /Game/FirstPersonBP/Maps/UEDPIE_0_Level1.Level1:PersistentLevel.GameNetworkManager_1 has natively added scene component(s), but none of them were set as the actor's RootComponent - picking one arbitrarily
[2016.01.31-20.17.51:134][179]LogWorld: Bringing up level for play took: 0.029577
[2016.01.31-20.17.51:495][179]PIE: Info Play in editor start time for /Game/FirstPersonBP/Maps/UEDPIE_0_Level1 1.473
[2016.01.31-20.18.00:843][725]LogParticles: Destroying 0 GPU particle simulations for FXSystem 0x000001D25201A3E0
[2016.01.31-20.21.02:807][810]AssetReimport: New page: Outstanding source content changes 10:21:02 PM
[2016.01.31-20.21.28:571][888]AssetReimport:Warning: Warning Can't create a new asset at /Game/gradient5 - one already exists.
[2016.01.31-20.21.30:461][936]Cmd: QUIT_EDITOR
[2016.01.31-20.21.31:257][936]LogExit: Preparing to exit.
[2016.01.31-20.21.32:483][936]LogExit: Editor shut down
[2016.01.31-20.21.32:485][936]LogExit: Transaction tracking system shut down
[2016.01.31-20.21.32:488][936]LogParticles: Destroying 0 GPU particle simulations for FXSystem 0x000001D251FC3C40
[2016.01.31-20.21.32:746][936]LogParticles: Destroying 0 GPU particle simulations for FXSystem 0x000001D251E88720
[2016.01.31-20.21.32:746][936]LogParticles: Destroying 0 GPU particle simulations for FXSystem 0x000001D23B6793A0
[2016.01.31-20.21.32:746][936]LogExit: Object subsystem successfully closed.
[2016.01.31-20.21.32:773][936]LogD3D11RHI: Shutdown
[2016.01.31-20.21.32:773][936]LogD3D11RHI: CleanupD3DDevice
[2016.01.31-20.21.32:839][936]LogD3D11RHI: ~FD3D11DynamicRHI
[2016.01.31-20.21.32:882][936]LogModuleManager: Shutting down and abandoning module CrashTracker (198)
[2016.01.31-20.21.32:882][936]LogModuleManager: Shutting down and abandoning module SceneOutliner (197)
[2016.01.31-20.21.32:882][936]LogModuleManager: Shutting down and abandoning module SuperSearch (196)
[2016.01.31-20.21.32:882][936]LogModuleManager: Shutting down and abandoning module WidgetCarousel (195)
[2016.01.31-20.21.32:882][936]LogModuleManager: Shutting down and abandoning module AddContentDialog (194)
[2016.01.31-20.21.32:893][936]LogModuleManager: Shutting down and abandoning module EditorWidgets (193)
[2016.01.31-20.21.32:893][936]LogModuleManager: Shutting down and abandoning module CollectionManager (192)
[2016.01.31-20.21.32:893][936]LogModuleManager: Shutting down and abandoning module StatsViewer (191)
[2016.01.31-20.21.32:893][936]LogModuleManager: Shutting down and abandoning module FoliageEdit (190)
[2016.01.31-20.21.32:893][936]LogModuleManager: Shutting down and abandoning module LandscapeEditor (189)
[2016.01.31-20.21.32:894][936]LogModuleManager: Shutting down and abandoning module ActorPickerMode (188)
[2016.01.31-20.21.32:894][936]LogModuleManager: Shutting down and abandoning module GeometryMode (187)
[2016.01.31-20.21.32:894][936]LogModuleManager: Shutting down and abandoning module TextureAlignMode (186)
[2016.01.31-20.21.32:894][936]LogModuleManager: Shutting down and abandoning module BspMode (185)
[2016.01.31-20.21.32:894][936]LogModuleManager: Shutting down and abandoning module PlacementMode (184)
[2016.01.31-20.21.32:894][936]LogModuleManager: Shutting down and abandoning module AutomationWorker (183)
[2016.01.31-20.21.32:894][936]LogModuleManager: Shutting down and abandoning module CharacterAI (182)
[2016.01.31-20.21.32:894][936]LogModuleManager: Shutting down and abandoning module SmartSnapping (181)
[2016.01.31-20.21.32:894][936]LogModuleManager: Shutting down and abandoning module ViewportSnapping (180)
[2016.01.31-20.21.32:894][936]LogModuleManager: Shutting down and abandoning module LogVisualizer (179)
[2016.01.31-20.21.32:894][936]LogModuleManager: Shutting down and abandoning module GameProjectGeneration (178)
[2016.01.31-20.21.32:894][936]LogModuleManager: Shutting down and abandoning module IntroTutorials (177)
[2016.01.31-20.21.32:894][936]LogModuleManager: Shutting down and abandoning module EditorLiveStreaming (176)
[2016.01.31-20.21.32:895][936]LogModuleManager: Shutting down and abandoning module IOSPlatformEditor (175)
[2016.01.31-20.21.32:895][936]LogModuleManager: Shutting down and abandoning module HTML5PlatformEditor (174)
[2016.01.31-20.21.32:895][936]LogModuleManager: Shutting down and abandoning module AndroidDeviceDetection (173)
[2016.01.31-20.21.33:404][936]LogModuleManager: Shutting down and abandoning module AndroidPlatformEditor (172)
[2016.01.31-20.21.33:404][936]LogModuleManager: Shutting down and abandoning module IOSRuntimeSettings (171)
[2016.01.31-20.21.33:404][936]LogModuleManager: Shutting down and abandoning module AndroidRuntimeSettings (170)
[2016.01.31-20.21.33:404][936]LogModuleManager: Shutting down and abandoning module MergeActors (169)
[2016.01.31-20.21.33:404][936]LogModuleManager: Shutting down and abandoning module SizeMap (168)
[2016.01.31-20.21.33:404][936]LogModuleManager: Shutting down and abandoning module TreeMap (167)
[2016.01.31-20.21.33:404][936]LogModuleManager: Shutting down and abandoning module ReferenceViewer (166)
[2016.01.31-20.21.33:404][936]LogModuleManager: Shutting down and abandoning module LocalizationService (165)
[2016.01.31-20.21.33:404][936]LogModuleManager: Shutting down and abandoning module LocalizationDashboard (164)
[2016.01.31-20.21.33:404][936]LogModuleManager: Shutting down and abandoning module HardwareTargeting (163)
[2016.01.31-20.21.33:404][936]LogModuleManager: Shutting down and abandoning module DeviceProfileEditor (162)
[2016.01.31-20.21.33:404][936]LogModuleManager: Shutting down and abandoning module UndoHistory (161)
[2016.01.31-20.21.33:404][936]LogModuleManager: Shutting down and abandoning module GameplayTagsEditor (160)
[2016.01.31-20.21.33:404][936]LogModuleManager: Shutting down and abandoning module UserFeedback (159)
[2016.01.31-20.21.33:404][936]LogModuleManager: Shutting down and abandoning module XmlParser (158)
[2016.01.31-20.21.33:404][936]LogModuleManager: Shutting down and abandoning module Blutility (157)
[2016.01.31-20.21.33:404][936]LogModuleManager: Shutting down and abandoning module ProjectTargetPlatformEditor (156)
[2016.01.31-20.21.33:405][936]LogModuleManager: Shutting down and abandoning module ProjectSettingsViewer (155)
[2016.01.31-20.21.33:405][936]LogModuleManager: Shutting down and abandoning module InputBindingEditor (154)
[2016.01.31-20.21.33:405][936]LogModuleManager: Shutting down and abandoning module EditorSettingsViewer (153)
[2016.01.31-20.21.33:405][936]LogModuleManager: Shutting down and abandoning module SettingsEditor (152)
[2016.01.31-20.21.33:405][936]LogModuleManager: Shutting down and abandoning module ProjectLauncher (151)
[2016.01.31-20.21.33:405][936]LogModuleManager: Shutting down and abandoning module SessionFrontend (150)
[2016.01.31-20.21.33:405][936]LogModuleManager: Shutting down and abandoning module ProfilerClient (149)
[2016.01.31-20.21.33:405][936]LogModuleManager: Shutting down and abandoning module TargetDeviceServices (148)
[2016.01.31-20.21.33:406][936]LogModuleManager: Shutting down and abandoning module DeviceManager (147)
[2016.01.31-20.21.33:406][936]LogModuleManager: Shutting down and abandoning module AutomationController (146)
[2016.01.31-20.21.33:406][936]LogModuleManager: Shutting down and abandoning module AutomationWindow (145)
[2016.01.31-20.21.33:406][936]LogModuleManager: Shutting down and abandoning module Layers (144)
[2016.01.31-20.21.33:407][936]LogModuleManager: Shutting down and abandoning module ComponentVisualizers (143)
[2016.01.31-20.21.33:407][936]LogModuleManager: Shutting down and abandoning module DetailCustomizations (142)
[2016.01.31-20.21.33:407][936]LogModuleManager: Shutting down and abandoning module PackagesDialog (141)
[2016.01.31-20.21.33:407][936]LogModuleManager: Shutting down and abandoning module Persona (140)
[2016.01.31-20.21.33:407][936]LogModuleManager: Shutting down and abandoning module Kismet (139)
[2016.01.31-20.21.33:407][936]LogModuleManager: Shutting down and abandoning module GraphEditor (138)
[2016.01.31-20.21.33:408][936]LogModuleManager: Shutting down and abandoning module ClassViewer (137)
[2016.01.31-20.21.33:408][936]LogModuleManager: Shutting down and abandoning module Toolbox (136)
[2016.01.31-20.21.33:409][936]LogModuleManager: Shutting down and abandoning module ModuleUI (135)
[2016.01.31-20.21.33:409][936]LogModuleManager: Shutting down and abandoning module MovieSceneTools (134)
[2016.01.31-20.21.33:409][936]LogModuleManager: Shutting down and abandoning module OutputLog (133)
[2016.01.31-20.21.33:409][936]LogModuleManager: Shutting down and abandoning module GammaUI (132)
[2016.01.31-20.21.33:409][936]LogModuleManager: Shutting down and abandoning module Documentation (131)
[2016.01.31-20.21.33:409][936]LogModuleManager: Shutting down and abandoning module GameLiveStreaming (130)
[2016.01.31-20.21.33:409][936]LogModuleManager: Shutting down and abandoning module StreamingPauseRendering (129)
[2016.01.31-20.21.33:409][936]LogModuleManager: Shutting down and abandoning module AnalyticsET (128)
[2016.01.31-20.21.33:409][936]LogModuleManager: Shutting down and abandoning module Analytics (127)
[2016.01.31-20.21.33:409][936]LogModuleManager: Shutting down and abandoning module AITestSuite (126)
[2016.01.31-20.21.33:409][936]LogModuleManager: Shutting down and abandoning module GameplayDebugger (125)
[2016.01.31-20.21.33:409][936]LogModuleManager: Shutting down and abandoning module AIModule (124)
[2016.01.31-20.21.33:409][936]LogModuleManager: Shutting down and abandoning module ProfilerService (123)
[2016.01.31-20.21.33:566][936]LogModuleManager: Shutting down and abandoning module TaskGraph (122)
[2016.01.31-20.21.33:566][936]LogModuleManager: Shutting down and abandoning module SlateRemote (121)
[2016.01.31-20.21.33:567][936]LogModuleManager: Shutting down and abandoning module SteamVRController (120)
[2016.01.31-20.21.33:567][936]LogModuleManager: Shutting down and abandoning module SteamVR (119)
[2016.01.31-20.21.33:567][936]LogModuleManager: Shutting down and abandoning module ProceduralMeshComponent (118)
[2016.01.31-20.21.33:567][936]LogModuleManager: Shutting down and abandoning module OculusLibrary (117)
[2016.01.31-20.21.33:567][936]LogModuleManager: Shutting down and abandoning module OculusInput (116)
[2016.01.31-20.21.33:567][936]LogModuleManager: Shutting down and abandoning module LeapMotionController (115)
[2016.01.31-20.21.33:588][936]LogModuleManager: Shutting down and abandoning module CustomMeshComponent (114)
[2016.01.31-20.21.33:588][936]LogModuleManager: Shutting down and abandoning module CableComponent (113)
[2016.01.31-20.21.33:589][936]LogModuleManager: Shutting down and abandoning module ArchVisCharacter (112)
[2016.01.31-20.21.33:589][936]LogModuleManager: Shutting down and abandoning module MessagingDebugger (111)
[2016.01.31-20.21.33:589][936]LogModuleManager: Shutting down and abandoning module MediaPlayerEditor (110)
[2016.01.31-20.21.33:589][936]LogModuleManager: Shutting down and abandoning module HTML5Networking (109)
[2016.01.31-20.21.33:589][936]LogModuleManager: Shutting down and abandoning module SpeedTreeImporter (108)
[2016.01.31-20.21.33:589][936]LogModuleManager: Shutting down and abandoning module PluginBrowser (107)
[2016.01.31-20.21.33:589][936]LogModuleManager: Shutting down and abandoning module EpicSurvey (106)
[2016.01.31-20.21.33:589][936]LogModuleManager: Shutting down and abandoning module DesktopPlatform (105)
[2016.01.31-20.21.33:589][936]LogModuleManager: Shutting down and abandoning module VisualStudioSourceCodeAccess (104)
[2016.01.31-20.21.33:589][936]LogModuleManager: Shutting down and abandoning module UObjectPlugin (103)
[2016.01.31-20.21.33:589][936]LogModuleManager: Shutting down and abandoning module SubversionSourceControl (102)
[2016.01.31-20.21.33:589][936]LogModuleManager: Shutting down and abandoning module PerforceSourceControl (101)
[2016.01.31-20.21.33:589][936]LogModuleManager: Shutting down and abandoning module SourceControl (100)
[2016.01.31-20.21.33:589][936]LogModuleManager: Shutting down and abandoning module GitSourceControl (99)
[2016.01.31-20.21.33:589][936]LogModuleManager: Shutting down and abandoning module LightPropagationVolumeEditor (98)
[2016.01.31-20.21.33:589][936]LogModuleManager: Shutting down and abandoning module PaperTiledImporter (97)
[2016.01.31-20.21.33:589][936]LogModuleManager: Shutting down and abandoning module PaperSpriteSheetImporter (96)
[2016.01.31-20.21.33:589][936]LogModuleManager: Shutting down and abandoning module MeshPaint (95)
[2016.01.31-20.21.33:589][936]LogModuleManager: Shutting down and abandoning module SlateReflector (94)
[2016.01.31-20.21.33:589][936]LogModuleManager: Shutting down and abandoning module HotReload (93)
[2016.01.31-20.21.33:589][936]LogModuleManager: Shutting down and abandoning module MainFrame (92)
[2016.01.31-20.21.33:589][936]LogModuleManager: Shutting down and abandoning module LevelEditor (91)
[2016.01.31-20.21.33:591][936]LogModuleManager: Shutting down and abandoning module DirectoryWatcher (90)
[2016.01.31-20.21.33:601][936]LogModuleManager: Shutting down and abandoning module AssetRegistry (89)
[2016.01.31-20.21.33:680][936]LogModuleManager: Shutting down and abandoning module ContentBrowser (88)
[2016.01.31-20.21.33:683][936]LogModuleManager: Shutting down and abandoning module Paper2DEditor (87)
[2016.01.31-20.21.33:683][936]LogModuleManager: Shutting down and abandoning module UdpMessaging (86)
[2016.01.31-20.21.33:784][936]LogModuleManager: Shutting down and abandoning module LightPropagationVolumeRuntime (85)
[2016.01.31-20.21.33:784][936]LogModuleManager: Shutting down and abandoning module Paper2D (84)
[2016.01.31-20.21.33:784][936]LogModuleManager: Shutting down and abandoning module WindowsMoviePlayer (83)
[2016.01.31-20.21.33:788][936]LogModuleManager: Shutting down and abandoning module Media (82)
[2016.01.31-20.21.33:788][936]LogModuleManager: Shutting down and abandoning module WmfMedia (81)
[2016.01.31-20.21.33:789][936]LogModuleManager: Shutting down and abandoning module OnlineBlueprintSupport (80)
[2016.01.31-20.21.33:789][936]LogModuleManager: Shutting down and abandoning module GameplayTasksEditor (79)
[2016.01.31-20.21.33:789][936]LogModuleManager: Shutting down and abandoning module PropertyEditor (78)
[2016.01.31-20.21.33:789][936]LogModuleManager: Shutting down and abandoning module BehaviorTreeEditor (77)
[2016.01.31-20.21.33:789][936]LogModuleManager: Shutting down and abandoning module FunctionalTesting (76)
[2016.01.31-20.21.33:789][936]LogModuleManager: Shutting down and abandoning module CollisionAnalyzer (75)
[2016.01.31-20.21.33:789][936]LogModuleManager: Shutting down and abandoning module WorkspaceMenuStructure (74)
[2016.01.31-20.21.33:789][936]LogModuleManager: Shutting down and abandoning module MessageLog (73)
[2016.01.31-20.21.33:789][936]LogModuleManager: Shutting down and abandoning module Sequencer (72)
[2016.01.31-20.21.33:789][936]LogModuleManager: Shutting down and abandoning module AssetTools (71)
[2016.01.31-20.21.33:789][936]LogModuleManager: Shutting down and abandoning module UMGEditor (70)
[2016.01.31-20.21.33:789][936]LogModuleManager: Shutting down and abandoning module UMG (69)
[2016.01.31-20.21.33:789][936]LogModuleManager: Shutting down and abandoning module Slate (68)
[2016.01.31-20.21.33:790][936]LogModuleManager: Shutting down and abandoning module EditorStyle (67)
[2016.01.31-20.21.34:310][936]LogModuleManager: Shutting down and abandoning module SessionServices (66)
[2016.01.31-20.21.34:310][936]LogModuleManager: Shutting down and abandoning module SourceCodeAccess (65)
[2016.01.31-20.21.34:310][936]LogModuleManager: Shutting down and abandoning module HeadMountedDisplay (64)
[2016.01.31-20.21.34:310][936]LogModuleManager: Shutting down and abandoning module XAudio2 (63)
[2016.01.31-20.21.34:310][936]LogModuleManager: Shutting down and abandoning module Networking (61)
[2016.01.31-20.21.34:310][936]LogModuleManager: Shutting down and abandoning module Core (60)
[2016.01.31-20.21.34:310][936]LogModuleManager: Shutting down and abandoning module KismetCompiler (59)
[2016.01.31-20.21.34:310][936]LogModuleManager: Shutting down and abandoning module PhysXFormats (58)
[2016.01.31-20.21.34:310][936]LogModuleManager: Shutting down and abandoning module MeshUtilities (57)
[2016.01.31-20.21.34:310][936]LogModuleManager: Shutting down and abandoning module DerivedDataCache (56)
[2016.01.31-20.21.34:345][936]LogDerivedDataCache: Shutdown
[2016.01.31-20.21.34:345][936]LogModuleManager: Shutting down and abandoning module ShaderFormatOpenGL (55)
[2016.01.31-20.21.34:345][936]LogModuleManager: Shutting down and abandoning module ShaderFormatD3D (54)
[2016.01.31-20.21.34:345][936]LogModuleManager: Shutting down and abandoning module MetalShaderFormat (53)
[2016.01.31-20.21.34:345][936]LogModuleManager: Shutting down and abandoning module TextureFormatUncompressed (52)
[2016.01.31-20.21.34:345][936]LogModuleManager: Shutting down and abandoning module TextureFormatPVR (51)
[2016.01.31-20.21.34:346][936]LogModuleManager: Shutting down and abandoning module TextureFormatIntelISPCTexComp (50)
[2016.01.31-20.21.34:346][936]LogModuleManager: Shutting down and abandoning module TextureFormatDXT (49)
[2016.01.31-20.21.34:346][936]LogModuleManager: Shutting down and abandoning module ImageWrapper (48)
[2016.01.31-20.21.34:346][936]LogModuleManager: Shutting down and abandoning module TextureFormatASTC (47)
[2016.01.31-20.21.34:346][936]LogModuleManager: Shutting down and abandoning module TextureFormatAndroid (46)
[2016.01.31-20.21.34:346][936]LogModuleManager: Shutting down and abandoning module AudioFormatOpus (45)
[2016.01.31-20.21.34:346][936]LogModuleManager: Shutting down and abandoning module AudioFormatOgg (44)
[2016.01.31-20.21.34:346][936]LogModuleManager: Shutting down and abandoning module AudioFormatADPCM (43)
[2016.01.31-20.21.34:346][936]LogModuleManager: Shutting down and abandoning module LinuxTargetPlatform (42)
[2016.01.31-20.21.34:346][936]LogModuleManager: Shutting down and abandoning module LinuxServerTargetPlatform (41)
[2016.01.31-20.21.34:346][936]LogModuleManager: Shutting down and abandoning module LinuxNoEditorTargetPlatform (40)
[2016.01.31-20.21.34:346][936]LogModuleManager: Shutting down and abandoning module Messaging (39)
[2016.01.31-20.21.34:346][936]LogModuleManager: Shutting down and abandoning module IOSTargetPlatform (38)
[2016.01.31-20.21.34:346][936]LogModuleManager: Shutting down and abandoning module HTML5TargetPlatform (37)
[2016.01.31-20.21.34:346][936]LogModuleManager: Shutting down and abandoning module Android_PVRTCTargetPlatform (36)
[2016.01.31-20.21.34:346][936]LogModuleManager: Shutting down and abandoning module Android_MultiTargetPlatform (35)
[2016.01.31-20.21.34:346][936]LogModuleManager: Shutting down and abandoning module Android_ETC2TargetPlatform (34)
[2016.01.31-20.21.34:346][936]LogModuleManager: Shutting down and abandoning module Android_ETC1TargetPlatform (33)
[2016.01.31-20.21.34:346][936]LogModuleManager: Shutting down and abandoning module Android_DXTTargetPlatform (32)
[2016.01.31-20.21.34:346][936]LogModuleManager: Shutting down and abandoning module Android_ATCTargetPlatform (31)
[2016.01.31-20.21.34:346][936]LogModuleManager: Shutting down and abandoning module Android_ASTCTargetPlatform (30)
[2016.01.31-20.21.34:346][936]LogModuleManager: Shutting down and abandoning module AndroidTargetPlatform (29)
[2016.01.31-20.21.34:346][936]LogModuleManager: Shutting down and abandoning module WindowsTargetPlatform (28)
[2016.01.31-20.21.34:346][936]LogModuleManager: Shutting down and abandoning module WindowsServerTargetPlatform (27)
[2016.01.31-20.21.34:346][936]LogModuleManager: Shutting down and abandoning module WindowsNoEditorTargetPlatform (26)
[2016.01.31-20.21.34:347][936]LogModuleManager: Shutting down and abandoning module WindowsClientTargetPlatform (25)
[2016.01.31-20.21.34:347][936]LogModuleManager: Shutting down and abandoning module AllDesktopTargetPlatform (24)
[2016.01.31-20.21.34:347][936]LogModuleManager: Shutting down and abandoning module TargetPlatform (23)
[2016.01.31-20.21.34:347][936]LogModuleManager: Shutting down and abandoning module InputCore (22)
[2016.01.31-20.21.34:347][936]LogModuleManager: Shutting down and abandoning module Settings (21)
[2016.01.31-20.21.34:347][936]LogModuleManager: Shutting down and abandoning module OnlineSubsystem (19)
[2016.01.31-20.21.34:347][936]LogModuleManager: Shutting down and abandoning module HTTP (18)
[2016.01.31-20.21.36:350][936]LogModuleManager: Shutting down and abandoning module XMPP (17)
[2016.01.31-20.21.36:350][936]LogModuleManager: Shutting down and abandoning module OculusRift (16)
[2016.01.31-20.21.36:350][936]LogModuleManager: Shutting down and abandoning module ExampleDeviceProfileSelector (15)
[2016.01.31-20.21.36:351][936]LogModuleManager: Shutting down and abandoning module TextureCompressor (14)
[2016.01.31-20.21.36:351][936]LogModuleManager: Shutting down and abandoning module ShaderCore (13)
[2016.01.31-20.21.36:351][936]LogModuleManager: Shutting down and abandoning module Landscape (12)
[2016.01.31-20.21.36:351][936]LogModuleManager: Shutting down and abandoning module SlateRHIRenderer (11)
[2016.01.31-20.21.36:356][936]LogModuleManager: Shutting down and abandoning module OpenGLDrv (10)
[2016.01.31-20.21.36:356][936]LogModuleManager: Shutting down and abandoning module D3D11RHI (9)
[2016.01.31-20.21.36:356][936]LogModuleManager: Shutting down and abandoning module AnimGraphRuntime (8)
[2016.01.31-20.21.36:356][936]LogModuleManager: Shutting down and abandoning module Renderer (7)
[2016.01.31-20.21.36:356][936]LogModuleManager: Shutting down and abandoning module Engine (6)
[2016.01.31-20.21.36:356][936]LogModuleManager: Shutting down and abandoning module CoreUObject (5)
[2016.01.31-20.21.36:357][936]LogModuleManager: Shutting down and abandoning module NetworkFile (4)
[2016.01.31-20.21.36:357][936]LogModuleManager: Shutting down and abandoning module StreamingFile (3)
[2016.01.31-20.21.36:357][936]LogModuleManager: Shutting down and abandoning module SandboxFile (2)
[2016.01.31-20.21.36:357][936]LogModuleManager: Shutting down and abandoning module PakFile (1)
[2016.01.31-20.21.36:359][936]LogExit: Exiting.
[2016.01.31-20.21.36:389][936]Log file closed, 01/31/16 21:21:36
