[2016.01.31-10.12.36:666][  0]Log file open, 01/31/16 11:12:36
[2016.01.31-10.12.36:666][  0]LogInit:Display: Running engine for game: FPS
[2016.01.31-10.12.36:666][  0]LogPlatformFile: Not using cached read wrapper
[2016.01.31-10.12.36:666][  0]LogInit:Display: RandInit(-1052314692) SRandInit(-1052314690).
[2016.01.31-10.12.36:666][  0]LogTaskGraph: Started task graph with 4 named threads and 5 total threads.
[2016.01.31-10.12.36:666][  0]LogStats: Stats thread started at 0.112833
[2016.01.31-10.12.36:666][  0]LogInit: Version: 4.10.2-2818068+++depot+UE4-Releases+4.10
[2016.01.31-10.12.36:666][  0]LogInit: API Version: 2758231
[2016.01.31-10.12.36:666][  0]LogInit: Compiled (64-bit): Jan  6 2016 17:36:42
[2016.01.31-10.12.36:666][  0]LogInit: Compiled with Visual C++: 19.00.23026.00
[2016.01.31-10.12.36:666][  0]LogInit: Build Configuration: Development
[2016.01.31-10.12.36:666][  0]LogInit: Branch Name: ++depot+UE4-Releases+4.10
[2016.01.31-10.12.36:666][  0]LogInit: Command line:  
[2016.01.31-10.12.36:666][  0]LogInit: Base directory: C:/Program Files (x86)/Epic Games/4.10/Engine/Binaries/Win64/
[2016.01.31-10.12.36:666][  0]LogInit: Rocket: 1
[2016.01.31-10.12.36:683][  0]LogInit: Using libcurl 7.41.0
[2016.01.31-10.12.36:683][  0]LogInit:  - built for x86_64-pc-win32
[2016.01.31-10.12.36:683][  0]LogInit:  - supports SSL with WinSSL
[2016.01.31-10.12.36:683][  0]LogInit:  - other features:
[2016.01.31-10.12.36:683][  0]LogInit:      CURL_VERSION_SSL
[2016.01.31-10.12.36:684][  0]LogInit:      CURL_VERSION_IPV6
[2016.01.31-10.12.36:684][  0]LogInit:      CURL_VERSION_ASYNCHDNS
[2016.01.31-10.12.36:684][  0]LogInit:      CURL_VERSION_LARGEFILE
[2016.01.31-10.12.36:684][  0]LogInit:      CURL_VERSION_IDN
[2016.01.31-10.12.36:684][  0]LogInit:  CurlRequestOptions (configurable via config and command line):
[2016.01.31-10.12.36:684][  0]LogInit:  - bVerifyPeer = true  - Libcurl will verify peer certificate
[2016.01.31-10.12.36:684][  0]LogInit:  - bUseHttpProxy = false  - Libcurl will NOT use HTTP proxy
[2016.01.31-10.12.36:684][  0]LogInit:  - bDontReuseConnections = false  - Libcurl will reuse connections
[2016.01.31-10.12.36:684][  0]LogInit:  - CertBundlePath = nullptr  - Libcurl will use whatever was configured at build time.
[2016.01.31-10.12.36:699][  0]LogInit: Presizing for 0 objects not considered by GC, pre-allocating 0 bytes.
[2016.01.31-10.12.36:713][  0]LogInit: Object subsystem initialized
[2016.01.31-10.12.36:714][  0]LogInit: Selected Device Profile: [Windows]
[2016.01.31-10.12.36:714][  0]LogInit: Applying CVar settings loaded from the selected device profile: [Windows]
[2016.01.31-10.12.36:733][  0]LogInit: Computer: DESKTOP-JHQJSTD
[2016.01.31-10.12.36:733][  0]LogInit: User: Myran
[2016.01.31-10.12.36:733][  0]LogInit: CPU Page size=4096, Cores=2
[2016.01.31-10.12.36:733][  0]LogInit: High frequency timer resolution =2.241000 MHz
[2016.01.31-10.12.36:733][  0]LogMemory: Memory total: Physical=3.9GB (4GB approx)
[2016.01.31-10.12.36:733][  0]LogMemory: Platform Memory Stats for Windows
[2016.01.31-10.12.36:733][  0]LogMemory: Process Physical Memory: 56.20 MB used, 56.20 MB peak
[2016.01.31-10.12.36:733][  0]LogMemory: Process Virtual Memory: 57.82 MB used, 57.82 MB peak
[2016.01.31-10.12.36:733][  0]LogMemory: Physical Memory: 2438.85 MB used, 4001.87 MB total
[2016.01.31-10.12.36:733][  0]LogMemory: Virtual Memory: 383.29 MB used, 134217728.00 MB total
[2016.01.31-10.12.36:828][  0]LogTextLocalizationManager: No translations for ('de-DE') exist, falling back to 'en' for localization and internationalization data.
[2016.01.31-10.12.37:800][  0]LogD3D11RHI: Found D3D11 adapter 0: NVIDIA GeForce GT 630M (Feature Level 11_0)
[2016.01.31-10.12.37:800][  0]LogD3D11RHI: Adapter has 973MB of dedicated video memory, 0MB of dedicated system memory, and 2000MB of shared system memory, 2 output[s]
[2016.01.31-10.12.37:849][  0]LogD3D11RHI: Found D3D11 adapter 1: NVIDIA GeForce GT 630M (Feature Level 11_0)
[2016.01.31-10.12.37:849][  0]LogD3D11RHI: Adapter has 973MB of dedicated video memory, 0MB of dedicated system memory, and 2000MB of shared system memory, 0 output[s]
[2016.01.31-10.12.37:859][  0]LogD3D11RHI: Found D3D11 adapter 2: Microsoft Basic Render Driver (Feature Level 11_0)
[2016.01.31-10.12.37:859][  0]LogD3D11RHI: Adapter has 973MB of dedicated video memory, 0MB of dedicated system memory, and 2000MB of shared system memory, 0 output[s]
[2016.01.31-10.12.37:859][  0]LogD3D11RHI: Chosen D3D11 Adapter Id = 0
[2016.01.31-10.12.37:872][  0]LogD3D11RHI: !Direct3DDevice
[2016.01.31-10.12.37:873][  0]LogRHI: Texture pool is 1361 MB (70% of 1945 MB)
[2016.01.31-10.12.37:902][  0]LogD3D11RHI: Async texture creation enabled
[2016.01.31-10.12.37:928][  0]LogShaderCompilers: Guid format shader working directory is -13 characters bigger than the processId version (../../../../../../Users/Myran/Documents/Unreal Projects/FPS/Intermediate/Shaders/WorkingDirectory/3676/).
[2016.01.31-10.12.37:928][  0]LogShaderCompilers: Cleaned the shader compiler working directory 'C:/Users/Myran/AppData/Local/Temp/UnrealShaderWorkingDir/5ADC8DDC42DDE200B41D41ADE5522056/'.
[2016.01.31-10.12.37:928][  0]LogShaderCompilers:Display: Using Local Shader Compiler.
[2016.01.31-10.12.39:901][  0]LogTemp:Display: Loaded TP AllDesktopTargetPlatform
[2016.01.31-10.12.39:911][  0]LogTemp:Display: Loaded TP WindowsClientTargetPlatform
[2016.01.31-10.12.39:921][  0]LogTemp:Display: Loaded TP WindowsNoEditorTargetPlatform
[2016.01.31-10.12.39:931][  0]LogTemp:Display: Loaded TP WindowsServerTargetPlatform
[2016.01.31-10.12.39:940][  0]LogTemp:Display: Loaded TP WindowsTargetPlatform
[2016.01.31-10.12.39:946][  0]LogTemp:Display: Loaded TP AndroidTargetPlatform
[2016.01.31-10.12.39:953][  0]LogTemp:Display: Loaded TP Android_ASTCTargetPlatform
[2016.01.31-10.12.39:959][  0]LogTemp:Display: Loaded TP Android_ATCTargetPlatform
[2016.01.31-10.12.39:966][  0]LogTemp:Display: Loaded TP Android_DXTTargetPlatform
[2016.01.31-10.12.39:974][  0]LogTemp:Display: Loaded TP Android_ETC1TargetPlatform
[2016.01.31-10.12.39:984][  0]LogTemp:Display: Loaded TP Android_ETC2TargetPlatform
[2016.01.31-10.12.40:001][  0]LogTemp:Display: Loaded TP Android_MultiTargetPlatform
[2016.01.31-10.12.40:001][  0]LogTemp:Display: Loaded TP Android_PVRTCTargetPlatform
[2016.01.31-10.12.40:002][  0]LogTemp:Display: Loaded TP HTML5TargetPlatform
[2016.01.31-10.12.40:025][  0]LogTemp:Display: Loaded TP IOSTargetPlatform
[2016.01.31-10.12.40:030][  0]LogTemp:Display: Loaded TP LinuxNoEditorTargetPlatform
[2016.01.31-10.12.40:035][  0]LogTemp:Display: Loaded TP LinuxServerTargetPlatform
[2016.01.31-10.12.40:040][  0]LogTemp:Display: Loaded TP LinuxTargetPlatform
[2016.01.31-10.12.40:040][  0]LogTargetPlatformManager:Display: Building Assets For Windows
[2016.01.31-10.12.40:212][  0]LogDerivedDataCache:Display: Max Cache Size: 512 MB
[2016.01.31-10.12.40:300][  0]LogDerivedDataCache: Loaded boot cache 0.09s 41MB C:/Users/Myran/AppData/Local/UnrealEngine/4.10/DerivedDataCache/Boot.ddc.
[2016.01.31-10.12.40:300][  0]LogDerivedDataCache:Display: Loaded Boot cache: C:/Users/Myran/AppData/Local/UnrealEngine/4.10/DerivedDataCache/Boot.ddc
[2016.01.31-10.12.40:301][  0]LogDerivedDataCache: FDerivedDataBackendGraph:  Pak pak cache file ../../../../../../Users/Myran/Documents/Unreal Projects/FPS/DerivedDataCache/DDC.ddp not found, will not use a pak cache.
[2016.01.31-10.12.40:301][  0]LogDerivedDataCache: Unable to find inner node Pak for hierarchical cache Hierarchy.
[2016.01.31-10.12.40:301][  0]LogDerivedDataCache: FDerivedDataBackendGraph:  CompressedPak pak cache file ../../../../../../Users/Myran/Documents/Unreal Projects/FPS/DerivedDataCache/Compressed.ddp not found, will not use a pak cache.
[2016.01.31-10.12.40:301][  0]LogDerivedDataCache: Unable to find inner node CompressedPak for hierarchical cache Hierarchy.
[2016.01.31-10.12.40:397][  0]LogDerivedDataCache:Display: Pak cache opened for reading ../../../Engine/DerivedDataCache/Compressed.ddp.
[2016.01.31-10.12.40:420][  0]LogDerivedDataCache: Using Local data cache path C:/Users/Myran/AppData/Local/UnrealEngine/Common/DerivedDataCache: Writable
[2016.01.31-10.12.40:841][  0]LogInit: Selected Device Profile: [Windows]
[2016.01.31-10.12.40:848][  0]LogContentStreaming: Texture pool size is 0.000000MB
[2016.01.31-10.12.41:069][  0]LogMeshUtilities: No automatic mesh reduction module available
[2016.01.31-10.12.41:069][  0]LogMeshUtilities: No automatic mesh merging module available
[2016.01.31-10.12.41:474][  0]LogInit: WinSock: version 1.1 (2.2), MaxSocks=32767, MaxUdp=65467
[2016.01.31-10.12.43:045][  0]UdpMessaging: Initializing bridge on interface 0.0.0.0:0 to multicast group 230.0.0.1:6666.
[2016.01.31-10.12.43:047][  0]FUdpSocketBuilder: Failed to create the socket UdpMessageMulticastSocket as configured
[2016.01.31-10.12.43:048][  0]UdpMessageTransport.StartTransport: Failed to create multicast socket on 0.0.0.0:0, joined to 230.0.0.1:6666 with TTL 1
[2016.01.31-10.12.43:187][  0]LogAssetRegistry: FAssetRegistry took 0.0116 seconds to start up
[2016.01.31-10.12.43:506][  0]SourceControl: Info Source control is disabled
[2016.01.31-10.12.43:602][  0]SourceControl: Info Source control is disabled
[2016.01.31-10.12.43:622][  0]SourceControl: Info Source control is disabled
[2016.01.31-10.12.43:645][  0]SourceControl: Info Source control is disabled
[2016.01.31-10.12.44:031][  0]LogObj: 28633 objects as part of root set at end of initial load.
[2016.01.31-10.12.44:031][  0]LogUObjectAllocator: 6099744 out of 0 bytes used by permanent object pool.
[2016.01.31-10.12.44:112][  0]LogEngine: Initializing Engine...
[2016.01.31-10.12.44:115][  0]LogHMD: Can't find Oculus library dev build: is proper Runtime installed? Version: 0.8.0.0
[2016.01.31-10.12.44:116][  0]LogHMD: SteamVR failed to initialize.  Err: 110
[2016.01.31-10.12.44:320][  0]LogAIModule: Creating AISystem for world NewWorld
[2016.01.31-10.12.44:334][  0]LogInit: XAudio2 using 'Speakers (Realtek High Definition Audio)' : 2 channels at 48 kHz using 32 bits per sample (channel mask 0x3)
[2016.01.31-10.12.44:355][  0]LogInit: FAudioDevice initialized.
[2016.01.31-10.12.44:392][  0]LogDerivedDataCache: Saved boot cache 0.04s 41MB C:/Users/Myran/AppData/Local/UnrealEngine/4.10/DerivedDataCache/Boot.ddc.
[2016.01.31-10.12.44:403][  0]LogInit: Texture streaming: Enabled
[2016.01.31-10.12.44:412][  0]LogAnalytics: Creating configured Analytics provider AnalyticsET
[2016.01.31-10.12.44:412][  0]LogAnalytics: [UEEditor.Rocket.Release] APIServer = http://et2.epicgames.com/ET2/. AppVersion = 4.10.2-2818068+++depot+UE4-Releases+4.10
[2016.01.31-10.12.44:412][  0]LogAnalytics: [UEEditor.Rocket.Release] SetUserId 12189b20408bbc0b2d4557975c2d7ef4|20c8adfa9f9640e5a57c17fd2f2868d5|ceb4ef6f-e501-4244-a277-49f194b9a0bc
[2016.01.31-10.12.44:412][  0]LogAnalytics: [UEEditor.Rocket.Release] AnalyticsET::StartSession
[2016.01.31-10.12.44:425][  0]LogInit: Transaction tracking system initialized
[2016.01.31-10.12.44:474][  0]BlueprintLog: New page: Editor Load
[2016.01.31-10.12.44:630][  0]LocalizationService: Info Localization service is disabled
[2016.01.31-10.12.44:731][  0]LogLinker:Warning: Can't find file '/Game/ThirdPersonBP/ThirdPersonOverview'
[2016.01.31-10.12.44:731][  0]LogLinker:Warning: Can't find file '/Game/ThirdPersonBP/ThirdPersonOverview'
[2016.01.31-10.12.44:731][  0]LogUObjectGlobals:Warning: Failed to find object 'Class /Game/ThirdPersonBP/ThirdPersonOverview.ThirdPersonOverview_C'
[2016.01.31-10.12.45:000][  0]LogConsoleResponse:Display: 
[2016.01.31-10.12.45:198][  0]LogCook:Display: Done creating registry. It took  0.00s.
[2016.01.31-10.12.45:296][  0]LogFileCache: Scanning file cache for directory 'C:/Users/Myran/Documents/Unreal Projects/FPS/Content/' took 0.01s
[2016.01.31-10.12.45:296][  0]SourceControl: Info Source control is disabled
[2016.01.31-10.12.45:296][  0]Cmd: MAP LOAD FILE="../../../../../../Users/Myran/Documents/Unreal Projects/FPS/Content/FirstPersonBP/Maps/FirstPersonExampleMap.umap" TEMPLATE=0 SHOWPROGRESS=1 FEATURELEVEL=3
[2016.01.31-10.12.45:296][  0]LightingResults: New page: Lighting Build
[2016.01.31-10.12.45:301][  0]MapCheck: New page: Map Check
[2016.01.31-10.12.45:301][  0]LightingResults: New page: Lighting Build
[2016.01.31-10.12.45:329][  0]LogParticles: Destroying 0 GPU particle simulations for FXSystem 0x000002765FAB7B00
[2016.01.31-10.12.45:573][  0]LogLinker:Warning: Asset '../../../../../../Users/Myran/Documents/Unreal Projects/FPS/Content/FirstPerson/Meshes/FirstPersonProjectileMesh.uasset' has been saved with empty engine version. The asset will be loaded but may be incompatible.
[2016.01.31-10.12.46:173][  0]LogAIModule: Creating AISystem for world FirstPersonExampleMap
[2016.01.31-10.12.46:194][  0]LogEditorServer: Finished looking for orphan Actors (0.000 secs)
[2016.01.31-10.12.46:195][  0]Cmd: MAP CHECKDEP NOCLEARLOG
[2016.01.31-10.12.46:297][  0]MapCheck: Info Map check complete: 0 Error(s), 0 Warning(s), took 101.524ms to complete.
[2016.01.31-10.12.46:297][  0]LogFileHelpers: Loading map 'FirstPersonExampleMap' took 1.001
[2016.01.31-10.12.46:432][  0]LogCollectionManager: Loaded 0 collections in 0.003208 seconds
[2016.01.31-10.12.46:477][  0]LogFileCache: Scanning file cache for directory 'C:/Users/Myran/Documents/Unreal Projects/FPS/Saved/Collections/' took 0.01s
[2016.01.31-10.12.46:477][  0]LogFileCache: Scanning file cache for directory 'C:/Users/Myran/Documents/Unreal Projects/FPS/Content/Developers/Myran/Collections/' took 0.01s
[2016.01.31-10.12.46:477][  0]LogFileCache: Scanning file cache for directory 'C:/Users/Myran/Documents/Unreal Projects/FPS/Content/Collections/' took 0.01s
[2016.01.31-10.12.46:477][  0]LogCollectionManager: Rebuilt the GUID cache for 0 collections in 0.000003 seconds
[2016.01.31-10.12.46:493][  0]LogContentBrowser: Native class hierarchy populated in 0.0156 seconds. Added 1893 classes and 338 folders.
[2016.01.31-10.12.46:512][  0]LogContentBrowser: Native class hierarchy updated for 'WidgetCarousel' in 0.0006 seconds. Added 0 classes and 0 folders.
[2016.01.31-10.12.46:586][  0]LogContentBrowser: Native class hierarchy updated for 'AddContentDialog' in 0.0005 seconds. Added 0 classes and 0 folders.
[2016.01.31-10.12.46:593][  0]LogContentBrowser: Native class hierarchy updated for 'SceneOutliner' in 0.0005 seconds. Added 1 classes and 2 folders.
[2016.01.31-10.12.46:616][  0]LogCrashTracker: Crashtracker disabled due to settings.
[2016.01.31-10.12.46:624][  0]LogUObjectGlobals:Warning: Failed to find object 'Class None.'
[2016.01.31-10.12.46:647][  0]LogLoad: Full Startup: 10.88 seconds (BP compile: 0.21 seconds)
[2016.01.31-10.12.46:671][  0]LogOcInput: Can't find Oculus library dev build: is proper Runtime installed? Version: 0.8.0.0
[2016.01.31-10.12.46:781][  0]LogContentStreaming: Texture pool size now 200 MB
[2016.01.31-10.12.47:643][  0]LogRenderer: Reallocating scene render targets to support 964x436 (Frame:2).
[2016.01.31-10.12.49:897][  8]LogAssetRegistry: Asset discovery search completed in 6.7217 seconds
[2016.01.31-10.12.49:960][  8]LogCollectionManager: Rebuilt the object cache for 0 collections in 0.000002 seconds (found 0 objects)
[2016.01.31-10.12.49:960][  8]LogCollectionManager: Fixed up redirectors for 0 collections in 0.000086 seconds (updated 0 objects)
[2016.01.31-12.08.30:891][324]Cmd: QUIT_EDITOR
[2016.01.31-12.08.31:188][324]LogWindowsTextInputMethodSystem:Display: IME system now deactivated.
[2016.01.31-12.08.31:394][324]LogExit: Preparing to exit.
[2016.01.31-12.08.32:920][324]LogExit: Editor shut down
[2016.01.31-12.08.32:923][324]LogExit: Transaction tracking system shut down
[2016.01.31-12.08.33:010][324]LogParticles: Destroying 0 GPU particle simulations for FXSystem 0x0000027651E4E520
[2016.01.31-12.08.35:324][324]LogParticles: Destroying 0 GPU particle simulations for FXSystem 0x000002766B6393A0
[2016.01.31-12.08.35:324][324]LogParticles: Destroying 0 GPU particle simulations for FXSystem 0x000002766B50E020
[2016.01.31-12.08.35:324][324]LogExit: Object subsystem successfully closed.
[2016.01.31-12.08.35:646][324]LogD3D11RHI: Shutdown
[2016.01.31-12.08.35:646][324]LogD3D11RHI: CleanupD3DDevice
[2016.01.31-12.08.35:873][324]LogD3D11RHI: ~FD3D11DynamicRHI
[2016.01.31-12.08.36:977][324]LogModuleManager: Shutting down and abandoning module CrashTracker (198)
[2016.01.31-12.08.36:977][324]LogModuleManager: Shutting down and abandoning module SceneOutliner (197)
[2016.01.31-12.08.36:977][324]LogModuleManager: Shutting down and abandoning module SuperSearch (196)
[2016.01.31-12.08.36:977][324]LogModuleManager: Shutting down and abandoning module WidgetCarousel (195)
[2016.01.31-12.08.36:991][324]LogModuleManager: Shutting down and abandoning module AddContentDialog (194)
[2016.01.31-12.08.37:036][324]LogModuleManager: Shutting down and abandoning module EditorWidgets (193)
[2016.01.31-12.08.37:036][324]LogModuleManager: Shutting down and abandoning module CollectionManager (192)
[2016.01.31-12.08.37:062][324]LogModuleManager: Shutting down and abandoning module StatsViewer (191)
[2016.01.31-12.08.37:086][324]LogModuleManager: Shutting down and abandoning module FoliageEdit (190)
[2016.01.31-12.08.37:093][324]LogModuleManager: Shutting down and abandoning module LandscapeEditor (189)
[2016.01.31-12.08.37:122][324]LogModuleManager: Shutting down and abandoning module ActorPickerMode (188)
[2016.01.31-12.08.37:122][324]LogModuleManager: Shutting down and abandoning module GeometryMode (187)
[2016.01.31-12.08.37:122][324]LogModuleManager: Shutting down and abandoning module TextureAlignMode (186)
[2016.01.31-12.08.37:122][324]LogModuleManager: Shutting down and abandoning module BspMode (185)
[2016.01.31-12.08.37:122][324]LogModuleManager: Shutting down and abandoning module PlacementMode (184)
[2016.01.31-12.08.37:122][324]LogModuleManager: Shutting down and abandoning module AutomationWorker (183)
[2016.01.31-12.08.37:122][324]LogModuleManager: Shutting down and abandoning module CharacterAI (182)
[2016.01.31-12.08.37:122][324]LogModuleManager: Shutting down and abandoning module SmartSnapping (181)
[2016.01.31-12.08.37:122][324]LogModuleManager: Shutting down and abandoning module ViewportSnapping (180)
[2016.01.31-12.08.37:122][324]LogModuleManager: Shutting down and abandoning module LogVisualizer (179)
[2016.01.31-12.08.37:167][324]LogModuleManager: Shutting down and abandoning module GameProjectGeneration (178)
[2016.01.31-12.08.37:194][324]LogModuleManager: Shutting down and abandoning module IntroTutorials (177)
[2016.01.31-12.08.37:237][324]LogModuleManager: Shutting down and abandoning module EditorLiveStreaming (176)
[2016.01.31-12.08.37:237][324]LogModuleManager: Shutting down and abandoning module IOSPlatformEditor (175)
[2016.01.31-12.08.37:247][324]LogModuleManager: Shutting down and abandoning module HTML5PlatformEditor (174)
[2016.01.31-12.08.37:247][324]LogModuleManager: Shutting down and abandoning module AndroidDeviceDetection (173)
[2016.01.31-12.08.38:000][324]LogModuleManager: Shutting down and abandoning module AndroidPlatformEditor (172)
[2016.01.31-12.08.38:000][324]LogModuleManager: Shutting down and abandoning module IOSRuntimeSettings (171)
[2016.01.31-12.08.38:000][324]LogModuleManager: Shutting down and abandoning module AndroidRuntimeSettings (170)
[2016.01.31-12.08.38:000][324]LogModuleManager: Shutting down and abandoning module MergeActors (169)
[2016.01.31-12.08.38:022][324]LogModuleManager: Shutting down and abandoning module SizeMap (168)
[2016.01.31-12.08.38:022][324]LogModuleManager: Shutting down and abandoning module TreeMap (167)
[2016.01.31-12.08.38:032][324]LogModuleManager: Shutting down and abandoning module ReferenceViewer (166)
[2016.01.31-12.08.38:042][324]LogModuleManager: Shutting down and abandoning module LocalizationService (165)
[2016.01.31-12.08.38:057][324]LogModuleManager: Shutting down and abandoning module LocalizationDashboard (164)
[2016.01.31-12.08.38:073][324]LogModuleManager: Shutting down and abandoning module HardwareTargeting (163)
[2016.01.31-12.08.38:091][324]LogModuleManager: Shutting down and abandoning module DeviceProfileEditor (162)
[2016.01.31-12.08.38:105][324]LogModuleManager: Shutting down and abandoning module UndoHistory (161)
[2016.01.31-12.08.38:127][324]LogModuleManager: Shutting down and abandoning module GameplayTagsEditor (160)
[2016.01.31-12.08.38:142][324]LogModuleManager: Shutting down and abandoning module UserFeedback (159)
[2016.01.31-12.08.38:142][324]LogModuleManager: Shutting down and abandoning module XmlParser (158)
[2016.01.31-12.08.38:150][324]LogModuleManager: Shutting down and abandoning module Blutility (157)
[2016.01.31-12.08.38:150][324]LogModuleManager: Shutting down and abandoning module ProjectTargetPlatformEditor (156)
[2016.01.31-12.08.38:162][324]LogModuleManager: Shutting down and abandoning module ProjectSettingsViewer (155)
[2016.01.31-12.08.38:163][324]LogModuleManager: Shutting down and abandoning module InputBindingEditor (154)
[2016.01.31-12.08.38:190][324]LogModuleManager: Shutting down and abandoning module EditorSettingsViewer (153)
[2016.01.31-12.08.38:191][324]LogModuleManager: Shutting down and abandoning module SettingsEditor (152)
[2016.01.31-12.08.38:227][324]LogModuleManager: Shutting down and abandoning module ProjectLauncher (151)
[2016.01.31-12.08.38:253][324]LogModuleManager: Shutting down and abandoning module SessionFrontend (150)
[2016.01.31-12.08.38:269][324]LogModuleManager: Shutting down and abandoning module ProfilerClient (149)
[2016.01.31-12.08.38:287][324]LogModuleManager: Shutting down and abandoning module TargetDeviceServices (148)
[2016.01.31-12.08.38:288][324]LogModuleManager: Shutting down and abandoning module DeviceManager (147)
[2016.01.31-12.08.38:304][324]LogModuleManager: Shutting down and abandoning module AutomationController (146)
[2016.01.31-12.08.38:320][324]LogModuleManager: Shutting down and abandoning module AutomationWindow (145)
[2016.01.31-12.08.38:335][324]LogModuleManager: Shutting down and abandoning module Layers (144)
[2016.01.31-12.08.38:356][324]LogModuleManager: Shutting down and abandoning module ComponentVisualizers (143)
[2016.01.31-12.08.38:356][324]LogModuleManager: Shutting down and abandoning module DetailCustomizations (142)
[2016.01.31-12.08.38:356][324]LogModuleManager: Shutting down and abandoning module PackagesDialog (141)
[2016.01.31-12.08.38:356][324]LogModuleManager: Shutting down and abandoning module Persona (140)
[2016.01.31-12.08.38:473][324]LogModuleManager: Shutting down and abandoning module Kismet (139)
[2016.01.31-12.08.38:473][324]LogModuleManager: Shutting down and abandoning module GraphEditor (138)
[2016.01.31-12.08.38:473][324]LogModuleManager: Shutting down and abandoning module ClassViewer (137)
[2016.01.31-12.08.38:473][324]LogModuleManager: Shutting down and abandoning module Toolbox (136)
[2016.01.31-12.08.38:473][324]LogModuleManager: Shutting down and abandoning module ModuleUI (135)
[2016.01.31-12.08.38:493][324]LogModuleManager: Shutting down and abandoning module MovieSceneTools (134)
[2016.01.31-12.08.38:508][324]LogModuleManager: Shutting down and abandoning module OutputLog (133)
[2016.01.31-12.08.38:509][324]LogModuleManager: Shutting down and abandoning module GammaUI (132)
[2016.01.31-12.08.38:524][324]LogModuleManager: Shutting down and abandoning module Documentation (131)
[2016.01.31-12.08.38:524][324]LogModuleManager: Shutting down and abandoning module GameLiveStreaming (130)
[2016.01.31-12.08.38:529][324]LogModuleManager: Shutting down and abandoning module StreamingPauseRendering (129)
[2016.01.31-12.08.38:529][324]LogModuleManager: Shutting down and abandoning module AnalyticsET (128)
[2016.01.31-12.08.38:529][324]LogModuleManager: Shutting down and abandoning module Analytics (127)
[2016.01.31-12.08.38:529][324]LogModuleManager: Shutting down and abandoning module AITestSuite (126)
[2016.01.31-12.08.38:543][324]LogModuleManager: Shutting down and abandoning module GameplayDebugger (125)
[2016.01.31-12.08.38:575][324]LogModuleManager: Shutting down and abandoning module AIModule (124)
[2016.01.31-12.08.38:576][324]LogModuleManager: Shutting down and abandoning module ProfilerService (123)
[2016.01.31-12.08.38:691][324]LogModuleManager: Shutting down and abandoning module TaskGraph (122)
[2016.01.31-12.08.38:718][324]LogModuleManager: Shutting down and abandoning module SlateRemote (121)
[2016.01.31-12.08.38:718][324]LogModuleManager: Shutting down and abandoning module SteamVRController (120)
[2016.01.31-12.08.38:718][324]LogModuleManager: Shutting down and abandoning module SteamVR (119)
[2016.01.31-12.08.38:718][324]LogModuleManager: Shutting down and abandoning module ProceduralMeshComponent (118)
[2016.01.31-12.08.38:718][324]LogModuleManager: Shutting down and abandoning module OculusLibrary (117)
[2016.01.31-12.08.38:718][324]LogModuleManager: Shutting down and abandoning module OculusInput (116)
[2016.01.31-12.08.38:718][324]LogModuleManager: Shutting down and abandoning module LeapMotionController (115)
[2016.01.31-12.08.38:808][324]LogModuleManager: Shutting down and abandoning module CustomMeshComponent (114)
[2016.01.31-12.08.38:808][324]LogModuleManager: Shutting down and abandoning module CableComponent (113)
[2016.01.31-12.08.38:820][324]LogModuleManager: Shutting down and abandoning module ArchVisCharacter (112)
[2016.01.31-12.08.38:821][324]LogModuleManager: Shutting down and abandoning module MessagingDebugger (111)
[2016.01.31-12.08.38:858][324]LogModuleManager: Shutting down and abandoning module MediaPlayerEditor (110)
[2016.01.31-12.08.38:888][324]LogModuleManager: Shutting down and abandoning module HTML5Networking (109)
[2016.01.31-12.08.38:889][324]LogModuleManager: Shutting down and abandoning module SpeedTreeImporter (108)
[2016.01.31-12.08.38:889][324]LogModuleManager: Shutting down and abandoning module PluginBrowser (107)
[2016.01.31-12.08.38:899][324]LogModuleManager: Shutting down and abandoning module EpicSurvey (106)
[2016.01.31-12.08.38:909][324]LogModuleManager: Shutting down and abandoning module DesktopPlatform (105)
[2016.01.31-12.08.38:921][324]LogModuleManager: Shutting down and abandoning module VisualStudioSourceCodeAccess (104)
[2016.01.31-12.08.38:964][324]LogModuleManager: Shutting down and abandoning module UObjectPlugin (103)
[2016.01.31-12.08.38:964][324]LogModuleManager: Shutting down and abandoning module SubversionSourceControl (102)
[2016.01.31-12.08.38:983][324]LogModuleManager: Shutting down and abandoning module PerforceSourceControl (101)
[2016.01.31-12.08.39:005][324]LogModuleManager: Shutting down and abandoning module SourceControl (100)
[2016.01.31-12.08.39:033][324]LogModuleManager: Shutting down and abandoning module GitSourceControl (99)
[2016.01.31-12.08.39:064][324]LogModuleManager: Shutting down and abandoning module LightPropagationVolumeEditor (98)
[2016.01.31-12.08.39:064][324]LogModuleManager: Shutting down and abandoning module PaperTiledImporter (97)
[2016.01.31-12.08.39:074][324]LogModuleManager: Shutting down and abandoning module PaperSpriteSheetImporter (96)
[2016.01.31-12.08.39:074][324]LogModuleManager: Shutting down and abandoning module MeshPaint (95)
[2016.01.31-12.08.39:074][324]LogModuleManager: Shutting down and abandoning module SlateReflector (94)
[2016.01.31-12.08.39:106][324]LogModuleManager: Shutting down and abandoning module HotReload (93)
[2016.01.31-12.08.39:114][324]LogModuleManager: Shutting down and abandoning module MainFrame (92)
[2016.01.31-12.08.39:114][324]LogModuleManager: Shutting down and abandoning module LevelEditor (91)
[2016.01.31-12.08.39:151][324]LogModuleManager: Shutting down and abandoning module DirectoryWatcher (90)
[2016.01.31-12.08.39:172][324]LogModuleManager: Shutting down and abandoning module AssetRegistry (89)
[2016.01.31-12.08.39:515][324]LogModuleManager: Shutting down and abandoning module ContentBrowser (88)
[2016.01.31-12.08.39:522][324]LogModuleManager: Shutting down and abandoning module Paper2DEditor (87)
[2016.01.31-12.08.39:670][324]LogModuleManager: Shutting down and abandoning module UdpMessaging (86)
[2016.01.31-12.08.39:771][324]LogModuleManager: Shutting down and abandoning module LightPropagationVolumeRuntime (85)
[2016.01.31-12.08.39:771][324]LogModuleManager: Shutting down and abandoning module Paper2D (84)
[2016.01.31-12.08.39:784][324]LogModuleManager: Shutting down and abandoning module WindowsMoviePlayer (83)
[2016.01.31-12.08.39:825][324]LogModuleManager: Shutting down and abandoning module Media (82)
[2016.01.31-12.08.39:825][324]LogModuleManager: Shutting down and abandoning module WmfMedia (81)
[2016.01.31-12.08.39:835][324]LogModuleManager: Shutting down and abandoning module OnlineBlueprintSupport (80)
[2016.01.31-12.08.39:835][324]LogModuleManager: Shutting down and abandoning module GameplayTasksEditor (79)
[2016.01.31-12.08.39:835][324]LogModuleManager: Shutting down and abandoning module PropertyEditor (78)
[2016.01.31-12.08.39:835][324]LogModuleManager: Shutting down and abandoning module BehaviorTreeEditor (77)
[2016.01.31-12.08.39:872][324]LogModuleManager: Shutting down and abandoning module FunctionalTesting (76)
[2016.01.31-12.08.39:872][324]LogModuleManager: Shutting down and abandoning module CollisionAnalyzer (75)
[2016.01.31-12.08.39:897][324]LogModuleManager: Shutting down and abandoning module WorkspaceMenuStructure (74)
[2016.01.31-12.08.39:897][324]LogModuleManager: Shutting down and abandoning module MessageLog (73)
[2016.01.31-12.08.39:897][324]LogModuleManager: Shutting down and abandoning module Sequencer (72)
[2016.01.31-12.08.39:928][324]LogModuleManager: Shutting down and abandoning module AssetTools (71)
[2016.01.31-12.08.39:988][324]LogModuleManager: Shutting down and abandoning module UMGEditor (70)
[2016.01.31-12.08.40:029][324]LogModuleManager: Shutting down and abandoning module UMG (69)
[2016.01.31-12.08.40:061][324]LogModuleManager: Shutting down and abandoning module Slate (68)
[2016.01.31-12.08.40:061][324]LogModuleManager: Shutting down and abandoning module EditorStyle (67)
[2016.01.31-12.08.40:073][324]LogModuleManager: Shutting down and abandoning module SessionServices (66)
[2016.01.31-12.08.40:073][324]LogModuleManager: Shutting down and abandoning module SourceCodeAccess (65)
[2016.01.31-12.08.40:073][324]LogModuleManager: Shutting down and abandoning module HeadMountedDisplay (64)
[2016.01.31-12.08.40:073][324]LogModuleManager: Shutting down and abandoning module XAudio2 (63)
[2016.01.31-12.08.40:073][324]LogModuleManager: Shutting down and abandoning module Networking (61)
[2016.01.31-12.08.40:073][324]LogModuleManager: Shutting down and abandoning module Core (60)
[2016.01.31-12.08.40:073][324]LogModuleManager: Shutting down and abandoning module KismetCompiler (59)
[2016.01.31-12.08.40:073][324]LogModuleManager: Shutting down and abandoning module PhysXFormats (58)
[2016.01.31-12.08.40:090][324]LogModuleManager: Shutting down and abandoning module MeshUtilities (57)
[2016.01.31-12.08.40:124][324]LogModuleManager: Shutting down and abandoning module DerivedDataCache (56)
[2016.01.31-12.08.40:177][324]LogDerivedDataCache: Shutdown
[2016.01.31-12.08.40:177][324]LogModuleManager: Shutting down and abandoning module ShaderFormatOpenGL (55)
[2016.01.31-12.08.40:191][324]LogModuleManager: Shutting down and abandoning module ShaderFormatD3D (54)
[2016.01.31-12.08.40:210][324]LogModuleManager: Shutting down and abandoning module MetalShaderFormat (53)
[2016.01.31-12.08.40:227][324]LogModuleManager: Shutting down and abandoning module TextureFormatUncompressed (52)
[2016.01.31-12.08.40:227][324]LogModuleManager: Shutting down and abandoning module TextureFormatPVR (51)
[2016.01.31-12.08.40:244][324]LogModuleManager: Shutting down and abandoning module TextureFormatIntelISPCTexComp (50)
[2016.01.31-12.08.40:260][324]LogModuleManager: Shutting down and abandoning module TextureFormatDXT (49)
[2016.01.31-12.08.40:262][324]LogModuleManager: Shutting down and abandoning module ImageWrapper (48)
[2016.01.31-12.08.40:262][324]LogModuleManager: Shutting down and abandoning module TextureFormatASTC (47)
[2016.01.31-12.08.40:262][324]LogModuleManager: Shutting down and abandoning module TextureFormatAndroid (46)
[2016.01.31-12.08.40:262][324]LogModuleManager: Shutting down and abandoning module AudioFormatOpus (45)
[2016.01.31-12.08.40:277][324]LogModuleManager: Shutting down and abandoning module AudioFormatOgg (44)
[2016.01.31-12.08.40:291][324]LogModuleManager: Shutting down and abandoning module AudioFormatADPCM (43)
[2016.01.31-12.08.40:304][324]LogModuleManager: Shutting down and abandoning module LinuxTargetPlatform (42)
[2016.01.31-12.08.40:304][324]LogModuleManager: Shutting down and abandoning module LinuxServerTargetPlatform (41)
[2016.01.31-12.08.40:320][324]LogModuleManager: Shutting down and abandoning module LinuxNoEditorTargetPlatform (40)
[2016.01.31-12.08.40:334][324]LogModuleManager: Shutting down and abandoning module Messaging (39)
[2016.01.31-12.08.40:334][324]LogModuleManager: Shutting down and abandoning module IOSTargetPlatform (38)
[2016.01.31-12.08.40:334][324]LogModuleManager: Shutting down and abandoning module HTML5TargetPlatform (37)
[2016.01.31-12.08.40:334][324]LogModuleManager: Shutting down and abandoning module Android_PVRTCTargetPlatform (36)
[2016.01.31-12.08.40:334][324]LogModuleManager: Shutting down and abandoning module Android_MultiTargetPlatform (35)
[2016.01.31-12.08.40:334][324]LogModuleManager: Shutting down and abandoning module Android_ETC2TargetPlatform (34)
[2016.01.31-12.08.40:334][324]LogModuleManager: Shutting down and abandoning module Android_ETC1TargetPlatform (33)
[2016.01.31-12.08.40:334][324]LogModuleManager: Shutting down and abandoning module Android_DXTTargetPlatform (32)
[2016.01.31-12.08.40:335][324]LogModuleManager: Shutting down and abandoning module Android_ATCTargetPlatform (31)
[2016.01.31-12.08.40:335][324]LogModuleManager: Shutting down and abandoning module Android_ASTCTargetPlatform (30)
[2016.01.31-12.08.40:335][324]LogModuleManager: Shutting down and abandoning module AndroidTargetPlatform (29)
[2016.01.31-12.08.40:335][324]LogModuleManager: Shutting down and abandoning module WindowsTargetPlatform (28)
[2016.01.31-12.08.40:335][324]LogModuleManager: Shutting down and abandoning module WindowsServerTargetPlatform (27)
[2016.01.31-12.08.40:353][324]LogModuleManager: Shutting down and abandoning module WindowsNoEditorTargetPlatform (26)
[2016.01.31-12.08.40:365][324]LogModuleManager: Shutting down and abandoning module WindowsClientTargetPlatform (25)
[2016.01.31-12.08.40:372][324]LogModuleManager: Shutting down and abandoning module AllDesktopTargetPlatform (24)
[2016.01.31-12.08.40:372][324]LogModuleManager: Shutting down and abandoning module TargetPlatform (23)
[2016.01.31-12.08.40:372][324]LogModuleManager: Shutting down and abandoning module InputCore (22)
[2016.01.31-12.08.40:372][324]LogModuleManager: Shutting down and abandoning module Settings (21)
[2016.01.31-12.08.40:373][324]LogModuleManager: Shutting down and abandoning module OnlineSubsystem (19)
[2016.01.31-12.08.40:373][324]LogModuleManager: Shutting down and abandoning module HTTP (18)
[2016.01.31-12.08.42:404][324]LogModuleManager: Shutting down and abandoning module XMPP (17)
[2016.01.31-12.08.42:497][324]LogModuleManager: Shutting down and abandoning module OculusRift (16)
[2016.01.31-12.08.42:512][324]LogModuleManager: Shutting down and abandoning module ExampleDeviceProfileSelector (15)
[2016.01.31-12.08.42:512][324]LogModuleManager: Shutting down and abandoning module TextureCompressor (14)
[2016.01.31-12.08.42:535][324]LogModuleManager: Shutting down and abandoning module ShaderCore (13)
[2016.01.31-12.08.42:535][324]LogModuleManager: Shutting down and abandoning module Landscape (12)
[2016.01.31-12.08.42:535][324]LogModuleManager: Shutting down and abandoning module SlateRHIRenderer (11)
[2016.01.31-12.08.42:559][324]LogModuleManager: Shutting down and abandoning module OpenGLDrv (10)
[2016.01.31-12.08.42:571][324]LogModuleManager: Shutting down and abandoning module D3D11RHI (9)
[2016.01.31-12.08.42:571][324]LogModuleManager: Shutting down and abandoning module AnimGraphRuntime (8)
[2016.01.31-12.08.42:571][324]LogModuleManager: Shutting down and abandoning module Renderer (7)
[2016.01.31-12.08.42:571][324]LogModuleManager: Shutting down and abandoning module Engine (6)
[2016.01.31-12.08.42:571][324]LogModuleManager: Shutting down and abandoning module CoreUObject (5)
[2016.01.31-12.08.42:571][324]LogModuleManager: Shutting down and abandoning module NetworkFile (4)
[2016.01.31-12.08.42:584][324]LogModuleManager: Shutting down and abandoning module StreamingFile (3)
[2016.01.31-12.08.42:590][324]LogModuleManager: Shutting down and abandoning module SandboxFile (2)
[2016.01.31-12.08.42:600][324]LogModuleManager: Shutting down and abandoning module PakFile (1)
[2016.01.31-12.08.42:620][324]LogExit: Exiting.
[2016.01.31-12.08.42:726][324]Log file closed, 01/31/16 13:08:42
